#
# A fatal error has been detected by the Java Runtime Environment:
#
#  SIGSEGV (0xb) at pc=0x00007fff877922f1, pid=2281, tid=48643
#
# JRE version: 7.0_25-b15
# Java VM: Java HotSpot(TM) 64-Bit Server VM (23.25-b01 mixed mode bsd-amd64 compressed oops)
# Problematic frame:
# C  [libsystem_c.dylib+0x5c2f1]  strstr+0x2a
#
# Failed to write core dump. Core dumps have been disabled. To enable core dumping, try "ulimit -c unlimited" before starting Java again
#
# If you would like to submit a bug report, please visit:
#   http://bugreport.sun.com/bugreport/crash.jsp
# The crash happened outside the Java Virtual Machine in native code.
# See problematic frame for where to report the bug.
#

---------------  T H R E A D  ---------------

Current thread (0x00000001023e4800):  JavaThread "IDL" [_thread_in_native, id=48643, stack(0x00007000018e5000,0x00007000019e5000)]

siginfo:si_signo=SIGSEGV: si_errno=0, si_code=1 (SEGV_MAPERR), si_addr=0x0000000000000000

Registers:
RAX=0x0000000000000013, RBX=0x0000000000000000, RCX=0x0000000000000007, RDX=0x000000010f18b7c7
RSP=0x00007000019df130, RBP=0x00007000019df160, RSI=0x0000000000000400, RDI=0x0000000000000009
R8 =0x00007000019df4a0, R9 =0x0000000000000001, R10=0x0000000114c4e6d0, R11=0x00000001006dffa0
R12=0x00007fff76582070, R13=0x0000000000000047, R14=0x000000010f18b7c7, R15=0x0000000000000013
RIP=0x00007fff877922f1, EFLAGS=0x0000000000010212, ERR=0x0000000000000004
  TRAPNO=0x000000000000000e

Top of Stack: (sp=0x00007000019df130)
0x00007000019df130:   0000000000000000 0000000000000000
0x00007000019df140:   00007fff76582070 0000000000000000
0x00007000019df150:   000000010f18b7c6 00000001010f4008
0x00007000019df160:   00007000019df1a0 000000010f147fce
0x00007000019df170:   0000000000000000 0000000000000000
0x00007000019df180:   00007fff76582070 00000001010f4008
0x00007000019df190:   00000001010f4304 00000001010f4008
0x00007000019df1a0:   00007000019df490 000000010f148302
0x00007000019df1b0:   0000000700000002 00007000019dfe10
0x00007000019df1c0:   0000000110cbbc60 ffffff020000ba00
0x00007000019df1d0:   00ff000000000000 ffffffffffffffff
0x00007000019df1e0:   6e616d74696c6469 726f74616c757069
0x00007000019df1f0:   0000000000000000 0000000000000000
0x00007000019df200:   0000000000000000 0000000000000000
0x00007000019df210:   0000000000000000 0000000472656d69
0x00007000019df220:   00007000019dfd30 00007000019e0230
0x00007000019df230:   0000000300000001 bb00193533760366
0x00007000019df240:   00007000019dfce0 00000001106e8af8
0x00007000019df250:   00007000019e12f0 00000001019df3f8
0x00007000019df260:   00007000019df2a0 0000002d00000000
0x00007000019df270:   000000000000002c 0000000300000000
0x00007000019df280:   0000000110aad9c0 0000000000000052
0x00007000019df290:   0000000000000000 00000001109822a2
0x00007000019df2a0:   0000000110976f5e 0000000110cbbc60
0x00007000019df2b0:   00007000019e12f0 ffffff9c00000001
0x00007000019df2c0:   0000000000000000 ffffff02148d8e08
0x00007000019df2d0:   00007000019df300 00000001106f1496
0x00007000019df2e0:   00007000019df320 0000000100000000
0x00007000019df2f0:   00007000019e12f0 ffffff02ffffff9c
0x00007000019df300:   0000003000000030 00000007019df350
0x00007000019df310:   00007000019df250 00007000019dfe10
0x00007000019df320:   0000000200000007 ffffff0200000001 

Instructions: (pc=0x00007fff877922f1)
0x00007fff877922d1:   41 54 53 50 49 89 f6 48 89 fb 45 8a 2e 45 84 ed
0x00007fff877922e1:   74 49 49 ff c6 4c 89 f7 e8 96 92 02 00 49 89 c7
0x00007fff877922f1:   8a 03 45 31 e4 84 c0 74 35 48 ff c3 45 0f b6 ed
0x00007fff87792301:   45 31 e4 0f b6 c0 44 39 e8 75 12 48 89 df 4c 89 

Register to memory mapping:

RAX=0x0000000000000013 is an unknown value
RBX=0x0000000000000000 is an unknown value
RCX=0x0000000000000007 is an unknown value
RDX=0x000000010f18b7c7: GLD_WindowPos+0x10c7 in /Applications/exelis/idl85/bin/bin.darwin.x86_64/gl_driver.so at 0x000000010f146000
RSP=0x00007000019df130 is pointing into the stack for thread: 0x00000001023e4800
RBP=0x00007000019df160 is pointing into the stack for thread: 0x00000001023e4800
RSI=0x0000000000000400 is an unknown value
RDI=0x0000000000000009 is an unknown value
R8 =0x00007000019df4a0 is pointing into the stack for thread: 0x00000001023e4800
R9 =0x0000000000000001 is an unknown value
R10=0x0000000114c4e6d0 is an unknown value
R11=0x00000001006dffa0 is an unknown value
R12=0x00007fff76582070: __stack_chk_guard+0 in /usr/lib/system/libsystem_c.dylib at 0x00007fff87736000
R13=0x0000000000000047 is an unknown value
R14=0x000000010f18b7c7: GLD_WindowPos+0x10c7 in /Applications/exelis/idl85/bin/bin.darwin.x86_64/gl_driver.so at 0x000000010f146000
R15=0x0000000000000013 is an unknown value


Stack: [0x00007000018e5000,0x00007000019e5000],  sp=0x00007000019df130,  free space=1000k
Native frames: (J=compiled Java code, j=interpreted, Vv=VM code, C=native code)
C  [libsystem_c.dylib+0x5c2f1]  strstr+0x2a
C  [gl_driver.so+0x1fce]  IsExtensionSupported+0x3e
C  [gl_driver.so+0x2302]  GL_QueryExtensions+0x162
C  [gl_driver.so+0x1a89]  AGLMakeCurrent+0xb9
C  [gl_driver.so+0x1b5e]  AGLAcquireDC+0xe
C  [libidl.8.5.dylib+0x133fc8]  igSrcDestAcquireReleaseDC+0xa8
C  [libidl.8.5.dylib+0x1344f8]  igSrcDestBeginDraw+0x3a8
C  [libidl.8.5.dylib+0x131662]  IDL_GrSrcDestDraw+0x2f2
C  [libidl.8.5.dylib+0x4113ff]  IDL_ObjCallMethodEx+0x79f
C  [libidl.8.5.dylib+0x410b82]  IDL_ObjCallMethodByStringEx+0x1a2
C  [libidl.8.5.dylib+0x411808]  IDL_ObjCallMethodByString+0x48
C  [libidl.8.5.dylib+0x425032]  IDL_itWindowOnExpose+0x1e2
C  [libidl.8.5.dylib+0x322de7]  interpreter+0x87d7
C  [libidl.8.5.dylib+0x444d9b]  IDL_Executive+0xebb
C  [libidl.8.5.dylib+0x3242c4]  IDL_InterpCallFromSysproc+0xe4
C  [libidl.8.5.dylib+0x4114d4]  IDL_ObjCallMethodEx+0x874
C  [libidl.8.5.dylib+0x40dbea]  IDL_ObjCallMethod+0x7a
C  [libidl.8.5.dylib+0x4118d9]  IDL_ObjNew+0xc9
C  [libidl.8.5.dylib+0x322e32]  interpreter+0x8822
C  [libidl.8.5.dylib+0x444d9b]  IDL_Executive+0xebb
C  [libidl_ips.8.5.dylib+0x9604]  ips_main+0x284
C  [libidl_ips.8.5.dylib+0xa83c]  IPS_RunClient+0x3c
C  [libidl_ips.8.5.dylib+0x15543]  IPS_Start+0x13
C  [libidl_ips.8.5.dylib+0xb94]  Java_com_rsi_idldt_core_ips_IPS_1Access_IPS_1Start+0x204
j  com.rsi.idldt.core.ips.IPS_Access.IPS_Start([Ljava/lang/String;)V+0
j  com.rsi.idldt.core.ips.IPS_Manager$2.run()V+15
j  java.lang.Thread.run()V+11
v  ~StubRoutines::call_stub
V  [libjvm.dylib+0x28a5c3]
V  [libjvm.dylib+0x28aaa2]
V  [libjvm.dylib+0x28abdc]
V  [libjvm.dylib+0x2c1868]
V  [libjvm.dylib+0x47cbd8]
V  [libjvm.dylib+0x47e0ca]
V  [libjvm.dylib+0x3b95f9]
C  [libsystem_pthread.dylib+0x3c13]  _pthread_body+0x83
C  [libsystem_pthread.dylib+0x3b90]  _pthread_body+0x0
C  [libsystem_pthread.dylib+0x1375]  thread_start+0xd

Java frames: (J=compiled Java code, j=interpreted, Vv=VM code)
j  com.rsi.idldt.core.ips.IPS_Access.IPS_Start([Ljava/lang/String;)V+0
j  com.rsi.idldt.core.ips.IPS_Manager$2.run()V+15
j  java.lang.Thread.run()V+11
v  ~StubRoutines::call_stub

---------------  P R O C E S S  ---------------

Java Threads: ( => current thread )
  0x0000000112b2b000 JavaThread "HighTraffic" [_thread_blocked, id=417295, stack(0x0000700002bd2000,0x0000700002cd2000)]
  0x0000000115fe3000 JavaThread "Worker-43" [_thread_blocked, id=356431, stack(0x0000700002a4c000,0x0000700002b4c000)]
  0x0000000114d2d000 JavaThread "Worker-42" [_thread_blocked, id=286767, stack(0x0000700002949000,0x0000700002a49000)]
  0x000000018c002800 JavaThread "Worker-41" [_thread_blocked, id=362007, stack(0x0000700002003000,0x0000700002103000)]
  0x00000001012f7000 JavaThread "Worker-40" [_thread_blocked, id=357271, stack(0x00007000016df000,0x00007000017df000)]
  0x0000000112a2a000 JavaThread "Thread-348" daemon [_thread_in_native, id=280563, stack(0x0000700000e44000,0x0000700000ec4000)]
  0x0000000115ce4000 JavaThread "Worker-36" [_thread_blocked, id=267719, stack(0x0000700001dfd000,0x0000700001efd000)]
  0x0000000115d82800 JavaThread "Worker-34" [_thread_blocked, id=234411, stack(0x00007000019e8000,0x0000700001ae8000)]
  0x000000010152b800 JavaThread "Thread-178" daemon [_thread_in_native, id=200295, stack(0x0000700000e44000,0x0000700000ec4000)]
  0x0000000114180000 JavaThread "[ThreadPool Manager] - Idle Thread" daemon [_thread_blocked, id=38415, stack(0x000070000011a000,0x000070000021a000)]
  0x000000010111f800 JavaThread "Timer-2" daemon [_thread_blocked, id=67075, stack(0x0000700002846000,0x0000700002946000)]
  0x0000000100a40800 JavaThread "Timer-1" daemon [_thread_blocked, id=66587, stack(0x0000700002743000,0x0000700002843000)]
  0x0000000112c47800 JavaThread "Thread-11" [_thread_in_native, id=65539, stack(0x0000700002640000,0x0000700002740000)]
  0x000000010259b800 JavaThread "IDLDT DOM Worker-3" [_thread_blocked, id=62223, stack(0x0000700002512000,0x0000700002612000)]
  0x00000001018a3800 JavaThread "IDLDT DOM Worker-2" [_thread_blocked, id=62479, stack(0x000070000240f000,0x000070000250f000)]
  0x0000000112bc5800 JavaThread "IDLDT DOM Worker-1" [_thread_blocked, id=62795, stack(0x000070000230c000,0x000070000240c000)]
  0x0000000112821000 JavaThread "IDLDT DOM Worker-0" [_thread_blocked, id=7187, stack(0x0000700002209000,0x0000700002309000)]
  0x0000000112b9b800 JavaThread "Timer-0" daemon [_thread_blocked, id=15907, stack(0x0000700002106000,0x0000700002206000)]
=>0x00000001023e4800 JavaThread "IDL" [_thread_in_native, id=48643, stack(0x00007000018e5000,0x00007000019e5000)]
  0x0000000100aa7000 JavaThread "IDLToJava Broker" daemon [_thread_blocked, id=48387, stack(0x00007000012d3000,0x00007000013d3000)]
  0x0000000100a8c800 JavaThread "Provisioning Event Dispatcher" daemon [_thread_blocked, id=45827, stack(0x00007000017e2000,0x00007000018e2000)]
  0x0000000102125000 JavaThread "Bundle File Closer" daemon [_thread_blocked, id=45315, stack(0x00007000015dc000,0x00007000016dc000)]
  0x0000000100a41000 JavaThread "Worker-JM" [_thread_blocked, id=45059, stack(0x00007000014d9000,0x00007000015d9000)]
  0x0000000101921000 JavaThread "[Timer] - Main Queue Handler" daemon [_thread_blocked, id=44807, stack(0x00007000013d6000,0x00007000014d6000)]
  0x000000010213c000 JavaThread "Framework Event Dispatcher" daemon [_thread_blocked, id=44303, stack(0x00007000011d0000,0x00007000012d0000)]
  0x000000010092f000 JavaThread "Start Level Event Dispatcher" daemon [_thread_blocked, id=39939, stack(0x00007000010cd000,0x00007000011cd000)]
  0x00000001008e8000 JavaThread "State Data Manager" daemon [_thread_blocked, id=39439, stack(0x0000700000fca000,0x00007000010ca000)]
  0x000000010097b000 JavaThread "Framework Active Thread" [_thread_blocked, id=39687, stack(0x0000700000ec7000,0x0000700000fc7000)]
  0x000000010202d800 JavaThread "Service Thread" daemon [_thread_blocked, id=24835, stack(0x0000700000c3e000,0x0000700000d3e000)]
  0x000000010088c800 JavaThread "C2 CompilerThread1" daemon [_thread_blocked, id=24579, stack(0x0000700000b3b000,0x0000700000c3b000)]
  0x0000000101048000 JavaThread "C2 CompilerThread0" daemon [_thread_blocked, id=24323, stack(0x0000700000a38000,0x0000700000b38000)]
  0x0000000100874800 JavaThread "Signal Dispatcher" daemon [_thread_blocked, id=23819, stack(0x0000700000935000,0x0000700000a35000)]
  0x000000010102e000 JavaThread "Finalizer" daemon [_thread_blocked, id=23299, stack(0x0000700000832000,0x0000700000932000)]
  0x000000010102d800 JavaThread "Reference Handler" daemon [_thread_blocked, id=23043, stack(0x000070000072f000,0x000070000082f000)]
  0x000000010085a800 JavaThread "main" [_thread_in_native, id=1295, stack(0x00007fff5f400000,0x00007fff5fc00000)]

Other Threads:
  0x000000010202a000 VMThread [stack: 0x000070000062c000,0x000070000072c000] [id=22787]
  0x0000000100895000 WatcherThread [stack: 0x0000700000d41000,0x0000700000e41000] [id=25091]

VM state:not at safepoint (normal execution)

VM Mutex/Monitor currently owned by a thread: None

Heap
 PSYoungGen      total 249792K, used 137995K [0x00000007eaab0000, 0x00000007fa3d0000, 0x0000000800000000)
  eden space 244992K, 56% used [0x00000007eaab0000,0x00000007f3172da0,0x00000007f99f0000)
  from space 4800K, 0% used [0x00000007f9f20000,0x00000007f9f20000,0x00000007fa3d0000)
  to   space 5056K, 0% used [0x00000007f99f0000,0x00000007f99f0000,0x00000007f9ee0000)
 ParOldGen       total 87424K, used 41810K [0x00000007c0000000, 0x00000007c5560000, 0x00000007eaab0000)
  object space 87424K, 47% used [0x00000007c0000000,0x00000007c28d49a0,0x00000007c5560000)
 PSPermGen       total 49216K, used 48882K [0x00000007bae00000, 0x00000007bde10000, 0x00000007c0000000)
  object space 49216K, 99% used [0x00000007bae00000,0x00000007bddbcbb0,0x00000007bde10000)

Card table byte_map: [0x0000000109013000,0x000000010923d000] byte_map_base: 0x000000010523c000

Polling page: 0x0000000100751000

Code Cache  [0x0000000105f53000, 0x0000000106623000, 0x0000000108f53000)
 total_blobs=2256 nmethods=1722 adapters=483 free_code_cache=42346Kb largest_free_block=43209024

Compilation events (10 events):
Event: 3032.776 Thread 0x000000010088c800   64 %           org.eclipse.core.internal.resources.MarkerSet::elements @ 15 (50 bytes)
Event: 3032.778 Thread 0x000000010088c800 nmethod 64% 0x00000001066110d0 code [0x0000000106611240, 0x00000001066114d8]
Event: 3032.799 Thread 0x0000000101048000 1911             org.eclipse.core.internal.resources.MarkerSet::elements (50 bytes)
Event: 3032.803 Thread 0x0000000101048000 nmethod 1911 0x0000000106619a90 code [0x0000000106619c00, 0x000000010661a038]
Event: 3032.852 Thread 0x000000010088c800 1912             org.eclipse.swt.internal.cocoa.NSBezierPath::isEmpty (11 bytes)
Event: 3032.852 Thread 0x000000010088c800 nmethod 1912 0x0000000106619790 code [0x00000001066198e0, 0x0000000106619968]
Event: 3080.276 Thread 0x0000000101048000 1913             org.eclipse.swt.internal.cocoa.NSView::visibleRect (21 bytes)
Event: 3080.277 Thread 0x0000000101048000 nmethod 1913 0x000000010661a150 code [0x000000010661a2a0, 0x000000010661a3a8]
Event: 3087.629 Thread 0x000000010088c800 1914             org.eclipse.ui.internal.ViewerActionBuilder$ViewerContribution::selectionChanged (54 bytes)
Event: 3087.636 Thread 0x000000010088c800 nmethod 1914 0x00000001065eb350 code [0x00000001065eb520, 0x00000001065ebb58]

GC Heap History (10 events):
Event: 2937.029 GC heap before
{Heap before GC invocations=100 (full 46):
 PSYoungGen      total 250176K, used 2540K [0x00000007eaab0000, 0x00000007fa410000, 0x0000000800000000)
  eden space 244992K, 0% used [0x00000007eaab0000,0x00000007eaab0000,0x00000007f99f0000)
  from space 5184K, 49% used [0x00000007f9f00000,0x00000007fa17b220,0x00000007fa410000)
  to   space 5184K, 0% used [0x00000007f99f0000,0x00000007f99f0000,0x00000007f9f00000)
 ParOldGen       total 87424K, used 39786K [0x00000007c0000000, 0x00000007c5560000, 0x00000007eaab0000)
  object space 87424K, 45% used [0x00000007c0000000,0x00000007c26da918,0x00000007c5560000)
 PSPermGen       total 49216K, used 48848K [0x00000007bae00000, 0x00000007bde10000, 0x00000007c0000000)
  object space 49216K, 99% used [0x00000007bae00000,0x00000007bddb40d0,0x00000007bde10000)
Event: 2937.143 GC heap after
Heap after GC invocations=100 (full 46):
 PSYoungGen      total 250176K, used 0K [0x00000007eaab0000, 0x00000007fa410000, 0x0000000800000000)
  eden space 244992K, 0% used [0x00000007eaab0000,0x00000007eaab0000,0x00000007f99f0000)
  from space 5184K, 0% used [0x00000007f9f00000,0x00000007f9f00000,0x00000007fa410000)
  to   space 5184K, 0% used [0x00000007f99f0000,0x00000007f99f0000,0x00000007f9f00000)
 ParOldGen       total 87424K, used 40325K [0x00000007c0000000, 0x00000007c5560000, 0x00000007eaab0000)
  object space 87424K, 46% used [0x00000007c0000000,0x00000007c2761458,0x00000007c5560000)
 PSPermGen       total 49216K, used 48848K [0x00000007bae00000, 0x00000007bde10000, 0x00000007c0000000)
  object space 49216K, 99% used [0x00000007bae00000,0x00000007bddb40d0,0x00000007bde10000)
}
Event: 2997.028 GC heap before
{Heap before GC invocations=101 (full 46):
 PSYoungGen      total 250176K, used 235472K [0x00000007eaab0000, 0x00000007fa410000, 0x0000000800000000)
  eden space 244992K, 96% used [0x00000007eaab0000,0x00000007f90a4058,0x00000007f99f0000)
  from space 5184K, 0% used [0x00000007f9f00000,0x00000007f9f00000,0x00000007fa410000)
  to   space 5184K, 0% used [0x00000007f99f0000,0x00000007f99f0000,0x00000007f9f00000)
 ParOldGen       total 87424K, used 40325K [0x00000007c0000000, 0x00000007c5560000, 0x00000007eaab0000)
  object space 87424K, 46% used [0x00000007c0000000,0x00000007c2761458,0x00000007c5560000)
 PSPermGen       total 49216K, used 48860K [0x00000007bae00000, 0x00000007bde10000, 0x00000007c0000000)
  object space 49216K, 99% used [0x00000007bae00000,0x00000007bddb7388,0x00000007bde10000)
Event: 2997.034 GC heap after
Heap after GC invocations=101 (full 46):
 PSYoungGen      total 250176K, used 2864K [0x00000007eaab0000, 0x00000007fa450000, 0x0000000800000000)
  eden space 244992K, 0% used [0x00000007eaab0000,0x00000007eaab0000,0x00000007f99f0000)
  from space 5184K, 55% used [0x00000007f99f0000,0x00000007f9cbc1b0,0x00000007f9f00000)
  to   space 5312K, 0% used [0x00000007f9f20000,0x00000007f9f20000,0x00000007fa450000)
 ParOldGen       total 87424K, used 40325K [0x00000007c0000000, 0x00000007c5560000, 0x00000007eaab0000)
  object space 87424K, 46% used [0x00000007c0000000,0x00000007c2761458,0x00000007c5560000)
 PSPermGen       total 49216K, used 48860K [0x00000007bae00000, 0x00000007bde10000, 0x00000007c0000000)
  object space 49216K, 99% used [0x00000007bae00000,0x00000007bddb7388,0x00000007bde10000)
}
Event: 2997.034 GC heap before
{Heap before GC invocations=102 (full 47):
 PSYoungGen      total 250176K, used 2864K [0x00000007eaab0000, 0x00000007fa450000, 0x0000000800000000)
  eden space 244992K, 0% used [0x00000007eaab0000,0x00000007eaab0000,0x00000007f99f0000)
  from space 5184K, 55% used [0x00000007f99f0000,0x00000007f9cbc1b0,0x00000007f9f00000)
  to   space 5312K, 0% used [0x00000007f9f20000,0x00000007f9f20000,0x00000007fa450000)
 ParOldGen       total 87424K, used 40325K [0x00000007c0000000, 0x00000007c5560000, 0x00000007eaab0000)
  object space 87424K, 46% used [0x00000007c0000000,0x00000007c2761458,0x00000007c5560000)
 PSPermGen       total 49216K, used 48860K [0x00000007bae00000, 0x00000007bde10000, 0x00000007c0000000)
  object space 49216K, 99% used [0x00000007bae00000,0x00000007bddb7388,0x00000007bde10000)
Event: 2997.161 GC heap after
Heap after GC invocations=102 (full 47):
 PSYoungGen      total 250176K, used 0K [0x00000007eaab0000, 0x00000007fa450000, 0x0000000800000000)
  eden space 244992K, 0% used [0x00000007eaab0000,0x00000007eaab0000,0x00000007f99f0000)
  from space 5184K, 0% used [0x00000007f99f0000,0x00000007f99f0000,0x00000007f9f00000)
  to   space 5312K, 0% used [0x00000007f9f20000,0x00000007f9f20000,0x00000007fa450000)
 ParOldGen       total 87424K, used 42990K [0x00000007c0000000, 0x00000007c5560000, 0x00000007eaab0000)
  object space 87424K, 49% used [0x00000007c0000000,0x00000007c29fbb80,0x00000007c5560000)
 PSPermGen       total 49216K, used 48860K [0x00000007bae00000, 0x00000007bde10000, 0x00000007c0000000)
  object space 49216K, 99% used [0x00000007bae00000,0x00000007bddb7388,0x00000007bde10000)
}
Event: 3057.034 GC heap before
{Heap before GC invocations=103 (full 47):
 PSYoungGen      total 250176K, used 160737K [0x00000007eaab0000, 0x00000007fa450000, 0x0000000800000000)
  eden space 244992K, 65% used [0x00000007eaab0000,0x00000007f47a85c8,0x00000007f99f0000)
  from space 5184K, 0% used [0x00000007f99f0000,0x00000007f99f0000,0x00000007f9f00000)
  to   space 5312K, 0% used [0x00000007f9f20000,0x00000007f9f20000,0x00000007fa450000)
 ParOldGen       total 87424K, used 42990K [0x00000007c0000000, 0x00000007c5560000, 0x00000007eaab0000)
  object space 87424K, 49% used [0x00000007c0000000,0x00000007c29fbb80,0x00000007c5560000)
 PSPermGen       total 49216K, used 48877K [0x00000007bae00000, 0x00000007bde10000, 0x00000007c0000000)
  object space 49216K, 99% used [0x00000007bae00000,0x00000007bddbb5d0,0x00000007bde10000)
Event: 3057.039 GC heap after
Heap after GC invocations=103 (full 47):
 PSYoungGen      total 249792K, used 2131K [0x00000007eaab0000, 0x00000007fa3d0000, 0x0000000800000000)
  eden space 244992K, 0% used [0x00000007eaab0000,0x00000007eaab0000,0x00000007f99f0000)
  from space 4800K, 44% used [0x00000007f9f20000,0x00000007fa134fb8,0x00000007fa3d0000)
  to   space 5056K, 0% used [0x00000007f99f0000,0x00000007f99f0000,0x00000007f9ee0000)
 ParOldGen       total 87424K, used 42990K [0x00000007c0000000, 0x00000007c5560000, 0x00000007eaab0000)
  object space 87424K, 49% used [0x00000007c0000000,0x00000007c29fbb80,0x00000007c5560000)
 PSPermGen       total 49216K, used 48877K [0x00000007bae00000, 0x00000007bde10000, 0x00000007c0000000)
  object space 49216K, 99% used [0x00000007bae00000,0x00000007bddbb5d0,0x00000007bde10000)
}
Event: 3057.040 GC heap before
{Heap before GC invocations=104 (full 48):
 PSYoungGen      total 249792K, used 2131K [0x00000007eaab0000, 0x00000007fa3d0000, 0x0000000800000000)
  eden space 244992K, 0% used [0x00000007eaab0000,0x00000007eaab0000,0x00000007f99f0000)
  from space 4800K, 44% used [0x00000007f9f20000,0x00000007fa134fb8,0x00000007fa3d0000)
  to   space 5056K, 0% used [0x00000007f99f0000,0x00000007f99f0000,0x00000007f9ee0000)
 ParOldGen       total 87424K, used 42990K [0x00000007c0000000, 0x00000007c5560000, 0x00000007eaab0000)
  object space 87424K, 49% used [0x00000007c0000000,0x00000007c29fbb80,0x00000007c5560000)
 PSPermGen       total 49216K, used 48877K [0x00000007bae00000, 0x00000007bde10000, 0x00000007c0000000)
  object space 49216K, 99% used [0x00000007bae00000,0x00000007bddbb5d0,0x00000007bde10000)
Event: 3057.158 GC heap after
Heap after GC invocations=104 (full 48):
 PSYoungGen      total 249792K, used 0K [0x00000007eaab0000, 0x00000007fa3d0000, 0x0000000800000000)
  eden space 244992K, 0% used [0x00000007eaab0000,0x00000007eaab0000,0x00000007f99f0000)
  from space 4800K, 0% used [0x00000007f9f20000,0x00000007f9f20000,0x00000007fa3d0000)
  to   space 5056K, 0% used [0x00000007f99f0000,0x00000007f99f0000,0x00000007f9ee0000)
 ParOldGen       total 87424K, used 41810K [0x00000007c0000000, 0x00000007c5560000, 0x00000007eaab0000)
  object space 87424K, 47% used [0x00000007c0000000,0x00000007c28d49a0,0x00000007c5560000)
 PSPermGen       total 49216K, used 48877K [0x00000007bae00000, 0x00000007bde10000, 0x00000007c0000000)
  object space 49216K, 99% used [0x00000007bae00000,0x00000007bddbb4d0,0x00000007bde10000)
}

Deoptimization events (10 events):
Event: 2568.496 Thread 0x0000000114d2d000 Uncommon trap -58 fr.pc 0x000000010628ad90
Event: 2568.514 Thread 0x000000010085a800 Uncommon trap -58 fr.pc 0x00000001063999a8
Event: 2569.155 Thread 0x00000001023e4800 Uncommon trap -34 fr.pc 0x0000000105fe7d10
Event: 2569.177 Thread 0x000000010085a800 Uncommon trap -58 fr.pc 0x00000001063999a8
Event: 2569.497 Thread 0x0000000114d2d000 Uncommon trap -58 fr.pc 0x000000010628ad90
Event: 2700.971 Thread 0x00000001008e8000 Uncommon trap -42 fr.pc 0x000000010613e220
Event: 2721.719 Thread 0x000000010085a800 Uncommon trap -58 fr.pc 0x000000010603fdfc
Event: 2726.677 Thread 0x000000010085a800 Uncommon trap -58 fr.pc 0x000000010603fdfc
Event: 3000.981 Thread 0x00000001008e8000 Uncommon trap -42 fr.pc 0x000000010613e220
Event: 3022.059 Thread 0x000000010085a800 Uncommon trap -34 fr.pc 0x0000000106411494

Internal exceptions (10 events):
Event: 3120.880 Thread 0x000000010085a800 Threw 0x00000007efd99dc0 at /HUDSON/workspace/jdk7u25-2-build-macosx-amd64-product/jdk7u25/hotspot/src/share/vm/prims/nativeLookup.
Event: 3120.880 Thread 0x000000010085a800 Threw 0x00000007efd9a580 at /HUDSON/workspace/jdk7u25-2-build-macosx-amd64-product/jdk7u25/hotspot/src/share/vm/prims/nativeLookup.
Event: 3120.885 Thread 0x000000010085a800 Threw 0x00000007efdc3bc0 at /HUDSON/workspace/jdk7u25-2-build-macosx-amd64-product/jdk7u25/hotspot/src/share/vm/prims/nativeLookup.
Event: 3120.885 Thread 0x000000010085a800 Threw 0x00000007efdc4710 at /HUDSON/workspace/jdk7u25-2-build-macosx-amd64-product/jdk7u25/hotspot/src/share/vm/prims/nativeLookup.
Event: 3120.891 Thread 0x000000010085a800 Threw 0x00000007efdc7370 at /HUDSON/workspace/jdk7u25-2-build-macosx-amd64-product/jdk7u25/hotspot/src/share/vm/prims/nativeLookup.
Event: 3121.691 Thread 0x0000000114d2d000 Threw 0x00000007eaddc6a8 at /HUDSON/workspace/jdk7u25-2-build-macosx-amd64-product/jdk7u25/hotspot/src/share/vm/prims/nativeLookup.
Event: 3121.691 Thread 0x0000000114d2d000 Threw 0x00000007eaddd1f8 at /HUDSON/workspace/jdk7u25-2-build-macosx-amd64-product/jdk7u25/hotspot/src/share/vm/prims/nativeLookup.
Event: 3124.046 Thread 0x00000001023e4800 Threw 0x00000007ead48398 at /HUDSON/workspace/jdk7u25-2-build-macosx-amd64-product/jdk7u25/hotspot/src/share/vm/prims/nativeLookup.
Event: 3124.058 Thread 0x000000010085a800 Threw 0x00000007f2b07d00 at /HUDSON/workspace/jdk7u25-2-build-macosx-amd64-product/jdk7u25/hotspot/src/share/vm/prims/nativeLookup.
Event: 3124.058 Thread 0x000000010085a800 Threw 0x00000007f2b08650 at /HUDSON/workspace/jdk7u25-2-build-macosx-amd64-product/jdk7u25/hotspot/src/share/vm/prims/nativeLookup.

Events (10 events):
Event: 3121.429 Executing VM operation: RevokeBias done
Event: 3121.429 Thread 0x000000011491b800 Thread exited: 0x000000011491b800
Event: 3121.636 Thread 0x000000010105d800 Thread added: 0x000000010105d800
Event: 3121.637 Executing VM operation: RevokeBias
Event: 3121.637 Executing VM operation: RevokeBias done
Event: 3121.637 Thread 0x000000010105d800 Thread exited: 0x000000010105d800
Event: 3123.454 Thread 0x000000011491b800 Thread added: 0x000000011491b800
Event: 3123.454 Executing VM operation: RevokeBias
Event: 3123.454 Executing VM operation: RevokeBias done
Event: 3123.455 Thread 0x000000011491b800 Thread exited: 0x000000011491b800


Dynamic libraries:
0x000000000619c000 	/System/Library/Frameworks/Cocoa.framework/Versions/A/Cocoa
0x000000000619c000 	/usr/lib/libSystem.B.dylib
0x000000000619c000 	/System/Library/Frameworks/CoreServices.framework/Versions/A/CoreServices
0x000000000619c000 	/usr/lib/libobjc.A.dylib
0x000000000619c000 	/System/Library/Frameworks/CoreFoundation.framework/Versions/A/CoreFoundation
0x000000000619c000 	/System/Library/Frameworks/AppKit.framework/Versions/C/AppKit
0x000000000619c000 	/System/Library/Frameworks/ApplicationServices.framework/Versions/A/ApplicationServices
0x000000000619c000 	/System/Library/Frameworks/Foundation.framework/Versions/C/Foundation
0x000000000619c000 	/System/Library/Frameworks/CoreData.framework/Versions/A/CoreData
0x000000000619c000 	/System/Library/PrivateFrameworks/RemoteViewServices.framework/Versions/A/RemoteViewServices
0x000000000619c000 	/System/Library/PrivateFrameworks/UIFoundation.framework/Versions/A/UIFoundation
0x000000000619c000 	/usr/lib/libScreenReader.dylib
0x000000000619c000 	/System/Library/Frameworks/Accelerate.framework/Versions/A/Accelerate
0x000000000619c000 	/System/Library/Frameworks/IOSurface.framework/Versions/A/IOSurface
0x000000000619c000 	/System/Library/Frameworks/AudioToolbox.framework/Versions/A/AudioToolbox
0x000000000619c000 	/System/Library/Frameworks/AudioUnit.framework/Versions/A/AudioUnit
0x000000000619c000 	/System/Library/PrivateFrameworks/DataDetectorsCore.framework/Versions/A/DataDetectorsCore
0x000000000619c000 	/System/Library/PrivateFrameworks/DesktopServicesPriv.framework/Versions/A/DesktopServicesPriv
0x000000000619c000 	/System/Library/Frameworks/Carbon.framework/Versions/A/Frameworks/HIToolbox.framework/Versions/A/HIToolbox
0x000000000619c000 	/System/Library/Frameworks/QuartzCore.framework/Versions/A/QuartzCore
0x000000000619c000 	/System/Library/Frameworks/Security.framework/Versions/A/Security
0x000000000619c000 	/System/Library/Frameworks/Carbon.framework/Versions/A/Frameworks/SpeechRecognition.framework/Versions/A/SpeechRecognition
0x000000000619c000 	/usr/lib/libauto.dylib
0x000000000619c000 	/usr/lib/libicucore.A.dylib
0x000000000619c000 	/usr/lib/libxml2.2.dylib
0x000000000619c000 	/usr/lib/libz.1.dylib
0x000000000619c000 	/System/Library/PrivateFrameworks/CoreUI.framework/Versions/A/CoreUI
0x000000000619c000 	/System/Library/Frameworks/CoreAudio.framework/Versions/A/CoreAudio
0x000000000619c000 	/System/Library/Frameworks/DiskArbitration.framework/Versions/A/DiskArbitration
0x000000000619c000 	/usr/lib/liblangid.dylib
0x000000000619c000 	/System/Library/PrivateFrameworks/MultitouchSupport.framework/Versions/A/MultitouchSupport
0x000000000619c000 	/System/Library/Frameworks/IOKit.framework/Versions/A/IOKit
0x000000000619c000 	/usr/lib/libDiagnosticMessagesClient.dylib
0x000000000619c000 	/System/Library/PrivateFrameworks/PerformanceAnalysis.framework/Versions/A/PerformanceAnalysis
0x000000000619c000 	/System/Library/PrivateFrameworks/GenerationalStorage.framework/Versions/A/GenerationalStorage
0x000000000619c000 	/System/Library/Frameworks/OpenGL.framework/Versions/A/OpenGL
0x000000000619c000 	/System/Library/PrivateFrameworks/Sharing.framework/Versions/A/Sharing
0x000000000619c000 	/System/Library/Frameworks/CoreGraphics.framework/Versions/A/CoreGraphics
0x000000000619c000 	/System/Library/Frameworks/CoreImage.framework/Versions/A/CoreImage
0x000000000619c000 	/System/Library/Frameworks/CoreText.framework/Versions/A/CoreText
0x000000000619c000 	/System/Library/Frameworks/ImageIO.framework/Versions/A/ImageIO
0x000000000619c000 	/System/Library/PrivateFrameworks/Backup.framework/Versions/A/Backup
0x000000000619c000 	/usr/lib/libextension.dylib
0x000000000619c000 	/usr/lib/libarchive.2.dylib
0x000000000619c000 	/System/Library/Frameworks/CFNetwork.framework/Versions/A/CFNetwork
0x000000000619c000 	/System/Library/Frameworks/SystemConfiguration.framework/Versions/A/SystemConfiguration
0x000000000619c000 	/usr/lib/libCRFSuite.dylib
0x000000000619c000 	/usr/lib/libc++.1.dylib
0x000000000619c000 	/usr/lib/libc++abi.dylib
0x000000000619c000 	/usr/lib/system/libcache.dylib
0x000000000619c000 	/usr/lib/system/libcommonCrypto.dylib
0x000000000619c000 	/usr/lib/system/libcompiler_rt.dylib
0x000000000619c000 	/usr/lib/system/libcopyfile.dylib
0x000000000619c000 	/usr/lib/system/libcorecrypto.dylib
0x000000000619c000 	/usr/lib/system/libdispatch.dylib
0x000000000619c000 	/usr/lib/system/libdyld.dylib
0x000000000619c000 	/usr/lib/system/libkeymgr.dylib
0x000000000619c000 	/usr/lib/system/liblaunch.dylib
0x000000000619c000 	/usr/lib/system/libmacho.dylib
0x000000000619c000 	/usr/lib/system/libquarantine.dylib
0x000000000619c000 	/usr/lib/system/libremovefile.dylib
0x000000000619c000 	/usr/lib/system/libsystem_asl.dylib
0x000000000619c000 	/usr/lib/system/libsystem_blocks.dylib
0x000000000619c000 	/usr/lib/system/libsystem_c.dylib
0x000000000619c000 	/usr/lib/system/libsystem_configuration.dylib
0x000000000619c000 	/usr/lib/system/libsystem_coreservices.dylib
0x000000000619c000 	/usr/lib/system/libsystem_coretls.dylib
0x000000000619c000 	/usr/lib/system/libsystem_dnssd.dylib
0x000000000619c000 	/usr/lib/system/libsystem_info.dylib
0x000000000619c000 	/usr/lib/system/libsystem_kernel.dylib
0x000000000619c000 	/usr/lib/system/libsystem_m.dylib
0x000000000619c000 	/usr/lib/system/libsystem_malloc.dylib
0x000000000619c000 	/usr/lib/system/libsystem_network.dylib
0x000000000619c000 	/usr/lib/system/libsystem_networkextension.dylib
0x000000000619c000 	/usr/lib/system/libsystem_notify.dylib
0x000000000619c000 	/usr/lib/system/libsystem_platform.dylib
0x000000000619c000 	/usr/lib/system/libsystem_pthread.dylib
0x000000000619c000 	/usr/lib/system/libsystem_sandbox.dylib
0x000000000619c000 	/usr/lib/system/libsystem_secinit.dylib
0x000000000619c000 	/usr/lib/system/libsystem_trace.dylib
0x000000000619c000 	/usr/lib/system/libunc.dylib
0x000000000619c000 	/usr/lib/system/libunwind.dylib
0x000000000619c000 	/usr/lib/system/libxpc.dylib
0x000000000619c000 	/usr/lib/libenergytrace.dylib
0x000000000619c000 	/usr/lib/libbsm.0.dylib
0x000000000619c000 	/usr/lib/system/libkxld.dylib
0x000000000619c000 	/usr/lib/libxar.1.dylib
0x000000000619c000 	/usr/lib/libsqlite3.dylib
0x000000000619c000 	/usr/lib/libpam.2.dylib
0x000000000619c000 	/usr/lib/libOpenScriptingUtil.dylib
0x000000000619c000 	/usr/lib/libbz2.1.0.dylib
0x000000000619c000 	/usr/lib/liblzma.5.dylib
0x000000000619c000 	/System/Library/Frameworks/CoreServices.framework/Versions/A/Frameworks/FSEvents.framework/Versions/A/FSEvents
0x000000000619c000 	/System/Library/Frameworks/CoreServices.framework/Versions/A/Frameworks/CarbonCore.framework/Versions/A/CarbonCore
0x000000000619c000 	/System/Library/Frameworks/CoreServices.framework/Versions/A/Frameworks/Metadata.framework/Versions/A/Metadata
0x000000000619c000 	/System/Library/Frameworks/CoreServices.framework/Versions/A/Frameworks/OSServices.framework/Versions/A/OSServices
0x000000000619c000 	/System/Library/Frameworks/CoreServices.framework/Versions/A/Frameworks/SearchKit.framework/Versions/A/SearchKit
0x000000000619c000 	/System/Library/Frameworks/CoreServices.framework/Versions/A/Frameworks/AE.framework/Versions/A/AE
0x000000000619c000 	/System/Library/Frameworks/CoreServices.framework/Versions/A/Frameworks/LaunchServices.framework/Versions/A/LaunchServices
0x000000000619c000 	/System/Library/Frameworks/CoreServices.framework/Versions/A/Frameworks/DictionaryServices.framework/Versions/A/DictionaryServices
0x000000000619c000 	/System/Library/Frameworks/CoreServices.framework/Versions/A/Frameworks/SharedFileList.framework/Versions/A/SharedFileList
0x000000000619c000 	/System/Library/Frameworks/NetFS.framework/Versions/A/NetFS
0x000000000619c000 	/System/Library/PrivateFrameworks/NetAuth.framework/Versions/A/NetAuth
0x000000000619c000 	/System/Library/PrivateFrameworks/login.framework/Versions/A/Frameworks/loginsupport.framework/Versions/A/loginsupport
0x000000000619c000 	/System/Library/PrivateFrameworks/TCC.framework/Versions/A/TCC
0x000000000619c000 	/usr/lib/libmecabra.dylib
0x000000000619c000 	/System/Library/Frameworks/ApplicationServices.framework/Versions/A/Frameworks/ATS.framework/Versions/A/ATS
0x000000000619c000 	/System/Library/Frameworks/ApplicationServices.framework/Versions/A/Frameworks/ColorSync.framework/Versions/A/ColorSync
0x000000000619c000 	/System/Library/Frameworks/ApplicationServices.framework/Versions/A/Frameworks/HIServices.framework/Versions/A/HIServices
0x000000000619c000 	/System/Library/Frameworks/ApplicationServices.framework/Versions/A/Frameworks/LangAnalysis.framework/Versions/A/LangAnalysis
0x000000000619c000 	/System/Library/Frameworks/ApplicationServices.framework/Versions/A/Frameworks/PrintCore.framework/Versions/A/PrintCore
0x000000000619c000 	/System/Library/Frameworks/ApplicationServices.framework/Versions/A/Frameworks/QD.framework/Versions/A/QD
0x000000000619c000 	/System/Library/Frameworks/ApplicationServices.framework/Versions/A/Frameworks/SpeechSynthesis.framework/Versions/A/SpeechSynthesis
0x000000000619c000 	/System/Library/Frameworks/Metal.framework/Versions/A/Metal
0x000000000619c000 	/System/Library/Frameworks/Accelerate.framework/Versions/A/Frameworks/vImage.framework/Versions/A/vImage
0x000000000619c000 	/System/Library/Frameworks/Accelerate.framework/Versions/A/Frameworks/vecLib.framework/Versions/A/vecLib
0x000000000619c000 	/System/Library/Frameworks/Accelerate.framework/Versions/A/Frameworks/vecLib.framework/Versions/A/libvDSP.dylib
0x000000000619c000 	/System/Library/Frameworks/Accelerate.framework/Versions/A/Frameworks/vecLib.framework/Versions/A/libvMisc.dylib
0x000000000619c000 	/System/Library/Frameworks/Accelerate.framework/Versions/A/Frameworks/vecLib.framework/Versions/A/libLAPACK.dylib
0x000000000619c000 	/System/Library/Frameworks/Accelerate.framework/Versions/A/Frameworks/vecLib.framework/Versions/A/libBLAS.dylib
0x000000000619c000 	/System/Library/Frameworks/Accelerate.framework/Versions/A/Frameworks/vecLib.framework/Versions/A/libLinearAlgebra.dylib
0x000000000619c000 	/System/Library/Frameworks/Accelerate.framework/Versions/A/Frameworks/vecLib.framework/Versions/A/libSparseBLAS.dylib
0x000000000619c000 	/System/Library/PrivateFrameworks/GPUCompiler.framework/libmetal_timestamp.dylib
0x000000000619c000 	/System/Library/Frameworks/OpenGL.framework/Versions/A/Libraries/libCoreFSCache.dylib
0x000000000619c000 	/System/Library/PrivateFrameworks/IOAccelerator.framework/Versions/A/IOAccelerator
0x000000000619c000 	/System/Library/Frameworks/ApplicationServices.framework/Versions/A/Frameworks/ATS.framework/Versions/A/Resources/libFontParser.dylib
0x000000000619c000 	/System/Library/Frameworks/ApplicationServices.framework/Versions/A/Frameworks/ATS.framework/Versions/A/Resources/libFontRegistry.dylib
0x000000000619c000 	/System/Library/PrivateFrameworks/AppleVPA.framework/Versions/A/AppleVPA
0x000000000619c000 	/System/Library/PrivateFrameworks/AppleJPEG.framework/Versions/A/AppleJPEG
0x000000000619c000 	/System/Library/Frameworks/ImageIO.framework/Versions/A/Resources/libJPEG.dylib
0x000000000619c000 	/System/Library/Frameworks/ImageIO.framework/Versions/A/Resources/libTIFF.dylib
0x000000000619c000 	/System/Library/Frameworks/ImageIO.framework/Versions/A/Resources/libPng.dylib
0x000000000619c000 	/System/Library/Frameworks/ImageIO.framework/Versions/A/Resources/libGIF.dylib
0x000000000619c000 	/System/Library/Frameworks/ImageIO.framework/Versions/A/Resources/libJP2.dylib
0x000000000619c000 	/System/Library/Frameworks/ImageIO.framework/Versions/A/Resources/libRadiance.dylib
0x000000000619c000 	/System/Library/Frameworks/CoreVideo.framework/Versions/A/CoreVideo
0x000000000619c000 	/System/Library/Frameworks/OpenGL.framework/Versions/A/Libraries/libGLU.dylib
0x000000000619c000 	/System/Library/Frameworks/OpenGL.framework/Versions/A/Libraries/libGFXShared.dylib
0x000000000619c000 	/System/Library/Frameworks/OpenGL.framework/Versions/A/Libraries/libGL.dylib
0x000000000619c000 	/System/Library/Frameworks/OpenGL.framework/Versions/A/Libraries/libGLImage.dylib
0x000000000619c000 	/System/Library/Frameworks/OpenGL.framework/Versions/A/Libraries/libCVMSPluginSupport.dylib
0x000000000619c000 	/System/Library/Frameworks/OpenGL.framework/Versions/A/Libraries/libCoreVMClient.dylib
0x000000000619c000 	/usr/lib/libcups.2.dylib
0x000000000619c000 	/System/Library/Frameworks/Kerberos.framework/Versions/A/Kerberos
0x000000000619c000 	/System/Library/Frameworks/GSS.framework/Versions/A/GSS
0x000000000619c000 	/usr/lib/libresolv.9.dylib
0x000000000619c000 	/usr/lib/libiconv.2.dylib
0x000000000619c000 	/System/Library/PrivateFrameworks/Heimdal.framework/Versions/A/Heimdal
0x000000000619c000 	/usr/lib/libheimdal-asn1.dylib
0x000000000619c000 	/System/Library/Frameworks/OpenDirectory.framework/Versions/A/OpenDirectory
0x000000000619c000 	/System/Library/PrivateFrameworks/CommonAuth.framework/Versions/A/CommonAuth
0x000000000619c000 	/System/Library/Frameworks/OpenDirectory.framework/Versions/A/Frameworks/CFOpenDirectory.framework/Versions/A/CFOpenDirectory
0x000000000619c000 	/System/Library/Frameworks/SecurityFoundation.framework/Versions/A/SecurityFoundation
0x000000000619c000 	/System/Library/PrivateFrameworks/LanguageModeling.framework/Versions/A/LanguageModeling
0x000000000619c000 	/usr/lib/libmarisa.dylib
0x000000000619c000 	/usr/lib/libChineseTokenizer.dylib
0x000000000619c000 	/usr/lib/libcmph.dylib
0x000000000619c000 	/usr/lib/libcompression.dylib
0x000000000619c000 	/System/Library/Frameworks/ServiceManagement.framework/Versions/A/ServiceManagement
0x000000000619c000 	/usr/lib/libxslt.1.dylib
0x000000000619c000 	/System/Library/Frameworks/Carbon.framework/Versions/A/Frameworks/Ink.framework/Versions/A/Ink
0x000000000619c000 	/usr/lib/libFosl_dynamic.dylib
0x000000000619c000 	/System/Library/PrivateFrameworks/FaceCore.framework/Versions/A/FaceCore
0x000000000619c000 	/System/Library/Frameworks/OpenCL.framework/Versions/A/OpenCL
0x000000000619c000 	/System/Library/PrivateFrameworks/CrashReporterSupport.framework/Versions/A/CrashReporterSupport
0x000000000619c000 	/System/Library/PrivateFrameworks/IconServices.framework/Versions/A/IconServices
0x000000000619c000 	/System/Library/PrivateFrameworks/Apple80211.framework/Versions/A/Apple80211
0x000000000619c000 	/System/Library/Frameworks/CoreWLAN.framework/Versions/A/CoreWLAN
0x000000000619c000 	/System/Library/Frameworks/IOBluetooth.framework/Versions/A/IOBluetooth
0x000000000619c000 	/System/Library/PrivateFrameworks/CoreWiFi.framework/Versions/A/CoreWiFi
0x000000000619c000 	/System/Library/Frameworks/CoreBluetooth.framework/Versions/A/CoreBluetooth
0x000000000619c000 	/System/Library/PrivateFrameworks/ChunkingLibrary.framework/Versions/A/ChunkingLibrary
0x000000000619c000 	/System/Library/PrivateFrameworks/DebugSymbols.framework/Versions/A/DebugSymbols
0x000000000619c000 	/System/Library/PrivateFrameworks/CoreSymbolication.framework/Versions/A/CoreSymbolication
0x000000000619c000 	/System/Library/PrivateFrameworks/Symbolication.framework/Versions/A/Symbolication
0x000000000619c000 	/System/Library/PrivateFrameworks/SpeechRecognitionCore.framework/Versions/A/SpeechRecognitionCore
0x00000001000b8000 	/Applications/exelis/idl85/idlde/plugins/org.eclipse.equinox.launcher.cocoa.macosx.x86_64_1.1.101.v20120109-1504/eclipse_1408.so
0x000000000619c000 	/System/Library/PrivateFrameworks/CoreServicesInternal.framework/Versions/A/CoreServicesInternal
0x00000001054aa000 	/Applications/exelis/idl85/idlde/bin.darwin.x86_64/jre/lib/server/libjvm.dylib
0x000000000619c000 	/usr/lib/libstdc++.6.dylib
0x0000000100714000 	/Applications/exelis/idl85/idlde/bin.darwin.x86_64/jre/lib/libverify.dylib
0x0000000100721000 	/Applications/exelis/idl85/idlde/bin.darwin.x86_64/jre/lib/libjava.dylib
0x000000010075a000 	/Applications/exelis/idl85/idlde/bin.darwin.x86_64/jre/lib/libzip.dylib
0x000000010d08b000 	/System/Library/Frameworks/JavaVM.framework/Frameworks/JavaRuntimeSupport.framework/JavaRuntimeSupport
0x000000010d0a6000 	/System/Library/Frameworks/JavaVM.framework/Versions/A/Frameworks/JavaNativeFoundation.framework/Versions/A/JavaNativeFoundation
0x00000001007ec000 	/System/Library/Frameworks/JavaVM.framework/Versions/A/JavaVM
0x000000000619c000 	/System/Library/Frameworks/Carbon.framework/Versions/A/Carbon
0x000000010d0bb000 	/System/Library/PrivateFrameworks/JavaLaunching.framework/Versions/A/JavaLaunching
0x000000000619c000 	/System/Library/Frameworks/Carbon.framework/Versions/A/Frameworks/CommonPanels.framework/Versions/A/CommonPanels
0x000000000619c000 	/System/Library/Frameworks/Carbon.framework/Versions/A/Frameworks/Help.framework/Versions/A/Help
0x000000000619c000 	/System/Library/Frameworks/Carbon.framework/Versions/A/Frameworks/ImageCapture.framework/Versions/A/ImageCapture
0x000000000619c000 	/System/Library/Frameworks/Carbon.framework/Versions/A/Frameworks/OpenScripting.framework/Versions/A/OpenScripting
0x000000000619c000 	/System/Library/Frameworks/Carbon.framework/Versions/A/Frameworks/Print.framework/Versions/A/Print
0x000000000619c000 	/System/Library/Frameworks/Carbon.framework/Versions/A/Frameworks/SecurityHI.framework/Versions/A/SecurityHI
0x000000000619c000 	/System/Library/CoreServices/RawCamera.bundle/Contents/MacOS/RawCamera
0x000000000619c000 	/System/Library/Frameworks/CoreGraphics.framework/Versions/A/Resources/libRIP.A.dylib
0x000000000619c000 	/System/Library/Frameworks/Accelerate.framework/Versions/A/Frameworks/vImage.framework/Versions/A/Libraries/libCGInterfaces.dylib
0x000000000619c000 	/System/Library/PrivateFrameworks/FamilyControls.framework/Versions/A/FamilyControls
0x000000000619c000 	/System/Library/PrivateFrameworks/CommerceKit.framework/Versions/A/Frameworks/CommerceCore.framework/Versions/A/CommerceCore
0x000000000619c000 	/System/Library/PrivateFrameworks/SystemAdministration.framework/Versions/A/SystemAdministration
0x000000000619c000 	/System/Library/PrivateFrameworks/AppContainer.framework/Versions/A/AppContainer
0x000000000619c000 	/System/Library/PrivateFrameworks/SecCodeWrapper.framework/Versions/A/SecCodeWrapper
0x000000000619c000 	/System/Library/Frameworks/DirectoryService.framework/Versions/A/DirectoryService
0x000000000619c000 	/System/Library/PrivateFrameworks/DiskImages.framework/Versions/A/DiskImages
0x000000000619c000 	/System/Library/PrivateFrameworks/LoginUIKit.framework/Versions/A/Frameworks/LoginUICore.framework/Versions/A/LoginUICore
0x000000000619c000 	/usr/lib/libCoreStorage.dylib
0x000000000619c000 	/usr/lib/libcsfde.dylib
0x000000000619c000 	/usr/lib/libodfde.dylib
0x000000000619c000 	/System/Library/Frameworks/DiscRecording.framework/Versions/A/DiscRecording
0x000000010e29d000 	/Applications/exelis/idl85/bin/bin.darwin.x86_64/libcurl.4.dylib
0x000000000619c000 	/System/Library/PrivateFrameworks/MediaKit.framework/Versions/A/MediaKit
0x000000000619c000 	/System/Library/PrivateFrameworks/ProtectedCloudStorage.framework/Versions/A/ProtectedCloudStorage
0x000000000619c000 	/System/Library/PrivateFrameworks/EFILogin.framework/Versions/A/EFILogin
0x000000000619c000 	/usr/lib/libutil.dylib
0x000000000619c000 	/System/Library/PrivateFrameworks/FindMyDevice.framework/Versions/A/FindMyDevice
0x000000000619c000 	/System/Library/Frameworks/CoreGraphics.framework/Versions/A/Resources/libCGXType.A.dylib
0x000000000619c000 	/System/Library/Frameworks/OpenCL.framework/Versions/A/Libraries/libcldcpuengine.dylib
0x000000010f3ce000 	cl_kernels
0x000000000619c000 	/System/Library/Frameworks/OpenCL.framework/Versions/A/Libraries/ImageFormats/unorm8_bgra.dylib
0x000000000619c000 	/System/Library/Frameworks/OpenCL.framework/Versions/A/Libraries/ImageFormats/unorm8_rgba.dylib
0x000000010f5c0000 	/Applications/exelis/idl85/idlde/bin.darwin.x86_64/jre/lib/libnet.dylib
0x000000010f61d000 	/Applications/exelis/idl85/idlde/bin.darwin.x86_64/jre/lib/libnio.dylib
0x000000010f35a000 	/Users/spencerfaber/.swt/lib/macosx/x86_64/libswt-cocoa-3740.jnilib
0x000000000619c000 	/System/Library/Frameworks/WebKit.framework/Versions/A/WebKit
0x000000000619c000 	/System/Library/Frameworks/JavaScriptCore.framework/Versions/A/JavaScriptCore
0x000000000619c000 	/System/Library/Frameworks/SecurityInterface.framework/Versions/A/SecurityInterface
0x000000000619c000 	/System/Library/Frameworks/WebKit.framework/Versions/A/Frameworks/WebKitLegacy.framework/Versions/A/WebKitLegacy
0x000000000619c000 	/System/Library/Frameworks/WebKit.framework/Versions/A/Frameworks/WebCore.framework/Versions/A/WebCore
0x000000010f871000 	/Users/spencerfaber/.swt/lib/macosx/x86_64/libswt-pi-cocoa-3740.jnilib
0x000000010fd8b000 	/Applications/exelis/idl85/bin/bin.darwin.x86_64/libidl_ips.8.5.dylib
0x00000001102d6000 	/Applications/exelis/idl85/bin/bin.darwin.x86_64/libidl.8.5.dylib
0x0000000110e63000 	/opt/X11/lib/libfreetype.6.dylib
0x000000010f948000 	/Applications/exelis/idl85/bin/bin.darwin.x86_64/libMesaGLU6_2.dylib
0x0000000110efc000 	/Applications/exelis/idl85/bin/bin.darwin.x86_64/libMesaGL6_2.dylib
0x000000010f68b000 	/Applications/exelis/idl85/bin/bin.darwin.x86_64/libOSMesa6_2.dylib
0x000000010f91b000 	/opt/X11/lib/libXp.6.dylib
0x000000011113e000 	/Applications/exelis/idl85/bin/bin.darwin.x86_64/libXm.3.0.2.dylib
0x000000010f972000 	/opt/X11/lib/libXpm.4.dylib
0x000000010f9d8000 	/opt/X11/lib/libXmu.6.dylib
0x000000010fde9000 	/opt/X11/lib/libXext.6.dylib
0x000000010fec7000 	/opt/X11/lib/libXt.6.dylib
0x000000010f695000 	/opt/X11/lib/libXinerama.1.dylib
0x000000010f926000 	/opt/X11/lib/libSM.6.dylib
0x000000011154d000 	/opt/X11/lib/libICE.6.dylib
0x000000011156a000 	/opt/X11/lib/libX11.6.dylib
0x000000011169b000 	/opt/X11/lib/libxcb.1.dylib
0x000000010f93b000 	/opt/X11/lib/libXau.6.dylib
0x000000010f985000 	/opt/X11/lib/libXdmcp.6.dylib
0x000000010f146000 	/Applications/exelis/idl85/bin/bin.darwin.x86_64/gl_driver.so
0x0000000111fda000 	/opt/X11/lib/libGL.1.dylib
0x000000010ef83000 	/opt/X11/lib/libXplugin.1.dylib
0x000000010f196000 	/opt/X11/lib/libglapi.0.dylib
0x000000010ef9b000 	/opt/X11/lib/libXdamage.1.dylib
0x000000010f099000 	/opt/X11/lib/libXfixes.3.dylib
0x000000010f0a1000 	/opt/X11/lib/libX11-xcb.1.dylib
0x000000010f0a5000 	/opt/X11/lib/libxcb-glx.0.dylib
0x000000010f0c7000 	/opt/X11/lib/libXxf86vm.1.dylib
0x000000010f1eb000 	/usr/lib/libexpat.1.dylib
0x000000000619c000 	/System/Library/PrivateFrameworks/CloudDocs.framework/Versions/A/CloudDocs
0x000000000619c000 	/System/Library/PrivateFrameworks/CoreDuet.framework/Versions/A/CoreDuet
0x000000000619c000 	/System/Library/Frameworks/CloudKit.framework/Versions/A/CloudKit
0x000000000619c000 	/System/Library/PrivateFrameworks/ProtocolBuffer.framework/Versions/A/ProtocolBuffer
0x000000000619c000 	/System/Library/PrivateFrameworks/CoreDuetDaemonProtocol.framework/Versions/A/CoreDuetDaemonProtocol
0x000000000619c000 	/System/Library/PrivateFrameworks/CoreDuetDebugLogging.framework/Versions/A/CoreDuetDebugLogging
0x000000000619c000 	/System/Library/PrivateFrameworks/MMCS.framework/Versions/A/MMCS
0x000000000619c000 	/System/Library/Frameworks/CoreLocation.framework/Versions/A/CoreLocation
0x000000000619c000 	/System/Library/PrivateFrameworks/AssetCacheServices.framework/Versions/A/AssetCacheServices
0x000000000619c000 	/System/Library/PrivateFrameworks/GeoServices.framework/Versions/A/GeoServices
0x000000000619c000 	/System/Library/Frameworks/CoreGraphics.framework/Versions/A/Resources/libCGXCoreImage.A.dylib
0x000000010f6e4000 	cl_kernels
0x000000010e546000 	cl_kernels
0x000000000619c000 	/System/Library/Frameworks/OpenGL.framework/Versions/A/Resources/GLEngine.bundle/GLEngine
0x000000000619c000 	/System/Library/Frameworks/OpenGL.framework/Versions/A/Libraries/libGLProgrammability.dylib
0x0000000117800000 	/System/Library/Extensions/AppleIntelBDWGraphicsGLDriver.bundle/Contents/MacOS/AppleIntelBDWGraphicsGLDriver
0x000000000619c000 	/System/Library/PrivateFrameworks/GPUSupport.framework/Versions/A/Libraries/libGPUSupportMercury.dylib
0x000000000619c000 	/System/Library/Frameworks/OpenGL.framework/Versions/A/Resources/GLRendererFloat.bundle/GLRendererFloat
0x000000000619c000 	/System/Library/PrivateFrameworks/FinderKit.framework/Versions/A/FinderKit
0x000000000619c000 	/System/Library/Frameworks/Quartz.framework/Versions/A/Frameworks/QuickLookUI.framework/Versions/A/QuickLookUI
0x000000000619c000 	/System/Library/Frameworks/Quartz.framework/Versions/A/Frameworks/ImageKit.framework/Versions/A/ImageKit
0x000000000619c000 	/System/Library/PrivateFrameworks/Bom.framework/Versions/A/Bom
0x000000000619c000 	/System/Library/Frameworks/QuickLook.framework/Versions/A/QuickLook
0x000000000619c000 	/System/Library/PrivateFrameworks/Suggestions.framework/Versions/A/Suggestions
0x000000000619c000 	/System/Library/PrivateFrameworks/AppleSystemInfo.framework/Versions/A/AppleSystemInfo
0x000000000619c000 	/System/Library/Frameworks/ImageCaptureCore.framework/Versions/A/ImageCaptureCore
0x000000000619c000 	/System/Library/PrivateFrameworks/SafariServices.framework/Versions/A/SafariServices
0x000000000619c000 	/usr/lib/libspindump.dylib
0x000000000619c000 	/System/Library/Frameworks/QTKit.framework/Versions/A/QTKit
0x000000000619c000 	/System/Library/Frameworks/AVFoundation.framework/Versions/A/AVFoundation
0x000000000619c000 	/System/Library/Frameworks/CoreMedia.framework/Versions/A/CoreMedia
0x000000000619c000 	/System/Library/Frameworks/MediaToolbox.framework/Versions/A/MediaToolbox
0x000000000619c000 	/System/Library/Frameworks/VideoToolbox.framework/Versions/A/VideoToolbox
0x000000000619c000 	/System/Library/PrivateFrameworks/CoreMediaAuthoring.framework/Versions/A/CoreMediaAuthoring
0x000000000619c000 	/System/Library/Frameworks/CoreMediaIO.framework/Versions/A/CoreMediaIO
0x000000000619c000 	/System/Library/Frameworks/AVFoundation.framework/Versions/A/Resources/libAVFAudio.dylib
0x000000000619c000 	/System/Library/PrivateFrameworks/CoreAVCHD.framework/Versions/A/CoreAVCHD
0x000000000619c000 	/System/Library/Frameworks/MediaAccessibility.framework/Versions/A/MediaAccessibility
0x000000000619c000 	/System/Library/PrivateFrameworks/Mangrove.framework/Versions/A/Mangrove
0x000000000619c000 	/System/Library/PrivateFrameworks/CoreAUC.framework/Versions/A/CoreAUC
0x000000000619c000 	/System/Library/PrivateFrameworks/AppleVA.framework/Versions/A/AppleVA
0x000000000619c000 	/System/Library/PrivateFrameworks/XPCService.framework/Versions/A/XPCService
0x000000000619c000 	/System/Library/PrivateFrameworks/AppSandbox.framework/Versions/A/AppSandbox
0x000000000619c000 	/usr/lib/libsandbox.1.dylib
0x000000000619c000 	/usr/lib/libMatch.1.dylib
0x000000000619c000 	/System/Library/PrivateFrameworks/DisplayServices.framework/Versions/A/DisplayServices
0x000000000619c000 	/System/Library/Frameworks/Quartz.framework/Versions/A/Frameworks/PDFKit.framework/Versions/A/PDFKit
0x000000000619c000 	/System/Library/Frameworks/Quartz.framework/Versions/A/Frameworks/QuartzComposer.framework/Versions/A/QuartzComposer
0x000000000619c000 	/System/Library/Frameworks/Quartz.framework/Versions/A/Frameworks/QuartzFilters.framework/Versions/A/QuartzFilters
0x000000000619c000 	/System/Library/PrivateFrameworks/CorePDF.framework/Versions/A/CorePDF
0x000000000619c000 	/System/Library/PrivateFrameworks/AppleFSCompression.framework/Versions/A/AppleFSCompression
0x000000000619c000 	/System/Library/Frameworks/AddressBook.framework/Versions/A/AddressBook
0x000000000619c000 	/System/Library/PrivateFrameworks/ContactsPersistence.framework/Versions/A/ContactsPersistence
0x000000000619c000 	/System/Library/PrivateFrameworks/ContactsFoundation.framework/Versions/A/ContactsFoundation
0x000000000619c000 	/System/Library/PrivateFrameworks/vCard.framework/Versions/A/vCard
0x000000000619c000 	/System/Library/PrivateFrameworks/IntlPreferences.framework/Versions/A/IntlPreferences
0x000000000619c000 	/System/Library/PrivateFrameworks/ToneLibrary.framework/Versions/A/ToneLibrary
0x000000000619c000 	/System/Library/PrivateFrameworks/ToneKit.framework/Versions/A/ToneKit
0x000000000619c000 	/System/Library/PrivateFrameworks/ApplePushService.framework/Versions/A/ApplePushService
0x000000000619c000 	/System/Library/PrivateFrameworks/PhoneNumbers.framework/Versions/A/PhoneNumbers
0x000000000619c000 	/System/Library/PrivateFrameworks/ViewBridge.framework/Versions/A/ViewBridge
0x000000000619c000 	/System/Library/Frameworks/Quartz.framework/Versions/A/Quartz
0x000000000619c000 	/System/Library/Frameworks/LDAP.framework/Versions/A/LDAP
0x000000000619c000 	/System/Library/PrivateFrameworks/CoreDaemon.framework/Versions/B/CoreDaemon
0x000000000619c000 	/usr/lib/libcrypto.0.9.8.dylib
0x000000000619c000 	/System/Library/PrivateFrameworks/AppleSRP.framework/Versions/A/AppleSRP
0x000000000619c000 	/System/Library/PrivateFrameworks/TrustEvaluationAgent.framework/Versions/A/TrustEvaluationAgent
0x000000000619c000 	/usr/lib/libsasl2.2.dylib
0x000000000619c000 	/System/Library/PrivateFrameworks/PlugInKit.framework/Versions/A/PlugInKit
0x000000010e5bd000 	/System/Library/Filesystems/NetFSPlugins/smb.bundle/Contents/MacOS/smb
0x000000000619c000 	/System/Library/PrivateFrameworks/SMBClient.framework/Versions/A/SMBClient
0x000000000619c000 	/System/Library/PrivateFrameworks/DCERPC.framework/Versions/A/DCERPC
0x000000000619c000 	/System/Library/PrivateFrameworks/KerberosHelper.framework/Versions/A/KerberosHelper
0x000000000619c000 	/System/Library/PrivateFrameworks/iLifeMediaBrowser.framework/Versions/A/iLifeMediaBrowser
0x000000000619c000 	/System/Library/Frameworks/AVKit.framework/Versions/A/AVKit
0x000000000619c000 	/System/Library/PrivateFrameworks/CacheDelete.framework/Versions/A/CacheDelete
0x000000011650c000 	/System/Library/Extensions/AppleIntelBDWGraphicsMTLDriver.bundle/Contents/MacOS/AppleIntelBDWGraphicsMTLDriver
0x000000011029a000 	/System/Library/Frameworks/Security.framework/PlugIns/csparser.bundle/Contents/MacOS/csparser
0x0000000111b43000 	cl_kernels
0x0000000111c39000 	cl_kernels

VM Arguments:
jvm_args: -Dosgi.instance.area.default=@user.home/IDLWorkspace -Dosgi.configuration.area=@user.home/.idl/idlworkbench-config-idl8.5.1_x86_64 -Dosgi.configuration.cascaded=true -Dosgi.checkConfiguration=true -Dosgi.sharedConfiguration.area.readOnly=true -Dorg.eclipse.update.reconcile=false -Declipse.p2.data.area=@config.dir/p2 -XstartOnFirstThread -Xdock:icon=../Resources/idlde.icns -Dorg.eclipse.swt.internal.carbon.smallFonts -Dosgi.sharedConfiguration.area=../../../configuration.darwin.x86_64 -Xms128m -Xmx1024m 
java_command: <unknown>
Launcher Type: generic

Environment Variables:
CLASSPATH=.:/Applications/exelis/idl85/resource/bridges/export/java/javaidlb.jar
PATH=/Applications/exelis/idl85/bin:/Applications/gut-3.1/bin:/Applications/gut-3.1/bin:/opt/local/bin:/opt/local/sbin:/usr/local/bin:/opt/local/bin:/opt/local/sbin:/opt/local/bin:/opt/local/sbin:/usr/local/bin:/usr/bin:/bin:/usr/sbin:/sbin:/opt/X11/bin:/opt/X11/bin
LD_LIBRARY_PATH=/Applications/exelis/idl85/idlde/bin.darwin.x86_64/jre/lib/server:/Applications/exelis/idl85/idlde/bin.darwin.x86_64/jre/lib:
SHELL=/bin/bash
DISPLAY=:0
DYLD_LIBRARY_PATH=/Applications/exelis/idl85/idlde/bin.darwin.x86_64:/Applications/exelis/idl85/bin/bin.darwin.x86_64
DYLD_FALLBACK_LIBRARY_PATH=/Applications/exelis/idl85/idlde/bin.darwin.x86_64/jre/lib/server:/Applications/exelis/idl85/idlde/bin.darwin.x86_64/jre/lib:

Signal Handlers:
SIGSEGV: [libjvm.dylib+0x4a820f], sa_mask[0]=0xfffefeff, sa_flags=0x00000042
SIGBUS: [libjvm.dylib+0x4a820f], sa_mask[0]=0xfffefeff, sa_flags=0x00000042
SIGFPE: [libjvm.dylib+0x3b7495], sa_mask[0]=0xfffefeff, sa_flags=0x00000042
SIGPIPE: SIG_IGN, sa_mask[0]=0x00000000, sa_flags=0x00000002
SIGXFSZ: [libjvm.dylib+0x3b7495], sa_mask[0]=0xfffefeff, sa_flags=0x00000042
SIGILL: [libjvm.dylib+0x3b7495], sa_mask[0]=0xfffefeff, sa_flags=0x00000042
SIGUSR1: SIG_DFL, sa_mask[0]=0x63807efb, sa_flags=0x00000000
SIGUSR2: [libjvm.dylib+0x3b702e], sa_mask[0]=0x00000000, sa_flags=0x00000042
SIGHUP: [libjvm.dylib+0x3b528f], sa_mask[0]=0xfffefeff, sa_flags=0x00000042
SIGINT: [libidl.8.5.dylib+0x403a20], sa_mask[0]=0x00000000, sa_flags=0x00000002
SIGTERM: [libjvm.dylib+0x3b528f], sa_mask[0]=0xfffefeff, sa_flags=0x00000042
SIGQUIT: [libjvm.dylib+0x3b528f], sa_mask[0]=0xfffefeff, sa_flags=0x00000042


---------------  S Y S T E M  ---------------

OS:Bsduname:Darwin 15.3.0 Darwin Kernel Version 15.3.0: Thu Dec 10 18:40:58 PST 2015; root:xnu-3248.30.4~1/RELEASE_X86_64 x86_64
rlimit: STACK 8192k, CORE 0k, NPROC 709, NOFILE 10240, AS infinity
load average:1.58 1.46 1.40

CPU:total 4 (2 cores per cpu, 2 threads per core) family 6 model 61 stepping 4, cmov, cx8, fxsr, mmx, sse, sse2, sse3, ssse3, sse4.1, sse4.2, popcnt, avx, avx2, ht, tsc, tscinvbit

Memory: 4k page, physical 137438893368k(34359723342k free)

/proc/meminfo:


vm_info: Java HotSpot(TM) 64-Bit Server VM (23.25-b01) for bsd-amd64 JRE (1.7.0_25-b15), built on Jun  5 2013 22:26:36 by "java_re" with gcc 4.2.1 (Based on Apple Inc. build 5658) (LLVM build 2336.11.00)

time: Thu Apr 14 23:22:17 2016
elapsed time: 3124 seconds

