#
# A fatal error has been detected by the Java Runtime Environment:
#
#  SIGSEGV (0xb) at pc=0x0000000110434982, pid=2157, tid=4871
#
# JRE version: 7.0_25-b15
# Java VM: Java HotSpot(TM) 64-Bit Server VM (23.25-b01 mixed mode bsd-amd64 compressed oops)
# Problematic frame:
# C  [libidl.8.5.dylib+0x134982]  igSrcDestFlush+0x42
#
# Failed to write core dump. Core dumps have been disabled. To enable core dumping, try "ulimit -c unlimited" before starting Java again
#
# If you would like to submit a bug report, please visit:
#   http://bugreport.sun.com/bugreport/crash.jsp
# The crash happened outside the Java Virtual Machine in native code.
# See problematic frame for where to report the bug.
#

---------------  T H R E A D  ---------------

Current thread (0x0000000102177000):  JavaThread "IDL" [_thread_in_native, id=4871, stack(0x00007000012d3000,0x00007000013d3000)]

siginfo:si_signo=SIGSEGV: si_errno=0, si_code=1 (SEGV_MAPERR), si_addr=0x0000000000000058

Registers:
RAX=0x0000000000000000, RBX=0x0000000000000000, RCX=0x0000000000000000, RDX=0x0000000000000023
RSP=0x00007000013d0268, RBP=0x00007000013d0da0, RSI=0x00000001014494b8, RDI=0x0000000100000fd0
R8 =0x0000000000000000, R9 =0x0000000000007ffa, R10=0x00007fff86f417ee, R11=0x0000000000000246
R12=0x00007000013d0d58, R13=0x0000000115f837c8, R14=0x00000001225d1208, R15=0x0000000115f9b168
RIP=0x0000000110434982, EFLAGS=0x0000000000010202, ERR=0x0000000000000004
  TRAPNO=0x000000000000000e

Top of Stack: (sp=0x00007000013d0268)
0x00007000013d0268:   0000000110431835 00007000013d0d58
0x00007000013d0278:   0000000000000000 0000000000000000
0x00007000013d0288:   0000000000000000 0000000000000000
0x00007000013d0298:   00000001207da348 0000000000000002
0x00007000013d02a8:   000000010246a208 00000000013d0410
0x00007000013d02b8:   0000000115f9b168 00007000013d10f0
0x00007000013d02c8:   000000011472e08e 0000000110b7b0b0
0x00007000013d02d8:   0000000102130070 0000000000000003
0x00007000013d02e8:   0000000000000000 0000000000000000
0x00007000013d02f8:   0000000100000000 0000000000000000
0x00007000013d0308:   00007fff74209070 00007000013d1930
0x00007000013d0318:   0000000000000000 00007000013d0da0
0x00007000013d0328:   0000000110405f24 0000000000000000
0x00007000013d0338:   0000000000000003 00007000013d0350
0x00007000013d0348:   000000011076c30e 000000012403dfb8
0x00007000013d0358:   0000000110b7b0b0 0000000015f9b168
0x00007000013d0368:   0000000000000000 00000000000003e6
0x00007000013d0378:   0000000300000053 0000000000000018
0x00007000013d0388:   000000010088c0b8 0000000000000000
0x00007000013d0398:   0000000200000000 00000001014494b8
0x00007000013d03a8:   000000010088c008 00007000013d0470
0x00007000013d03b8:   000000011071f465 3ff0000000000000
0x00007000013d03c8:   0000000000000000 000000012253e658
0x00007000013d03d8:   0000000232aaaba2 0000000000000000
0x00007000013d03e8:   0000000100000000 00007000013d0470
0x00007000013d03f8:   00000001105cd8b1 0000000110b7b0b0
0x00007000013d0408:   3000dc824536c217 00007000013d0470
0x00007000013d0418:   0000000000000000 0000000000000000
0x00007000013d0428:   0000000000000000 2068637573206f4e
0x00007000013d0438:   20726f20656c6966 726f746365726964
0x00007000013d0448:   0000000200880079 00007000013d1d90
0x00007000013d0458:   0000000000000000 00007000013d1bf8 

Instructions: (pc=0x0000000110434982)
0x0000000110434962:   00 00 00 31 c9 e8 74 c2 2c 00 48 8b 8c 18 c8 00
0x0000000110434972:   00 00 48 8b bc 18 d0 00 00 00 48 83 c4 08 5b 5d
0x0000000110434982:   ff 61 58 66 66 2e 0f 1f 84 00 00 00 00 00 55 48
0x0000000110434992:   89 e5 41 57 41 56 41 55 41 54 53 48 81 ec 58 14 

Register to memory mapping:

RAX=0x0000000000000000 is an unknown value
RBX=0x0000000000000000 is an unknown value
RCX=0x0000000000000000 is an unknown value
RDX=0x0000000000000023 is an unknown value
RSP=0x00007000013d0268 is pointing into the stack for thread: 0x0000000102177000
RBP=0x00007000013d0da0 is pointing into the stack for thread: 0x0000000102177000
RSI=0x00000001014494b8 is an unknown value
RDI=0x0000000100000fd0: start+0 in /Applications/exelis/idl85/idlde/idlde.darwin.x86_64.app/Contents/MacOS/idlde at 0x0000000100000000
R8 =0x0000000000000000 is an unknown value
R9 =0x0000000000007ffa is an unknown value
R10=0x00007fff86f417ee: sigprocmask+0xa in /usr/lib/system/libsystem_kernel.dylib at 0x00007fff86f29000
R11=0x0000000000000246 is an unknown value
R12=0x00007000013d0d58 is pointing into the stack for thread: 0x0000000102177000
R13=0x0000000115f837c8 is an unknown value
R14=0x00000001225d1208 is an unknown value
R15=0x0000000115f9b168 is an unknown value


Stack: [0x00007000012d3000,0x00007000013d3000],  sp=0x00007000013d0268,  free space=1012k
Native frames: (J=compiled Java code, j=interpreted, Vv=VM code, C=native code)
C  [libidl.8.5.dylib+0x134982]  igSrcDestFlush+0x42
C  [libidl.8.5.dylib+0x13cc8e]  IDL_GrClipboardDraw+0xc9e
C  [libidl.8.5.dylib+0x322de7]  interpreter+0x87d7
C  [libidl.8.5.dylib+0x444d9b]  IDL_Executive+0xebb
C  [libidl_ips.8.5.dylib+0x9604]  ips_main+0x284
C  [libidl_ips.8.5.dylib+0xa83c]  IPS_RunClient+0x3c
C  [libidl_ips.8.5.dylib+0x15543]  IPS_Start+0x13
C  [libidl_ips.8.5.dylib+0xb94]  Java_com_rsi_idldt_core_ips_IPS_1Access_IPS_1Start+0x204
j  com.rsi.idldt.core.ips.IPS_Access.IPS_Start([Ljava/lang/String;)V+0
j  com.rsi.idldt.core.ips.IPS_Manager$2.run()V+15
j  java.lang.Thread.run()V+11
v  ~StubRoutines::call_stub
V  [libjvm.dylib+0x28a5c3]
V  [libjvm.dylib+0x28aaa2]
V  [libjvm.dylib+0x28abdc]
V  [libjvm.dylib+0x2c1868]
V  [libjvm.dylib+0x47cbd8]
V  [libjvm.dylib+0x47e0ca]
V  [libjvm.dylib+0x3b95f9]
C  [libsystem_pthread.dylib+0x3c13]  _pthread_body+0x83
C  [libsystem_pthread.dylib+0x3b90]  _pthread_body+0x0
C  [libsystem_pthread.dylib+0x1375]  thread_start+0xd

Java frames: (J=compiled Java code, j=interpreted, Vv=VM code)
j  com.rsi.idldt.core.ips.IPS_Access.IPS_Start([Ljava/lang/String;)V+0
j  com.rsi.idldt.core.ips.IPS_Manager$2.run()V+15
j  java.lang.Thread.run()V+11
v  ~StubRoutines::call_stub

---------------  P R O C E S S  ---------------

Java Threads: ( => current thread )
  0x000000011a123800 JavaThread "Thread-95" [_thread_in_native, id=105139, stack(0x0000700002db0000,0x0000700002eb0000)]
  0x00000001012b1000 JavaThread "Worker-8" [_thread_blocked, id=91403, stack(0x0000700002f36000,0x0000700003036000)]
  0x000000011a068000 JavaThread "[ThreadPool Manager] - Idle Thread" daemon [_thread_blocked, id=37931, stack(0x0000700002cad000,0x0000700002dad000)]
  0x00000001026ef800 JavaThread "Worker-7" [_thread_blocked, id=66571, stack(0x0000700002baa000,0x0000700002caa000)]
  0x0000000114c9e000 JavaThread "Timer-2" daemon [_thread_blocked, id=62735, stack(0x0000700002aa7000,0x0000700002ba7000)]
  0x000000011538e000 JavaThread "Timer-1" daemon [_thread_blocked, id=62067, stack(0x00007000029a4000,0x0000700002aa4000)]
  0x0000000100ad0000 JavaThread "Thread-12" [_thread_in_native, id=60419, stack(0x000070000281e000,0x000070000291e000)]
  0x0000000114839000 JavaThread "IDLDT DOM Worker-3" [_thread_blocked, id=58371, stack(0x000070000271b000,0x000070000281b000)]
  0x00000001148ae000 JavaThread "IDLDT DOM Worker-2" [_thread_blocked, id=58115, stack(0x0000700002618000,0x0000700002718000)]
  0x00000001148ad800 JavaThread "IDLDT DOM Worker-1" [_thread_blocked, id=57859, stack(0x0000700002515000,0x0000700002615000)]
  0x000000011483d800 JavaThread "IDLDT DOM Worker-0" [_thread_blocked, id=57603, stack(0x0000700002412000,0x0000700002512000)]
  0x0000000100c2e800 JavaThread "Timer-0" daemon [_thread_blocked, id=56847, stack(0x000070000230f000,0x000070000240f000)]
  0x0000000101431000 JavaThread "Worker-6" [_thread_blocked, id=57111, stack(0x000070000220c000,0x000070000230c000)]
  0x00000001009cc800 JavaThread "Worker-5" [_thread_blocked, id=52999, stack(0x0000700002109000,0x0000700002209000)]
  0x000000011500a000 JavaThread "Worker-4" [_thread_blocked, id=53511, stack(0x0000700002006000,0x0000700002106000)]
  0x0000000101430800 JavaThread "Worker-3" [_thread_blocked, id=52691, stack(0x0000700001f03000,0x0000700002003000)]
  0x000000010152b800 JavaThread "Worker-2" [_thread_blocked, id=52767, stack(0x00007000018e5000,0x00007000019e5000)]
  0x00000001021d0800 JavaThread "Worker-1" [_thread_blocked, id=51727, stack(0x0000700001e00000,0x0000700001f00000)]
=>0x0000000102177000 JavaThread "IDL" [_thread_in_native, id=4871, stack(0x00007000012d3000,0x00007000013d3000)]
  0x00000001012e2000 JavaThread "IDLToJava Broker" daemon [_thread_blocked, id=29191, stack(0x0000700000014000,0x0000700000114000)]
  0x00000001010c5800 JavaThread "Provisioning Event Dispatcher" daemon [_thread_blocked, id=41731, stack(0x00007000017e2000,0x00007000018e2000)]
  0x000000010088a800 JavaThread "Worker-0" [_thread_blocked, id=41475, stack(0x00007000016df000,0x00007000017df000)]
  0x000000010097e800 JavaThread "Bundle File Closer" daemon [_thread_blocked, id=41219, stack(0x00007000015dc000,0x00007000016dc000)]
  0x000000010217d800 JavaThread "Worker-JM" [_thread_blocked, id=40963, stack(0x00007000014d9000,0x00007000015d9000)]
  0x000000010112b800 JavaThread "[Timer] - Main Queue Handler" daemon [_thread_blocked, id=40707, stack(0x00007000013d6000,0x00007000014d6000)]
  0x00000001018a1000 JavaThread "Framework Event Dispatcher" daemon [_thread_blocked, id=40203, stack(0x00007000011d0000,0x00007000012d0000)]
  0x00000001018a6000 JavaThread "Start Level Event Dispatcher" daemon [_thread_blocked, id=39939, stack(0x00007000010cd000,0x00007000011cd000)]
  0x00000001020ce000 JavaThread "State Data Manager" daemon [_thread_blocked, id=39439, stack(0x0000700000fca000,0x00007000010ca000)]
  0x00000001020b9800 JavaThread "Framework Active Thread" [_thread_blocked, id=39687, stack(0x0000700000ec7000,0x0000700000fc7000)]
  0x000000010183b800 JavaThread "Service Thread" daemon [_thread_blocked, id=25347, stack(0x0000700000cc1000,0x0000700000dc1000)]
  0x000000010183b000 JavaThread "C2 CompilerThread1" daemon [_thread_blocked, id=25091, stack(0x0000700000bbe000,0x0000700000cbe000)]
  0x0000000102064800 JavaThread "C2 CompilerThread0" daemon [_thread_blocked, id=24835, stack(0x0000700000abb000,0x0000700000bbb000)]
  0x000000010103d800 JavaThread "Signal Dispatcher" daemon [_thread_blocked, id=24331, stack(0x00007000009b8000,0x0000700000ab8000)]
  0x0000000101030000 JavaThread "Finalizer" daemon [_thread_blocked, id=23811, stack(0x00007000008b5000,0x00007000009b5000)]
  0x000000010082b000 JavaThread "Reference Handler" daemon [_thread_blocked, id=23555, stack(0x00007000007b2000,0x00007000008b2000)]
  0x0000000100828000 JavaThread "main" [_thread_in_native, id=1295, stack(0x00007fff5f400000,0x00007fff5fc00000)]

Other Threads:
  0x000000010102f000 VMThread [stack: 0x00007000006af000,0x00007000007af000] [id=23299]
  0x000000010082c800 WatcherThread [stack: 0x0000700000dc4000,0x0000700000ec4000] [id=25603]

VM state:not at safepoint (normal execution)

VM Mutex/Monitor currently owned by a thread: None

Heap
 PSYoungGen      total 276288K, used 85366K [0x00000007eaab0000, 0x00000007fd6b0000, 0x0000000800000000)
  eden space 245312K, 34% used [0x00000007eaab0000,0x00000007efe0d878,0x00000007f9a40000)
  from space 30976K, 0% used [0x00000007f9a40000,0x00000007f9a40000,0x00000007fb880000)
  to   space 30848K, 0% used [0x00000007fb890000,0x00000007fb890000,0x00000007fd6b0000)
 ParOldGen       total 87424K, used 42191K [0x00000007c0000000, 0x00000007c5560000, 0x00000007eaab0000)
  object space 87424K, 48% used [0x00000007c0000000,0x00000007c2933e28,0x00000007c5560000)
 PSPermGen       total 83968K, used 47474K [0x00000007bae00000, 0x00000007c0000000, 0x00000007c0000000)
  object space 83968K, 56% used [0x00000007bae00000,0x00000007bdc5cb20,0x00000007c0000000)

Card table byte_map: [0x0000000108f93000,0x00000001091bd000] byte_map_base: 0x00000001051bc000

Polling page: 0x0000000100751000

Code Cache  [0x0000000105ed3000, 0x0000000106483000, 0x0000000108ed3000)
 total_blobs=1898 nmethods=1378 adapters=471 free_code_cache=43494Kb largest_free_block=44413056

Compilation events (10 events):
Event: 364.085 Thread 0x0000000102064800 1521             org.eclipse.swt.widgets.Display::windowProc (758 bytes)
Event: 364.093 Thread 0x0000000102064800 nmethod 1521 0x0000000106394b50 code [0x0000000106394e00, 0x00000001063957d8]
Event: 364.236 Thread 0x000000010183b000   52 %           org.eclipse.ui.internal.progress.ProgressManager::removeJobInfo @ 41 (87 bytes)
Event: 364.240 Thread 0x000000010183b000 nmethod 52% 0x00000001063564d0 code [0x0000000106356660, 0x0000000106356988]
Event: 364.272 Thread 0x0000000102064800 1522             org.eclipse.ui.internal.progress.ProgressManager::removeJobInfo (87 bytes)
Event: 364.287 Thread 0x0000000102064800 nmethod 1522 0x000000010646b890 code [0x000000010646bac0, 0x000000010646ccc8]
Event: 364.475 Thread 0x000000010183b000 1524             org.eclipse.debug.internal.ui.viewers.model.provisional.ModelDelta::getElement (5 bytes)
Event: 364.476 Thread 0x000000010183b000 nmethod 1524 0x0000000106401850 code [0x0000000106401980, 0x00000001064019f8]
Event: 367.547 Thread 0x0000000102064800 1525   !         org.eclipse.ui.internal.handlers.HandlerAuthority::resolveConflicts (405 bytes)
Event: 367.559 Thread 0x0000000102064800 nmethod 1525 0x0000000106021050 code [0x0000000106021280, 0x0000000106021e90]

GC Heap History (10 events):
Event: 194.314 GC heap before
{Heap before GC invocations=14 (full 3):
 PSYoungGen      total 274368K, used 320K [0x00000007eaab0000, 0x00000007fd690000, 0x0000000800000000)
  eden space 244608K, 0% used [0x00000007eaab0000,0x00000007eaab0000,0x00000007f9990000)
  from space 29760K, 1% used [0x00000007f9990000,0x00000007f99e0000,0x00000007fb6a0000)
  to   space 30784K, 0% used [0x00000007fb880000,0x00000007fb880000,0x00000007fd690000)
 ParOldGen       total 87424K, used 42024K [0x00000007c0000000, 0x00000007c5560000, 0x00000007eaab0000)
  object space 87424K, 48% used [0x00000007c0000000,0x00000007c290a350,0x00000007c5560000)
 PSPermGen       total 83968K, used 46809K [0x00000007bae00000, 0x00000007c0000000, 0x00000007c0000000)
  object space 83968K, 55% used [0x00000007bae00000,0x00000007bdbb6470,0x00000007c0000000)
Event: 194.471 GC heap after
Heap after GC invocations=14 (full 3):
 PSYoungGen      total 274368K, used 0K [0x00000007eaab0000, 0x00000007fd690000, 0x0000000800000000)
  eden space 244608K, 0% used [0x00000007eaab0000,0x00000007eaab0000,0x00000007f9990000)
  from space 29760K, 0% used [0x00000007f9990000,0x00000007f9990000,0x00000007fb6a0000)
  to   space 30784K, 0% used [0x00000007fb880000,0x00000007fb880000,0x00000007fd690000)
 ParOldGen       total 87424K, used 41735K [0x00000007c0000000, 0x00000007c5560000, 0x00000007eaab0000)
  object space 87424K, 47% used [0x00000007c0000000,0x00000007c28c1e00,0x00000007c5560000)
 PSPermGen       total 83968K, used 46808K [0x00000007bae00000, 0x00000007c0000000, 0x00000007c0000000)
  object space 83968K, 55% used [0x00000007bae00000,0x00000007bdbb6130,0x00000007c0000000)
}
Event: 257.735 GC heap before
{Heap before GC invocations=15 (full 3):
 PSYoungGen      total 274368K, used 138137K [0x00000007eaab0000, 0x00000007fd690000, 0x0000000800000000)
  eden space 244608K, 56% used [0x00000007eaab0000,0x00000007f3196488,0x00000007f9990000)
  from space 29760K, 0% used [0x00000007f9990000,0x00000007f9990000,0x00000007fb6a0000)
  to   space 30784K, 0% used [0x00000007fb880000,0x00000007fb880000,0x00000007fd690000)
 ParOldGen       total 87424K, used 41735K [0x00000007c0000000, 0x00000007c5560000, 0x00000007eaab0000)
  object space 87424K, 47% used [0x00000007c0000000,0x00000007c28c1e00,0x00000007c5560000)
 PSPermGen       total 83968K, used 46985K [0x00000007bae00000, 0x00000007c0000000, 0x00000007c0000000)
  object space 83968K, 55% used [0x00000007bae00000,0x00000007bdbe27c0,0x00000007c0000000)
Event: 257.739 GC heap after
Heap after GC invocations=15 (full 3):
 PSYoungGen      total 276096K, used 2146K [0x00000007eaab0000, 0x00000007fd6f0000, 0x0000000800000000)
  eden space 245312K, 0% used [0x00000007eaab0000,0x00000007eaab0000,0x00000007f9a40000)
  from space 30784K, 6% used [0x00000007fb880000,0x00000007fba98840,0x00000007fd690000)
  to   space 30976K, 0% used [0x00000007f9a40000,0x00000007f9a40000,0x00000007fb880000)
 ParOldGen       total 87424K, used 41735K [0x00000007c0000000, 0x00000007c5560000, 0x00000007eaab0000)
  object space 87424K, 47% used [0x00000007c0000000,0x00000007c28c1e00,0x00000007c5560000)
 PSPermGen       total 83968K, used 46985K [0x00000007bae00000, 0x00000007c0000000, 0x00000007c0000000)
  object space 83968K, 55% used [0x00000007bae00000,0x00000007bdbe27c0,0x00000007c0000000)
}
Event: 257.739 GC heap before
{Heap before GC invocations=16 (full 4):
 PSYoungGen      total 276096K, used 2146K [0x00000007eaab0000, 0x00000007fd6f0000, 0x0000000800000000)
  eden space 245312K, 0% used [0x00000007eaab0000,0x00000007eaab0000,0x00000007f9a40000)
  from space 30784K, 6% used [0x00000007fb880000,0x00000007fba98840,0x00000007fd690000)
  to   space 30976K, 0% used [0x00000007f9a40000,0x00000007f9a40000,0x00000007fb880000)
 ParOldGen       total 87424K, used 41735K [0x00000007c0000000, 0x00000007c5560000, 0x00000007eaab0000)
  object space 87424K, 47% used [0x00000007c0000000,0x00000007c28c1e00,0x00000007c5560000)
 PSPermGen       total 83968K, used 46985K [0x00000007bae00000, 0x00000007c0000000, 0x00000007c0000000)
  object space 83968K, 55% used [0x00000007bae00000,0x00000007bdbe27c0,0x00000007c0000000)
Event: 257.862 GC heap after
Heap after GC invocations=16 (full 4):
 PSYoungGen      total 276096K, used 0K [0x00000007eaab0000, 0x00000007fd6f0000, 0x0000000800000000)
  eden space 245312K, 0% used [0x00000007eaab0000,0x00000007eaab0000,0x00000007f9a40000)
  from space 30784K, 0% used [0x00000007fb880000,0x00000007fb880000,0x00000007fd690000)
  to   space 30976K, 0% used [0x00000007f9a40000,0x00000007f9a40000,0x00000007fb880000)
 ParOldGen       total 87424K, used 41919K [0x00000007c0000000, 0x00000007c5560000, 0x00000007eaab0000)
  object space 87424K, 47% used [0x00000007c0000000,0x00000007c28eff70,0x00000007c5560000)
 PSPermGen       total 83968K, used 46984K [0x00000007bae00000, 0x00000007c0000000, 0x00000007c0000000)
  object space 83968K, 55% used [0x00000007bae00000,0x00000007bdbe2240,0x00000007c0000000)
}
Event: 319.472 GC heap before
{Heap before GC invocations=17 (full 4):
 PSYoungGen      total 276096K, used 167985K [0x00000007eaab0000, 0x00000007fd6f0000, 0x0000000800000000)
  eden space 245312K, 68% used [0x00000007eaab0000,0x00000007f4ebc720,0x00000007f9a40000)
  from space 30784K, 0% used [0x00000007fb880000,0x00000007fb880000,0x00000007fd690000)
  to   space 30976K, 0% used [0x00000007f9a40000,0x00000007f9a40000,0x00000007fb880000)
 ParOldGen       total 87424K, used 41919K [0x00000007c0000000, 0x00000007c5560000, 0x00000007eaab0000)
  object space 87424K, 47% used [0x00000007c0000000,0x00000007c28eff70,0x00000007c5560000)
 PSPermGen       total 83968K, used 47207K [0x00000007bae00000, 0x00000007c0000000, 0x00000007c0000000)
  object space 83968K, 56% used [0x00000007bae00000,0x00000007bdc19f58,0x00000007c0000000)
Event: 319.478 GC heap after
Heap after GC invocations=17 (full 4):
 PSYoungGen      total 276288K, used 2202K [0x00000007eaab0000, 0x00000007fd6b0000, 0x0000000800000000)
  eden space 245312K, 0% used [0x00000007eaab0000,0x00000007eaab0000,0x00000007f9a40000)
  from space 30976K, 7% used [0x00000007f9a40000,0x00000007f9c669b8,0x00000007fb880000)
  to   space 30848K, 0% used [0x00000007fb890000,0x00000007fb890000,0x00000007fd6b0000)
 ParOldGen       total 87424K, used 41919K [0x00000007c0000000, 0x00000007c5560000, 0x00000007eaab0000)
  object space 87424K, 47% used [0x00000007c0000000,0x00000007c28eff70,0x00000007c5560000)
 PSPermGen       total 83968K, used 47207K [0x00000007bae00000, 0x00000007c0000000, 0x00000007c0000000)
  object space 83968K, 56% used [0x00000007bae00000,0x00000007bdc19f58,0x00000007c0000000)
}
Event: 319.478 GC heap before
{Heap before GC invocations=18 (full 5):
 PSYoungGen      total 276288K, used 2202K [0x00000007eaab0000, 0x00000007fd6b0000, 0x0000000800000000)
  eden space 245312K, 0% used [0x00000007eaab0000,0x00000007eaab0000,0x00000007f9a40000)
  from space 30976K, 7% used [0x00000007f9a40000,0x00000007f9c669b8,0x00000007fb880000)
  to   space 30848K, 0% used [0x00000007fb890000,0x00000007fb890000,0x00000007fd6b0000)
 ParOldGen       total 87424K, used 41919K [0x00000007c0000000, 0x00000007c5560000, 0x00000007eaab0000)
  object space 87424K, 47% used [0x00000007c0000000,0x00000007c28eff70,0x00000007c5560000)
 PSPermGen       total 83968K, used 47207K [0x00000007bae00000, 0x00000007c0000000, 0x00000007c0000000)
  object space 83968K, 56% used [0x00000007bae00000,0x00000007bdc19f58,0x00000007c0000000)
Event: 319.603 GC heap after
Heap after GC invocations=18 (full 5):
 PSYoungGen      total 276288K, used 0K [0x00000007eaab0000, 0x00000007fd6b0000, 0x0000000800000000)
  eden space 245312K, 0% used [0x00000007eaab0000,0x00000007eaab0000,0x00000007f9a40000)
  from space 30976K, 0% used [0x00000007f9a40000,0x00000007f9a40000,0x00000007fb880000)
  to   space 30848K, 0% used [0x00000007fb890000,0x00000007fb890000,0x00000007fd6b0000)
 ParOldGen       total 87424K, used 42191K [0x00000007c0000000, 0x00000007c5560000, 0x00000007eaab0000)
  object space 87424K, 48% used [0x00000007c0000000,0x00000007c2933e28,0x00000007c5560000)
 PSPermGen       total 83968K, used 47207K [0x00000007bae00000, 0x00000007c0000000, 0x00000007c0000000)
  object space 83968K, 56% used [0x00000007bae00000,0x00000007bdc19eb8,0x00000007c0000000)
}

Deoptimization events (10 events):
Event: 353.253 Thread 0x00000001012b1000 Uncommon trap -83 fr.pc 0x00000001063191e4
Event: 353.286 Thread 0x0000000100828000 Uncommon trap -83 fr.pc 0x0000000106378c74
Event: 356.621 Thread 0x00000001009cc800 Uncommon trap -58 fr.pc 0x000000010637dc24
Event: 356.621 Thread 0x00000001009cc800 Uncommon trap -58 fr.pc 0x000000010637dc24
Event: 356.621 Thread 0x00000001009cc800 Uncommon trap -58 fr.pc 0x000000010637dc24
Event: 356.621 Thread 0x00000001009cc800 Uncommon trap -58 fr.pc 0x000000010637dc24
Event: 357.017 Thread 0x0000000102177000 Uncommon trap -58 fr.pc 0x000000010644a608
Event: 357.536 Thread 0x0000000100828000 Uncommon trap -34 fr.pc 0x00000001061275a0
Event: 357.536 Thread 0x0000000100828000 Uncommon trap -34 fr.pc 0x00000001061275a0
Event: 361.670 Thread 0x0000000100828000 Uncommon trap -83 fr.pc 0x00000001060f6a1c

Internal exceptions (10 events):
Event: 362.983 Thread 0x0000000101431000 Threw 0x00000007eaf92390 at /HUDSON/workspace/jdk7u25-2-build-macosx-amd64-product/jdk7u25/hotspot/src/share/vm/prims/nativeLookup.
Event: 363.122 Thread 0x00000001021d0800 Threw 0x00000007eaf021b8 at /HUDSON/workspace/jdk7u25-2-build-macosx-amd64-product/jdk7u25/hotspot/src/share/vm/prims/nativeLookup.
Event: 363.505 Thread 0x000000011500a000 Threw 0x00000007eaf517d8 at /HUDSON/workspace/jdk7u25-2-build-macosx-amd64-product/jdk7u25/hotspot/src/share/vm/prims/nativeLookup.
Event: 363.506 Thread 0x000000011500a000 Threw 0x00000007ef8bd310 at /HUDSON/workspace/jdk7u25-2-build-macosx-amd64-product/jdk7u25/hotspot/src/share/vm/prims/nativeLookup.
Event: 364.210 Thread 0x00000001012b1000 Threw 0x00000007ef69a2f0 at /HUDSON/workspace/jdk7u25-2-build-macosx-amd64-product/jdk7u25/hotspot/src/share/vm/prims/nativeLookup.
Event: 364.373 Thread 0x00000001021d0800 Threw 0x00000007eaf0b020 at /HUDSON/workspace/jdk7u25-2-build-macosx-amd64-product/jdk7u25/hotspot/src/share/vm/prims/nativeLookup.
Event: 367.553 Thread 0x0000000100828000 Threw 0x00000007efd462c8 at /HUDSON/workspace/jdk7u25-2-build-macosx-amd64-product/jdk7u25/hotspot/src/share/vm/prims/nativeLookup.
Event: 367.553 Thread 0x0000000100828000 Threw 0x00000007efd46f70 at /HUDSON/workspace/jdk7u25-2-build-macosx-amd64-product/jdk7u25/hotspot/src/share/vm/prims/nativeLookup.
Event: 367.553 Thread 0x0000000100828000 Threw 0x00000007efd47d90 at /HUDSON/workspace/jdk7u25-2-build-macosx-amd64-product/jdk7u25/hotspot/src/share/vm/prims/nativeLookup.
Event: 367.553 Thread 0x0000000100828000 Threw 0x00000007efd48580 at /HUDSON/workspace/jdk7u25-2-build-macosx-amd64-product/jdk7u25/hotspot/src/share/vm/prims/nativeLookup.

Events (10 events):
Event: 364.475 Executing VM operation: RevokeBias
Event: 364.475 Executing VM operation: RevokeBias done
Event: 364.476 Executing VM operation: RevokeBias
Event: 364.476 Executing VM operation: RevokeBias done
Event: 364.479 Executing VM operation: RevokeBias
Event: 364.479 Executing VM operation: RevokeBias done
Event: 364.621 Executing VM operation: RevokeBias
Event: 364.621 Executing VM operation: RevokeBias done
Event: 364.621 Thread 0x000000011637f800 Thread exited: 0x000000011637f800
Event: 368.839 Thread 0x000000011a123800 Thread added: 0x000000011a123800


Dynamic libraries:
0x00000000006e3000 	/System/Library/Frameworks/Cocoa.framework/Versions/A/Cocoa
0x00000000006e3000 	/usr/lib/libSystem.B.dylib
0x00000000006e3000 	/System/Library/Frameworks/CoreServices.framework/Versions/A/CoreServices
0x00000000006e3000 	/usr/lib/libobjc.A.dylib
0x00000000006e3000 	/System/Library/Frameworks/CoreFoundation.framework/Versions/A/CoreFoundation
0x00000000006e3000 	/System/Library/Frameworks/AppKit.framework/Versions/C/AppKit
0x00000000006e3000 	/System/Library/Frameworks/ApplicationServices.framework/Versions/A/ApplicationServices
0x00000000006e3000 	/System/Library/Frameworks/Foundation.framework/Versions/C/Foundation
0x00000000006e3000 	/System/Library/Frameworks/CoreData.framework/Versions/A/CoreData
0x00000000006e3000 	/System/Library/PrivateFrameworks/RemoteViewServices.framework/Versions/A/RemoteViewServices
0x00000000006e3000 	/System/Library/PrivateFrameworks/UIFoundation.framework/Versions/A/UIFoundation
0x00000000006e3000 	/usr/lib/libScreenReader.dylib
0x00000000006e3000 	/System/Library/Frameworks/Accelerate.framework/Versions/A/Accelerate
0x00000000006e3000 	/System/Library/Frameworks/IOSurface.framework/Versions/A/IOSurface
0x00000000006e3000 	/System/Library/Frameworks/AudioToolbox.framework/Versions/A/AudioToolbox
0x00000000006e3000 	/System/Library/Frameworks/AudioUnit.framework/Versions/A/AudioUnit
0x00000000006e3000 	/System/Library/PrivateFrameworks/DataDetectorsCore.framework/Versions/A/DataDetectorsCore
0x00000000006e3000 	/System/Library/PrivateFrameworks/DesktopServicesPriv.framework/Versions/A/DesktopServicesPriv
0x00000000006e3000 	/System/Library/Frameworks/Carbon.framework/Versions/A/Frameworks/HIToolbox.framework/Versions/A/HIToolbox
0x00000000006e3000 	/System/Library/Frameworks/QuartzCore.framework/Versions/A/QuartzCore
0x00000000006e3000 	/System/Library/Frameworks/Security.framework/Versions/A/Security
0x00000000006e3000 	/System/Library/Frameworks/Carbon.framework/Versions/A/Frameworks/SpeechRecognition.framework/Versions/A/SpeechRecognition
0x00000000006e3000 	/usr/lib/libauto.dylib
0x00000000006e3000 	/usr/lib/libicucore.A.dylib
0x00000000006e3000 	/usr/lib/libxml2.2.dylib
0x00000000006e3000 	/usr/lib/libz.1.dylib
0x00000000006e3000 	/System/Library/PrivateFrameworks/CoreUI.framework/Versions/A/CoreUI
0x00000000006e3000 	/System/Library/Frameworks/CoreAudio.framework/Versions/A/CoreAudio
0x00000000006e3000 	/System/Library/Frameworks/DiskArbitration.framework/Versions/A/DiskArbitration
0x00000000006e3000 	/usr/lib/liblangid.dylib
0x00000000006e3000 	/System/Library/PrivateFrameworks/MultitouchSupport.framework/Versions/A/MultitouchSupport
0x00000000006e3000 	/System/Library/Frameworks/IOKit.framework/Versions/A/IOKit
0x00000000006e3000 	/usr/lib/libDiagnosticMessagesClient.dylib
0x00000000006e3000 	/System/Library/PrivateFrameworks/PerformanceAnalysis.framework/Versions/A/PerformanceAnalysis
0x00000000006e3000 	/System/Library/PrivateFrameworks/GenerationalStorage.framework/Versions/A/GenerationalStorage
0x00000000006e3000 	/System/Library/Frameworks/OpenGL.framework/Versions/A/OpenGL
0x00000000006e3000 	/System/Library/PrivateFrameworks/Sharing.framework/Versions/A/Sharing
0x00000000006e3000 	/System/Library/Frameworks/CoreGraphics.framework/Versions/A/CoreGraphics
0x00000000006e3000 	/System/Library/Frameworks/CoreImage.framework/Versions/A/CoreImage
0x00000000006e3000 	/System/Library/Frameworks/CoreText.framework/Versions/A/CoreText
0x00000000006e3000 	/System/Library/Frameworks/ImageIO.framework/Versions/A/ImageIO
0x00000000006e3000 	/System/Library/PrivateFrameworks/Backup.framework/Versions/A/Backup
0x00000000006e3000 	/usr/lib/libextension.dylib
0x00000000006e3000 	/usr/lib/libarchive.2.dylib
0x00000000006e3000 	/System/Library/Frameworks/CFNetwork.framework/Versions/A/CFNetwork
0x00000000006e3000 	/System/Library/Frameworks/SystemConfiguration.framework/Versions/A/SystemConfiguration
0x00000000006e3000 	/usr/lib/libCRFSuite.dylib
0x00000000006e3000 	/usr/lib/libc++.1.dylib
0x00000000006e3000 	/usr/lib/libc++abi.dylib
0x00000000006e3000 	/usr/lib/system/libcache.dylib
0x00000000006e3000 	/usr/lib/system/libcommonCrypto.dylib
0x00000000006e3000 	/usr/lib/system/libcompiler_rt.dylib
0x00000000006e3000 	/usr/lib/system/libcopyfile.dylib
0x00000000006e3000 	/usr/lib/system/libcorecrypto.dylib
0x00000000006e3000 	/usr/lib/system/libdispatch.dylib
0x00000000006e3000 	/usr/lib/system/libdyld.dylib
0x00000000006e3000 	/usr/lib/system/libkeymgr.dylib
0x00000000006e3000 	/usr/lib/system/liblaunch.dylib
0x00000000006e3000 	/usr/lib/system/libmacho.dylib
0x00000000006e3000 	/usr/lib/system/libquarantine.dylib
0x00000000006e3000 	/usr/lib/system/libremovefile.dylib
0x00000000006e3000 	/usr/lib/system/libsystem_asl.dylib
0x00000000006e3000 	/usr/lib/system/libsystem_blocks.dylib
0x00000000006e3000 	/usr/lib/system/libsystem_c.dylib
0x00000000006e3000 	/usr/lib/system/libsystem_configuration.dylib
0x00000000006e3000 	/usr/lib/system/libsystem_coreservices.dylib
0x00000000006e3000 	/usr/lib/system/libsystem_coretls.dylib
0x00000000006e3000 	/usr/lib/system/libsystem_dnssd.dylib
0x00000000006e3000 	/usr/lib/system/libsystem_info.dylib
0x00000000006e3000 	/usr/lib/system/libsystem_kernel.dylib
0x00000000006e3000 	/usr/lib/system/libsystem_m.dylib
0x00000000006e3000 	/usr/lib/system/libsystem_malloc.dylib
0x00000000006e3000 	/usr/lib/system/libsystem_network.dylib
0x00000000006e3000 	/usr/lib/system/libsystem_networkextension.dylib
0x00000000006e3000 	/usr/lib/system/libsystem_notify.dylib
0x00000000006e3000 	/usr/lib/system/libsystem_platform.dylib
0x00000000006e3000 	/usr/lib/system/libsystem_pthread.dylib
0x00000000006e3000 	/usr/lib/system/libsystem_sandbox.dylib
0x00000000006e3000 	/usr/lib/system/libsystem_secinit.dylib
0x00000000006e3000 	/usr/lib/system/libsystem_trace.dylib
0x00000000006e3000 	/usr/lib/system/libunc.dylib
0x00000000006e3000 	/usr/lib/system/libunwind.dylib
0x00000000006e3000 	/usr/lib/system/libxpc.dylib
0x00000000006e3000 	/usr/lib/libenergytrace.dylib
0x00000000006e3000 	/usr/lib/libbsm.0.dylib
0x00000000006e3000 	/usr/lib/system/libkxld.dylib
0x00000000006e3000 	/usr/lib/libxar.1.dylib
0x00000000006e3000 	/usr/lib/libsqlite3.dylib
0x00000000006e3000 	/usr/lib/libpam.2.dylib
0x00000000006e3000 	/usr/lib/libOpenScriptingUtil.dylib
0x00000000006e3000 	/usr/lib/libbz2.1.0.dylib
0x00000000006e3000 	/usr/lib/liblzma.5.dylib
0x00000000006e3000 	/System/Library/Frameworks/CoreServices.framework/Versions/A/Frameworks/FSEvents.framework/Versions/A/FSEvents
0x00000000006e3000 	/System/Library/Frameworks/CoreServices.framework/Versions/A/Frameworks/CarbonCore.framework/Versions/A/CarbonCore
0x00000000006e3000 	/System/Library/Frameworks/CoreServices.framework/Versions/A/Frameworks/Metadata.framework/Versions/A/Metadata
0x00000000006e3000 	/System/Library/Frameworks/CoreServices.framework/Versions/A/Frameworks/OSServices.framework/Versions/A/OSServices
0x00000000006e3000 	/System/Library/Frameworks/CoreServices.framework/Versions/A/Frameworks/SearchKit.framework/Versions/A/SearchKit
0x00000000006e3000 	/System/Library/Frameworks/CoreServices.framework/Versions/A/Frameworks/AE.framework/Versions/A/AE
0x00000000006e3000 	/System/Library/Frameworks/CoreServices.framework/Versions/A/Frameworks/LaunchServices.framework/Versions/A/LaunchServices
0x00000000006e3000 	/System/Library/Frameworks/CoreServices.framework/Versions/A/Frameworks/DictionaryServices.framework/Versions/A/DictionaryServices
0x00000000006e3000 	/System/Library/Frameworks/CoreServices.framework/Versions/A/Frameworks/SharedFileList.framework/Versions/A/SharedFileList
0x00000000006e3000 	/System/Library/Frameworks/NetFS.framework/Versions/A/NetFS
0x00000000006e3000 	/System/Library/PrivateFrameworks/NetAuth.framework/Versions/A/NetAuth
0x00000000006e3000 	/System/Library/PrivateFrameworks/login.framework/Versions/A/Frameworks/loginsupport.framework/Versions/A/loginsupport
0x00000000006e3000 	/System/Library/PrivateFrameworks/TCC.framework/Versions/A/TCC
0x00000000006e3000 	/usr/lib/libmecabra.dylib
0x00000000006e3000 	/System/Library/Frameworks/ApplicationServices.framework/Versions/A/Frameworks/ATS.framework/Versions/A/ATS
0x00000000006e3000 	/System/Library/Frameworks/ApplicationServices.framework/Versions/A/Frameworks/ColorSync.framework/Versions/A/ColorSync
0x00000000006e3000 	/System/Library/Frameworks/ApplicationServices.framework/Versions/A/Frameworks/HIServices.framework/Versions/A/HIServices
0x00000000006e3000 	/System/Library/Frameworks/ApplicationServices.framework/Versions/A/Frameworks/LangAnalysis.framework/Versions/A/LangAnalysis
0x00000000006e3000 	/System/Library/Frameworks/ApplicationServices.framework/Versions/A/Frameworks/PrintCore.framework/Versions/A/PrintCore
0x00000000006e3000 	/System/Library/Frameworks/ApplicationServices.framework/Versions/A/Frameworks/QD.framework/Versions/A/QD
0x00000000006e3000 	/System/Library/Frameworks/ApplicationServices.framework/Versions/A/Frameworks/SpeechSynthesis.framework/Versions/A/SpeechSynthesis
0x00000000006e3000 	/System/Library/Frameworks/Metal.framework/Versions/A/Metal
0x00000000006e3000 	/System/Library/Frameworks/Accelerate.framework/Versions/A/Frameworks/vImage.framework/Versions/A/vImage
0x00000000006e3000 	/System/Library/Frameworks/Accelerate.framework/Versions/A/Frameworks/vecLib.framework/Versions/A/vecLib
0x00000000006e3000 	/System/Library/Frameworks/Accelerate.framework/Versions/A/Frameworks/vecLib.framework/Versions/A/libvDSP.dylib
0x00000000006e3000 	/System/Library/Frameworks/Accelerate.framework/Versions/A/Frameworks/vecLib.framework/Versions/A/libvMisc.dylib
0x00000000006e3000 	/System/Library/Frameworks/Accelerate.framework/Versions/A/Frameworks/vecLib.framework/Versions/A/libLAPACK.dylib
0x00000000006e3000 	/System/Library/Frameworks/Accelerate.framework/Versions/A/Frameworks/vecLib.framework/Versions/A/libBLAS.dylib
0x00000000006e3000 	/System/Library/Frameworks/Accelerate.framework/Versions/A/Frameworks/vecLib.framework/Versions/A/libLinearAlgebra.dylib
0x00000000006e3000 	/System/Library/Frameworks/Accelerate.framework/Versions/A/Frameworks/vecLib.framework/Versions/A/libSparseBLAS.dylib
0x00000000006e3000 	/System/Library/PrivateFrameworks/GPUCompiler.framework/libmetal_timestamp.dylib
0x00000000006e3000 	/System/Library/Frameworks/OpenGL.framework/Versions/A/Libraries/libCoreFSCache.dylib
0x00000000006e3000 	/System/Library/PrivateFrameworks/IOAccelerator.framework/Versions/A/IOAccelerator
0x00000000006e3000 	/System/Library/Frameworks/ApplicationServices.framework/Versions/A/Frameworks/ATS.framework/Versions/A/Resources/libFontParser.dylib
0x00000000006e3000 	/System/Library/Frameworks/ApplicationServices.framework/Versions/A/Frameworks/ATS.framework/Versions/A/Resources/libFontRegistry.dylib
0x00000000006e3000 	/System/Library/PrivateFrameworks/AppleVPA.framework/Versions/A/AppleVPA
0x00000000006e3000 	/System/Library/PrivateFrameworks/AppleJPEG.framework/Versions/A/AppleJPEG
0x00000000006e3000 	/System/Library/Frameworks/ImageIO.framework/Versions/A/Resources/libJPEG.dylib
0x00000000006e3000 	/System/Library/Frameworks/ImageIO.framework/Versions/A/Resources/libTIFF.dylib
0x00000000006e3000 	/System/Library/Frameworks/ImageIO.framework/Versions/A/Resources/libPng.dylib
0x00000000006e3000 	/System/Library/Frameworks/ImageIO.framework/Versions/A/Resources/libGIF.dylib
0x00000000006e3000 	/System/Library/Frameworks/ImageIO.framework/Versions/A/Resources/libJP2.dylib
0x00000000006e3000 	/System/Library/Frameworks/ImageIO.framework/Versions/A/Resources/libRadiance.dylib
0x00000000006e3000 	/System/Library/Frameworks/CoreVideo.framework/Versions/A/CoreVideo
0x00000000006e3000 	/System/Library/Frameworks/OpenGL.framework/Versions/A/Libraries/libGLU.dylib
0x00000000006e3000 	/System/Library/Frameworks/OpenGL.framework/Versions/A/Libraries/libGFXShared.dylib
0x00000000006e3000 	/System/Library/Frameworks/OpenGL.framework/Versions/A/Libraries/libGL.dylib
0x00000000006e3000 	/System/Library/Frameworks/OpenGL.framework/Versions/A/Libraries/libGLImage.dylib
0x00000000006e3000 	/System/Library/Frameworks/OpenGL.framework/Versions/A/Libraries/libCVMSPluginSupport.dylib
0x00000000006e3000 	/System/Library/Frameworks/OpenGL.framework/Versions/A/Libraries/libCoreVMClient.dylib
0x00000000006e3000 	/usr/lib/libcups.2.dylib
0x00000000006e3000 	/System/Library/Frameworks/Kerberos.framework/Versions/A/Kerberos
0x00000000006e3000 	/System/Library/Frameworks/GSS.framework/Versions/A/GSS
0x00000000006e3000 	/usr/lib/libresolv.9.dylib
0x00000000006e3000 	/usr/lib/libiconv.2.dylib
0x00000000006e3000 	/System/Library/PrivateFrameworks/Heimdal.framework/Versions/A/Heimdal
0x00000000006e3000 	/usr/lib/libheimdal-asn1.dylib
0x00000000006e3000 	/System/Library/Frameworks/OpenDirectory.framework/Versions/A/OpenDirectory
0x00000000006e3000 	/System/Library/PrivateFrameworks/CommonAuth.framework/Versions/A/CommonAuth
0x00000000006e3000 	/System/Library/Frameworks/OpenDirectory.framework/Versions/A/Frameworks/CFOpenDirectory.framework/Versions/A/CFOpenDirectory
0x00000000006e3000 	/System/Library/Frameworks/SecurityFoundation.framework/Versions/A/SecurityFoundation
0x00000000006e3000 	/System/Library/PrivateFrameworks/LanguageModeling.framework/Versions/A/LanguageModeling
0x00000000006e3000 	/usr/lib/libmarisa.dylib
0x00000000006e3000 	/usr/lib/libChineseTokenizer.dylib
0x00000000006e3000 	/usr/lib/libcmph.dylib
0x00000000006e3000 	/usr/lib/libcompression.dylib
0x00000000006e3000 	/System/Library/Frameworks/ServiceManagement.framework/Versions/A/ServiceManagement
0x00000000006e3000 	/usr/lib/libxslt.1.dylib
0x00000000006e3000 	/System/Library/Frameworks/Carbon.framework/Versions/A/Frameworks/Ink.framework/Versions/A/Ink
0x00000000006e3000 	/usr/lib/libFosl_dynamic.dylib
0x00000000006e3000 	/System/Library/PrivateFrameworks/FaceCore.framework/Versions/A/FaceCore
0x00000000006e3000 	/System/Library/Frameworks/OpenCL.framework/Versions/A/OpenCL
0x00000000006e3000 	/System/Library/PrivateFrameworks/CrashReporterSupport.framework/Versions/A/CrashReporterSupport
0x00000000006e3000 	/System/Library/PrivateFrameworks/IconServices.framework/Versions/A/IconServices
0x00000000006e3000 	/System/Library/PrivateFrameworks/Apple80211.framework/Versions/A/Apple80211
0x00000000006e3000 	/System/Library/Frameworks/CoreWLAN.framework/Versions/A/CoreWLAN
0x00000000006e3000 	/System/Library/Frameworks/IOBluetooth.framework/Versions/A/IOBluetooth
0x00000000006e3000 	/System/Library/PrivateFrameworks/CoreWiFi.framework/Versions/A/CoreWiFi
0x00000000006e3000 	/System/Library/Frameworks/CoreBluetooth.framework/Versions/A/CoreBluetooth
0x00000000006e3000 	/System/Library/PrivateFrameworks/ChunkingLibrary.framework/Versions/A/ChunkingLibrary
0x00000000006e3000 	/System/Library/PrivateFrameworks/DebugSymbols.framework/Versions/A/DebugSymbols
0x00000000006e3000 	/System/Library/PrivateFrameworks/CoreSymbolication.framework/Versions/A/CoreSymbolication
0x00000000006e3000 	/System/Library/PrivateFrameworks/Symbolication.framework/Versions/A/Symbolication
0x00000000006e3000 	/System/Library/PrivateFrameworks/SpeechRecognitionCore.framework/Versions/A/SpeechRecognitionCore
0x00000001000b8000 	/Applications/exelis/idl85/idlde/plugins/org.eclipse.equinox.launcher.cocoa.macosx.x86_64_1.1.101.v20120109-1504/eclipse_1408.so
0x00000000006e3000 	/System/Library/PrivateFrameworks/CoreServicesInternal.framework/Versions/A/CoreServicesInternal
0x000000010542a000 	/Applications/exelis/idl85/idlde/bin.darwin.x86_64/jre/lib/server/libjvm.dylib
0x00000000006e3000 	/usr/lib/libstdc++.6.dylib
0x0000000100714000 	/Applications/exelis/idl85/idlde/bin.darwin.x86_64/jre/lib/libverify.dylib
0x0000000100721000 	/Applications/exelis/idl85/idlde/bin.darwin.x86_64/jre/lib/libjava.dylib
0x000000010075a000 	/Applications/exelis/idl85/idlde/bin.darwin.x86_64/jre/lib/libzip.dylib
0x000000010d00b000 	/System/Library/Frameworks/JavaVM.framework/Frameworks/JavaRuntimeSupport.framework/JavaRuntimeSupport
0x000000010d026000 	/System/Library/Frameworks/JavaVM.framework/Versions/A/Frameworks/JavaNativeFoundation.framework/Versions/A/JavaNativeFoundation
0x00000001007ec000 	/System/Library/Frameworks/JavaVM.framework/Versions/A/JavaVM
0x00000000006e3000 	/System/Library/Frameworks/Carbon.framework/Versions/A/Carbon
0x000000010d03b000 	/System/Library/PrivateFrameworks/JavaLaunching.framework/Versions/A/JavaLaunching
0x00000000006e3000 	/System/Library/Frameworks/Carbon.framework/Versions/A/Frameworks/CommonPanels.framework/Versions/A/CommonPanels
0x00000000006e3000 	/System/Library/Frameworks/Carbon.framework/Versions/A/Frameworks/Help.framework/Versions/A/Help
0x00000000006e3000 	/System/Library/Frameworks/Carbon.framework/Versions/A/Frameworks/ImageCapture.framework/Versions/A/ImageCapture
0x00000000006e3000 	/System/Library/Frameworks/Carbon.framework/Versions/A/Frameworks/OpenScripting.framework/Versions/A/OpenScripting
0x00000000006e3000 	/System/Library/Frameworks/Carbon.framework/Versions/A/Frameworks/Print.framework/Versions/A/Print
0x00000000006e3000 	/System/Library/Frameworks/Carbon.framework/Versions/A/Frameworks/SecurityHI.framework/Versions/A/SecurityHI
0x00000000006e3000 	/System/Library/CoreServices/RawCamera.bundle/Contents/MacOS/RawCamera
0x00000000006e3000 	/System/Library/Frameworks/CoreGraphics.framework/Versions/A/Resources/libRIP.A.dylib
0x00000000006e3000 	/System/Library/Frameworks/Accelerate.framework/Versions/A/Frameworks/vImage.framework/Versions/A/Libraries/libCGInterfaces.dylib
0x00000000006e3000 	/System/Library/PrivateFrameworks/FamilyControls.framework/Versions/A/FamilyControls
0x00000000006e3000 	/System/Library/PrivateFrameworks/CommerceKit.framework/Versions/A/Frameworks/CommerceCore.framework/Versions/A/CommerceCore
0x00000000006e3000 	/System/Library/PrivateFrameworks/SystemAdministration.framework/Versions/A/SystemAdministration
0x00000000006e3000 	/System/Library/PrivateFrameworks/AppContainer.framework/Versions/A/AppContainer
0x00000000006e3000 	/System/Library/PrivateFrameworks/SecCodeWrapper.framework/Versions/A/SecCodeWrapper
0x00000000006e3000 	/System/Library/Frameworks/DirectoryService.framework/Versions/A/DirectoryService
0x00000000006e3000 	/System/Library/PrivateFrameworks/DiskImages.framework/Versions/A/DiskImages
0x00000000006e3000 	/System/Library/PrivateFrameworks/LoginUIKit.framework/Versions/A/Frameworks/LoginUICore.framework/Versions/A/LoginUICore
0x00000000006e3000 	/usr/lib/libCoreStorage.dylib
0x00000000006e3000 	/usr/lib/libcsfde.dylib
0x00000000006e3000 	/usr/lib/libodfde.dylib
0x00000000006e3000 	/System/Library/Frameworks/DiscRecording.framework/Versions/A/DiscRecording
0x000000010e21d000 	/Applications/exelis/idl85/bin/bin.darwin.x86_64/libcurl.4.dylib
0x00000000006e3000 	/System/Library/PrivateFrameworks/MediaKit.framework/Versions/A/MediaKit
0x00000000006e3000 	/System/Library/PrivateFrameworks/ProtectedCloudStorage.framework/Versions/A/ProtectedCloudStorage
0x00000000006e3000 	/System/Library/PrivateFrameworks/EFILogin.framework/Versions/A/EFILogin
0x00000000006e3000 	/usr/lib/libutil.dylib
0x00000000006e3000 	/System/Library/PrivateFrameworks/FindMyDevice.framework/Versions/A/FindMyDevice
0x00000000006e3000 	/System/Library/Frameworks/CoreGraphics.framework/Versions/A/Resources/libCGXType.A.dylib
0x00000000006e3000 	/System/Library/Frameworks/OpenCL.framework/Versions/A/Libraries/libcldcpuengine.dylib
0x000000010f34e000 	cl_kernels
0x00000000006e3000 	/System/Library/Frameworks/OpenCL.framework/Versions/A/Libraries/ImageFormats/unorm8_bgra.dylib
0x00000000006e3000 	/System/Library/Frameworks/OpenCL.framework/Versions/A/Libraries/ImageFormats/unorm8_rgba.dylib
0x000000010f540000 	/Applications/exelis/idl85/idlde/bin.darwin.x86_64/jre/lib/libnet.dylib
0x000000010f555000 	/Applications/exelis/idl85/idlde/bin.darwin.x86_64/jre/lib/libnio.dylib
0x000000010f276000 	/Users/spencerfaber/.swt/lib/macosx/x86_64/libswt-cocoa-3740.jnilib
0x00000000006e3000 	/System/Library/Frameworks/WebKit.framework/Versions/A/WebKit
0x00000000006e3000 	/System/Library/Frameworks/JavaScriptCore.framework/Versions/A/JavaScriptCore
0x00000000006e3000 	/System/Library/Frameworks/SecurityInterface.framework/Versions/A/SecurityInterface
0x00000000006e3000 	/System/Library/Frameworks/WebKit.framework/Versions/A/Frameworks/WebKitLegacy.framework/Versions/A/WebKitLegacy
0x00000000006e3000 	/System/Library/Frameworks/WebKit.framework/Versions/A/Frameworks/WebCore.framework/Versions/A/WebCore
0x000000010f2c3000 	/Users/spencerfaber/.swt/lib/macosx/x86_64/libswt-pi-cocoa-3740.jnilib
0x000000010fc00000 	/Applications/exelis/idl85/bin/bin.darwin.x86_64/libidl_ips.8.5.dylib
0x0000000110300000 	/Applications/exelis/idl85/bin/bin.darwin.x86_64/libidl.8.5.dylib
0x000000010fc5e000 	/opt/X11/lib/libfreetype.6.dylib
0x000000010f708000 	/Applications/exelis/idl85/bin/bin.darwin.x86_64/libMesaGLU6_2.dylib
0x0000000110e8d000 	/Applications/exelis/idl85/bin/bin.darwin.x86_64/libMesaGL6_2.dylib
0x000000010f732000 	/Applications/exelis/idl85/bin/bin.darwin.x86_64/libOSMesa6_2.dylib
0x000000010f745000 	/opt/X11/lib/libXp.6.dylib
0x0000000111208000 	/Applications/exelis/idl85/bin/bin.darwin.x86_64/libXm.3.0.2.dylib
0x000000010f750000 	/opt/X11/lib/libXpm.4.dylib
0x000000010ef03000 	/opt/X11/lib/libXmu.6.dylib
0x000000010f1cc000 	/opt/X11/lib/libXext.6.dylib
0x000000010ff1e000 	/opt/X11/lib/libXt.6.dylib
0x000000010ef5f000 	/opt/X11/lib/libXinerama.1.dylib
0x000000010f220000 	/opt/X11/lib/libSM.6.dylib
0x000000010ef1e000 	/opt/X11/lib/libICE.6.dylib
0x0000000111a33000 	/opt/X11/lib/libX11.6.dylib
0x000000010f391000 	/opt/X11/lib/libxcb.1.dylib
0x000000010e576000 	/opt/X11/lib/libXau.6.dylib
0x000000010e57c000 	/opt/X11/lib/libXdmcp.6.dylib
0x000000010efde000 	/Applications/exelis/idl85/bin/bin.darwin.x86_64/gl_driver.so
0x0000000111d71000 	/opt/X11/lib/libGL.1.dylib
0x000000010ef65000 	/opt/X11/lib/libXplugin.1.dylib
0x000000010f168000 	/opt/X11/lib/libglapi.0.dylib
0x000000010ef50000 	/opt/X11/lib/libXdamage.1.dylib
0x000000010ef56000 	/opt/X11/lib/libXfixes.3.dylib
0x000000010ef7d000 	/opt/X11/lib/libX11-xcb.1.dylib
0x000000010f0c1000 	/opt/X11/lib/libxcb-glx.0.dylib
0x000000010ef81000 	/opt/X11/lib/libXxf86vm.1.dylib
0x000000010f22a000 	/usr/lib/libexpat.1.dylib
0x00000000006e3000 	/System/Library/PrivateFrameworks/CloudDocs.framework/Versions/A/CloudDocs
0x00000000006e3000 	/System/Library/PrivateFrameworks/CoreDuet.framework/Versions/A/CoreDuet
0x00000000006e3000 	/System/Library/Frameworks/CloudKit.framework/Versions/A/CloudKit
0x00000000006e3000 	/System/Library/PrivateFrameworks/ProtocolBuffer.framework/Versions/A/ProtocolBuffer
0x00000000006e3000 	/System/Library/PrivateFrameworks/CoreDuetDaemonProtocol.framework/Versions/A/CoreDuetDaemonProtocol
0x00000000006e3000 	/System/Library/PrivateFrameworks/CoreDuetDebugLogging.framework/Versions/A/CoreDuetDebugLogging
0x00000000006e3000 	/System/Library/PrivateFrameworks/MMCS.framework/Versions/A/MMCS
0x00000000006e3000 	/System/Library/Frameworks/CoreLocation.framework/Versions/A/CoreLocation
0x00000000006e3000 	/System/Library/PrivateFrameworks/AssetCacheServices.framework/Versions/A/AssetCacheServices
0x00000000006e3000 	/System/Library/PrivateFrameworks/GeoServices.framework/Versions/A/GeoServices
0x00000000006e3000 	/System/Library/Frameworks/CoreGraphics.framework/Versions/A/Resources/libCGXCoreImage.A.dylib
0x000000010f269000 	cl_kernels
0x0000000115800000 	/System/Library/Extensions/AppleIntelBDWGraphicsMTLDriver.bundle/Contents/MacOS/AppleIntelBDWGraphicsMTLDriver
0x00000000006e3000 	/System/Library/Frameworks/OpenGL.framework/Versions/A/Resources/GLEngine.bundle/GLEngine
0x00000000006e3000 	/System/Library/Frameworks/OpenGL.framework/Versions/A/Libraries/libGLProgrammability.dylib
0x0000000118000000 	/System/Library/Extensions/AppleIntelBDWGraphicsGLDriver.bundle/Contents/MacOS/AppleIntelBDWGraphicsGLDriver
0x00000000006e3000 	/System/Library/PrivateFrameworks/GPUSupport.framework/Versions/A/Libraries/libGPUSupportMercury.dylib
0x00000000006e3000 	/System/Library/Frameworks/OpenGL.framework/Versions/A/Resources/GLRendererFloat.bundle/GLRendererFloat
0x000000010ef46000 	cl_kernels
0x0000000111901000 	cl_kernels

VM Arguments:
jvm_args: -Dosgi.instance.area.default=@user.home/IDLWorkspace -Dosgi.configuration.area=@user.home/.idl/idlworkbench-config-idl8.5.1_x86_64 -Dosgi.configuration.cascaded=true -Dosgi.checkConfiguration=true -Dosgi.sharedConfiguration.area.readOnly=true -Dorg.eclipse.update.reconcile=false -Declipse.p2.data.area=@config.dir/p2 -XstartOnFirstThread -Xdock:icon=../Resources/idlde.icns -Dorg.eclipse.swt.internal.carbon.smallFonts -Dosgi.sharedConfiguration.area=../../../configuration.darwin.x86_64 -Xms128m -Xmx1024m 
java_command: <unknown>
Launcher Type: generic

Environment Variables:
CLASSPATH=.:/Applications/exelis/idl85/resource/bridges/export/java/javaidlb.jar
PATH=/usr/bin:/bin:/usr/sbin:/sbin
LD_LIBRARY_PATH=/Applications/exelis/idl85/idlde/bin.darwin.x86_64/jre/lib/server:/Applications/exelis/idl85/idlde/bin.darwin.x86_64/jre/lib:
SHELL=/bin/bash
DISPLAY=/private/tmp/com.apple.launchd.oC18W0GtLe/org.macports:0
DYLD_LIBRARY_PATH=/Applications/exelis/idl85/bin/bin.darwin.x86_64
DYLD_FALLBACK_LIBRARY_PATH=/Applications/exelis/idl85/idlde/bin.darwin.x86_64/jre/lib/server:/Applications/exelis/idl85/idlde/bin.darwin.x86_64/jre/lib:

Signal Handlers:
SIGSEGV: [libjvm.dylib+0x4a820f], sa_mask[0]=0xfffefeff, sa_flags=0x00000042
SIGBUS: [libjvm.dylib+0x4a820f], sa_mask[0]=0xfffefeff, sa_flags=0x00000042
SIGFPE: [libjvm.dylib+0x3b7495], sa_mask[0]=0xfffefeff, sa_flags=0x00000042
SIGPIPE: SIG_IGN, sa_mask[0]=0x00000000, sa_flags=0x00000002
SIGXFSZ: [libjvm.dylib+0x3b7495], sa_mask[0]=0xfffefeff, sa_flags=0x00000042
SIGILL: [libjvm.dylib+0x3b7495], sa_mask[0]=0xfffefeff, sa_flags=0x00000042
SIGUSR1: SIG_DFL, sa_mask[0]=0x00000000, sa_flags=0x00000000
SIGUSR2: [libjvm.dylib+0x3b702e], sa_mask[0]=0x00000000, sa_flags=0x00000042
SIGHUP: [libjvm.dylib+0x3b528f], sa_mask[0]=0xfffefeff, sa_flags=0x00000042
SIGINT: [libidl.8.5.dylib+0x403a20], sa_mask[0]=0x00000000, sa_flags=0x00000002
SIGTERM: [libjvm.dylib+0x3b528f], sa_mask[0]=0xfffefeff, sa_flags=0x00000042
SIGQUIT: [libjvm.dylib+0x3b528f], sa_mask[0]=0xfffefeff, sa_flags=0x00000042


---------------  S Y S T E M  ---------------

OS:Bsduname:Darwin 15.3.0 Darwin Kernel Version 15.3.0: Thu Dec 10 18:40:58 PST 2015; root:xnu-3248.30.4~1/RELEASE_X86_64 x86_64
rlimit: STACK 8192k, CORE 0k, NPROC 709, NOFILE 1024, AS infinity
load average:1.87 2.87 2.81

CPU:total 4 (2 cores per cpu, 2 threads per core) family 6 model 61 stepping 4, cmov, cx8, fxsr, mmx, sse, sse2, sse3, ssse3, sse4.1, sse4.2, popcnt, avx, avx2, ht, tsc, tscinvbit

Memory: 4k page, physical 137438495676k(34359623919k free)

/proc/meminfo:


vm_info: Java HotSpot(TM) 64-Bit Server VM (23.25-b01) for bsd-amd64 JRE (1.7.0_25-b15), built on Jun  5 2013 22:26:36 by "java_re" with gcc 4.2.1 (Based on Apple Inc. build 5658) (LLVM build 2336.11.00)

time: Sat Mar 19 16:05:40 2016
elapsed time: 368 seconds

