#
# A fatal error has been detected by the Java Runtime Environment:
#
#  SIGSEGV (0xb) at pc=0x00007fff9aa6c2f1, pid=1143, tid=45571
#
# JRE version: 7.0_25-b15
# Java VM: Java HotSpot(TM) 64-Bit Server VM (23.25-b01 mixed mode bsd-amd64 compressed oops)
# Problematic frame:
# C  [libsystem_c.dylib+0x5c2f1]  strstr+0x2a
#
# Failed to write core dump. Core dumps have been disabled. To enable core dumping, try "ulimit -c unlimited" before starting Java again
#
# If you would like to submit a bug report, please visit:
#   http://bugreport.sun.com/bugreport/crash.jsp
# The crash happened outside the Java Virtual Machine in native code.
# See problematic frame for where to report the bug.
#

---------------  T H R E A D  ---------------

Current thread (0x0000000104851800):  JavaThread "IDL" [_thread_in_native, id=45571, stack(0x00007000019eb000,0x0000700001aeb000)]

siginfo:si_signo=SIGSEGV: si_errno=0, si_code=1 (SEGV_MAPERR), si_addr=0x0000000000000000

Registers:
RAX=0x0000000000000013, RBX=0x0000000000000000, RCX=0x0000000000000007, RDX=0x0000000111a267c7
RSP=0x0000700001ae5130, RBP=0x0000700001ae5160, RSI=0x0000000000000400, RDI=0x0000000000000009
R8 =0x0000700001ae54a0, R9 =0x0000000000000001, R10=0x0000000104acdcd0, R11=0x000000010062d190
R12=0x00007fff7c80b070, R13=0x0000000000000047, R14=0x0000000111a267c7, R15=0x0000000000000013
RIP=0x00007fff9aa6c2f1, EFLAGS=0x0000000000010212, ERR=0x0000000000000004
  TRAPNO=0x000000000000000e

Top of Stack: (sp=0x0000700001ae5130)
0x0000700001ae5130:   0000000000000000 0000000000000000
0x0000700001ae5140:   00007fff7c80b070 0000000000000000
0x0000700001ae5150:   0000000111a267c6 00000001159f0008
0x0000700001ae5160:   0000700001ae51a0 00000001119e2fce
0x0000700001ae5170:   0000000000000000 0000000000000000
0x0000700001ae5180:   00007fff7c80b070 00000001159f0008
0x0000700001ae5190:   00000001159f0304 00000001159f0008
0x0000700001ae51a0:   0000700001ae5490 00000001119e3302
0x0000700001ae51b0:   0000000700000002 0000700001ae5e10
0x0000700001ae51c0:   0000000110f9cc60 ffffff020000ba00
0x0000700001ae51d0:   00ff000000000000 ffffffffffffffff
0x0000700001ae51e0:   6e616d74696c6469 726f74616c757069
0x0000700001ae51f0:   0000000000000000 0000000000000000
0x0000700001ae5200:   0000000000000000 0000000000000000
0x0000700001ae5210:   0000000000000000 0000000472656d69
0x0000700001ae5220:   0000700001ae5d30 0000700001ae6230
0x0000700001ae5230:   0000000300000001 ff005171e1c6fd37
0x0000700001ae5240:   0000700001ae5ce0 00000001109c9af8
0x0000700001ae5250:   0000700001ae72f0 0000000101ae53f8
0x0000700001ae5260:   0000700001ae52a0 0000002d00000000
0x0000700001ae5270:   000000000000002c 0000000300000000
0x0000700001ae5280:   0000000110d8e9c0 00000000000000e5
0x0000700001ae5290:   0000000000000000 0000000110c632a2
0x0000700001ae52a0:   0000000110c57f5e 0000000110f9cc60
0x0000700001ae52b0:   0000700001ae72f0 ffffff9c00000001
0x0000700001ae52c0:   0000000000000000 ffffff02128a5830
0x0000700001ae52d0:   0000700001ae5300 00000001109d2496
0x0000700001ae52e0:   0000700001ae5320 0000000100000000
0x0000700001ae52f0:   0000700001ae72f0 ffffff02ffffff9c
0x0000700001ae5300:   0000003000000030 0000000701ae5350
0x0000700001ae5310:   0000700001ae5250 0000700001ae5e10
0x0000700001ae5320:   0000000200000007 ffffff0200000001 

Instructions: (pc=0x00007fff9aa6c2f1)
0x00007fff9aa6c2d1:   41 54 53 50 49 89 f6 48 89 fb 45 8a 2e 45 84 ed
0x00007fff9aa6c2e1:   74 49 49 ff c6 4c 89 f7 e8 96 92 02 00 49 89 c7
0x00007fff9aa6c2f1:   8a 03 45 31 e4 84 c0 74 35 48 ff c3 45 0f b6 ed
0x00007fff9aa6c301:   45 31 e4 0f b6 c0 44 39 e8 75 12 48 89 df 4c 89 

Register to memory mapping:

RAX=0x0000000000000013 is an unknown value
RBX=0x0000000000000000 is an unknown value
RCX=0x0000000000000007 is an unknown value
RDX=0x0000000111a267c7: GLD_WindowPos+0x10c7 in /Applications/exelis/idl85/bin/bin.darwin.x86_64/gl_driver.so at 0x00000001119e1000
RSP=0x0000700001ae5130 is pointing into the stack for thread: 0x0000000104851800
RBP=0x0000700001ae5160 is pointing into the stack for thread: 0x0000000104851800
RSI=0x0000000000000400 is an unknown value
RDI=0x0000000000000009 is an unknown value
R8 =0x0000700001ae54a0 is pointing into the stack for thread: 0x0000000104851800
R9 =0x0000000000000001 is an unknown value
R10=0x0000000104acdcd0 is an unknown value
R11=0x000000010062d190 is an unknown value
R12=0x00007fff7c80b070: __stack_chk_guard+0 in /usr/lib/system/libsystem_c.dylib at 0x00007fff9aa10000
R13=0x0000000000000047 is an unknown value
R14=0x0000000111a267c7: GLD_WindowPos+0x10c7 in /Applications/exelis/idl85/bin/bin.darwin.x86_64/gl_driver.so at 0x00000001119e1000
R15=0x0000000000000013 is an unknown value


Stack: [0x00007000019eb000,0x0000700001aeb000],  sp=0x0000700001ae5130,  free space=1000k
Native frames: (J=compiled Java code, j=interpreted, Vv=VM code, C=native code)
C  [libsystem_c.dylib+0x5c2f1]  strstr+0x2a
C  [gl_driver.so+0x1fce]  IsExtensionSupported+0x3e
C  [gl_driver.so+0x2302]  GL_QueryExtensions+0x162
C  [gl_driver.so+0x1a89]  AGLMakeCurrent+0xb9
C  [gl_driver.so+0x1b5e]  AGLAcquireDC+0xe
C  [libidl.8.5.dylib+0x133fc8]  igSrcDestAcquireReleaseDC+0xa8
C  [libidl.8.5.dylib+0x1344f8]  igSrcDestBeginDraw+0x3a8
C  [libidl.8.5.dylib+0x131662]  IDL_GrSrcDestDraw+0x2f2
C  [libidl.8.5.dylib+0x4113ff]  IDL_ObjCallMethodEx+0x79f
C  [libidl.8.5.dylib+0x410b82]  IDL_ObjCallMethodByStringEx+0x1a2
C  [libidl.8.5.dylib+0x411808]  IDL_ObjCallMethodByString+0x48
C  [libidl.8.5.dylib+0x425032]  IDL_itWindowOnExpose+0x1e2
C  [libidl.8.5.dylib+0x322de7]  interpreter+0x87d7
C  [libidl.8.5.dylib+0x444d9b]  IDL_Executive+0xebb
C  [libidl.8.5.dylib+0x3242c4]  IDL_InterpCallFromSysproc+0xe4
C  [libidl.8.5.dylib+0x4114d4]  IDL_ObjCallMethodEx+0x874
C  [libidl.8.5.dylib+0x40dbea]  IDL_ObjCallMethod+0x7a
C  [libidl.8.5.dylib+0x4118d9]  IDL_ObjNew+0xc9
C  [libidl.8.5.dylib+0x322e32]  interpreter+0x8822
C  [libidl.8.5.dylib+0x444d9b]  IDL_Executive+0xebb
C  [libidl_ips.8.5.dylib+0x9604]  ips_main+0x284
C  [libidl_ips.8.5.dylib+0xa83c]  IPS_RunClient+0x3c
C  [libidl_ips.8.5.dylib+0x15543]  IPS_Start+0x13
C  [libidl_ips.8.5.dylib+0xb94]  Java_com_rsi_idldt_core_ips_IPS_1Access_IPS_1Start+0x204
j  com.rsi.idldt.core.ips.IPS_Access.IPS_Start([Ljava/lang/String;)V+0
j  com.rsi.idldt.core.ips.IPS_Manager$2.run()V+15
j  java.lang.Thread.run()V+11
v  ~StubRoutines::call_stub
V  [libjvm.dylib+0x28a5c3]
V  [libjvm.dylib+0x28aaa2]
V  [libjvm.dylib+0x28abdc]
V  [libjvm.dylib+0x2c1868]
V  [libjvm.dylib+0x47cbd8]
V  [libjvm.dylib+0x47e0ca]
V  [libjvm.dylib+0x3b95f9]
C  [libsystem_pthread.dylib+0x3c13]  _pthread_body+0x83
C  [libsystem_pthread.dylib+0x3b90]  _pthread_body+0x0
C  [libsystem_pthread.dylib+0x1375]  thread_start+0xd

Java frames: (J=compiled Java code, j=interpreted, Vv=VM code)
j  com.rsi.idldt.core.ips.IPS_Access.IPS_Start([Ljava/lang/String;)V+0
j  com.rsi.idldt.core.ips.IPS_Manager$2.run()V+15
j  java.lang.Thread.run()V+11
v  ~StubRoutines::call_stub

---------------  P R O C E S S  ---------------

Java Threads: ( => current thread )
  0x0000000104fb8800 JavaThread "HighTraffic" [_thread_blocked, id=514855, stack(0x0000700001aee000,0x0000700001bee000)]
  0x0000000116bd2800 JavaThread "Worker-15" [_thread_blocked, id=500503, stack(0x00007000017e5000,0x00007000018e5000)]
  0x00000001160f8800 JavaThread "Worker-14" [_thread_blocked, id=287047, stack(0x0000700002fb6000,0x00007000030b6000)]
  0x0000000115b14000 JavaThread "Worker-13" [_thread_blocked, id=235623, stack(0x0000700002921000,0x0000700002a21000)]
  0x0000000116d93800 JavaThread "Worker-12" [_thread_blocked, id=240455, stack(0x000070000271b000,0x000070000281b000)]
  0x0000000101034000 JavaThread "Worker-11" [_thread_blocked, id=232527, stack(0x0000700001e80000,0x0000700001f80000)]
  0x0000000101f58800 JavaThread "Worker-10" [_thread_blocked, id=203479, stack(0x0000700000014000,0x0000700000114000)]
  0x000000011620c800 JavaThread "Worker-9" [_thread_blocked, id=185159, stack(0x0000700002eb3000,0x0000700002fb3000)]
  0x0000000101d04000 JavaThread "Worker-8" [_thread_blocked, id=171279, stack(0x000070000281e000,0x000070000291e000)]
  0x0000000116cbf000 JavaThread "Worker-7" [_thread_blocked, id=148259, stack(0x0000700002db0000,0x0000700002eb0000)]
  0x00000001160fd800 JavaThread "[ThreadPool Manager] - Idle Thread" daemon [_thread_blocked, id=39451, stack(0x0000700002cad000,0x0000700002dad000)]
  0x000000010123a800 JavaThread "Worker-6" [_thread_blocked, id=74071, stack(0x0000700002baa000,0x0000700002caa000)]
  0x00000001048d3000 JavaThread "Timer-2" daemon [_thread_blocked, id=62467, stack(0x0000700002a24000,0x0000700002b24000)]
  0x00000001008d8000 JavaThread "Timer-1" daemon [_thread_blocked, id=61963, stack(0x0000700002618000,0x0000700002718000)]
  0x0000000101a10000 JavaThread "Thread-11" [_thread_in_native, id=60175, stack(0x0000700002515000,0x0000700002615000)]
  0x0000000104b68800 JavaThread "IDLDT DOM Worker-3" [_thread_blocked, id=15895, stack(0x0000700002412000,0x0000700002512000)]
  0x00000001048f5000 JavaThread "IDLDT DOM Worker-2" [_thread_blocked, id=16419, stack(0x000070000230f000,0x000070000240f000)]
  0x00000001008db800 JavaThread "IDLDT DOM Worker-1" [_thread_blocked, id=56327, stack(0x000070000220c000,0x000070000230c000)]
  0x0000000101ef6800 JavaThread "IDLDT DOM Worker-0" [_thread_blocked, id=56883, stack(0x0000700002109000,0x0000700002209000)]
  0x0000000101218800 JavaThread "Timer-0" daemon [_thread_blocked, id=56015, stack(0x0000700002006000,0x0000700002106000)]
=>0x0000000104851800 JavaThread "IDL" [_thread_in_native, id=45571, stack(0x00007000019eb000,0x0000700001aeb000)]
  0x000000010190d800 JavaThread "IDLToJava Broker" daemon [_thread_blocked, id=45315, stack(0x00007000013d9000,0x00007000014d9000)]
  0x0000000101a05800 JavaThread "Provisioning Event Dispatcher" daemon [_thread_blocked, id=42755, stack(0x00007000018e8000,0x00007000019e8000)]
  0x00000001019e6800 JavaThread "Bundle File Closer" daemon [_thread_blocked, id=42243, stack(0x00007000016e2000,0x00007000017e2000)]
  0x000000010127d000 JavaThread "Worker-JM" [_thread_blocked, id=41987, stack(0x00007000015df000,0x00007000016df000)]
  0x0000000100879000 JavaThread "[Timer] - Main Queue Handler" daemon [_thread_blocked, id=41731, stack(0x00007000014dc000,0x00007000015dc000)]
  0x000000010194c800 JavaThread "Framework Event Dispatcher" daemon [_thread_blocked, id=41227, stack(0x00007000012d6000,0x00007000013d6000)]
  0x0000000101939000 JavaThread "Start Level Event Dispatcher" daemon [_thread_blocked, id=40963, stack(0x00007000011d3000,0x00007000012d3000)]
  0x000000010193e000 JavaThread "State Data Manager" daemon [_thread_blocked, id=40463, stack(0x00007000010d0000,0x00007000011d0000)]
  0x00000001011c6800 JavaThread "Framework Active Thread" [_thread_blocked, id=40711, stack(0x0000700000fcd000,0x00007000010cd000)]
  0x000000010481c000 JavaThread "Service Thread" daemon [_thread_blocked, id=24835, stack(0x0000700000cc1000,0x0000700000dc1000)]
  0x000000010101f800 JavaThread "C2 CompilerThread1" daemon [_thread_blocked, id=24579, stack(0x0000700000bbe000,0x0000700000cbe000)]
  0x0000000100843800 JavaThread "C2 CompilerThread0" daemon [_thread_blocked, id=24323, stack(0x0000700000abb000,0x0000700000bbb000)]
  0x000000010080f800 JavaThread "Signal Dispatcher" daemon [_thread_blocked, id=23819, stack(0x00007000009b8000,0x0000700000ab8000)]
  0x0000000101893000 JavaThread "Finalizer" daemon [_thread_blocked, id=23299, stack(0x00007000008b5000,0x00007000009b5000)]
  0x0000000101892800 JavaThread "Reference Handler" daemon [_thread_blocked, id=23043, stack(0x00007000007b2000,0x00007000008b2000)]
  0x0000000100833800 JavaThread "main" [_thread_in_native, id=1295, stack(0x00007fff5f400000,0x00007fff5fc00000)]

Other Threads:
  0x0000000101005000 VMThread [stack: 0x00007000006af000,0x00007000007af000] [id=22787]
  0x0000000101017800 WatcherThread [stack: 0x0000700000dc4000,0x0000700000ec4000] [id=25091]

VM state:not at safepoint (normal execution)

VM Mutex/Monitor currently owned by a thread: None

Heap
 PSYoungGen      total 342464K, used 92480K [0x00000007eaab0000, 0x00000007ffd30000, 0x0000000800000000)
  eden space 338304K, 27% used [0x00000007eaab0000,0x00000007f0500070,0x00000007ff510000)
  from space 4160K, 0% used [0x00000007ff510000,0x00000007ff510000,0x00000007ff920000)
  to   space 4160K, 0% used [0x00000007ff920000,0x00000007ff920000,0x00000007ffd30000)
 ParOldGen       total 87424K, used 40836K [0x00000007c0000000, 0x00000007c5560000, 0x00000007eaab0000)
  object space 87424K, 46% used [0x00000007c0000000,0x00000007c27e1190,0x00000007c5560000)
 PSPermGen       total 49216K, used 49129K [0x00000007bae00000, 0x00000007bde10000, 0x00000007c0000000)
  object space 49216K, 99% used [0x00000007bae00000,0x00000007bddfa7a8,0x00000007bde10000)

Card table byte_map: [0x00000001045a1000,0x00000001047cb000] byte_map_base: 0x00000001007ca000

Polling page: 0x0000000100751000

Code Cache  [0x00000001061f2000, 0x00000001068e2000, 0x00000001091f2000)
 total_blobs=2220 nmethods=1687 adapters=482 free_code_cache=42252Kb largest_free_block=43119040

Compilation events (10 events):
Event: 3421.610 Thread 0x0000000100843800 nmethod 1883 0x00000001065f63d0 code [0x00000001065f6540, 0x00000001065f67b8]
Event: 3421.610 Thread 0x0000000100843800 1886             org.eclipse.swt.widgets.Display::runContexts (59 bytes)
Event: 3421.611 Thread 0x0000000100843800 nmethod 1886 0x00000001065f6110 code [0x00000001065f6240, 0x00000001065f62b8]
Event: 3421.612 Thread 0x000000010101f800 nmethod 1885 0x00000001067673d0 code [0x0000000106767560, 0x0000000106767750]
Event: 3421.809 Thread 0x0000000100843800 1887             org.eclipse.core.runtime.Path::append (213 bytes)
Event: 3421.822 Thread 0x0000000100843800 nmethod 1887 0x0000000106733150 code [0x00000001067333a0, 0x0000000106733f68]
Event: 3472.518 Thread 0x000000010101f800 1888             org.eclipse.core.commands.common.AbstractHandleObjectEvent::isDefinedChanged (13 bytes)
Event: 3472.518 Thread 0x0000000100843800 1889             org.eclipse.core.commands.common.AbstractHandleObjectEvent::<init> (19 bytes)
Event: 3472.519 Thread 0x000000010101f800 nmethod 1888 0x00000001067c8c10 code [0x00000001067c8d40, 0x00000001067c8d98]
Event: 3472.519 Thread 0x0000000100843800 nmethod 1889 0x0000000106743790 code [0x00000001067438c0, 0x0000000106743938]

GC Heap History (10 events):
Event: 3319.571 GC heap before
{Heap before GC invocations=109 (full 50):
 PSYoungGen      total 342464K, used 2962K [0x00000007eaab0000, 0x00000007ffd90000, 0x0000000800000000)
  eden space 338304K, 0% used [0x00000007eaab0000,0x00000007eaab0000,0x00000007ff510000)
  from space 4160K, 71% used [0x00000007ff510000,0x00000007ff7f4a80,0x00000007ff920000)
  to   space 4352K, 0% used [0x00000007ff950000,0x00000007ff950000,0x00000007ffd90000)
 ParOldGen       total 87424K, used 40091K [0x00000007c0000000, 0x00000007c5560000, 0x00000007eaab0000)
  object space 87424K, 45% used [0x00000007c0000000,0x00000007c2726e90,0x00000007c5560000)
 PSPermGen       total 49280K, used 49119K [0x00000007bae00000, 0x00000007bde20000, 0x00000007c0000000)
  object space 49280K, 99% used [0x00000007bae00000,0x00000007bddf7d58,0x00000007bde20000)
Event: 3319.674 GC heap after
Heap after GC invocations=109 (full 50):
 PSYoungGen      total 342464K, used 0K [0x00000007eaab0000, 0x00000007ffd90000, 0x0000000800000000)
  eden space 338304K, 0% used [0x00000007eaab0000,0x00000007eaab0000,0x00000007ff510000)
  from space 4160K, 0% used [0x00000007ff510000,0x00000007ff510000,0x00000007ff920000)
  to   space 4352K, 0% used [0x00000007ff950000,0x00000007ff950000,0x00000007ffd90000)
 ParOldGen       total 87424K, used 40887K [0x00000007c0000000, 0x00000007c5560000, 0x00000007eaab0000)
  object space 87424K, 46% used [0x00000007c0000000,0x00000007c27eddf8,0x00000007c5560000)
 PSPermGen       total 49216K, used 49119K [0x00000007bae00000, 0x00000007bde10000, 0x00000007c0000000)
  object space 49216K, 99% used [0x00000007bae00000,0x00000007bddf7d18,0x00000007bde10000)
}
Event: 3385.859 GC heap before
{Heap before GC invocations=110 (full 50):
 PSYoungGen      total 342464K, used 132584K [0x00000007eaab0000, 0x00000007ffd90000, 0x0000000800000000)
  eden space 338304K, 39% used [0x00000007eaab0000,0x00000007f2c2a178,0x00000007ff510000)
  from space 4160K, 0% used [0x00000007ff510000,0x00000007ff510000,0x00000007ff920000)
  to   space 4352K, 0% used [0x00000007ff950000,0x00000007ff950000,0x00000007ffd90000)
 ParOldGen       total 87424K, used 40887K [0x00000007c0000000, 0x00000007c5560000, 0x00000007eaab0000)
  object space 87424K, 46% used [0x00000007c0000000,0x00000007c27eddf8,0x00000007c5560000)
 PSPermGen       total 49216K, used 49120K [0x00000007bae00000, 0x00000007bde10000, 0x00000007c0000000)
  object space 49216K, 99% used [0x00000007bae00000,0x00000007bddf80a0,0x00000007bde10000)
Event: 3385.864 GC heap after
Heap after GC invocations=110 (full 50):
 PSYoungGen      total 342272K, used 1744K [0x00000007eaab0000, 0x00000007ffd30000, 0x0000000800000000)
  eden space 338304K, 0% used [0x00000007eaab0000,0x00000007eaab0000,0x00000007ff510000)
  from space 3968K, 43% used [0x00000007ff950000,0x00000007ffb042e8,0x00000007ffd30000)
  to   space 4160K, 0% used [0x00000007ff510000,0x00000007ff510000,0x00000007ff920000)
 ParOldGen       total 87424K, used 40887K [0x00000007c0000000, 0x00000007c5560000, 0x00000007eaab0000)
  object space 87424K, 46% used [0x00000007c0000000,0x00000007c27eddf8,0x00000007c5560000)
 PSPermGen       total 49216K, used 49120K [0x00000007bae00000, 0x00000007bde10000, 0x00000007c0000000)
  object space 49216K, 99% used [0x00000007bae00000,0x00000007bddf80a0,0x00000007bde10000)
}
Event: 3385.864 GC heap before
{Heap before GC invocations=111 (full 51):
 PSYoungGen      total 342272K, used 1744K [0x00000007eaab0000, 0x00000007ffd30000, 0x0000000800000000)
  eden space 338304K, 0% used [0x00000007eaab0000,0x00000007eaab0000,0x00000007ff510000)
  from space 3968K, 43% used [0x00000007ff950000,0x00000007ffb042e8,0x00000007ffd30000)
  to   space 4160K, 0% used [0x00000007ff510000,0x00000007ff510000,0x00000007ff920000)
 ParOldGen       total 87424K, used 40887K [0x00000007c0000000, 0x00000007c5560000, 0x00000007eaab0000)
  object space 87424K, 46% used [0x00000007c0000000,0x00000007c27eddf8,0x00000007c5560000)
 PSPermGen       total 49216K, used 49120K [0x00000007bae00000, 0x00000007bde10000, 0x00000007c0000000)
  object space 49216K, 99% used [0x00000007bae00000,0x00000007bddf80a0,0x00000007bde10000)
Event: 3385.982 GC heap after
Heap after GC invocations=111 (full 51):
 PSYoungGen      total 342272K, used 0K [0x00000007eaab0000, 0x00000007ffd30000, 0x0000000800000000)
  eden space 338304K, 0% used [0x00000007eaab0000,0x00000007eaab0000,0x00000007ff510000)
  from space 3968K, 0% used [0x00000007ff950000,0x00000007ff950000,0x00000007ffd30000)
  to   space 4160K, 0% used [0x00000007ff510000,0x00000007ff510000,0x00000007ff920000)
 ParOldGen       total 87424K, used 40473K [0x00000007c0000000, 0x00000007c5560000, 0x00000007eaab0000)
  object space 87424K, 46% used [0x00000007c0000000,0x00000007c2786460,0x00000007c5560000)
 PSPermGen       total 49216K, used 49120K [0x00000007bae00000, 0x00000007bde10000, 0x00000007c0000000)
  object space 49216K, 99% used [0x00000007bae00000,0x00000007bddf8040,0x00000007bde10000)
}
Event: 3446.627 GC heap before
{Heap before GC invocations=112 (full 51):
 PSYoungGen      total 342272K, used 132160K [0x00000007eaab0000, 0x00000007ffd30000, 0x0000000800000000)
  eden space 338304K, 39% used [0x00000007eaab0000,0x00000007f2bc03a8,0x00000007ff510000)
  from space 3968K, 0% used [0x00000007ff950000,0x00000007ff950000,0x00000007ffd30000)
  to   space 4160K, 0% used [0x00000007ff510000,0x00000007ff510000,0x00000007ff920000)
 ParOldGen       total 87424K, used 40473K [0x00000007c0000000, 0x00000007c5560000, 0x00000007eaab0000)
  object space 87424K, 46% used [0x00000007c0000000,0x00000007c2786460,0x00000007c5560000)
 PSPermGen       total 49216K, used 49128K [0x00000007bae00000, 0x00000007bde10000, 0x00000007c0000000)
  object space 49216K, 99% used [0x00000007bae00000,0x00000007bddfa310,0x00000007bde10000)
Event: 3446.632 GC heap after
Heap after GC invocations=112 (full 51):
 PSYoungGen      total 342464K, used 2672K [0x00000007eaab0000, 0x00000007ffd30000, 0x0000000800000000)
  eden space 338304K, 0% used [0x00000007eaab0000,0x00000007eaab0000,0x00000007ff510000)
  from space 4160K, 64% used [0x00000007ff510000,0x00000007ff7ac270,0x00000007ff920000)
  to   space 4160K, 0% used [0x00000007ff920000,0x00000007ff920000,0x00000007ffd30000)
 ParOldGen       total 87424K, used 40473K [0x00000007c0000000, 0x00000007c5560000, 0x00000007eaab0000)
  object space 87424K, 46% used [0x00000007c0000000,0x00000007c2786460,0x00000007c5560000)
 PSPermGen       total 49216K, used 49128K [0x00000007bae00000, 0x00000007bde10000, 0x00000007c0000000)
  object space 49216K, 99% used [0x00000007bae00000,0x00000007bddfa310,0x00000007bde10000)
}
Event: 3446.632 GC heap before
{Heap before GC invocations=113 (full 52):
 PSYoungGen      total 342464K, used 2672K [0x00000007eaab0000, 0x00000007ffd30000, 0x0000000800000000)
  eden space 338304K, 0% used [0x00000007eaab0000,0x00000007eaab0000,0x00000007ff510000)
  from space 4160K, 64% used [0x00000007ff510000,0x00000007ff7ac270,0x00000007ff920000)
  to   space 4160K, 0% used [0x00000007ff920000,0x00000007ff920000,0x00000007ffd30000)
 ParOldGen       total 87424K, used 40473K [0x00000007c0000000, 0x00000007c5560000, 0x00000007eaab0000)
  object space 87424K, 46% used [0x00000007c0000000,0x00000007c2786460,0x00000007c5560000)
 PSPermGen       total 49216K, used 49128K [0x00000007bae00000, 0x00000007bde10000, 0x00000007c0000000)
  object space 49216K, 99% used [0x00000007bae00000,0x00000007bddfa310,0x00000007bde10000)
Event: 3446.767 GC heap after
Heap after GC invocations=113 (full 52):
 PSYoungGen      total 342464K, used 0K [0x00000007eaab0000, 0x00000007ffd30000, 0x0000000800000000)
  eden space 338304K, 0% used [0x00000007eaab0000,0x00000007eaab0000,0x00000007ff510000)
  from space 4160K, 0% used [0x00000007ff510000,0x00000007ff510000,0x00000007ff920000)
  to   space 4160K, 0% used [0x00000007ff920000,0x00000007ff920000,0x00000007ffd30000)
 ParOldGen       total 87424K, used 40836K [0x00000007c0000000, 0x00000007c5560000, 0x00000007eaab0000)
  object space 87424K, 46% used [0x00000007c0000000,0x00000007c27e1190,0x00000007c5560000)
 PSPermGen       total 49216K, used 49128K [0x00000007bae00000, 0x00000007bde10000, 0x00000007c0000000)
  object space 49216K, 99% used [0x00000007bae00000,0x00000007bddfa2f0,0x00000007bde10000)
}

Deoptimization events (10 events):
Event: 2778.802 Thread 0x0000000100833800 Uncommon trap -34 fr.pc 0x000000010675a5d8
Event: 2780.583 Thread 0x0000000100833800 Uncommon trap -34 fr.pc 0x000000010675a5d8
Event: 2780.585 Thread 0x0000000100833800 Uncommon trap -34 fr.pc 0x000000010675a5d8
Event: 2780.733 Thread 0x0000000100833800 Uncommon trap -83 fr.pc 0x0000000106734190
Event: 2965.877 Thread 0x0000000104851800 Uncommon trap -83 fr.pc 0x0000000106348100
Event: 2965.927 Thread 0x0000000100833800 Uncommon trap -34 fr.pc 0x0000000106762b44
Event: 2965.928 Thread 0x0000000100833800 Uncommon trap -34 fr.pc 0x0000000106762b44
Event: 3001.013 Thread 0x000000010193e000 Uncommon trap -42 fr.pc 0x000000010675d9a0
Event: 3116.954 Thread 0x0000000100833800 Uncommon trap -83 fr.pc 0x0000000106827be4
Event: 3418.758 Thread 0x00000001160f8800 Uncommon trap -34 fr.pc 0x0000000106804348

Internal exceptions (10 events):
Event: 3472.553 Thread 0x0000000104851800 Threw 0x00000007ec580420 at /HUDSON/workspace/jdk7u25-2-build-macosx-amd64-product/jdk7u25/hotspot/src/share/vm/prims/nativeLookup.
Event: 3472.612 Thread 0x0000000100833800 Threw 0x00000007ed3d2728 at /HUDSON/workspace/jdk7u25-2-build-macosx-amd64-product/jdk7u25/hotspot/src/share/vm/prims/nativeLookup.
Event: 3472.612 Thread 0x0000000100833800 Threw 0x00000007ed3d30c8 at /HUDSON/workspace/jdk7u25-2-build-macosx-amd64-product/jdk7u25/hotspot/src/share/vm/prims/nativeLookup.
Event: 3472.963 Thread 0x0000000116d93800 Threw 0x00000007ee9c39a0 at /HUDSON/workspace/jdk7u25-2-build-macosx-amd64-product/jdk7u25/hotspot/src/share/vm/prims/nativeLookup.
Event: 3473.646 Thread 0x0000000104851800 Threw 0x00000007ec581bd0 at /HUDSON/workspace/jdk7u25-2-build-macosx-amd64-product/jdk7u25/hotspot/src/share/vm/prims/nativeLookup.
Event: 3473.656 Thread 0x0000000100833800 Threw 0x00000007ee8927c8 at /HUDSON/workspace/jdk7u25-2-build-macosx-amd64-product/jdk7u25/hotspot/src/share/vm/prims/nativeLookup.
Event: 3473.656 Thread 0x0000000100833800 Threw 0x00000007ee893168 at /HUDSON/workspace/jdk7u25-2-build-macosx-amd64-product/jdk7u25/hotspot/src/share/vm/prims/nativeLookup.
Event: 3474.782 Thread 0x0000000101d04000 Threw 0x00000007ee9d2098 at /HUDSON/workspace/jdk7u25-2-build-macosx-amd64-product/jdk7u25/hotspot/src/share/vm/prims/nativeLookup.
Event: 3474.783 Thread 0x0000000101d04000 Threw 0x00000007ee9d2e58 at /HUDSON/workspace/jdk7u25-2-build-macosx-amd64-product/jdk7u25/hotspot/src/share/vm/prims/nativeLookup.
Event: 3474.783 Thread 0x0000000101d04000 Threw 0x00000007ee9d3688 at /HUDSON/workspace/jdk7u25-2-build-macosx-amd64-product/jdk7u25/hotspot/src/share/vm/prims/nativeLookup.

Events (10 events):
Event: 3473.718 Executing VM operation: RevokeBias
Event: 3473.718 Executing VM operation: RevokeBias done
Event: 3475.551 Executing VM operation: RevokeBias
Event: 3475.551 Executing VM operation: RevokeBias done
Event: 3475.551 Thread 0x0000000112f91000 Thread exited: 0x0000000112f91000
Event: 3477.284 Thread 0x000000013f5b2000 Thread added: 0x000000013f5b2000
Event: 3477.321 Executing VM operation: RevokeBias
Event: 3477.321 Executing VM operation: RevokeBias done
Event: 3477.321 Thread 0x000000013f5b2000 Thread exited: 0x000000013f5b2000
Event: 3479.497 Thread 0x0000000104fb8800 Thread added: 0x0000000104fb8800


Dynamic libraries:
0x00000000098a0000 	/System/Library/Frameworks/Cocoa.framework/Versions/A/Cocoa
0x00000000098a0000 	/usr/lib/libSystem.B.dylib
0x00000000098a0000 	/System/Library/Frameworks/CoreServices.framework/Versions/A/CoreServices
0x00000000098a0000 	/usr/lib/libobjc.A.dylib
0x00000000098a0000 	/System/Library/Frameworks/CoreFoundation.framework/Versions/A/CoreFoundation
0x00000000098a0000 	/System/Library/Frameworks/AppKit.framework/Versions/C/AppKit
0x00000000098a0000 	/System/Library/Frameworks/ApplicationServices.framework/Versions/A/ApplicationServices
0x00000000098a0000 	/System/Library/Frameworks/Foundation.framework/Versions/C/Foundation
0x00000000098a0000 	/System/Library/Frameworks/CoreData.framework/Versions/A/CoreData
0x00000000098a0000 	/System/Library/PrivateFrameworks/RemoteViewServices.framework/Versions/A/RemoteViewServices
0x00000000098a0000 	/System/Library/PrivateFrameworks/UIFoundation.framework/Versions/A/UIFoundation
0x00000000098a0000 	/usr/lib/libScreenReader.dylib
0x00000000098a0000 	/System/Library/Frameworks/Accelerate.framework/Versions/A/Accelerate
0x00000000098a0000 	/System/Library/Frameworks/IOSurface.framework/Versions/A/IOSurface
0x00000000098a0000 	/System/Library/Frameworks/AudioToolbox.framework/Versions/A/AudioToolbox
0x00000000098a0000 	/System/Library/Frameworks/AudioUnit.framework/Versions/A/AudioUnit
0x00000000098a0000 	/System/Library/PrivateFrameworks/DataDetectorsCore.framework/Versions/A/DataDetectorsCore
0x00000000098a0000 	/System/Library/PrivateFrameworks/DesktopServicesPriv.framework/Versions/A/DesktopServicesPriv
0x00000000098a0000 	/System/Library/Frameworks/Carbon.framework/Versions/A/Frameworks/HIToolbox.framework/Versions/A/HIToolbox
0x00000000098a0000 	/System/Library/Frameworks/QuartzCore.framework/Versions/A/QuartzCore
0x00000000098a0000 	/System/Library/Frameworks/Security.framework/Versions/A/Security
0x00000000098a0000 	/System/Library/Frameworks/Carbon.framework/Versions/A/Frameworks/SpeechRecognition.framework/Versions/A/SpeechRecognition
0x00000000098a0000 	/usr/lib/libauto.dylib
0x00000000098a0000 	/usr/lib/libicucore.A.dylib
0x00000000098a0000 	/usr/lib/libxml2.2.dylib
0x00000000098a0000 	/usr/lib/libz.1.dylib
0x00000000098a0000 	/System/Library/PrivateFrameworks/CoreUI.framework/Versions/A/CoreUI
0x00000000098a0000 	/System/Library/Frameworks/CoreAudio.framework/Versions/A/CoreAudio
0x00000000098a0000 	/System/Library/Frameworks/DiskArbitration.framework/Versions/A/DiskArbitration
0x00000000098a0000 	/usr/lib/liblangid.dylib
0x00000000098a0000 	/System/Library/PrivateFrameworks/MultitouchSupport.framework/Versions/A/MultitouchSupport
0x00000000098a0000 	/System/Library/Frameworks/IOKit.framework/Versions/A/IOKit
0x00000000098a0000 	/usr/lib/libDiagnosticMessagesClient.dylib
0x00000000098a0000 	/System/Library/PrivateFrameworks/PerformanceAnalysis.framework/Versions/A/PerformanceAnalysis
0x00000000098a0000 	/System/Library/PrivateFrameworks/GenerationalStorage.framework/Versions/A/GenerationalStorage
0x00000000098a0000 	/System/Library/Frameworks/OpenGL.framework/Versions/A/OpenGL
0x00000000098a0000 	/System/Library/PrivateFrameworks/Sharing.framework/Versions/A/Sharing
0x00000000098a0000 	/System/Library/Frameworks/CoreGraphics.framework/Versions/A/CoreGraphics
0x00000000098a0000 	/System/Library/Frameworks/CoreImage.framework/Versions/A/CoreImage
0x00000000098a0000 	/System/Library/Frameworks/CoreText.framework/Versions/A/CoreText
0x00000000098a0000 	/System/Library/Frameworks/ImageIO.framework/Versions/A/ImageIO
0x00000000098a0000 	/System/Library/PrivateFrameworks/Backup.framework/Versions/A/Backup
0x00000000098a0000 	/usr/lib/libextension.dylib
0x00000000098a0000 	/usr/lib/libarchive.2.dylib
0x00000000098a0000 	/System/Library/Frameworks/CFNetwork.framework/Versions/A/CFNetwork
0x00000000098a0000 	/System/Library/Frameworks/SystemConfiguration.framework/Versions/A/SystemConfiguration
0x00000000098a0000 	/usr/lib/libCRFSuite.dylib
0x00000000098a0000 	/usr/lib/libc++.1.dylib
0x00000000098a0000 	/usr/lib/libc++abi.dylib
0x00000000098a0000 	/usr/lib/system/libcache.dylib
0x00000000098a0000 	/usr/lib/system/libcommonCrypto.dylib
0x00000000098a0000 	/usr/lib/system/libcompiler_rt.dylib
0x00000000098a0000 	/usr/lib/system/libcopyfile.dylib
0x00000000098a0000 	/usr/lib/system/libcorecrypto.dylib
0x00000000098a0000 	/usr/lib/system/libdispatch.dylib
0x00000000098a0000 	/usr/lib/system/libdyld.dylib
0x00000000098a0000 	/usr/lib/system/libkeymgr.dylib
0x00000000098a0000 	/usr/lib/system/liblaunch.dylib
0x00000000098a0000 	/usr/lib/system/libmacho.dylib
0x00000000098a0000 	/usr/lib/system/libquarantine.dylib
0x00000000098a0000 	/usr/lib/system/libremovefile.dylib
0x00000000098a0000 	/usr/lib/system/libsystem_asl.dylib
0x00000000098a0000 	/usr/lib/system/libsystem_blocks.dylib
0x00000000098a0000 	/usr/lib/system/libsystem_c.dylib
0x00000000098a0000 	/usr/lib/system/libsystem_configuration.dylib
0x00000000098a0000 	/usr/lib/system/libsystem_coreservices.dylib
0x00000000098a0000 	/usr/lib/system/libsystem_coretls.dylib
0x00000000098a0000 	/usr/lib/system/libsystem_dnssd.dylib
0x00000000098a0000 	/usr/lib/system/libsystem_info.dylib
0x00000000098a0000 	/usr/lib/system/libsystem_kernel.dylib
0x00000000098a0000 	/usr/lib/system/libsystem_m.dylib
0x00000000098a0000 	/usr/lib/system/libsystem_malloc.dylib
0x00000000098a0000 	/usr/lib/system/libsystem_network.dylib
0x00000000098a0000 	/usr/lib/system/libsystem_networkextension.dylib
0x00000000098a0000 	/usr/lib/system/libsystem_notify.dylib
0x00000000098a0000 	/usr/lib/system/libsystem_platform.dylib
0x00000000098a0000 	/usr/lib/system/libsystem_pthread.dylib
0x00000000098a0000 	/usr/lib/system/libsystem_sandbox.dylib
0x00000000098a0000 	/usr/lib/system/libsystem_secinit.dylib
0x00000000098a0000 	/usr/lib/system/libsystem_trace.dylib
0x00000000098a0000 	/usr/lib/system/libunc.dylib
0x00000000098a0000 	/usr/lib/system/libunwind.dylib
0x00000000098a0000 	/usr/lib/system/libxpc.dylib
0x00000000098a0000 	/usr/lib/libenergytrace.dylib
0x00000000098a0000 	/usr/lib/libbsm.0.dylib
0x00000000098a0000 	/usr/lib/system/libkxld.dylib
0x00000000098a0000 	/usr/lib/libxar.1.dylib
0x00000000098a0000 	/usr/lib/libsqlite3.dylib
0x00000000098a0000 	/usr/lib/libpam.2.dylib
0x00000000098a0000 	/usr/lib/libOpenScriptingUtil.dylib
0x00000000098a0000 	/usr/lib/libbz2.1.0.dylib
0x00000000098a0000 	/usr/lib/liblzma.5.dylib
0x00000000098a0000 	/System/Library/Frameworks/CoreServices.framework/Versions/A/Frameworks/FSEvents.framework/Versions/A/FSEvents
0x00000000098a0000 	/System/Library/Frameworks/CoreServices.framework/Versions/A/Frameworks/CarbonCore.framework/Versions/A/CarbonCore
0x00000000098a0000 	/System/Library/Frameworks/CoreServices.framework/Versions/A/Frameworks/Metadata.framework/Versions/A/Metadata
0x00000000098a0000 	/System/Library/Frameworks/CoreServices.framework/Versions/A/Frameworks/OSServices.framework/Versions/A/OSServices
0x00000000098a0000 	/System/Library/Frameworks/CoreServices.framework/Versions/A/Frameworks/SearchKit.framework/Versions/A/SearchKit
0x00000000098a0000 	/System/Library/Frameworks/CoreServices.framework/Versions/A/Frameworks/AE.framework/Versions/A/AE
0x00000000098a0000 	/System/Library/Frameworks/CoreServices.framework/Versions/A/Frameworks/LaunchServices.framework/Versions/A/LaunchServices
0x00000000098a0000 	/System/Library/Frameworks/CoreServices.framework/Versions/A/Frameworks/DictionaryServices.framework/Versions/A/DictionaryServices
0x00000000098a0000 	/System/Library/Frameworks/CoreServices.framework/Versions/A/Frameworks/SharedFileList.framework/Versions/A/SharedFileList
0x00000000098a0000 	/System/Library/Frameworks/NetFS.framework/Versions/A/NetFS
0x00000000098a0000 	/System/Library/PrivateFrameworks/NetAuth.framework/Versions/A/NetAuth
0x00000000098a0000 	/System/Library/PrivateFrameworks/login.framework/Versions/A/Frameworks/loginsupport.framework/Versions/A/loginsupport
0x00000000098a0000 	/System/Library/PrivateFrameworks/TCC.framework/Versions/A/TCC
0x00000000098a0000 	/usr/lib/libmecabra.dylib
0x00000000098a0000 	/System/Library/Frameworks/ApplicationServices.framework/Versions/A/Frameworks/ATS.framework/Versions/A/ATS
0x00000000098a0000 	/System/Library/Frameworks/ApplicationServices.framework/Versions/A/Frameworks/ColorSync.framework/Versions/A/ColorSync
0x00000000098a0000 	/System/Library/Frameworks/ApplicationServices.framework/Versions/A/Frameworks/HIServices.framework/Versions/A/HIServices
0x00000000098a0000 	/System/Library/Frameworks/ApplicationServices.framework/Versions/A/Frameworks/LangAnalysis.framework/Versions/A/LangAnalysis
0x00000000098a0000 	/System/Library/Frameworks/ApplicationServices.framework/Versions/A/Frameworks/PrintCore.framework/Versions/A/PrintCore
0x00000000098a0000 	/System/Library/Frameworks/ApplicationServices.framework/Versions/A/Frameworks/QD.framework/Versions/A/QD
0x00000000098a0000 	/System/Library/Frameworks/ApplicationServices.framework/Versions/A/Frameworks/SpeechSynthesis.framework/Versions/A/SpeechSynthesis
0x00000000098a0000 	/System/Library/Frameworks/Metal.framework/Versions/A/Metal
0x00000000098a0000 	/System/Library/Frameworks/Accelerate.framework/Versions/A/Frameworks/vImage.framework/Versions/A/vImage
0x00000000098a0000 	/System/Library/Frameworks/Accelerate.framework/Versions/A/Frameworks/vecLib.framework/Versions/A/vecLib
0x00000000098a0000 	/System/Library/Frameworks/Accelerate.framework/Versions/A/Frameworks/vecLib.framework/Versions/A/libvDSP.dylib
0x00000000098a0000 	/System/Library/Frameworks/Accelerate.framework/Versions/A/Frameworks/vecLib.framework/Versions/A/libvMisc.dylib
0x00000000098a0000 	/System/Library/Frameworks/Accelerate.framework/Versions/A/Frameworks/vecLib.framework/Versions/A/libLAPACK.dylib
0x00000000098a0000 	/System/Library/Frameworks/Accelerate.framework/Versions/A/Frameworks/vecLib.framework/Versions/A/libBLAS.dylib
0x00000000098a0000 	/System/Library/Frameworks/Accelerate.framework/Versions/A/Frameworks/vecLib.framework/Versions/A/libLinearAlgebra.dylib
0x00000000098a0000 	/System/Library/Frameworks/Accelerate.framework/Versions/A/Frameworks/vecLib.framework/Versions/A/libSparseBLAS.dylib
0x00000000098a0000 	/System/Library/PrivateFrameworks/GPUCompiler.framework/libmetal_timestamp.dylib
0x00000000098a0000 	/System/Library/Frameworks/OpenGL.framework/Versions/A/Libraries/libCoreFSCache.dylib
0x00000000098a0000 	/System/Library/PrivateFrameworks/IOAccelerator.framework/Versions/A/IOAccelerator
0x00000000098a0000 	/System/Library/Frameworks/ApplicationServices.framework/Versions/A/Frameworks/ATS.framework/Versions/A/Resources/libFontParser.dylib
0x00000000098a0000 	/System/Library/Frameworks/ApplicationServices.framework/Versions/A/Frameworks/ATS.framework/Versions/A/Resources/libFontRegistry.dylib
0x00000000098a0000 	/System/Library/PrivateFrameworks/AppleVPA.framework/Versions/A/AppleVPA
0x00000000098a0000 	/System/Library/PrivateFrameworks/AppleJPEG.framework/Versions/A/AppleJPEG
0x00000000098a0000 	/System/Library/Frameworks/ImageIO.framework/Versions/A/Resources/libJPEG.dylib
0x00000000098a0000 	/System/Library/Frameworks/ImageIO.framework/Versions/A/Resources/libTIFF.dylib
0x00000000098a0000 	/System/Library/Frameworks/ImageIO.framework/Versions/A/Resources/libPng.dylib
0x00000000098a0000 	/System/Library/Frameworks/ImageIO.framework/Versions/A/Resources/libGIF.dylib
0x00000000098a0000 	/System/Library/Frameworks/ImageIO.framework/Versions/A/Resources/libJP2.dylib
0x00000000098a0000 	/System/Library/Frameworks/ImageIO.framework/Versions/A/Resources/libRadiance.dylib
0x00000000098a0000 	/System/Library/Frameworks/CoreVideo.framework/Versions/A/CoreVideo
0x00000000098a0000 	/System/Library/Frameworks/OpenGL.framework/Versions/A/Libraries/libGLU.dylib
0x00000000098a0000 	/System/Library/Frameworks/OpenGL.framework/Versions/A/Libraries/libGFXShared.dylib
0x00000000098a0000 	/System/Library/Frameworks/OpenGL.framework/Versions/A/Libraries/libGL.dylib
0x00000000098a0000 	/System/Library/Frameworks/OpenGL.framework/Versions/A/Libraries/libGLImage.dylib
0x00000000098a0000 	/System/Library/Frameworks/OpenGL.framework/Versions/A/Libraries/libCVMSPluginSupport.dylib
0x00000000098a0000 	/System/Library/Frameworks/OpenGL.framework/Versions/A/Libraries/libCoreVMClient.dylib
0x00000000098a0000 	/usr/lib/libcups.2.dylib
0x00000000098a0000 	/System/Library/Frameworks/Kerberos.framework/Versions/A/Kerberos
0x00000000098a0000 	/System/Library/Frameworks/GSS.framework/Versions/A/GSS
0x00000000098a0000 	/usr/lib/libresolv.9.dylib
0x00000000098a0000 	/usr/lib/libiconv.2.dylib
0x00000000098a0000 	/System/Library/PrivateFrameworks/Heimdal.framework/Versions/A/Heimdal
0x00000000098a0000 	/usr/lib/libheimdal-asn1.dylib
0x00000000098a0000 	/System/Library/Frameworks/OpenDirectory.framework/Versions/A/OpenDirectory
0x00000000098a0000 	/System/Library/PrivateFrameworks/CommonAuth.framework/Versions/A/CommonAuth
0x00000000098a0000 	/System/Library/Frameworks/OpenDirectory.framework/Versions/A/Frameworks/CFOpenDirectory.framework/Versions/A/CFOpenDirectory
0x00000000098a0000 	/System/Library/Frameworks/SecurityFoundation.framework/Versions/A/SecurityFoundation
0x00000000098a0000 	/System/Library/PrivateFrameworks/LanguageModeling.framework/Versions/A/LanguageModeling
0x00000000098a0000 	/usr/lib/libmarisa.dylib
0x00000000098a0000 	/usr/lib/libChineseTokenizer.dylib
0x00000000098a0000 	/usr/lib/libcmph.dylib
0x00000000098a0000 	/usr/lib/libcompression.dylib
0x00000000098a0000 	/System/Library/Frameworks/ServiceManagement.framework/Versions/A/ServiceManagement
0x00000000098a0000 	/usr/lib/libxslt.1.dylib
0x00000000098a0000 	/System/Library/Frameworks/Carbon.framework/Versions/A/Frameworks/Ink.framework/Versions/A/Ink
0x00000000098a0000 	/usr/lib/libFosl_dynamic.dylib
0x00000000098a0000 	/System/Library/PrivateFrameworks/FaceCore.framework/Versions/A/FaceCore
0x00000000098a0000 	/System/Library/Frameworks/OpenCL.framework/Versions/A/OpenCL
0x00000000098a0000 	/System/Library/PrivateFrameworks/CrashReporterSupport.framework/Versions/A/CrashReporterSupport
0x00000000098a0000 	/System/Library/PrivateFrameworks/IconServices.framework/Versions/A/IconServices
0x00000000098a0000 	/System/Library/PrivateFrameworks/Apple80211.framework/Versions/A/Apple80211
0x00000000098a0000 	/System/Library/Frameworks/CoreWLAN.framework/Versions/A/CoreWLAN
0x00000000098a0000 	/System/Library/Frameworks/IOBluetooth.framework/Versions/A/IOBluetooth
0x00000000098a0000 	/System/Library/PrivateFrameworks/CoreWiFi.framework/Versions/A/CoreWiFi
0x00000000098a0000 	/System/Library/Frameworks/CoreBluetooth.framework/Versions/A/CoreBluetooth
0x00000000098a0000 	/System/Library/PrivateFrameworks/ChunkingLibrary.framework/Versions/A/ChunkingLibrary
0x00000000098a0000 	/System/Library/PrivateFrameworks/DebugSymbols.framework/Versions/A/DebugSymbols
0x00000000098a0000 	/System/Library/PrivateFrameworks/CoreSymbolication.framework/Versions/A/CoreSymbolication
0x00000000098a0000 	/System/Library/PrivateFrameworks/Symbolication.framework/Versions/A/Symbolication
0x00000000098a0000 	/System/Library/PrivateFrameworks/SpeechRecognitionCore.framework/Versions/A/SpeechRecognitionCore
0x00000001000b8000 	/Applications/exelis/idl85/idlde/plugins/org.eclipse.equinox.launcher.cocoa.macosx.x86_64_1.1.101.v20120109-1504/eclipse_1408.so
0x00000000098a0000 	/System/Library/PrivateFrameworks/CoreServicesInternal.framework/Versions/A/CoreServicesInternal
0x0000000105749000 	/Applications/exelis/idl85/idlde/bin.darwin.x86_64/jre/lib/server/libjvm.dylib
0x00000000098a0000 	/usr/lib/libstdc++.6.dylib
0x0000000100714000 	/Applications/exelis/idl85/idlde/bin.darwin.x86_64/jre/lib/libverify.dylib
0x0000000100721000 	/Applications/exelis/idl85/idlde/bin.darwin.x86_64/jre/lib/libjava.dylib
0x000000010075a000 	/Applications/exelis/idl85/idlde/bin.darwin.x86_64/jre/lib/libzip.dylib
0x000000010d020000 	/System/Library/Frameworks/JavaVM.framework/Frameworks/JavaRuntimeSupport.framework/JavaRuntimeSupport
0x00000001047eb000 	/System/Library/Frameworks/JavaVM.framework/Versions/A/Frameworks/JavaNativeFoundation.framework/Versions/A/JavaNativeFoundation
0x00000001007ec000 	/System/Library/Frameworks/JavaVM.framework/Versions/A/JavaVM
0x00000000098a0000 	/System/Library/Frameworks/Carbon.framework/Versions/A/Carbon
0x000000010d03b000 	/System/Library/PrivateFrameworks/JavaLaunching.framework/Versions/A/JavaLaunching
0x00000000098a0000 	/System/Library/Frameworks/Carbon.framework/Versions/A/Frameworks/CommonPanels.framework/Versions/A/CommonPanels
0x00000000098a0000 	/System/Library/Frameworks/Carbon.framework/Versions/A/Frameworks/Help.framework/Versions/A/Help
0x00000000098a0000 	/System/Library/Frameworks/Carbon.framework/Versions/A/Frameworks/ImageCapture.framework/Versions/A/ImageCapture
0x00000000098a0000 	/System/Library/Frameworks/Carbon.framework/Versions/A/Frameworks/OpenScripting.framework/Versions/A/OpenScripting
0x00000000098a0000 	/System/Library/Frameworks/Carbon.framework/Versions/A/Frameworks/Print.framework/Versions/A/Print
0x00000000098a0000 	/System/Library/Frameworks/Carbon.framework/Versions/A/Frameworks/SecurityHI.framework/Versions/A/SecurityHI
0x00000000098a0000 	/System/Library/CoreServices/RawCamera.bundle/Contents/MacOS/RawCamera
0x00000000098a0000 	/System/Library/PrivateFrameworks/FamilyControls.framework/Versions/A/FamilyControls
0x00000000098a0000 	/System/Library/PrivateFrameworks/CommerceKit.framework/Versions/A/Frameworks/CommerceCore.framework/Versions/A/CommerceCore
0x00000000098a0000 	/System/Library/PrivateFrameworks/SystemAdministration.framework/Versions/A/SystemAdministration
0x00000000098a0000 	/System/Library/PrivateFrameworks/AppContainer.framework/Versions/A/AppContainer
0x00000000098a0000 	/System/Library/PrivateFrameworks/SecCodeWrapper.framework/Versions/A/SecCodeWrapper
0x00000000098a0000 	/System/Library/Frameworks/DirectoryService.framework/Versions/A/DirectoryService
0x00000000098a0000 	/System/Library/PrivateFrameworks/DiskImages.framework/Versions/A/DiskImages
0x00000000098a0000 	/System/Library/PrivateFrameworks/LoginUIKit.framework/Versions/A/Frameworks/LoginUICore.framework/Versions/A/LoginUICore
0x00000000098a0000 	/usr/lib/libCoreStorage.dylib
0x00000000098a0000 	/usr/lib/libcsfde.dylib
0x00000000098a0000 	/usr/lib/libodfde.dylib
0x00000000098a0000 	/System/Library/Frameworks/DiscRecording.framework/Versions/A/DiscRecording
0x000000010e18e000 	/Applications/exelis/idl85/bin/bin.darwin.x86_64/libcurl.4.dylib
0x00000000098a0000 	/System/Library/PrivateFrameworks/MediaKit.framework/Versions/A/MediaKit
0x00000000098a0000 	/System/Library/PrivateFrameworks/ProtectedCloudStorage.framework/Versions/A/ProtectedCloudStorage
0x00000000098a0000 	/System/Library/PrivateFrameworks/EFILogin.framework/Versions/A/EFILogin
0x00000000098a0000 	/usr/lib/libutil.dylib
0x00000000098a0000 	/System/Library/PrivateFrameworks/FindMyDevice.framework/Versions/A/FindMyDevice
0x00000000098a0000 	/System/Library/Frameworks/CoreGraphics.framework/Versions/A/Resources/libRIP.A.dylib
0x00000000098a0000 	/System/Library/Frameworks/Accelerate.framework/Versions/A/Frameworks/vImage.framework/Versions/A/Libraries/libCGInterfaces.dylib
0x00000000098a0000 	/System/Library/Frameworks/CoreGraphics.framework/Versions/A/Resources/libCGXType.A.dylib
0x00000000098a0000 	/System/Library/Frameworks/OpenCL.framework/Versions/A/Libraries/libcldcpuengine.dylib
0x000000010f68f000 	cl_kernels
0x00000000098a0000 	/System/Library/Frameworks/OpenCL.framework/Versions/A/Libraries/ImageFormats/unorm8_bgra.dylib
0x00000000098a0000 	/System/Library/Frameworks/OpenCL.framework/Versions/A/Libraries/ImageFormats/unorm8_rgba.dylib
0x000000010f881000 	/Applications/exelis/idl85/idlde/bin.darwin.x86_64/jre/lib/libnet.dylib
0x000000010f8de000 	/Applications/exelis/idl85/idlde/bin.darwin.x86_64/jre/lib/libnio.dylib
0x000000010f619000 	/Users/spencerfaber/.swt/lib/macosx/x86_64/libswt-cocoa-3740.jnilib
0x00000000098a0000 	/System/Library/Frameworks/WebKit.framework/Versions/A/WebKit
0x00000000098a0000 	/System/Library/Frameworks/JavaScriptCore.framework/Versions/A/JavaScriptCore
0x00000000098a0000 	/System/Library/Frameworks/SecurityInterface.framework/Versions/A/SecurityInterface
0x00000000098a0000 	/System/Library/Frameworks/WebKit.framework/Versions/A/Frameworks/WebKitLegacy.framework/Versions/A/WebKitLegacy
0x00000000098a0000 	/System/Library/Frameworks/WebKit.framework/Versions/A/Frameworks/WebCore.framework/Versions/A/WebCore
0x000000010f8ed000 	/Users/spencerfaber/.swt/lib/macosx/x86_64/libswt-pi-cocoa-3740.jnilib
0x0000000110122000 	/Applications/exelis/idl85/bin/bin.darwin.x86_64/libidl_ips.8.5.dylib
0x00000001105b7000 	/Applications/exelis/idl85/bin/bin.darwin.x86_64/libidl.8.5.dylib
0x0000000111144000 	/opt/X11/lib/libfreetype.6.dylib
0x000000010fc00000 	/Applications/exelis/idl85/bin/bin.darwin.x86_64/libMesaGLU6_2.dylib
0x00000001111da000 	/Applications/exelis/idl85/bin/bin.darwin.x86_64/libMesaGL6_2.dylib
0x000000010f945000 	/Applications/exelis/idl85/bin/bin.darwin.x86_64/libOSMesa6_2.dylib
0x000000010f94f000 	/opt/X11/lib/libXp.6.dylib
0x000000011141c000 	/Applications/exelis/idl85/bin/bin.darwin.x86_64/libXm.3.0.2.dylib
0x000000010fc2a000 	/opt/X11/lib/libXpm.4.dylib
0x000000010fcc3000 	/opt/X11/lib/libXmu.6.dylib
0x000000010fc3d000 	/opt/X11/lib/libXext.6.dylib
0x000000011182b000 	/opt/X11/lib/libXt.6.dylib
0x000000010fca5000 	/opt/X11/lib/libXinerama.1.dylib
0x000000010fcab000 	/opt/X11/lib/libSM.6.dylib
0x0000000110264000 	/opt/X11/lib/libICE.6.dylib
0x0000000111889000 	/opt/X11/lib/libX11.6.dylib
0x00000001119ba000 	/opt/X11/lib/libxcb.1.dylib
0x000000010fcde000 	/opt/X11/lib/libXau.6.dylib
0x000000010fce8000 	/opt/X11/lib/libXdmcp.6.dylib
0x00000001119e1000 	/Applications/exelis/idl85/bin/bin.darwin.x86_64/gl_driver.so
0x0000000111a31000 	/opt/X11/lib/libGL.1.dylib
0x000000010f393000 	/opt/X11/lib/libXplugin.1.dylib
0x000000010f3ab000 	/opt/X11/lib/libX11-xcb.1.dylib
0x00000000098a0000 	/System/Library/PrivateFrameworks/CloudDocs.framework/Versions/A/CloudDocs
0x00000000098a0000 	/System/Library/PrivateFrameworks/CoreDuet.framework/Versions/A/CoreDuet
0x00000000098a0000 	/System/Library/Frameworks/CloudKit.framework/Versions/A/CloudKit
0x00000000098a0000 	/System/Library/PrivateFrameworks/ProtocolBuffer.framework/Versions/A/ProtocolBuffer
0x00000000098a0000 	/System/Library/PrivateFrameworks/CoreDuetDaemonProtocol.framework/Versions/A/CoreDuetDaemonProtocol
0x00000000098a0000 	/System/Library/PrivateFrameworks/CoreDuetDebugLogging.framework/Versions/A/CoreDuetDebugLogging
0x00000000098a0000 	/System/Library/PrivateFrameworks/MMCS.framework/Versions/A/MMCS
0x00000000098a0000 	/System/Library/Frameworks/CoreLocation.framework/Versions/A/CoreLocation
0x00000000098a0000 	/System/Library/PrivateFrameworks/AssetCacheServices.framework/Versions/A/AssetCacheServices
0x00000000098a0000 	/System/Library/PrivateFrameworks/GeoServices.framework/Versions/A/GeoServices
0x00000000098a0000 	/System/Library/Frameworks/CoreGraphics.framework/Versions/A/Resources/libCGXCoreImage.A.dylib
0x000000010e3ed000 	cl_kernels
0x0000000112000000 	/System/Library/Extensions/AppleIntelBDWGraphicsMTLDriver.bundle/Contents/MacOS/AppleIntelBDWGraphicsMTLDriver
0x00000000098a0000 	/System/Library/Frameworks/OpenGL.framework/Versions/A/Resources/GLEngine.bundle/GLEngine
0x00000000098a0000 	/System/Library/Frameworks/OpenGL.framework/Versions/A/Libraries/libGLProgrammability.dylib
0x0000000119000000 	/System/Library/Extensions/AppleIntelBDWGraphicsGLDriver.bundle/Contents/MacOS/AppleIntelBDWGraphicsGLDriver
0x00000000098a0000 	/System/Library/PrivateFrameworks/GPUSupport.framework/Versions/A/Libraries/libGPUSupportMercury.dylib
0x00000000098a0000 	/System/Library/Frameworks/OpenGL.framework/Versions/A/Resources/GLRendererFloat.bundle/GLRendererFloat
0x000000010e689000 	cl_kernels
0x0000000114a3a000 	/Applications/exelis/idl85/bin/bin.darwin.x86_64/idl_netcdf.so
0x000000010fe12000 	cl_kernels
0x00000000098a0000 	/System/Library/PrivateFrameworks/Shortcut.framework/Versions/A/Shortcut
0x00000000098a0000 	/System/Library/PrivateFrameworks/HelpData.framework/Versions/A/HelpData
0x00000000098a0000 	/usr/lib/libtidy.A.dylib
0x00000000098a0000 	/System/Library/PrivateFrameworks/DataDetectors.framework/Versions/A/DataDetectors
0x00000000098a0000 	/System/Library/Frameworks/AddressBook.framework/Versions/A/AddressBook
0x00000000098a0000 	/System/Library/Frameworks/Quartz.framework/Versions/A/Quartz
0x00000000098a0000 	/System/Library/PrivateFrameworks/ContactsPersistence.framework/Versions/A/ContactsPersistence
0x00000000098a0000 	/System/Library/PrivateFrameworks/ContactsFoundation.framework/Versions/A/ContactsFoundation
0x00000000098a0000 	/System/Library/PrivateFrameworks/vCard.framework/Versions/A/vCard
0x00000000098a0000 	/System/Library/PrivateFrameworks/IntlPreferences.framework/Versions/A/IntlPreferences
0x00000000098a0000 	/System/Library/PrivateFrameworks/ToneLibrary.framework/Versions/A/ToneLibrary
0x00000000098a0000 	/System/Library/PrivateFrameworks/ToneKit.framework/Versions/A/ToneKit
0x00000000098a0000 	/System/Library/PrivateFrameworks/ApplePushService.framework/Versions/A/ApplePushService
0x00000000098a0000 	/System/Library/PrivateFrameworks/PhoneNumbers.framework/Versions/A/PhoneNumbers
0x00000000098a0000 	/System/Library/PrivateFrameworks/ViewBridge.framework/Versions/A/ViewBridge
0x00000000098a0000 	/System/Library/Frameworks/LDAP.framework/Versions/A/LDAP
0x00000000098a0000 	/System/Library/Frameworks/AVFoundation.framework/Versions/A/AVFoundation
0x00000000098a0000 	/System/Library/Frameworks/AVFoundation.framework/Versions/A/Resources/libAVFAudio.dylib
0x00000000098a0000 	/System/Library/Frameworks/CoreMedia.framework/Versions/A/CoreMedia
0x00000000098a0000 	/System/Library/Frameworks/MediaToolbox.framework/Versions/A/MediaToolbox
0x00000000098a0000 	/System/Library/Frameworks/VideoToolbox.framework/Versions/A/VideoToolbox
0x00000000098a0000 	/System/Library/Frameworks/CoreMediaIO.framework/Versions/A/CoreMediaIO
0x00000000098a0000 	/usr/lib/libspindump.dylib
0x00000000098a0000 	/System/Library/PrivateFrameworks/CoreAVCHD.framework/Versions/A/CoreAVCHD
0x00000000098a0000 	/System/Library/Frameworks/MediaAccessibility.framework/Versions/A/MediaAccessibility
0x00000000098a0000 	/System/Library/PrivateFrameworks/Mangrove.framework/Versions/A/Mangrove
0x00000000098a0000 	/System/Library/PrivateFrameworks/CoreAUC.framework/Versions/A/CoreAUC
0x00000000098a0000 	/System/Library/PrivateFrameworks/AppleVA.framework/Versions/A/AppleVA
0x00000000098a0000 	/System/Library/PrivateFrameworks/XPCService.framework/Versions/A/XPCService
0x00000000098a0000 	/System/Library/PrivateFrameworks/AppSandbox.framework/Versions/A/AppSandbox
0x00000000098a0000 	/usr/lib/libsandbox.1.dylib
0x00000000098a0000 	/usr/lib/libMatch.1.dylib
0x00000000098a0000 	/System/Library/PrivateFrameworks/CoreDaemon.framework/Versions/B/CoreDaemon
0x00000000098a0000 	/usr/lib/libcrypto.0.9.8.dylib
0x00000000098a0000 	/System/Library/PrivateFrameworks/AppleSRP.framework/Versions/A/AppleSRP
0x00000000098a0000 	/System/Library/PrivateFrameworks/TrustEvaluationAgent.framework/Versions/A/TrustEvaluationAgent
0x00000000098a0000 	/System/Library/Frameworks/Quartz.framework/Versions/A/Frameworks/QuartzComposer.framework/Versions/A/QuartzComposer
0x00000000098a0000 	/System/Library/Frameworks/Quartz.framework/Versions/A/Frameworks/PDFKit.framework/Versions/A/PDFKit
0x00000000098a0000 	/System/Library/Frameworks/Quartz.framework/Versions/A/Frameworks/QuartzFilters.framework/Versions/A/QuartzFilters
0x00000000098a0000 	/System/Library/Frameworks/Quartz.framework/Versions/A/Frameworks/ImageKit.framework/Versions/A/ImageKit
0x00000000098a0000 	/System/Library/Frameworks/Quartz.framework/Versions/A/Frameworks/QuickLookUI.framework/Versions/A/QuickLookUI
0x00000000098a0000 	/System/Library/Frameworks/QTKit.framework/Versions/A/QTKit
0x00000000098a0000 	/System/Library/PrivateFrameworks/AppleSystemInfo.framework/Versions/A/AppleSystemInfo
0x00000000098a0000 	/System/Library/PrivateFrameworks/CoreMediaAuthoring.framework/Versions/A/CoreMediaAuthoring
0x00000000098a0000 	/System/Library/PrivateFrameworks/CorePDF.framework/Versions/A/CorePDF
0x00000000098a0000 	/System/Library/Frameworks/QuickLook.framework/Versions/A/QuickLook
0x00000000098a0000 	/System/Library/PrivateFrameworks/DisplayServices.framework/Versions/A/DisplayServices
0x00000000098a0000 	/System/Library/Frameworks/ImageCaptureCore.framework/Versions/A/ImageCaptureCore
0x00000000098a0000 	/System/Library/PrivateFrameworks/SafariServices.framework/Versions/A/SafariServices
0x00000000098a0000 	/usr/lib/libsasl2.2.dylib

VM Arguments:
jvm_args: -Dosgi.instance.area.default=@user.home/IDLWorkspace -Dosgi.configuration.area=@user.home/.idl/idlworkbench-config-idl8.5.1_x86_64 -Dosgi.configuration.cascaded=true -Dosgi.checkConfiguration=true -Dosgi.sharedConfiguration.area.readOnly=true -Dorg.eclipse.update.reconcile=false -Declipse.p2.data.area=@config.dir/p2 -XstartOnFirstThread -Xdock:icon=../Resources/idlde.icns -Dorg.eclipse.swt.internal.carbon.smallFonts -Dosgi.sharedConfiguration.area=../../../configuration.darwin.x86_64 -Xms128m -Xmx1024m 
java_command: <unknown>
Launcher Type: generic

Environment Variables:
CLASSPATH=.:/Applications/exelis/idl85/resource/bridges/export/java/javaidlb.jar
PATH=/Applications/exelis/idl85/bin:/usr/bin:/bin:/usr/sbin:/sbin
LD_LIBRARY_PATH=/Applications/exelis/idl85/idlde/bin.darwin.x86_64/jre/lib/server:/Applications/exelis/idl85/idlde/bin.darwin.x86_64/jre/lib:
SHELL=/bin/bash
DISPLAY=/private/tmp/com.apple.launchd.aWwuNWH2aD/org.macports:0
DYLD_LIBRARY_PATH=/Applications/exelis/idl85/idlde/bin.darwin.x86_64:/Applications/exelis/idl85/bin/bin.darwin.x86_64
DYLD_FALLBACK_LIBRARY_PATH=/Applications/exelis/idl85/idlde/bin.darwin.x86_64/jre/lib/server:/Applications/exelis/idl85/idlde/bin.darwin.x86_64/jre/lib:

Signal Handlers:
SIGSEGV: [libjvm.dylib+0x4a820f], sa_mask[0]=0xfffefeff, sa_flags=0x00000042
SIGBUS: [libjvm.dylib+0x4a820f], sa_mask[0]=0xfffefeff, sa_flags=0x00000042
SIGFPE: [libjvm.dylib+0x3b7495], sa_mask[0]=0xfffefeff, sa_flags=0x00000042
SIGPIPE: SIG_IGN, sa_mask[0]=0x00000000, sa_flags=0x00000002
SIGXFSZ: [libjvm.dylib+0x3b7495], sa_mask[0]=0xfffefeff, sa_flags=0x00000042
SIGILL: [libjvm.dylib+0x3b7495], sa_mask[0]=0xfffefeff, sa_flags=0x00000042
SIGUSR1: SIG_DFL, sa_mask[0]=0x00000000, sa_flags=0x00000000
SIGUSR2: [libjvm.dylib+0x3b702e], sa_mask[0]=0x00000000, sa_flags=0x00000042
SIGHUP: [libjvm.dylib+0x3b528f], sa_mask[0]=0xfffefeff, sa_flags=0x00000042
SIGINT: [libidl.8.5.dylib+0x403a20], sa_mask[0]=0x00000000, sa_flags=0x00000002
SIGTERM: [libjvm.dylib+0x3b528f], sa_mask[0]=0xfffefeff, sa_flags=0x00000042
SIGQUIT: [libjvm.dylib+0x3b528f], sa_mask[0]=0xfffefeff, sa_flags=0x00000042


---------------  S Y S T E M  ---------------

OS:Bsduname:Darwin 15.3.0 Darwin Kernel Version 15.3.0: Thu Dec 10 18:40:58 PST 2015; root:xnu-3248.30.4~1/RELEASE_X86_64 x86_64
rlimit: STACK 8192k, CORE 0k, NPROC 709, NOFILE 10240, AS infinity
load average:1.72 1.51 1.50

CPU:total 4 (2 cores per cpu, 2 threads per core) family 6 model 61 stepping 4, cmov, cx8, fxsr, mmx, sse, sse2, sse3, ssse3, sse4.1, sse4.2, popcnt, avx, avx2, ht, tsc, tscinvbit

Memory: 4k page, physical 137434820172k(34358705043k free)

/proc/meminfo:


vm_info: Java HotSpot(TM) 64-Bit Server VM (23.25-b01) for bsd-amd64 JRE (1.7.0_25-b15), built on Jun  5 2013 22:26:36 by "java_re" with gcc 4.2.1 (Based on Apple Inc. build 5658) (LLVM build 2336.11.00)

time: Wed Mar 16 09:30:44 2016
elapsed time: 3479 seconds

