#
# A fatal error has been detected by the Java Runtime Environment:
#
#  SIGSEGV (0xb) at pc=0x000000011093a41c, pid=2326, tid=44035
#
# JRE version: 7.0_25-b15
# Java VM: Java HotSpot(TM) 64-Bit Server VM (23.25-b01 mixed mode bsd-amd64 compressed oops)
# Problematic frame:
# C  [libidl.8.5.dylib+0x3e741c]  no_name_var+0x15c
#
# Failed to write core dump. Core dumps have been disabled. To enable core dumping, try "ulimit -c unlimited" before starting Java again
#
# If you would like to submit a bug report, please visit:
#   http://bugreport.sun.com/bugreport/crash.jsp
# The crash happened outside the Java Virtual Machine in native code.
# See problematic frame for where to report the bug.
#

---------------  T H R E A D  ---------------

Current thread (0x0000000101a49000):  JavaThread "IDL" [_thread_in_native, id=44035, stack(0x00007000018e5000,0x00007000019e5000)]

siginfo:si_signo=SIGSEGV: si_errno=0, si_code=1 (SEGV_MAPERR), si_addr=0x0000000000000028

Registers:
RAX=0x0000000000000016, RBX=0x0000000110dce2e0, RCX=0x0000000000000000, RDX=0x0000000000000040
RSP=0x00007000019e2e70, RBP=0x00007000019e3020, RSI=0x0000000000000000, RDI=0x00007000019e2fc0
R8 =0x0000000110bdc5b2, R9 =0x0000000000000467, R10=0x00007fff826497ee, R11=0x0000000000000246
R12=0x0000000000000000, R13=0x00007000019e3d0a, R14=0x00007000019e3198, R15=0x00007000019e31a0
RIP=0x000000011093a41c, EFLAGS=0x0000000000010212, ERR=0x0000000000000004
  TRAPNO=0x000000000000000e

Top of Stack: (sp=0x00007000019e2e70)
0x00007000019e2e70:   0000000000000000 00007000019e3010
0x00007000019e2e80:   0000700000000000 0000000000000000
0x00007000019e2e90:   0000000000000000 00007fff71150070
0x00007000019e2ea0:   00007000019e2ec0 00007000019e3010
0x00007000019e2eb0:   0000000200000000 0000000000000000
0x00007000019e2ec0:   0000000000000001 0000000000000004
0x00007000019e2ed0:   00007000019e25f0 fffffe5600000000
0x00007000019e2ee0:   0000000000000000 0000000000000000
0x00007000019e2ef0:   ffffffffffffffff 00000000000000ff
0x00007000019e2f00:   0000000000000000 0000000000000000
0x00007000019e2f10:   00000060654dec3f 000000a05d75e93f
0x00007000019e2f20:   000000c026e7ec3f 000000e07efeed3f
0x00007000019e2f30:   0000000042080000 0000000000000000
0x00007000019e2f40:   40905800447d0000 0000000000000000
0x00007000019e2f50:   4041000000000000 0000000000000000
0x00007000019e2f60:   0000000110f9fc64 0000000000034170
0x00007000019e2f70:   0000000000000000 0000000000000001
0x00007000019e2f80:   0000000000000004 00007000019e25f0
0x00007000019e2f90:   000000000000000f 000000000000000a
0x00007000019e2fa0:   0000000010fa3230 00007000019e3070
0x00007000019e2fb0:   00007000019e2f20 0000000110dfa9f0
0x00007000019e2fc0:   00007000019e3140 0000000000000100
0x00007000019e2fd0:   00007000019e2fa0 0000000110878e58
0x00007000019e2fe0:   0000000000000000 0000037f00001f80
0x00007000019e2ff0:   0000000100000004 0000000000000004
0x00007000019e3000:   00007000019e3070 0000000110811eda
0x00007000019e3010:   0000000110dce2e0 e8006ff216755d37
0x00007000019e3020:   00007000019e30d0 0000000110939f32
0x00007000019e3030:   fffffe5600000002 e8006ff216755d37
0x00007000019e3040:   00007000019e3070 000000011083fcab
0x00007000019e3050:   0000000000000000 00007000019e3db8
0x00007000019e3060:   0000000000000008 0000000000000000 

Instructions: (pc=0x000000011093a41c)
0x000000011093a3fc:   40 00 00 00 00 00 00 00 b9 00 00 00 00 4c 8d 05
0x000000011093a40c:   a2 21 2a 00 48 8d 7d a0 48 8b 75 f0 48 8b 76 08
0x000000011093a41c:   4c 8b 4e 28 48 89 d6 48 89 95 68 ff ff ff 89 ca
0x000000011093a42c:   48 8b 8d 68 ff ff ff 48 89 85 60 ff ff ff b0 00 

Register to memory mapping:

RAX=0x0000000000000016 is an unknown value
RBX=0x0000000110dce2e0: alloc_temps.initial_tmps+0x1570 in /Applications/exelis/idl85/bin/bin.darwin.x86_64/libidl.8.5.dylib at 0x0000000110553000
RCX=0x0000000000000000 is an unknown value
RDX=0x0000000000000040 is an unknown value
RSP=0x00007000019e2e70 is pointing into the stack for thread: 0x0000000101a49000
RBP=0x00007000019e3020 is pointing into the stack for thread: 0x0000000101a49000
RSI=0x0000000000000000 is an unknown value
RDI=0x00007000019e2fc0 is pointing into the stack for thread: 0x0000000101a49000
R8 =0x0000000110bdc5b2: WriteTrailer+0x3a42 in /Applications/exelis/idl85/bin/bin.darwin.x86_64/libidl.8.5.dylib at 0x0000000110553000
R9 =0x0000000000000467 is an unknown value
R10=0x00007fff826497ee: sigprocmask+0xa in /usr/lib/system/libsystem_kernel.dylib at 0x00007fff82631000
R11=0x0000000000000246 is an unknown value
R12=0x0000000000000000 is an unknown value
R13=0x00007000019e3d0a is pointing into the stack for thread: 0x0000000101a49000
R14=0x00007000019e3198 is pointing into the stack for thread: 0x0000000101a49000
R15=0x00007000019e31a0 is pointing into the stack for thread: 0x0000000101a49000


Stack: [0x00007000018e5000,0x00007000019e5000],  sp=0x00007000019e2e70,  free space=1015k
Native frames: (J=compiled Java code, j=interpreted, Vv=VM code, C=native code)
C  [libidl.8.5.dylib+0x3e741c]  no_name_var+0x15c
C  [libidl.8.5.dylib+0x3e6f32]  IDL_VarNameInFrame+0x42
C  [libidl.8.5.dylib+0x3e7d3f]  IDL_VarName+0x1f
C  [libidl.8.5.dylib+0x41a0aa]  IDL_MessageVarError+0x2a
C  [libidl.8.5.dylib+0x41d552]  IDL_MessageVE_NOFILE+0x22
C  [libidl.8.5.dylib+0x2be752]  IDL_VarGetData+0x62
C  [libidl.8.5.dylib+0x2bf249]  IDL_Delvar+0x39
C  [libidl.8.5.dylib+0x2d57de]  IDL_Deltmp+0xe
C  [libidl.8.5.dylib+0x2d5fb5]  IDL_TempVarListHandler+0x65
C  [libidl.8.5.dylib+0x2e8ee7]  IDL_SRExec+0x717
C  [libidl.8.5.dylib+0x2e9ea2]  IDL_SRRestore+0xb2
C  [libidl.8.5.dylib+0x322de7]  interpreter+0x87d7
C  [libidl.8.5.dylib+0x444d9b]  IDL_Executive+0xebb
C  [libidl_ips.8.5.dylib+0x9604]  ips_main+0x284
C  [libidl_ips.8.5.dylib+0xa83c]  IPS_RunClient+0x3c
C  [libidl_ips.8.5.dylib+0x15543]  IPS_Start+0x13
C  [libidl_ips.8.5.dylib+0xb94]  Java_com_rsi_idldt_core_ips_IPS_1Access_IPS_1Start+0x204
j  com.rsi.idldt.core.ips.IPS_Access.IPS_Start([Ljava/lang/String;)V+0
j  com.rsi.idldt.core.ips.IPS_Manager$2.run()V+15
j  java.lang.Thread.run()V+11
v  ~StubRoutines::call_stub
V  [libjvm.dylib+0x28a5c3]
V  [libjvm.dylib+0x28aaa2]
V  [libjvm.dylib+0x28abdc]
V  [libjvm.dylib+0x2c1868]
V  [libjvm.dylib+0x47cbd8]
V  [libjvm.dylib+0x47e0ca]
V  [libjvm.dylib+0x3b95f9]
C  [libsystem_pthread.dylib+0x3c13]  _pthread_body+0x83
C  [libsystem_pthread.dylib+0x3b90]  _pthread_body+0x0
C  [libsystem_pthread.dylib+0x1375]  thread_start+0xd

Java frames: (J=compiled Java code, j=interpreted, Vv=VM code)
j  com.rsi.idldt.core.ips.IPS_Access.IPS_Start([Ljava/lang/String;)V+0
j  com.rsi.idldt.core.ips.IPS_Manager$2.run()V+15
j  java.lang.Thread.run()V+11
v  ~StubRoutines::call_stub

---------------  P R O C E S S  ---------------

Java Threads: ( => current thread )
  0x000000010174d000 JavaThread "Thread-300" [_thread_in_native, id=179375, stack(0x0000700002b24000,0x0000700002c24000)]
  0x0000000119c24000 JavaThread "Worker-27" [_thread_blocked, id=176159, stack(0x0000700002003000,0x0000700002103000)]
  0x0000000100a32800 JavaThread "Worker-26" [_thread_blocked, id=169363, stack(0x0000700001f00000,0x0000700002000000)]
  0x0000000100987800 JavaThread "Worker-25" [_thread_blocked, id=160583, stack(0x0000700001dfd000,0x0000700001efd000)]
  0x00000001009b2800 JavaThread "Worker-24" [_thread_blocked, id=175387, stack(0x0000700002106000,0x0000700002206000)]
  0x0000000119aa8000 JavaThread "Worker-20" [_thread_blocked, id=163079, stack(0x00007000016df000,0x00007000017df000)]
  0x000000011b1ba800 JavaThread "Worker-16" [_thread_blocked, id=116667, stack(0x0000700002209000,0x0000700002309000)]
  0x0000000119989000 JavaThread "[ThreadPool Manager] - Idle Thread" daemon [_thread_blocked, id=15119, stack(0x000070000019d000,0x000070000029d000)]
  0x0000000102d56000 JavaThread "Timer-2" daemon [_thread_blocked, id=65551, stack(0x0000700002a21000,0x0000700002b21000)]
  0x0000000101fd6800 JavaThread "Timer-1" daemon [_thread_blocked, id=64271, stack(0x000070000291e000,0x0000700002a1e000)]
  0x0000000100a2f800 JavaThread "Thread-11" [_thread_in_native, id=61187, stack(0x000070000281b000,0x000070000291b000)]
  0x0000000102ab7000 JavaThread "IDLDT DOM Worker-3" [_thread_blocked, id=59395, stack(0x0000700002718000,0x0000700002818000)]
  0x000000010282d800 JavaThread "IDLDT DOM Worker-2" [_thread_blocked, id=59139, stack(0x0000700002615000,0x0000700002715000)]
  0x0000000102d3a800 JavaThread "IDLDT DOM Worker-1" [_thread_blocked, id=58383, stack(0x0000700002512000,0x0000700002612000)]
  0x00000001131de000 JavaThread "IDLDT DOM Worker-0" [_thread_blocked, id=58651, stack(0x000070000240f000,0x000070000250f000)]
  0x00000001131dc800 JavaThread "Timer-0" daemon [_thread_blocked, id=58959, stack(0x000070000230c000,0x000070000240c000)]
=>0x0000000101a49000 JavaThread "IDL" [_thread_in_native, id=44035, stack(0x00007000018e5000,0x00007000019e5000)]
  0x00000001012ad000 JavaThread "IDLToJava Broker" daemon [_thread_blocked, id=43779, stack(0x00007000012d3000,0x00007000013d3000)]
  0x0000000101225000 JavaThread "Provisioning Event Dispatcher" daemon [_thread_blocked, id=41475, stack(0x00007000017e2000,0x00007000018e2000)]
  0x0000000101a51800 JavaThread "Bundle File Closer" daemon [_thread_blocked, id=40967, stack(0x00007000015dc000,0x00007000016dc000)]
  0x00000001028a5000 JavaThread "Worker-JM" [_thread_blocked, id=40707, stack(0x00007000014d9000,0x00007000015d9000)]
  0x000000010111e800 JavaThread "[Timer] - Main Queue Handler" daemon [_thread_blocked, id=40451, stack(0x00007000013d6000,0x00007000014d6000)]
  0x0000000101125000 JavaThread "Framework Event Dispatcher" daemon [_thread_blocked, id=39947, stack(0x00007000011d0000,0x00007000012d0000)]
  0x00000001019a7000 JavaThread "Start Level Event Dispatcher" daemon [_thread_blocked, id=39683, stack(0x00007000010cd000,0x00007000011cd000)]
  0x00000001018d1000 JavaThread "State Data Manager" daemon [_thread_blocked, id=39183, stack(0x0000700000fca000,0x00007000010ca000)]
  0x00000001018d0000 JavaThread "Framework Active Thread" [_thread_blocked, id=39431, stack(0x0000700000ec7000,0x0000700000fc7000)]
  0x0000000101830800 JavaThread "Service Thread" daemon [_thread_blocked, id=25347, stack(0x0000700000cc1000,0x0000700000dc1000)]
  0x0000000102850800 JavaThread "C2 CompilerThread1" daemon [_thread_blocked, id=25091, stack(0x0000700000bbe000,0x0000700000cbe000)]
  0x000000010104e800 JavaThread "C2 CompilerThread0" daemon [_thread_blocked, id=24835, stack(0x0000700000abb000,0x0000700000bbb000)]
  0x000000010104e000 JavaThread "Signal Dispatcher" daemon [_thread_blocked, id=24331, stack(0x00007000009b8000,0x0000700000ab8000)]
  0x0000000101047800 JavaThread "Finalizer" daemon [_thread_blocked, id=23811, stack(0x00007000008b5000,0x00007000009b5000)]
  0x0000000101046800 JavaThread "Reference Handler" daemon [_thread_blocked, id=23555, stack(0x00007000007b2000,0x00007000008b2000)]
  0x0000000100826800 JavaThread "main" [_thread_in_native, id=1295, stack(0x00007fff5f400000,0x00007fff5fc00000)]

Other Threads:
  0x0000000101044000 VMThread [stack: 0x00007000006af000,0x00007000007af000] [id=23299]
  0x0000000101817800 WatcherThread [stack: 0x0000700000dc4000,0x0000700000ec4000] [id=25603]

VM state:not at safepoint (normal execution)

VM Mutex/Monitor currently owned by a thread: None

Heap
 PSYoungGen      total 326016K, used 4336K [0x00000007eaab0000, 0x00000007ffd10000, 0x0000000800000000)
  eden space 325248K, 1% used [0x00000007eaab0000,0x00000007eaeec080,0x00000007fe850000)
  from space 768K, 0% used [0x00000007fe850000,0x00000007fe850000,0x00000007fe910000)
  to   space 10624K, 0% used [0x00000007ff2b0000,0x00000007ff2b0000,0x00000007ffd10000)
 ParOldGen       total 87424K, used 35413K [0x00000007c0000000, 0x00000007c5560000, 0x00000007eaab0000)
  object space 87424K, 40% used [0x00000007c0000000,0x00000007c2295688,0x00000007c5560000)
 PSPermGen       total 50688K, used 48636K [0x00000007bae00000, 0x00000007bdf80000, 0x00000007c0000000)
  object space 50688K, 95% used [0x00000007bae00000,0x00000007bdd7f378,0x00000007bdf80000)

Card table byte_map: [0x0000000109023000,0x000000010924d000] byte_map_base: 0x000000010524c000

Polling page: 0x0000000100751000

Code Cache  [0x0000000105f63000, 0x00000001065c3000, 0x0000000108f63000)
 total_blobs=2088 nmethods=1555 adapters=483 free_code_cache=42716Kb largest_free_block=43671360

Compilation events (10 events):
Event: 2046.375 Thread 0x0000000102850800   52 %           java.util.regex.Pattern::compile @ 66 (406 bytes)
Event: 2046.378 Thread 0x000000010104e800 1720             java.io.BufferedReader::ensureOpen (18 bytes)
Event: 2046.379 Thread 0x000000010104e800 nmethod 1720 0x00000001063a9e90 code [0x00000001063a9fc0, 0x00000001063aa038]
Event: 2046.381 Thread 0x000000010104e800 1721   !         java.io.BufferedReader::read (104 bytes)
Event: 2046.383 Thread 0x000000010104e800 nmethod 1721 0x00000001065b46d0 code [0x00000001065b4840, 0x00000001065b4dc8]
Event: 2046.386 Thread 0x000000010104e800   53 % !         com.rsi.idldt.proeditor.utils.ProEditorUtilities::getOffsetAtLine @ 74 (138 bytes)
Event: 2046.390 Thread 0x000000010104e800 nmethod 53% 0x000000010650b650 code [0x000000010650b7c0, 0x000000010650b978]
Event: 2046.391 Thread 0x000000010104e800 1722   !         com.rsi.idldt.proeditor.utils.ProEditorUtilities::getCharCount (99 bytes)
Event: 2046.392 Thread 0x0000000102850800 nmethod 52% 0x00000001065b3490 code [0x00000001065b36c0, 0x00000001065b4040]
Event: 2046.405 Thread 0x000000010104e800 nmethod 1722 0x00000001065b1a90 code [0x00000001065b1ce0, 0x00000001065b2770]

GC Heap History (10 events):
Event: 1927.084 GC heap before
{Heap before GC invocations=55 (full 24):
 PSYoungGen      total 336128K, used 64K [0x00000007eaab0000, 0x0000000800000000, 0x0000000800000000)
  eden space 323328K, 0% used [0x00000007eaab0000,0x00000007eaab0000,0x00000007fe670000)
  from space 12800K, 0% used [0x00000007fe670000,0x00000007fe680000,0x00000007ff2f0000)
  to   space 12160K, 0% used [0x00000007ff420000,0x00000007ff420000,0x0000000800000000)
 ParOldGen       total 87424K, used 34915K [0x00000007c0000000, 0x00000007c5560000, 0x00000007eaab0000)
  object space 87424K, 39% used [0x00000007c0000000,0x00000007c2218fd0,0x00000007c5560000)
 PSPermGen       total 51520K, used 48233K [0x00000007bae00000, 0x00000007be050000, 0x00000007c0000000)
  object space 51520K, 93% used [0x00000007bae00000,0x00000007bdd1a7e8,0x00000007be050000)
Event: 1927.181 GC heap after
Heap after GC invocations=55 (full 24):
 PSYoungGen      total 336128K, used 0K [0x00000007eaab0000, 0x0000000800000000, 0x0000000800000000)
  eden space 323328K, 0% used [0x00000007eaab0000,0x00000007eaab0000,0x00000007fe670000)
  from space 12800K, 0% used [0x00000007fe670000,0x00000007fe670000,0x00000007ff2f0000)
  to   space 12160K, 0% used [0x00000007ff420000,0x00000007ff420000,0x0000000800000000)
 ParOldGen       total 87424K, used 34914K [0x00000007c0000000, 0x00000007c5560000, 0x00000007eaab0000)
  object space 87424K, 39% used [0x00000007c0000000,0x00000007c2218960,0x00000007c5560000)
 PSPermGen       total 50816K, used 48233K [0x00000007bae00000, 0x00000007bdfa0000, 0x00000007c0000000)
  object space 50816K, 94% used [0x00000007bae00000,0x00000007bdd1a788,0x00000007bdfa0000)
}
Event: 1987.084 GC heap before
{Heap before GC invocations=56 (full 24):
 PSYoungGen      total 336128K, used 63733K [0x00000007eaab0000, 0x0000000800000000, 0x0000000800000000)
  eden space 323328K, 19% used [0x00000007eaab0000,0x00000007ee8ed470,0x00000007fe670000)
  from space 12800K, 0% used [0x00000007fe670000,0x00000007fe670000,0x00000007ff2f0000)
  to   space 12160K, 0% used [0x00000007ff420000,0x00000007ff420000,0x0000000800000000)
 ParOldGen       total 87424K, used 34914K [0x00000007c0000000, 0x00000007c5560000, 0x00000007eaab0000)
  object space 87424K, 39% used [0x00000007c0000000,0x00000007c2218960,0x00000007c5560000)
 PSPermGen       total 50816K, used 48235K [0x00000007bae00000, 0x00000007bdfa0000, 0x00000007c0000000)
  object space 50816K, 94% used [0x00000007bae00000,0x00000007bdd1afb8,0x00000007bdfa0000)
Event: 1987.088 GC heap after
Heap after GC invocations=56 (full 24):
 PSYoungGen      total 335680K, used 1888K [0x00000007eaab0000, 0x00000007ffe50000, 0x0000000800000000)
  eden space 325248K, 0% used [0x00000007eaab0000,0x00000007eaab0000,0x00000007fe850000)
  from space 10432K, 18% used [0x00000007ff420000,0x00000007ff5f83f8,0x00000007ffe50000)
  to   space 11264K, 0% used [0x00000007fe850000,0x00000007fe850000,0x00000007ff350000)
 ParOldGen       total 87424K, used 34914K [0x00000007c0000000, 0x00000007c5560000, 0x00000007eaab0000)
  object space 87424K, 39% used [0x00000007c0000000,0x00000007c2218960,0x00000007c5560000)
 PSPermGen       total 50816K, used 48235K [0x00000007bae00000, 0x00000007bdfa0000, 0x00000007c0000000)
  object space 50816K, 94% used [0x00000007bae00000,0x00000007bdd1afb8,0x00000007bdfa0000)
}
Event: 1987.088 GC heap before
{Heap before GC invocations=57 (full 25):
 PSYoungGen      total 335680K, used 1888K [0x00000007eaab0000, 0x00000007ffe50000, 0x0000000800000000)
  eden space 325248K, 0% used [0x00000007eaab0000,0x00000007eaab0000,0x00000007fe850000)
  from space 10432K, 18% used [0x00000007ff420000,0x00000007ff5f83f8,0x00000007ffe50000)
  to   space 11264K, 0% used [0x00000007fe850000,0x00000007fe850000,0x00000007ff350000)
 ParOldGen       total 87424K, used 34914K [0x00000007c0000000, 0x00000007c5560000, 0x00000007eaab0000)
  object space 87424K, 39% used [0x00000007c0000000,0x00000007c2218960,0x00000007c5560000)
 PSPermGen       total 50816K, used 48235K [0x00000007bae00000, 0x00000007bdfa0000, 0x00000007c0000000)
  object space 50816K, 94% used [0x00000007bae00000,0x00000007bdd1afb8,0x00000007bdfa0000)
Event: 1987.193 GC heap after
Heap after GC invocations=57 (full 25):
 PSYoungGen      total 335680K, used 0K [0x00000007eaab0000, 0x00000007ffe50000, 0x0000000800000000)
  eden space 325248K, 0% used [0x00000007eaab0000,0x00000007eaab0000,0x00000007fe850000)
  from space 10432K, 0% used [0x00000007ff420000,0x00000007ff420000,0x00000007ffe50000)
  to   space 11264K, 0% used [0x00000007fe850000,0x00000007fe850000,0x00000007ff350000)
 ParOldGen       total 87424K, used 34928K [0x00000007c0000000, 0x00000007c5560000, 0x00000007eaab0000)
  object space 87424K, 39% used [0x00000007c0000000,0x00000007c221c090,0x00000007c5560000)
 PSPermGen       total 50176K, used 48235K [0x00000007bae00000, 0x00000007bdf00000, 0x00000007c0000000)
  object space 50176K, 96% used [0x00000007bae00000,0x00000007bdd1af98,0x00000007bdf00000)
}
Event: 2051.497 GC heap before
{Heap before GC invocations=58 (full 25):
 PSYoungGen      total 335680K, used 22993K [0x00000007eaab0000, 0x00000007ffe50000, 0x0000000800000000)
  eden space 325248K, 7% used [0x00000007eaab0000,0x00000007ec124508,0x00000007fe850000)
  from space 10432K, 0% used [0x00000007ff420000,0x00000007ff420000,0x00000007ffe50000)
  to   space 11264K, 0% used [0x00000007fe850000,0x00000007fe850000,0x00000007ff350000)
 ParOldGen       total 87424K, used 34928K [0x00000007c0000000, 0x00000007c5560000, 0x00000007eaab0000)
  object space 87424K, 39% used [0x00000007c0000000,0x00000007c221c090,0x00000007c5560000)
 PSPermGen       total 50176K, used 48637K [0x00000007bae00000, 0x00000007bdf00000, 0x00000007c0000000)
  object space 50176K, 96% used [0x00000007bae00000,0x00000007bdd7f4f8,0x00000007bdf00000)
Event: 2051.499 GC heap after
Heap after GC invocations=58 (full 25):
 PSYoungGen      total 326016K, used 710K [0x00000007eaab0000, 0x00000007ffd10000, 0x0000000800000000)
  eden space 325248K, 0% used [0x00000007eaab0000,0x00000007eaab0000,0x00000007fe850000)
  from space 768K, 92% used [0x00000007fe850000,0x00000007fe901aa0,0x00000007fe910000)
  to   space 10624K, 0% used [0x00000007ff2b0000,0x00000007ff2b0000,0x00000007ffd10000)
 ParOldGen       total 87424K, used 34928K [0x00000007c0000000, 0x00000007c5560000, 0x00000007eaab0000)
  object space 87424K, 39% used [0x00000007c0000000,0x00000007c221c090,0x00000007c5560000)
 PSPermGen       total 50176K, used 48637K [0x00000007bae00000, 0x00000007bdf00000, 0x00000007c0000000)
  object space 50176K, 96% used [0x00000007bae00000,0x00000007bdd7f4f8,0x00000007bdf00000)
}
Event: 2051.499 GC heap before
{Heap before GC invocations=59 (full 26):
 PSYoungGen      total 326016K, used 710K [0x00000007eaab0000, 0x00000007ffd10000, 0x0000000800000000)
  eden space 325248K, 0% used [0x00000007eaab0000,0x00000007eaab0000,0x00000007fe850000)
  from space 768K, 92% used [0x00000007fe850000,0x00000007fe901aa0,0x00000007fe910000)
  to   space 10624K, 0% used [0x00000007ff2b0000,0x00000007ff2b0000,0x00000007ffd10000)
 ParOldGen       total 87424K, used 34928K [0x00000007c0000000, 0x00000007c5560000, 0x00000007eaab0000)
  object space 87424K, 39% used [0x00000007c0000000,0x00000007c221c090,0x00000007c5560000)
 PSPermGen       total 50176K, used 48637K [0x00000007bae00000, 0x00000007bdf00000, 0x00000007c0000000)
  object space 50176K, 96% used [0x00000007bae00000,0x00000007bdd7f4f8,0x00000007bdf00000)
Event: 2051.644 GC heap after
Heap after GC invocations=59 (full 26):
 PSYoungGen      total 326016K, used 0K [0x00000007eaab0000, 0x00000007ffd10000, 0x0000000800000000)
  eden space 325248K, 0% used [0x00000007eaab0000,0x00000007eaab0000,0x00000007fe850000)
  from space 768K, 0% used [0x00000007fe850000,0x00000007fe850000,0x00000007fe910000)
  to   space 10624K, 0% used [0x00000007ff2b0000,0x00000007ff2b0000,0x00000007ffd10000)
 ParOldGen       total 87424K, used 35413K [0x00000007c0000000, 0x00000007c5560000, 0x00000007eaab0000)
  object space 87424K, 40% used [0x00000007c0000000,0x00000007c2295688,0x00000007c5560000)
 PSPermGen       total 50688K, used 48636K [0x00000007bae00000, 0x00000007bdf80000, 0x00000007c0000000)
  object space 50688K, 95% used [0x00000007bae00000,0x00000007bdd7f378,0x00000007bdf80000)
}

Deoptimization events (10 events):
Event: 2046.379 Thread 0x0000000119aa8000 Uncommon trap -34 fr.pc 0x0000000106343020
Event: 2046.459 Thread 0x0000000100826800 Uncommon trap -58 fr.pc 0x0000000106485e88
Event: 2046.459 Thread 0x0000000100826800 Uncommon trap -58 fr.pc 0x0000000106485e88
Event: 2046.459 Thread 0x0000000100826800 Uncommon trap -58 fr.pc 0x0000000106485e88
Event: 2046.459 Thread 0x0000000100826800 Uncommon trap -58 fr.pc 0x0000000106485e88
Event: 2046.559 Thread 0x0000000100826800 Uncommon trap -83 fr.pc 0x000000010642d6bc
Event: 2046.832 Thread 0x0000000100987800 Uncommon trap -34 fr.pc 0x0000000106343020
Event: 2046.833 Thread 0x0000000100987800 Uncommon trap -34 fr.pc 0x0000000106343020
Event: 2046.833 Thread 0x0000000100987800 Uncommon trap -122 fr.pc 0x00000001064c36bc
Event: 2046.837 Thread 0x0000000100987800 Uncommon trap -34 fr.pc 0x0000000106343020

Internal exceptions (10 events):
Event: 2034.144 Thread 0x000000011b1ba800 Threw 0x00000007eacec138 at /HUDSON/workspace/jdk7u25-2-build-macosx-amd64-product/jdk7u25/hotspot/src/share/vm/prims/nativeLookup.
Event: 2034.144 Thread 0x000000011b1ba800 Threw 0x00000007eacf0170 at /HUDSON/workspace/jdk7u25-2-build-macosx-amd64-product/jdk7u25/hotspot/src/share/vm/prims/nativeLookup.
Event: 2040.562 Thread 0x0000000100987800 Threw 0x00000007eafa4420 at /HUDSON/workspace/jdk7u25-2-build-macosx-amd64-product/jdk7u25/hotspot/src/share/vm/prims/nativeLookup.
Event: 2040.562 Thread 0x0000000100987800 Threw 0x00000007eafa5008 at /HUDSON/workspace/jdk7u25-2-build-macosx-amd64-product/jdk7u25/hotspot/src/share/vm/prims/nativeLookup.
Event: 2045.705 Thread 0x0000000100826800 Threw 0x00000007eb8668d0 at /HUDSON/workspace/jdk7u25-2-build-macosx-amd64-product/jdk7u25/hotspot/src/share/vm/prims/nativeLookup.
Event: 2046.366 Thread 0x0000000101a49000 Threw 0x00000007eaee7120 at /HUDSON/workspace/jdk7u25-2-build-macosx-amd64-product/jdk7u25/hotspot/src/share/vm/prims/nativeLookup.
Event: 2046.374 Thread 0x0000000100826800 Threw 0x00000007eb9e8e18 at /HUDSON/workspace/jdk7u25-2-build-macosx-amd64-product/jdk7u25/hotspot/src/share/vm/prims/nativeLookup.
Event: 2046.375 Thread 0x0000000100826800 Threw 0x00000007eb9e97b8 at /HUDSON/workspace/jdk7u25-2-build-macosx-amd64-product/jdk7u25/hotspot/src/share/vm/prims/nativeLookup.
Event: 2048.617 Thread 0x000000011b1ba800 Threw 0x00000007eacf74a8 at /HUDSON/workspace/jdk7u25-2-build-macosx-amd64-product/jdk7u25/hotspot/src/share/vm/prims/nativeLookup.
Event: 2048.617 Thread 0x000000011b1ba800 Threw 0x00000007eacf7ff8 at /HUDSON/workspace/jdk7u25-2-build-macosx-amd64-product/jdk7u25/hotspot/src/share/vm/prims/nativeLookup.

Events (10 events):
Event: 2047.038 loading class 0x0000000100645810 done
Event: 2047.471 Thread 0x000000010174d000 Thread added: 0x000000010174d000
Event: 2047.471 Executing VM operation: RevokeBias
Event: 2047.471 Executing VM operation: RevokeBias done
Event: 2047.471 Thread 0x000000010174d000 Thread exited: 0x000000010174d000
Event: 2051.497 Executing VM operation: ParallelGCSystemGC
Event: 2051.644 Executing VM operation: ParallelGCSystemGC done
Event: 2051.644 Thread 0x000000011b1a2000 Thread added: 0x000000011b1a2000
Event: 2051.644 Thread 0x000000011b1a2000 Thread exited: 0x000000011b1a2000
Event: 2052.364 Thread 0x000000010174d000 Thread added: 0x000000010174d000


Dynamic libraries:
0x0000000000d6a000 	/System/Library/Frameworks/Cocoa.framework/Versions/A/Cocoa
0x0000000000d6a000 	/usr/lib/libSystem.B.dylib
0x0000000000d6a000 	/System/Library/Frameworks/CoreServices.framework/Versions/A/CoreServices
0x0000000000d6a000 	/usr/lib/libobjc.A.dylib
0x0000000000d6a000 	/System/Library/Frameworks/CoreFoundation.framework/Versions/A/CoreFoundation
0x0000000000d6a000 	/System/Library/Frameworks/AppKit.framework/Versions/C/AppKit
0x0000000000d6a000 	/System/Library/Frameworks/ApplicationServices.framework/Versions/A/ApplicationServices
0x0000000000d6a000 	/System/Library/Frameworks/Foundation.framework/Versions/C/Foundation
0x0000000000d6a000 	/System/Library/Frameworks/CoreData.framework/Versions/A/CoreData
0x0000000000d6a000 	/System/Library/PrivateFrameworks/RemoteViewServices.framework/Versions/A/RemoteViewServices
0x0000000000d6a000 	/System/Library/PrivateFrameworks/UIFoundation.framework/Versions/A/UIFoundation
0x0000000000d6a000 	/usr/lib/libScreenReader.dylib
0x0000000000d6a000 	/System/Library/Frameworks/Accelerate.framework/Versions/A/Accelerate
0x0000000000d6a000 	/System/Library/Frameworks/IOSurface.framework/Versions/A/IOSurface
0x0000000000d6a000 	/System/Library/Frameworks/AudioToolbox.framework/Versions/A/AudioToolbox
0x0000000000d6a000 	/System/Library/Frameworks/AudioUnit.framework/Versions/A/AudioUnit
0x0000000000d6a000 	/System/Library/PrivateFrameworks/DataDetectorsCore.framework/Versions/A/DataDetectorsCore
0x0000000000d6a000 	/System/Library/PrivateFrameworks/DesktopServicesPriv.framework/Versions/A/DesktopServicesPriv
0x0000000000d6a000 	/System/Library/Frameworks/Carbon.framework/Versions/A/Frameworks/HIToolbox.framework/Versions/A/HIToolbox
0x0000000000d6a000 	/System/Library/Frameworks/QuartzCore.framework/Versions/A/QuartzCore
0x0000000000d6a000 	/System/Library/Frameworks/Security.framework/Versions/A/Security
0x0000000000d6a000 	/System/Library/Frameworks/Carbon.framework/Versions/A/Frameworks/SpeechRecognition.framework/Versions/A/SpeechRecognition
0x0000000000d6a000 	/usr/lib/libauto.dylib
0x0000000000d6a000 	/usr/lib/libicucore.A.dylib
0x0000000000d6a000 	/usr/lib/libxml2.2.dylib
0x0000000000d6a000 	/usr/lib/libz.1.dylib
0x0000000000d6a000 	/System/Library/PrivateFrameworks/CoreUI.framework/Versions/A/CoreUI
0x0000000000d6a000 	/System/Library/Frameworks/CoreAudio.framework/Versions/A/CoreAudio
0x0000000000d6a000 	/System/Library/Frameworks/DiskArbitration.framework/Versions/A/DiskArbitration
0x0000000000d6a000 	/usr/lib/liblangid.dylib
0x0000000000d6a000 	/System/Library/PrivateFrameworks/MultitouchSupport.framework/Versions/A/MultitouchSupport
0x0000000000d6a000 	/System/Library/Frameworks/IOKit.framework/Versions/A/IOKit
0x0000000000d6a000 	/usr/lib/libDiagnosticMessagesClient.dylib
0x0000000000d6a000 	/System/Library/PrivateFrameworks/PerformanceAnalysis.framework/Versions/A/PerformanceAnalysis
0x0000000000d6a000 	/System/Library/PrivateFrameworks/GenerationalStorage.framework/Versions/A/GenerationalStorage
0x0000000000d6a000 	/System/Library/Frameworks/OpenGL.framework/Versions/A/OpenGL
0x0000000000d6a000 	/System/Library/PrivateFrameworks/Sharing.framework/Versions/A/Sharing
0x0000000000d6a000 	/System/Library/Frameworks/CoreGraphics.framework/Versions/A/CoreGraphics
0x0000000000d6a000 	/System/Library/Frameworks/CoreImage.framework/Versions/A/CoreImage
0x0000000000d6a000 	/System/Library/Frameworks/CoreText.framework/Versions/A/CoreText
0x0000000000d6a000 	/System/Library/Frameworks/ImageIO.framework/Versions/A/ImageIO
0x0000000000d6a000 	/System/Library/PrivateFrameworks/Backup.framework/Versions/A/Backup
0x0000000000d6a000 	/usr/lib/libextension.dylib
0x0000000000d6a000 	/usr/lib/libarchive.2.dylib
0x0000000000d6a000 	/System/Library/Frameworks/CFNetwork.framework/Versions/A/CFNetwork
0x0000000000d6a000 	/System/Library/Frameworks/SystemConfiguration.framework/Versions/A/SystemConfiguration
0x0000000000d6a000 	/usr/lib/libCRFSuite.dylib
0x0000000000d6a000 	/usr/lib/libc++.1.dylib
0x0000000000d6a000 	/usr/lib/libc++abi.dylib
0x0000000000d6a000 	/usr/lib/system/libcache.dylib
0x0000000000d6a000 	/usr/lib/system/libcommonCrypto.dylib
0x0000000000d6a000 	/usr/lib/system/libcompiler_rt.dylib
0x0000000000d6a000 	/usr/lib/system/libcopyfile.dylib
0x0000000000d6a000 	/usr/lib/system/libcorecrypto.dylib
0x0000000000d6a000 	/usr/lib/system/libdispatch.dylib
0x0000000000d6a000 	/usr/lib/system/libdyld.dylib
0x0000000000d6a000 	/usr/lib/system/libkeymgr.dylib
0x0000000000d6a000 	/usr/lib/system/liblaunch.dylib
0x0000000000d6a000 	/usr/lib/system/libmacho.dylib
0x0000000000d6a000 	/usr/lib/system/libquarantine.dylib
0x0000000000d6a000 	/usr/lib/system/libremovefile.dylib
0x0000000000d6a000 	/usr/lib/system/libsystem_asl.dylib
0x0000000000d6a000 	/usr/lib/system/libsystem_blocks.dylib
0x0000000000d6a000 	/usr/lib/system/libsystem_c.dylib
0x0000000000d6a000 	/usr/lib/system/libsystem_configuration.dylib
0x0000000000d6a000 	/usr/lib/system/libsystem_coreservices.dylib
0x0000000000d6a000 	/usr/lib/system/libsystem_coretls.dylib
0x0000000000d6a000 	/usr/lib/system/libsystem_dnssd.dylib
0x0000000000d6a000 	/usr/lib/system/libsystem_info.dylib
0x0000000000d6a000 	/usr/lib/system/libsystem_kernel.dylib
0x0000000000d6a000 	/usr/lib/system/libsystem_m.dylib
0x0000000000d6a000 	/usr/lib/system/libsystem_malloc.dylib
0x0000000000d6a000 	/usr/lib/system/libsystem_network.dylib
0x0000000000d6a000 	/usr/lib/system/libsystem_networkextension.dylib
0x0000000000d6a000 	/usr/lib/system/libsystem_notify.dylib
0x0000000000d6a000 	/usr/lib/system/libsystem_platform.dylib
0x0000000000d6a000 	/usr/lib/system/libsystem_pthread.dylib
0x0000000000d6a000 	/usr/lib/system/libsystem_sandbox.dylib
0x0000000000d6a000 	/usr/lib/system/libsystem_secinit.dylib
0x0000000000d6a000 	/usr/lib/system/libsystem_trace.dylib
0x0000000000d6a000 	/usr/lib/system/libunc.dylib
0x0000000000d6a000 	/usr/lib/system/libunwind.dylib
0x0000000000d6a000 	/usr/lib/system/libxpc.dylib
0x0000000000d6a000 	/usr/lib/libenergytrace.dylib
0x0000000000d6a000 	/usr/lib/libbsm.0.dylib
0x0000000000d6a000 	/usr/lib/system/libkxld.dylib
0x0000000000d6a000 	/usr/lib/libxar.1.dylib
0x0000000000d6a000 	/usr/lib/libsqlite3.dylib
0x0000000000d6a000 	/usr/lib/libpam.2.dylib
0x0000000000d6a000 	/usr/lib/libOpenScriptingUtil.dylib
0x0000000000d6a000 	/usr/lib/libbz2.1.0.dylib
0x0000000000d6a000 	/usr/lib/liblzma.5.dylib
0x0000000000d6a000 	/System/Library/Frameworks/CoreServices.framework/Versions/A/Frameworks/FSEvents.framework/Versions/A/FSEvents
0x0000000000d6a000 	/System/Library/Frameworks/CoreServices.framework/Versions/A/Frameworks/CarbonCore.framework/Versions/A/CarbonCore
0x0000000000d6a000 	/System/Library/Frameworks/CoreServices.framework/Versions/A/Frameworks/Metadata.framework/Versions/A/Metadata
0x0000000000d6a000 	/System/Library/Frameworks/CoreServices.framework/Versions/A/Frameworks/OSServices.framework/Versions/A/OSServices
0x0000000000d6a000 	/System/Library/Frameworks/CoreServices.framework/Versions/A/Frameworks/SearchKit.framework/Versions/A/SearchKit
0x0000000000d6a000 	/System/Library/Frameworks/CoreServices.framework/Versions/A/Frameworks/AE.framework/Versions/A/AE
0x0000000000d6a000 	/System/Library/Frameworks/CoreServices.framework/Versions/A/Frameworks/LaunchServices.framework/Versions/A/LaunchServices
0x0000000000d6a000 	/System/Library/Frameworks/CoreServices.framework/Versions/A/Frameworks/DictionaryServices.framework/Versions/A/DictionaryServices
0x0000000000d6a000 	/System/Library/Frameworks/CoreServices.framework/Versions/A/Frameworks/SharedFileList.framework/Versions/A/SharedFileList
0x0000000000d6a000 	/System/Library/Frameworks/NetFS.framework/Versions/A/NetFS
0x0000000000d6a000 	/System/Library/PrivateFrameworks/NetAuth.framework/Versions/A/NetAuth
0x0000000000d6a000 	/System/Library/PrivateFrameworks/login.framework/Versions/A/Frameworks/loginsupport.framework/Versions/A/loginsupport
0x0000000000d6a000 	/System/Library/PrivateFrameworks/TCC.framework/Versions/A/TCC
0x0000000000d6a000 	/usr/lib/libmecabra.dylib
0x0000000000d6a000 	/System/Library/Frameworks/ApplicationServices.framework/Versions/A/Frameworks/ATS.framework/Versions/A/ATS
0x0000000000d6a000 	/System/Library/Frameworks/ApplicationServices.framework/Versions/A/Frameworks/ColorSync.framework/Versions/A/ColorSync
0x0000000000d6a000 	/System/Library/Frameworks/ApplicationServices.framework/Versions/A/Frameworks/HIServices.framework/Versions/A/HIServices
0x0000000000d6a000 	/System/Library/Frameworks/ApplicationServices.framework/Versions/A/Frameworks/LangAnalysis.framework/Versions/A/LangAnalysis
0x0000000000d6a000 	/System/Library/Frameworks/ApplicationServices.framework/Versions/A/Frameworks/PrintCore.framework/Versions/A/PrintCore
0x0000000000d6a000 	/System/Library/Frameworks/ApplicationServices.framework/Versions/A/Frameworks/QD.framework/Versions/A/QD
0x0000000000d6a000 	/System/Library/Frameworks/ApplicationServices.framework/Versions/A/Frameworks/SpeechSynthesis.framework/Versions/A/SpeechSynthesis
0x0000000000d6a000 	/System/Library/Frameworks/Metal.framework/Versions/A/Metal
0x0000000000d6a000 	/System/Library/Frameworks/Accelerate.framework/Versions/A/Frameworks/vImage.framework/Versions/A/vImage
0x0000000000d6a000 	/System/Library/Frameworks/Accelerate.framework/Versions/A/Frameworks/vecLib.framework/Versions/A/vecLib
0x0000000000d6a000 	/System/Library/Frameworks/Accelerate.framework/Versions/A/Frameworks/vecLib.framework/Versions/A/libvDSP.dylib
0x0000000000d6a000 	/System/Library/Frameworks/Accelerate.framework/Versions/A/Frameworks/vecLib.framework/Versions/A/libvMisc.dylib
0x0000000000d6a000 	/System/Library/Frameworks/Accelerate.framework/Versions/A/Frameworks/vecLib.framework/Versions/A/libLAPACK.dylib
0x0000000000d6a000 	/System/Library/Frameworks/Accelerate.framework/Versions/A/Frameworks/vecLib.framework/Versions/A/libBLAS.dylib
0x0000000000d6a000 	/System/Library/Frameworks/Accelerate.framework/Versions/A/Frameworks/vecLib.framework/Versions/A/libLinearAlgebra.dylib
0x0000000000d6a000 	/System/Library/Frameworks/Accelerate.framework/Versions/A/Frameworks/vecLib.framework/Versions/A/libSparseBLAS.dylib
0x0000000000d6a000 	/System/Library/PrivateFrameworks/GPUCompiler.framework/libmetal_timestamp.dylib
0x0000000000d6a000 	/System/Library/Frameworks/OpenGL.framework/Versions/A/Libraries/libCoreFSCache.dylib
0x0000000000d6a000 	/System/Library/PrivateFrameworks/IOAccelerator.framework/Versions/A/IOAccelerator
0x0000000000d6a000 	/System/Library/Frameworks/ApplicationServices.framework/Versions/A/Frameworks/ATS.framework/Versions/A/Resources/libFontParser.dylib
0x0000000000d6a000 	/System/Library/Frameworks/ApplicationServices.framework/Versions/A/Frameworks/ATS.framework/Versions/A/Resources/libFontRegistry.dylib
0x0000000000d6a000 	/System/Library/PrivateFrameworks/AppleVPA.framework/Versions/A/AppleVPA
0x0000000000d6a000 	/System/Library/PrivateFrameworks/AppleJPEG.framework/Versions/A/AppleJPEG
0x0000000000d6a000 	/System/Library/Frameworks/ImageIO.framework/Versions/A/Resources/libJPEG.dylib
0x0000000000d6a000 	/System/Library/Frameworks/ImageIO.framework/Versions/A/Resources/libTIFF.dylib
0x0000000000d6a000 	/System/Library/Frameworks/ImageIO.framework/Versions/A/Resources/libPng.dylib
0x0000000000d6a000 	/System/Library/Frameworks/ImageIO.framework/Versions/A/Resources/libGIF.dylib
0x0000000000d6a000 	/System/Library/Frameworks/ImageIO.framework/Versions/A/Resources/libJP2.dylib
0x0000000000d6a000 	/System/Library/Frameworks/ImageIO.framework/Versions/A/Resources/libRadiance.dylib
0x0000000000d6a000 	/System/Library/Frameworks/CoreVideo.framework/Versions/A/CoreVideo
0x0000000000d6a000 	/System/Library/Frameworks/OpenGL.framework/Versions/A/Libraries/libGLU.dylib
0x0000000000d6a000 	/System/Library/Frameworks/OpenGL.framework/Versions/A/Libraries/libGFXShared.dylib
0x0000000000d6a000 	/System/Library/Frameworks/OpenGL.framework/Versions/A/Libraries/libGL.dylib
0x0000000000d6a000 	/System/Library/Frameworks/OpenGL.framework/Versions/A/Libraries/libGLImage.dylib
0x0000000000d6a000 	/System/Library/Frameworks/OpenGL.framework/Versions/A/Libraries/libCVMSPluginSupport.dylib
0x0000000000d6a000 	/System/Library/Frameworks/OpenGL.framework/Versions/A/Libraries/libCoreVMClient.dylib
0x0000000000d6a000 	/usr/lib/libcups.2.dylib
0x0000000000d6a000 	/System/Library/Frameworks/Kerberos.framework/Versions/A/Kerberos
0x0000000000d6a000 	/System/Library/Frameworks/GSS.framework/Versions/A/GSS
0x0000000000d6a000 	/usr/lib/libresolv.9.dylib
0x0000000000d6a000 	/usr/lib/libiconv.2.dylib
0x0000000000d6a000 	/System/Library/PrivateFrameworks/Heimdal.framework/Versions/A/Heimdal
0x0000000000d6a000 	/usr/lib/libheimdal-asn1.dylib
0x0000000000d6a000 	/System/Library/Frameworks/OpenDirectory.framework/Versions/A/OpenDirectory
0x0000000000d6a000 	/System/Library/PrivateFrameworks/CommonAuth.framework/Versions/A/CommonAuth
0x0000000000d6a000 	/System/Library/Frameworks/OpenDirectory.framework/Versions/A/Frameworks/CFOpenDirectory.framework/Versions/A/CFOpenDirectory
0x0000000000d6a000 	/System/Library/Frameworks/SecurityFoundation.framework/Versions/A/SecurityFoundation
0x0000000000d6a000 	/System/Library/PrivateFrameworks/LanguageModeling.framework/Versions/A/LanguageModeling
0x0000000000d6a000 	/usr/lib/libmarisa.dylib
0x0000000000d6a000 	/usr/lib/libChineseTokenizer.dylib
0x0000000000d6a000 	/usr/lib/libcmph.dylib
0x0000000000d6a000 	/usr/lib/libcompression.dylib
0x0000000000d6a000 	/System/Library/Frameworks/ServiceManagement.framework/Versions/A/ServiceManagement
0x0000000000d6a000 	/usr/lib/libxslt.1.dylib
0x0000000000d6a000 	/System/Library/Frameworks/Carbon.framework/Versions/A/Frameworks/Ink.framework/Versions/A/Ink
0x0000000000d6a000 	/usr/lib/libFosl_dynamic.dylib
0x0000000000d6a000 	/System/Library/PrivateFrameworks/FaceCore.framework/Versions/A/FaceCore
0x0000000000d6a000 	/System/Library/Frameworks/OpenCL.framework/Versions/A/OpenCL
0x0000000000d6a000 	/System/Library/PrivateFrameworks/CrashReporterSupport.framework/Versions/A/CrashReporterSupport
0x0000000000d6a000 	/System/Library/PrivateFrameworks/IconServices.framework/Versions/A/IconServices
0x0000000000d6a000 	/System/Library/PrivateFrameworks/Apple80211.framework/Versions/A/Apple80211
0x0000000000d6a000 	/System/Library/Frameworks/CoreWLAN.framework/Versions/A/CoreWLAN
0x0000000000d6a000 	/System/Library/Frameworks/IOBluetooth.framework/Versions/A/IOBluetooth
0x0000000000d6a000 	/System/Library/PrivateFrameworks/CoreWiFi.framework/Versions/A/CoreWiFi
0x0000000000d6a000 	/System/Library/Frameworks/CoreBluetooth.framework/Versions/A/CoreBluetooth
0x0000000000d6a000 	/System/Library/PrivateFrameworks/ChunkingLibrary.framework/Versions/A/ChunkingLibrary
0x0000000000d6a000 	/System/Library/PrivateFrameworks/DebugSymbols.framework/Versions/A/DebugSymbols
0x0000000000d6a000 	/System/Library/PrivateFrameworks/CoreSymbolication.framework/Versions/A/CoreSymbolication
0x0000000000d6a000 	/System/Library/PrivateFrameworks/Symbolication.framework/Versions/A/Symbolication
0x0000000000d6a000 	/System/Library/PrivateFrameworks/SpeechRecognitionCore.framework/Versions/A/SpeechRecognitionCore
0x00000001000b8000 	/Applications/exelis/idl85/idlde/plugins/org.eclipse.equinox.launcher.cocoa.macosx.x86_64_1.1.101.v20120109-1504/eclipse_1408.so
0x0000000000d6a000 	/System/Library/PrivateFrameworks/CoreServicesInternal.framework/Versions/A/CoreServicesInternal
0x00000001054ba000 	/Applications/exelis/idl85/idlde/bin.darwin.x86_64/jre/lib/server/libjvm.dylib
0x0000000000d6a000 	/usr/lib/libstdc++.6.dylib
0x0000000100714000 	/Applications/exelis/idl85/idlde/bin.darwin.x86_64/jre/lib/libverify.dylib
0x0000000100721000 	/Applications/exelis/idl85/idlde/bin.darwin.x86_64/jre/lib/libjava.dylib
0x000000010075a000 	/Applications/exelis/idl85/idlde/bin.darwin.x86_64/jre/lib/libzip.dylib
0x000000010d09b000 	/System/Library/Frameworks/JavaVM.framework/Frameworks/JavaRuntimeSupport.framework/JavaRuntimeSupport
0x000000010d0b6000 	/System/Library/Frameworks/JavaVM.framework/Versions/A/Frameworks/JavaNativeFoundation.framework/Versions/A/JavaNativeFoundation
0x00000001007ec000 	/System/Library/Frameworks/JavaVM.framework/Versions/A/JavaVM
0x0000000000d6a000 	/System/Library/Frameworks/Carbon.framework/Versions/A/Carbon
0x000000010d0cb000 	/System/Library/PrivateFrameworks/JavaLaunching.framework/Versions/A/JavaLaunching
0x0000000000d6a000 	/System/Library/Frameworks/Carbon.framework/Versions/A/Frameworks/CommonPanels.framework/Versions/A/CommonPanels
0x0000000000d6a000 	/System/Library/Frameworks/Carbon.framework/Versions/A/Frameworks/Help.framework/Versions/A/Help
0x0000000000d6a000 	/System/Library/Frameworks/Carbon.framework/Versions/A/Frameworks/ImageCapture.framework/Versions/A/ImageCapture
0x0000000000d6a000 	/System/Library/Frameworks/Carbon.framework/Versions/A/Frameworks/OpenScripting.framework/Versions/A/OpenScripting
0x0000000000d6a000 	/System/Library/Frameworks/Carbon.framework/Versions/A/Frameworks/Print.framework/Versions/A/Print
0x0000000000d6a000 	/System/Library/Frameworks/Carbon.framework/Versions/A/Frameworks/SecurityHI.framework/Versions/A/SecurityHI
0x0000000000d6a000 	/System/Library/CoreServices/RawCamera.bundle/Contents/MacOS/RawCamera
0x0000000000d6a000 	/System/Library/PrivateFrameworks/FamilyControls.framework/Versions/A/FamilyControls
0x0000000000d6a000 	/System/Library/PrivateFrameworks/CommerceKit.framework/Versions/A/Frameworks/CommerceCore.framework/Versions/A/CommerceCore
0x0000000000d6a000 	/System/Library/PrivateFrameworks/SystemAdministration.framework/Versions/A/SystemAdministration
0x0000000000d6a000 	/System/Library/PrivateFrameworks/AppContainer.framework/Versions/A/AppContainer
0x0000000000d6a000 	/System/Library/PrivateFrameworks/SecCodeWrapper.framework/Versions/A/SecCodeWrapper
0x0000000000d6a000 	/System/Library/Frameworks/DirectoryService.framework/Versions/A/DirectoryService
0x0000000000d6a000 	/System/Library/PrivateFrameworks/DiskImages.framework/Versions/A/DiskImages
0x0000000000d6a000 	/System/Library/PrivateFrameworks/LoginUIKit.framework/Versions/A/Frameworks/LoginUICore.framework/Versions/A/LoginUICore
0x0000000000d6a000 	/usr/lib/libCoreStorage.dylib
0x0000000000d6a000 	/usr/lib/libcsfde.dylib
0x0000000000d6a000 	/usr/lib/libodfde.dylib
0x0000000000d6a000 	/System/Library/Frameworks/DiscRecording.framework/Versions/A/DiscRecording
0x000000010e21e000 	/Applications/exelis/idl85/bin/bin.darwin.x86_64/libcurl.4.dylib
0x0000000000d6a000 	/System/Library/PrivateFrameworks/MediaKit.framework/Versions/A/MediaKit
0x0000000000d6a000 	/System/Library/PrivateFrameworks/ProtectedCloudStorage.framework/Versions/A/ProtectedCloudStorage
0x0000000000d6a000 	/System/Library/PrivateFrameworks/EFILogin.framework/Versions/A/EFILogin
0x0000000000d6a000 	/usr/lib/libutil.dylib
0x0000000000d6a000 	/System/Library/PrivateFrameworks/FindMyDevice.framework/Versions/A/FindMyDevice
0x0000000000d6a000 	/System/Library/Frameworks/CoreGraphics.framework/Versions/A/Resources/libRIP.A.dylib
0x0000000000d6a000 	/System/Library/Frameworks/Accelerate.framework/Versions/A/Frameworks/vImage.framework/Versions/A/Libraries/libCGInterfaces.dylib
0x0000000000d6a000 	/System/Library/Frameworks/CoreGraphics.framework/Versions/A/Resources/libCGXType.A.dylib
0x0000000000d6a000 	/System/Library/Frameworks/OpenCL.framework/Versions/A/Libraries/libcldcpuengine.dylib
0x000000010f71f000 	cl_kernels
0x0000000000d6a000 	/System/Library/Frameworks/OpenCL.framework/Versions/A/Libraries/ImageFormats/unorm8_bgra.dylib
0x0000000000d6a000 	/System/Library/Frameworks/OpenCL.framework/Versions/A/Libraries/ImageFormats/unorm8_rgba.dylib
0x000000010f89e000 	/Applications/exelis/idl85/idlde/bin.darwin.x86_64/jre/lib/libnet.dylib
0x000000010f8fb000 	/Applications/exelis/idl85/idlde/bin.darwin.x86_64/jre/lib/libnio.dylib
0x000000010f990000 	/Users/spencerfaber/.swt/lib/macosx/x86_64/libswt-cocoa-3740.jnilib
0x0000000000d6a000 	/System/Library/Frameworks/WebKit.framework/Versions/A/WebKit
0x0000000000d6a000 	/System/Library/Frameworks/JavaScriptCore.framework/Versions/A/JavaScriptCore
0x0000000000d6a000 	/System/Library/Frameworks/SecurityInterface.framework/Versions/A/SecurityInterface
0x0000000000d6a000 	/System/Library/Frameworks/WebKit.framework/Versions/A/Frameworks/WebKitLegacy.framework/Versions/A/WebKitLegacy
0x0000000000d6a000 	/System/Library/Frameworks/WebKit.framework/Versions/A/Frameworks/WebCore.framework/Versions/A/WebCore
0x000000010fe97000 	/Users/spencerfaber/.swt/lib/macosx/x86_64/libswt-pi-cocoa-3740.jnilib
0x00000001104f5000 	/Applications/exelis/idl85/bin/bin.darwin.x86_64/libidl_ips.8.5.dylib
0x0000000110553000 	/Applications/exelis/idl85/bin/bin.darwin.x86_64/libidl.8.5.dylib
0x00000001110e0000 	/opt/X11/lib/libfreetype.6.dylib
0x000000010fb00000 	/Applications/exelis/idl85/bin/bin.darwin.x86_64/libMesaGLU6_2.dylib
0x0000000111179000 	/Applications/exelis/idl85/bin/bin.darwin.x86_64/libMesaGL6_2.dylib
0x000000010f701000 	/Applications/exelis/idl85/bin/bin.darwin.x86_64/libOSMesa6_2.dylib
0x000000010f712000 	/opt/X11/lib/libXp.6.dylib
0x00000001113bb000 	/Applications/exelis/idl85/bin/bin.darwin.x86_64/libXm.3.0.2.dylib
0x000000010f930000 	/opt/X11/lib/libXpm.4.dylib
0x000000010f9dd000 	/opt/X11/lib/libXmu.6.dylib
0x000000010f943000 	/opt/X11/lib/libXext.6.dylib
0x00000001117ca000 	/opt/X11/lib/libXt.6.dylib
0x000000010f896000 	/opt/X11/lib/libXinerama.1.dylib
0x000000010fb2a000 	/opt/X11/lib/libSM.6.dylib
0x000000010fb34000 	/opt/X11/lib/libICE.6.dylib
0x0000000111829000 	/opt/X11/lib/libX11.6.dylib
0x000000010fb6d000 	/opt/X11/lib/libxcb.1.dylib
0x000000010f9f8000 	/opt/X11/lib/libXau.6.dylib
0x000000010fb5c000 	/opt/X11/lib/libXdmcp.6.dylib
0x00000001103fe000 	/Applications/exelis/idl85/bin/bin.darwin.x86_64/gl_driver.so
0x00000001120d3000 	/opt/X11/lib/libGL.1.dylib
0x000000010f90a000 	/opt/X11/lib/libXplugin.1.dylib
0x000000011044e000 	/opt/X11/lib/libglapi.0.dylib
0x000000010f351000 	/opt/X11/lib/libXdamage.1.dylib
0x000000010f922000 	/opt/X11/lib/libXfixes.3.dylib
0x000000010e720000 	/opt/X11/lib/libX11-xcb.1.dylib
0x000000010fbda000 	/opt/X11/lib/libxcb-glx.0.dylib
0x000000010fbb8000 	/opt/X11/lib/libXxf86vm.1.dylib
0x00000001104a3000 	/usr/lib/libexpat.1.dylib
0x0000000000d6a000 	/System/Library/PrivateFrameworks/CloudDocs.framework/Versions/A/CloudDocs
0x0000000000d6a000 	/System/Library/PrivateFrameworks/CoreDuet.framework/Versions/A/CoreDuet
0x0000000000d6a000 	/System/Library/Frameworks/CloudKit.framework/Versions/A/CloudKit
0x0000000000d6a000 	/System/Library/PrivateFrameworks/ProtocolBuffer.framework/Versions/A/ProtocolBuffer
0x0000000000d6a000 	/System/Library/PrivateFrameworks/CoreDuetDaemonProtocol.framework/Versions/A/CoreDuetDaemonProtocol
0x0000000000d6a000 	/System/Library/PrivateFrameworks/CoreDuetDebugLogging.framework/Versions/A/CoreDuetDebugLogging
0x0000000000d6a000 	/System/Library/PrivateFrameworks/MMCS.framework/Versions/A/MMCS
0x0000000000d6a000 	/System/Library/Frameworks/CoreLocation.framework/Versions/A/CoreLocation
0x0000000000d6a000 	/System/Library/PrivateFrameworks/AssetCacheServices.framework/Versions/A/AssetCacheServices
0x0000000000d6a000 	/System/Library/PrivateFrameworks/GeoServices.framework/Versions/A/GeoServices
0x0000000000d6a000 	/System/Library/Frameworks/CoreGraphics.framework/Versions/A/Resources/libCGXCoreImage.A.dylib
0x000000010e55e000 	cl_kernels
0x0000000112d0c000 	/System/Library/Extensions/AppleIntelBDWGraphicsMTLDriver.bundle/Contents/MacOS/AppleIntelBDWGraphicsMTLDriver
0x0000000000d6a000 	/System/Library/Frameworks/OpenGL.framework/Versions/A/Resources/GLEngine.bundle/GLEngine
0x0000000000d6a000 	/System/Library/Frameworks/OpenGL.framework/Versions/A/Libraries/libGLProgrammability.dylib
0x0000000117000000 	/System/Library/Extensions/AppleIntelBDWGraphicsGLDriver.bundle/Contents/MacOS/AppleIntelBDWGraphicsGLDriver
0x0000000000d6a000 	/System/Library/PrivateFrameworks/GPUSupport.framework/Versions/A/Libraries/libGPUSupportMercury.dylib
0x0000000000d6a000 	/System/Library/Frameworks/OpenGL.framework/Versions/A/Resources/GLRendererFloat.bundle/GLRendererFloat
0x000000010e686000 	cl_kernels
0x000000012430c000 	/Applications/exelis/idl85/bin/bin.darwin.x86_64/idl_netcdf.so

VM Arguments:
jvm_args: -Dosgi.instance.area.default=@user.home/IDLWorkspace -Dosgi.configuration.area=@user.home/.idl/idlworkbench-config-idl8.5.1_x86_64 -Dosgi.configuration.cascaded=true -Dosgi.checkConfiguration=true -Dosgi.sharedConfiguration.area.readOnly=true -Dorg.eclipse.update.reconcile=false -Declipse.p2.data.area=@config.dir/p2 -XstartOnFirstThread -Xdock:icon=../Resources/idlde.icns -Dorg.eclipse.swt.internal.carbon.smallFonts -Dosgi.sharedConfiguration.area=../../../configuration.darwin.x86_64 -Xms128m -Xmx1024m 
java_command: <unknown>
Launcher Type: generic

Environment Variables:
CLASSPATH=.:/Applications/exelis/idl85/resource/bridges/export/java/javaidlb.jar
PATH=/Applications/exelis/idl85/bin:/Applications/gut-3.1/bin:/usr/local/ncl-6.3.0/bin:/Applications/gut-3.1/bin:/opt/local/bin:/opt/local/sbin:/usr/local/bin:/opt/local/bin:/opt/local/sbin:/opt/local/bin:/opt/local/sbin:/usr/local/bin:/usr/bin:/bin:/usr/sbin:/sbin:/opt/X11/bin:/opt/X11/bin
LD_LIBRARY_PATH=/Applications/exelis/idl85/idlde/bin.darwin.x86_64/jre/lib/server:/Applications/exelis/idl85/idlde/bin.darwin.x86_64/jre/lib:
SHELL=/bin/bash
DISPLAY=:0
DYLD_LIBRARY_PATH=/Applications/exelis/idl85/idlde/bin.darwin.x86_64:/Applications/exelis/idl85/bin/bin.darwin.x86_64
DYLD_FALLBACK_LIBRARY_PATH=/Applications/exelis/idl85/idlde/bin.darwin.x86_64/jre/lib/server:/Applications/exelis/idl85/idlde/bin.darwin.x86_64/jre/lib:

Signal Handlers:
SIGSEGV: [libjvm.dylib+0x4a820f], sa_mask[0]=0xfffefeff, sa_flags=0x00000042
SIGBUS: [libjvm.dylib+0x4a820f], sa_mask[0]=0xfffefeff, sa_flags=0x00000042
SIGFPE: [libjvm.dylib+0x3b7495], sa_mask[0]=0xfffefeff, sa_flags=0x00000042
SIGPIPE: SIG_IGN, sa_mask[0]=0x00000000, sa_flags=0x00000002
SIGXFSZ: [libjvm.dylib+0x3b7495], sa_mask[0]=0xfffefeff, sa_flags=0x00000042
SIGILL: [libjvm.dylib+0x3b7495], sa_mask[0]=0xfffefeff, sa_flags=0x00000042
SIGUSR1: SIG_DFL, sa_mask[0]=0x63807efb, sa_flags=0x00000000
SIGUSR2: [libjvm.dylib+0x3b702e], sa_mask[0]=0x00000000, sa_flags=0x00000042
SIGHUP: [libjvm.dylib+0x3b528f], sa_mask[0]=0xfffefeff, sa_flags=0x00000042
SIGINT: [libidl.8.5.dylib+0x403a20], sa_mask[0]=0x00000000, sa_flags=0x00000002
SIGTERM: [libjvm.dylib+0x3b528f], sa_mask[0]=0xfffefeff, sa_flags=0x00000042
SIGQUIT: [libjvm.dylib+0x3b528f], sa_mask[0]=0xfffefeff, sa_flags=0x00000042


---------------  S Y S T E M  ---------------

OS:Bsduname:Darwin 15.3.0 Darwin Kernel Version 15.3.0: Thu Dec 10 18:40:58 PST 2015; root:xnu-3248.30.4~1/RELEASE_X86_64 x86_64
rlimit: STACK 8192k, CORE 0k, NPROC 709, NOFILE 10240, AS infinity
load average:2.72 1.74 1.54

CPU:total 4 (2 cores per cpu, 2 threads per core) family 6 model 61 stepping 4, cmov, cx8, fxsr, mmx, sse, sse2, sse3, ssse3, sse4.1, sse4.2, popcnt, avx, avx2, ht, tsc, tscinvbit

Memory: 4k page, physical 137434948440k(34358737110k free)

/proc/meminfo:


vm_info: Java HotSpot(TM) 64-Bit Server VM (23.25-b01) for bsd-amd64 JRE (1.7.0_25-b15), built on Jun  5 2013 22:26:36 by "java_re" with gcc 4.2.1 (Based on Apple Inc. build 5658) (LLVM build 2336.11.00)

time: Sun Apr 17 16:39:30 2016
elapsed time: 2053 seconds

