#
# A fatal error has been detected by the Java Runtime Environment:
#
#  SIGSEGV (0xb) at pc=0x00000001104ae55e, pid=1210, tid=44291
#
# JRE version: 7.0_25-b15
# Java VM: Java HotSpot(TM) 64-Bit Server VM (23.25-b01 mixed mode bsd-amd64 compressed oops)
# Problematic frame:
# C  [libidl.8.5.dylib+0x1b355e]  IDL_GrModelDraw+0x71e
#
# Failed to write core dump. Core dumps have been disabled. To enable core dumping, try "ulimit -c unlimited" before starting Java again
#
# If you would like to submit a bug report, please visit:
#   http://bugreport.sun.com/bugreport/crash.jsp
# The crash happened outside the Java Virtual Machine in native code.
# See problematic frame for where to report the bug.
#

---------------  T H R E A D  ---------------

Current thread (0x000000010190a800):  JavaThread "IDL" [_thread_in_native, id=44291, stack(0x00007000018e5000,0x00007000019e5000)]

siginfo:si_signo=SIGSEGV: si_errno=0, si_code=1 (SEGV_MAPERR), si_addr=0x0000000000000000

Registers:
RAX=0x0000000000000001, RBX=0x0000000000000000, RCX=0x000000011c713108, RDX=0x0000000000000000
RSP=0x00007000019dc890, RBP=0x00007000019dd4a0, RSI=0x0000000000000000, RDI=0x000000000002346e
R8 =0x0000000110d4b740, R9 =0x0000000000007ffd, R10=0x00007fff821b57ee, R11=0x0000000000000246
R12=0x00007000019dd5e0, R13=0x0000000110d4b230, R14=0x0000000000000018, R15=0x0000000000000000
RIP=0x00000001104ae55e, EFLAGS=0x0000000000010202, ERR=0x0000000000000004
  TRAPNO=0x000000000000000e

Top of Stack: (sp=0x00007000019dc890)
0x00007000019dc890:   00007000019dd658 0000000000000000
0x00007000019dc8a0:   0000000000000000 0000000100000000
0x00007000019dc8b0:   0000000101835938 0000000001835a80
0x00007000019dc8c0:   0000000000000000 00000001156a8fd8
0x00007000019dc8d0:   00007000019dd658 0000000110d4a968
0x00007000019dc8e0:   000000000487e878 0000000000000000
0x00007000019dc8f0:   00007000019dc948 00000002012147a0
0x00007000019dc900:   000000010fd3b750 0000000101214928
0x00007000019dc910:   0000000101a0e680 00000001010e7bb0
0x00007000019dc920:   00000001010e6aa0 00000001143be6c8
0x00007000019dc930:   00000001127bf418 0000000100bc5d68
0x00007000019dc940:   0000000200000000 0000000200000000
0x00007000019dc950:   0000000101109dd8 0000000101109f60
0x00007000019dc960:   0000000101109f60 000000010118a730
0x00007000019dc970:   000000010118a8b8 000000010118a8b8
0x00007000019dc980:   0000000101176140 0000000101176288
0x00007000019dc990:   0000000101176288 000000010110ec48
0x00007000019dc9a0:   000000010110edd0 000000010110edd0
0x00007000019dc9b0:   0000000101a020c0 0000000101a02208
0x00007000019dc9c0:   0000000101a02208 0000000104a657c8
0x00007000019dc9d0:   0000000101a06570 0000000101a06ef8
0x00007000019dc9e0:   0000000101a06ef8 000000010486fc58
0x00007000019dc9f0:   0000000100b65340 0000000100b65e48
0x00007000019dca00:   0000000100b65f90 0000000100b68708
0x00007000019dca10:   0000000100b68850 0000000100b6adf0
0x00007000019dca20:   0000000100b6af38 0000000100a69090
0x00007000019dca30:   0000000100a691d8 000000010486fb10
0x00007000019dca40:   000000010136a460 0000000100ba08b0
0x00007000019dca50:   00000001049219b8 000000010119a240
0x00007000019dca60:   000000010119a388 000000010119cdc0
0x00007000019dca70:   00007000019dcaa0 00000001105f4c97
0x00007000019dca80:   0000000000000000 0000000000000000 

Instructions: (pc=0x00000001104ae55e)
0x00000001104ae53e:   85 1c f4 ff ff 8b 7d ec 48 8b 75 e0 48 8b 55 d8
0x00000001104ae54e:   e8 fd 22 09 00 48 8b 55 a0 48 8b 92 d0 00 00 00
0x00000001104ae55e:   48 8b 12 48 81 e2 20 00 00 00 48 81 fa 00 00 00
0x00000001104ae56e:   00 0f 85 3c 00 00 00 48 8d b5 a0 f4 ff ff c7 85 

Register to memory mapping:

RAX=0x0000000000000001 is an unknown value
RBX=0x0000000000000000 is an unknown value
RCX=0x000000011c713108 is an unknown value
RDX=0x0000000000000000 is an unknown value
RSP=0x00007000019dc890 is pointing into the stack for thread: 0x000000010190a800
RBP=0x00007000019dd4a0 is pointing into the stack for thread: 0x000000010190a800
RSI=0x0000000000000000 is an unknown value
RDI=0x000000000002346e is an unknown value
R8 =0x0000000110d4b740: cstate+0 in /Applications/exelis/idl85/bin/bin.darwin.x86_64/libidl.8.5.dylib at 0x00000001102fb000
R9 =0x0000000000007ffd is an unknown value
R10=0x00007fff821b57ee: sigprocmask+0xa in /usr/lib/system/libsystem_kernel.dylib at 0x00007fff8219d000
R11=0x0000000000000246 is an unknown value
R12=0x00007000019dd5e0 is pointing into the stack for thread: 0x000000010190a800
R13=0x0000000110d4b230: IDL_msg_jmp_env+0 in /Applications/exelis/idl85/bin/bin.darwin.x86_64/libidl.8.5.dylib at 0x00000001102fb000
R14=0x0000000000000018 is an unknown value
R15=0x0000000000000000 is an unknown value


Stack: [0x00007000018e5000,0x00007000019e5000],  sp=0x00007000019dc890,  free space=990k
Native frames: (J=compiled Java code, j=interpreted, Vv=VM code, C=native code)
C  [libidl.8.5.dylib+0x1b355e]  IDL_GrModelDraw+0x71e
C  [libidl.8.5.dylib+0x4113ff]  IDL_ObjCallMethodEx+0x79f
C  [libidl.8.5.dylib+0x40dbea]  IDL_ObjCallMethod+0x7a
C  [libidl.8.5.dylib+0x1348b1]  igSrcDestObjCallMethod+0x141
C  [libidl.8.5.dylib+0x245bbb]  IDL_GrContainerDraw+0x36b
C  [libidl.8.5.dylib+0x1b3553]  IDL_GrModelDraw+0x713
C  [libidl.8.5.dylib+0x4113ff]  IDL_ObjCallMethodEx+0x79f
C  [libidl.8.5.dylib+0x40dbea]  IDL_ObjCallMethod+0x7a
C  [libidl.8.5.dylib+0x1348b1]  igSrcDestObjCallMethod+0x141
C  [libidl.8.5.dylib+0x245bbb]  IDL_GrContainerDraw+0x36b
C  [libidl.8.5.dylib+0x1b3553]  IDL_GrModelDraw+0x713
C  [libidl.8.5.dylib+0x4113ff]  IDL_ObjCallMethodEx+0x79f
C  [libidl.8.5.dylib+0x40dbea]  IDL_ObjCallMethod+0x7a
C  [libidl.8.5.dylib+0x1348b1]  igSrcDestObjCallMethod+0x141
C  [libidl.8.5.dylib+0x245bbb]  IDL_GrContainerDraw+0x36b
C  [libidl.8.5.dylib+0x1b3553]  IDL_GrModelDraw+0x713
C  [libidl.8.5.dylib+0x4113ff]  IDL_ObjCallMethodEx+0x79f
C  [libidl.8.5.dylib+0x40dbea]  IDL_ObjCallMethod+0x7a
C  [libidl.8.5.dylib+0x1348b1]  igSrcDestObjCallMethod+0x141
C  [libidl.8.5.dylib+0x245bbb]  IDL_GrContainerDraw+0x36b
C  [libidl.8.5.dylib+0x19b8c3]  IDL_GrViewDraw+0x263
C  [libidl.8.5.dylib+0x4113ff]  IDL_ObjCallMethodEx+0x79f
C  [libidl.8.5.dylib+0x40dbea]  IDL_ObjCallMethod+0x7a
C  [libidl.8.5.dylib+0x1348b1]  igSrcDestObjCallMethod+0x141
C  [libidl.8.5.dylib+0x139f0d]  igViewGroupDraw+0x29d
C  [libidl.8.5.dylib+0x139c67]  IDL_grViewGroupDraw+0x27
C  [libidl.8.5.dylib+0x4113ff]  IDL_ObjCallMethodEx+0x79f
C  [libidl.8.5.dylib+0x40dbea]  IDL_ObjCallMethod+0x7a
C  [libidl.8.5.dylib+0x1348b1]  igSrcDestObjCallMethod+0x141
C  [libidl.8.5.dylib+0x245bbb]  IDL_GrContainerDraw+0x36b
C  [libidl.8.5.dylib+0x2fcf9]  IDL_GrSceneDraw+0x1d9
C  [libidl.8.5.dylib+0x322de7]  interpreter+0x87d7
C  [libidl.8.5.dylib+0x444d9b]  IDL_Executive+0xebb
C  [libidl.8.5.dylib+0x3242c4]  IDL_InterpCallFromSysproc+0xe4
C  [libidl.8.5.dylib+0x4114d4]  IDL_ObjCallMethodEx+0x874
C  [libidl.8.5.dylib+0x40dbea]  IDL_ObjCallMethod+0x7a
C  [libidl.8.5.dylib+0x1348b1]  igSrcDestObjCallMethod+0x141
C  [libidl.8.5.dylib+0x131824]  IDL_GrSrcDestDraw+0x4b4
C  [libidl.8.5.dylib+0x322de7]  interpreter+0x87d7
C  [libidl.8.5.dylib+0x444d9b]  IDL_Executive+0xebb
C  [libidl_ips.8.5.dylib+0x9604]  ips_main+0x284
C  [libidl_ips.8.5.dylib+0xa83c]  IPS_RunClient+0x3c
C  [libidl_ips.8.5.dylib+0x15543]  IPS_Start+0x13
C  [libidl_ips.8.5.dylib+0xb94]  Java_com_rsi_idldt_core_ips_IPS_1Access_IPS_1Start+0x204
j  com.rsi.idldt.core.ips.IPS_Access.IPS_Start([Ljava/lang/String;)V+0
j  com.rsi.idldt.core.ips.IPS_Manager$2.run()V+15
j  java.lang.Thread.run()V+11
v  ~StubRoutines::call_stub
V  [libjvm.dylib+0x28a5c3]
V  [libjvm.dylib+0x28aaa2]
V  [libjvm.dylib+0x28abdc]
V  [libjvm.dylib+0x2c1868]
V  [libjvm.dylib+0x47cbd8]
V  [libjvm.dylib+0x47e0ca]
V  [libjvm.dylib+0x3b95f9]
C  [libsystem_pthread.dylib+0x3c13]  _pthread_body+0x83
C  [libsystem_pthread.dylib+0x3b90]  _pthread_body+0x0
C  [libsystem_pthread.dylib+0x1375]  thread_start+0xd

Java frames: (J=compiled Java code, j=interpreted, Vv=VM code)
j  com.rsi.idldt.core.ips.IPS_Access.IPS_Start([Ljava/lang/String;)V+0
j  com.rsi.idldt.core.ips.IPS_Manager$2.run()V+15
j  java.lang.Thread.run()V+11
v  ~StubRoutines::call_stub

---------------  P R O C E S S  ---------------

Java Threads: ( => current thread )
  0x00000001149b7000 JavaThread "Worker-8" [_thread_blocked, id=78095, stack(0x000070000019d000,0x000070000029d000)]
  0x0000000118e9d000 JavaThread "[ThreadPool Manager] - Idle Thread" daemon [_thread_blocked, id=39231, stack(0x0000700002caa000,0x0000700002daa000)]
  0x0000000104b2f000 JavaThread "Timer-2" daemon [_thread_blocked, id=65831, stack(0x0000700002a21000,0x0000700002b21000)]
  0x0000000114bad000 JavaThread "Timer-1" daemon [_thread_blocked, id=62987, stack(0x000070000291e000,0x0000700002a1e000)]
  0x0000000100ec3800 JavaThread "Thread-11" [_thread_in_native, id=60419, stack(0x000070000281b000,0x000070000291b000)]
  0x0000000100a6e000 JavaThread "IDLDT DOM Worker-3" [_thread_blocked, id=28699, stack(0x0000700002718000,0x0000700002818000)]
  0x00000001149c5800 JavaThread "IDLDT DOM Worker-2" [_thread_blocked, id=17419, stack(0x0000700002615000,0x0000700002715000)]
  0x0000000114998800 JavaThread "IDLDT DOM Worker-1" [_thread_blocked, id=15115, stack(0x0000700002512000,0x0000700002612000)]
  0x0000000100e4b000 JavaThread "IDLDT DOM Worker-0" [_thread_blocked, id=16647, stack(0x000070000240f000,0x000070000250f000)]
  0x0000000101b21000 JavaThread "Timer-0" daemon [_thread_blocked, id=29195, stack(0x000070000230c000,0x000070000240c000)]
  0x0000000101f20000 JavaThread "Worker-5" [_thread_blocked, id=55559, stack(0x0000700002106000,0x0000700002206000)]
  0x0000000101aec800 JavaThread "Worker-3" [_thread_blocked, id=54803, stack(0x0000700001f00000,0x0000700002000000)]
  0x0000000100849800 JavaThread "Worker-2" [_thread_blocked, id=55363, stack(0x00007000019e8000,0x0000700001ae8000)]
  0x0000000101ce4800 JavaThread "Worker-1" [_thread_blocked, id=53775, stack(0x0000700001dfd000,0x0000700001efd000)]
=>0x000000010190a800 JavaThread "IDL" [_thread_in_native, id=44291, stack(0x00007000018e5000,0x00007000019e5000)]
  0x000000010190f000 JavaThread "IDLToJava Broker" daemon [_thread_blocked, id=44035, stack(0x00007000012d3000,0x00007000013d3000)]
  0x0000000104a0a000 JavaThread "Provisioning Event Dispatcher" daemon [_thread_blocked, id=41731, stack(0x00007000017e2000,0x00007000018e2000)]
  0x000000010109d800 JavaThread "Worker-0" [_thread_blocked, id=41475, stack(0x00007000016df000,0x00007000017df000)]
  0x0000000104996800 JavaThread "Bundle File Closer" daemon [_thread_blocked, id=41219, stack(0x00007000015dc000,0x00007000016dc000)]
  0x0000000104909800 JavaThread "Worker-JM" [_thread_blocked, id=40963, stack(0x00007000014d9000,0x00007000015d9000)]
  0x000000010109d000 JavaThread "[Timer] - Main Queue Handler" daemon [_thread_blocked, id=40707, stack(0x00007000013d6000,0x00007000014d6000)]
  0x0000000104966000 JavaThread "Framework Event Dispatcher" daemon [_thread_blocked, id=40203, stack(0x00007000011d0000,0x00007000012d0000)]
  0x0000000104965800 JavaThread "Start Level Event Dispatcher" daemon [_thread_blocked, id=39939, stack(0x00007000010cd000,0x00007000011cd000)]
  0x00000001010d8000 JavaThread "State Data Manager" daemon [_thread_blocked, id=39439, stack(0x0000700000fca000,0x00007000010ca000)]
  0x000000010490b000 JavaThread "Framework Active Thread" [_thread_blocked, id=39687, stack(0x0000700000ec7000,0x0000700000fc7000)]
  0x000000010187d000 JavaThread "Service Thread" daemon [_thread_blocked, id=25347, stack(0x0000700000cc1000,0x0000700000dc1000)]
  0x0000000101872800 JavaThread "C2 CompilerThread1" daemon [_thread_blocked, id=25091, stack(0x0000700000bbe000,0x0000700000cbe000)]
  0x0000000101873800 JavaThread "C2 CompilerThread0" daemon [_thread_blocked, id=24835, stack(0x0000700000abb000,0x0000700000bbb000)]
  0x0000000101872000 JavaThread "Signal Dispatcher" daemon [_thread_blocked, id=24331, stack(0x00007000009b8000,0x0000700000ab8000)]
  0x0000000104812800 JavaThread "Finalizer" daemon [_thread_blocked, id=23811, stack(0x00007000008b5000,0x00007000009b5000)]
  0x0000000104811800 JavaThread "Reference Handler" daemon [_thread_blocked, id=23555, stack(0x00007000007b2000,0x00007000008b2000)]
  0x000000010181d000 JavaThread "main" [_thread_in_native, id=1295, stack(0x00007fff5f400000,0x00007fff5fc00000)]

Other Threads:
  0x0000000101865000 VMThread [stack: 0x00007000006af000,0x00007000007af000] [id=23299]
  0x0000000101886000 WatcherThread [stack: 0x0000700000dc4000,0x0000700000ec4000] [id=25603]

VM state:not at safepoint (normal execution)

VM Mutex/Monitor currently owned by a thread: None

Heap
 PSYoungGen      total 279424K, used 200487K [0x00000007eaab0000, 0x00000007fdd10000, 0x0000000800000000)
  eden space 247680K, 80% used [0x00000007eaab0000,0x00000007f6e79c38,0x00000007f9c90000)
  from space 31744K, 0% used [0x00000007f9c90000,0x00000007f9c90000,0x00000007fbb90000)
  to   space 32320K, 0% used [0x00000007fbd80000,0x00000007fbd80000,0x00000007fdd10000)
 ParOldGen       total 87424K, used 43083K [0x00000007c0000000, 0x00000007c5560000, 0x00000007eaab0000)
  object space 87424K, 49% used [0x00000007c0000000,0x00000007c2a12ce8,0x00000007c5560000)
 PSPermGen       total 83968K, used 50961K [0x00000007bae00000, 0x00000007c0000000, 0x00000007c0000000)
  object space 83968K, 60% used [0x00000007bae00000,0x00000007bdfc4538,0x00000007c0000000)

Card table byte_map: [0x00000001045a1000,0x00000001047cb000] byte_map_base: 0x00000001007ca000

Polling page: 0x0000000100751000

Code Cache  [0x00000001061f2000, 0x0000000106772000, 0x00000001091f2000)
 total_blobs=1969 nmethods=1434 adapters=485 free_code_cache=43707Kb largest_free_block=44594880

Compilation events (10 events):
Event: 235.452 Thread 0x0000000101872800 1600             org.eclipse.jface.text.TreeLineTracker::setChild (60 bytes)
Event: 235.453 Thread 0x0000000101872800 nmethod 1600 0x00000001065ae050 code [0x00000001065ae1a0, 0x00000001065ae368]
Event: 236.019 Thread 0x0000000101873800 1601             org.eclipse.jface.viewers.AbstractTreeViewer::getTreePathFromItem (47 bytes)
Event: 236.020 Thread 0x0000000101872800 1602             java.util.LinkedList::toArray (39 bytes)
Event: 236.022 Thread 0x0000000101872800 nmethod 1602 0x00000001065adc90 code [0x00000001065adde0, 0x00000001065adf78]
Event: 236.028 Thread 0x0000000101873800 nmethod 1601 0x0000000106264a50 code [0x0000000106264c00, 0x0000000106265248]
Event: 236.040 Thread 0x0000000101872800 1603             org.eclipse.jface.viewers.TreePath::equals (87 bytes)
Event: 236.042 Thread 0x0000000101872800 nmethod 1603 0x00000001065ad6d0 code [0x00000001065ad840, 0x00000001065ada58]
Event: 236.211 Thread 0x0000000101873800 1604             org.eclipse.swt.widgets.Display::windowProc (2612 bytes)
Event: 236.356 Thread 0x0000000101873800 nmethod 1604 0x0000000106761ed0 code [0x00000001067627e0, 0x0000000106766118]

GC Heap History (10 events):
Event: 63.929 GC heap before
{Heap before GC invocations=10 (full 1):
 PSYoungGen      total 277440K, used 20924K [0x00000007eaab0000, 0x00000007fd930000, 0x0000000800000000)
  eden space 247488K, 0% used [0x00000007eaab0000,0x00000007eaab0000,0x00000007f9c60000)
  from space 29952K, 69% used [0x00000007f9c60000,0x00000007fb0cf2b0,0x00000007fb9a0000)
  to   space 30336K, 0% used [0x00000007fbb90000,0x00000007fbb90000,0x00000007fd930000)
 ParOldGen       total 87424K, used 50398K [0x00000007c0000000, 0x00000007c5560000, 0x00000007eaab0000)
  object space 87424K, 57% used [0x00000007c0000000,0x00000007c31379a8,0x00000007c5560000)
 PSPermGen       total 50624K, used 50487K [0x00000007bae00000, 0x00000007bdf70000, 0x00000007c0000000)
  object space 50624K, 99% used [0x00000007bae00000,0x00000007bdf4dec8,0x00000007bdf70000)
Event: 64.227 GC heap after
Heap after GC invocations=10 (full 1):
 PSYoungGen      total 277440K, used 0K [0x00000007eaab0000, 0x00000007fd930000, 0x0000000800000000)
  eden space 247488K, 0% used [0x00000007eaab0000,0x00000007eaab0000,0x00000007f9c60000)
  from space 29952K, 0% used [0x00000007f9c60000,0x00000007f9c60000,0x00000007fb9a0000)
  to   space 30336K, 0% used [0x00000007fbb90000,0x00000007fbb90000,0x00000007fd930000)
 ParOldGen       total 87424K, used 44038K [0x00000007c0000000, 0x00000007c5560000, 0x00000007eaab0000)
  object space 87424K, 50% used [0x00000007c0000000,0x00000007c2b01818,0x00000007c5560000)
 PSPermGen       total 83968K, used 50465K [0x00000007bae00000, 0x00000007c0000000, 0x00000007c0000000)
  object space 83968K, 60% used [0x00000007bae00000,0x00000007bdf484f8,0x00000007c0000000)
}
Event: 133.516 GC heap before
{Heap before GC invocations=11 (full 1):
 PSYoungGen      total 277440K, used 39654K [0x00000007eaab0000, 0x00000007fd930000, 0x0000000800000000)
  eden space 247488K, 16% used [0x00000007eaab0000,0x00000007ed169b60,0x00000007f9c60000)
  from space 29952K, 0% used [0x00000007f9c60000,0x00000007f9c60000,0x00000007fb9a0000)
  to   space 30336K, 0% used [0x00000007fbb90000,0x00000007fbb90000,0x00000007fd930000)
 ParOldGen       total 87424K, used 44038K [0x00000007c0000000, 0x00000007c5560000, 0x00000007eaab0000)
  object space 87424K, 50% used [0x00000007c0000000,0x00000007c2b01818,0x00000007c5560000)
 PSPermGen       total 83968K, used 50742K [0x00000007bae00000, 0x00000007c0000000, 0x00000007c0000000)
  object space 83968K, 60% used [0x00000007bae00000,0x00000007bdf8d8e0,0x00000007c0000000)
Event: 133.521 GC heap after
Heap after GC invocations=11 (full 1):
 PSYoungGen      total 278016K, used 527K [0x00000007eaab0000, 0x00000007fdbf0000, 0x0000000800000000)
  eden space 247680K, 0% used [0x00000007eaab0000,0x00000007eaab0000,0x00000007f9c90000)
  from space 30336K, 1% used [0x00000007fbb90000,0x00000007fbc13cc0,0x00000007fd930000)
  to   space 31744K, 0% used [0x00000007f9c90000,0x00000007f9c90000,0x00000007fbb90000)
 ParOldGen       total 87424K, used 44038K [0x00000007c0000000, 0x00000007c5560000, 0x00000007eaab0000)
  object space 87424K, 50% used [0x00000007c0000000,0x00000007c2b01818,0x00000007c5560000)
 PSPermGen       total 83968K, used 50742K [0x00000007bae00000, 0x00000007c0000000, 0x00000007c0000000)
  object space 83968K, 60% used [0x00000007bae00000,0x00000007bdf8d8e0,0x00000007c0000000)
}
Event: 133.521 GC heap before
{Heap before GC invocations=12 (full 2):
 PSYoungGen      total 278016K, used 527K [0x00000007eaab0000, 0x00000007fdbf0000, 0x0000000800000000)
  eden space 247680K, 0% used [0x00000007eaab0000,0x00000007eaab0000,0x00000007f9c90000)
  from space 30336K, 1% used [0x00000007fbb90000,0x00000007fbc13cc0,0x00000007fd930000)
  to   space 31744K, 0% used [0x00000007f9c90000,0x00000007f9c90000,0x00000007fbb90000)
 ParOldGen       total 87424K, used 44038K [0x00000007c0000000, 0x00000007c5560000, 0x00000007eaab0000)
  object space 87424K, 50% used [0x00000007c0000000,0x00000007c2b01818,0x00000007c5560000)
 PSPermGen       total 83968K, used 50742K [0x00000007bae00000, 0x00000007c0000000, 0x00000007c0000000)
  object space 83968K, 60% used [0x00000007bae00000,0x00000007bdf8d8e0,0x00000007c0000000)
Event: 133.653 GC heap after
Heap after GC invocations=12 (full 2):
 PSYoungGen      total 278016K, used 0K [0x00000007eaab0000, 0x00000007fdbf0000, 0x0000000800000000)
  eden space 247680K, 0% used [0x00000007eaab0000,0x00000007eaab0000,0x00000007f9c90000)
  from space 30336K, 0% used [0x00000007fbb90000,0x00000007fbb90000,0x00000007fd930000)
  to   space 31744K, 0% used [0x00000007f9c90000,0x00000007f9c90000,0x00000007fbb90000)
 ParOldGen       total 87424K, used 43197K [0x00000007c0000000, 0x00000007c5560000, 0x00000007eaab0000)
  object space 87424K, 49% used [0x00000007c0000000,0x00000007c2a2f6c0,0x00000007c5560000)
 PSPermGen       total 83968K, used 50741K [0x00000007bae00000, 0x00000007c0000000, 0x00000007c0000000)
  object space 83968K, 60% used [0x00000007bae00000,0x00000007bdf8d5d8,0x00000007c0000000)
}
Event: 199.267 GC heap before
{Heap before GC invocations=13 (full 2):
 PSYoungGen      total 278016K, used 98536K [0x00000007eaab0000, 0x00000007fdbf0000, 0x0000000800000000)
  eden space 247680K, 39% used [0x00000007eaab0000,0x00000007f0aea2e0,0x00000007f9c90000)
  from space 30336K, 0% used [0x00000007fbb90000,0x00000007fbb90000,0x00000007fd930000)
  to   space 31744K, 0% used [0x00000007f9c90000,0x00000007f9c90000,0x00000007fbb90000)
 ParOldGen       total 87424K, used 43197K [0x00000007c0000000, 0x00000007c5560000, 0x00000007eaab0000)
  object space 87424K, 49% used [0x00000007c0000000,0x00000007c2a2f6c0,0x00000007c5560000)
 PSPermGen       total 83968K, used 50851K [0x00000007bae00000, 0x00000007c0000000, 0x00000007c0000000)
  object space 83968K, 60% used [0x00000007bae00000,0x00000007bdfa8e88,0x00000007c0000000)
Event: 199.271 GC heap after
Heap after GC invocations=13 (full 2):
 PSYoungGen      total 279424K, used 1724K [0x00000007eaab0000, 0x00000007fdd10000, 0x0000000800000000)
  eden space 247680K, 0% used [0x00000007eaab0000,0x00000007eaab0000,0x00000007f9c90000)
  from space 31744K, 5% used [0x00000007f9c90000,0x00000007f9e3f010,0x00000007fbb90000)
  to   space 32320K, 0% used [0x00000007fbd80000,0x00000007fbd80000,0x00000007fdd10000)
 ParOldGen       total 87424K, used 43197K [0x00000007c0000000, 0x00000007c5560000, 0x00000007eaab0000)
  object space 87424K, 49% used [0x00000007c0000000,0x00000007c2a2f6c0,0x00000007c5560000)
 PSPermGen       total 83968K, used 50851K [0x00000007bae00000, 0x00000007c0000000, 0x00000007c0000000)
  object space 83968K, 60% used [0x00000007bae00000,0x00000007bdfa8e88,0x00000007c0000000)
}
Event: 199.272 GC heap before
{Heap before GC invocations=14 (full 3):
 PSYoungGen      total 279424K, used 1724K [0x00000007eaab0000, 0x00000007fdd10000, 0x0000000800000000)
  eden space 247680K, 0% used [0x00000007eaab0000,0x00000007eaab0000,0x00000007f9c90000)
  from space 31744K, 5% used [0x00000007f9c90000,0x00000007f9e3f010,0x00000007fbb90000)
  to   space 32320K, 0% used [0x00000007fbd80000,0x00000007fbd80000,0x00000007fdd10000)
 ParOldGen       total 87424K, used 43197K [0x00000007c0000000, 0x00000007c5560000, 0x00000007eaab0000)
  object space 87424K, 49% used [0x00000007c0000000,0x00000007c2a2f6c0,0x00000007c5560000)
 PSPermGen       total 83968K, used 50851K [0x00000007bae00000, 0x00000007c0000000, 0x00000007c0000000)
  object space 83968K, 60% used [0x00000007bae00000,0x00000007bdfa8e88,0x00000007c0000000)
Event: 199.397 GC heap after
Heap after GC invocations=14 (full 3):
 PSYoungGen      total 279424K, used 0K [0x00000007eaab0000, 0x00000007fdd10000, 0x0000000800000000)
  eden space 247680K, 0% used [0x00000007eaab0000,0x00000007eaab0000,0x00000007f9c90000)
  from space 31744K, 0% used [0x00000007f9c90000,0x00000007f9c90000,0x00000007fbb90000)
  to   space 32320K, 0% used [0x00000007fbd80000,0x00000007fbd80000,0x00000007fdd10000)
 ParOldGen       total 87424K, used 43083K [0x00000007c0000000, 0x00000007c5560000, 0x00000007eaab0000)
  object space 87424K, 49% used [0x00000007c0000000,0x00000007c2a12ce8,0x00000007c5560000)
 PSPermGen       total 83968K, used 50850K [0x00000007bae00000, 0x00000007c0000000, 0x00000007c0000000)
  object space 83968K, 60% used [0x00000007bae00000,0x00000007bdfa8a08,0x00000007c0000000)
}

Deoptimization events (10 events):
Event: 236.214 Thread 0x000000010181d000 Uncommon trap -12 fr.pc 0x000000010664de58
Event: 236.227 Thread 0x0000000101f20000 Uncommon trap -58 fr.pc 0x00000001066446f8
Event: 236.257 Thread 0x0000000101ce4800 Uncommon trap -58 fr.pc 0x00000001066446f8
Event: 236.259 Thread 0x00000001149b7000 Uncommon trap -58 fr.pc 0x00000001066446f8
Event: 236.384 Thread 0x000000010181d000 Uncommon trap -12 fr.pc 0x00000001063d40c4
Event: 236.601 Thread 0x000000010181d000 Uncommon trap -34 fr.pc 0x000000010676544c
Event: 236.601 Thread 0x000000010181d000 Uncommon trap -58 fr.pc 0x000000010653bc80
Event: 236.601 Thread 0x000000010181d000 Uncommon trap -58 fr.pc 0x000000010653bc80
Event: 236.602 Thread 0x000000010181d000 Uncommon trap -34 fr.pc 0x00000001067654b4
Event: 237.843 Thread 0x000000010181d000 Uncommon trap -58 fr.pc 0x00000001067654d4

Internal exceptions (10 events):
Event: 236.899 Thread 0x000000011904e000 Threw 0x00000007f680b230 at /HUDSON/workspace/jdk7u25-2-build-macosx-amd64-product/jdk7u25/hotspot/src/share/vm/prims/jvm.cpp:2957
Event: 236.916 Thread 0x000000011904e000 Threw 0x00000007f680b418 at /HUDSON/workspace/jdk7u25-2-build-macosx-amd64-product/jdk7u25/hotspot/src/share/vm/prims/jvm.cpp:2957
Event: 237.023 Thread 0x000000010181d000 Threw 0x00000007f6b420c8 at /HUDSON/workspace/jdk7u25-2-build-macosx-amd64-product/jdk7u25/hotspot/src/share/vm/prims/nativeLookup.
Event: 237.023 Thread 0x000000010181d000 Threw 0x00000007f6b42de8 at /HUDSON/workspace/jdk7u25-2-build-macosx-amd64-product/jdk7u25/hotspot/src/share/vm/prims/nativeLookup.
Event: 237.023 Thread 0x000000010181d000 Threw 0x00000007f6b434d8 at /HUDSON/workspace/jdk7u25-2-build-macosx-amd64-product/jdk7u25/hotspot/src/share/vm/prims/nativeLookup.
Event: 237.939 Thread 0x000000010181d000 Threw 0x00000007f6c90778 at /HUDSON/workspace/jdk7u25-2-build-macosx-amd64-product/jdk7u25/hotspot/src/share/vm/prims/nativeLookup.
Event: 237.939 Thread 0x000000010181d000 Threw 0x00000007f6c912d0 at /HUDSON/workspace/jdk7u25-2-build-macosx-amd64-product/jdk7u25/hotspot/src/share/vm/prims/nativeLookup.
Event: 237.939 Thread 0x000000010181d000 Threw 0x00000007f6c91f50 at /HUDSON/workspace/jdk7u25-2-build-macosx-amd64-product/jdk7u25/hotspot/src/share/vm/prims/nativeLookup.
Event: 237.939 Thread 0x000000010181d000 Threw 0x00000007f6c92708 at /HUDSON/workspace/jdk7u25-2-build-macosx-amd64-product/jdk7u25/hotspot/src/share/vm/prims/nativeLookup.
Event: 238.525 Thread 0x000000010190a800 Threw 0x00000007f5b376f8 at /HUDSON/workspace/jdk7u25-2-build-macosx-amd64-product/jdk7u25/hotspot/src/share/vm/prims/nativeLookup.

Events (10 events):
Event: 237.053 Executing VM operation: RevokeBias done
Event: 237.054 Executing VM operation: RevokeBias
Event: 237.054 Executing VM operation: RevokeBias done
Event: 237.057 Executing VM operation: RevokeBias
Event: 237.057 Executing VM operation: RevokeBias done
Event: 237.417 Executing VM operation: RevokeBias
Event: 237.417 Executing VM operation: RevokeBias done
Event: 237.417 Thread 0x000000011904e000 Thread exited: 0x000000011904e000
Event: 237.843 Thread 0x000000010181d000 DEOPT PACKING pc=0x00000001067654d4 sp=0x00007fff5fbfc3f0
Event: 237.843 Thread 0x000000010181d000 DEOPT UNPACKING pc=0x000000010622b145 sp=0x00007fff5fbfc380 mode 2


Dynamic libraries:
0x00000000008d6000 	/System/Library/Frameworks/Cocoa.framework/Versions/A/Cocoa
0x00000000008d6000 	/usr/lib/libSystem.B.dylib
0x00000000008d6000 	/System/Library/Frameworks/CoreServices.framework/Versions/A/CoreServices
0x00000000008d6000 	/usr/lib/libobjc.A.dylib
0x00000000008d6000 	/System/Library/Frameworks/CoreFoundation.framework/Versions/A/CoreFoundation
0x00000000008d6000 	/System/Library/Frameworks/AppKit.framework/Versions/C/AppKit
0x00000000008d6000 	/System/Library/Frameworks/ApplicationServices.framework/Versions/A/ApplicationServices
0x00000000008d6000 	/System/Library/Frameworks/Foundation.framework/Versions/C/Foundation
0x00000000008d6000 	/System/Library/Frameworks/CoreData.framework/Versions/A/CoreData
0x00000000008d6000 	/System/Library/PrivateFrameworks/RemoteViewServices.framework/Versions/A/RemoteViewServices
0x00000000008d6000 	/System/Library/PrivateFrameworks/UIFoundation.framework/Versions/A/UIFoundation
0x00000000008d6000 	/usr/lib/libScreenReader.dylib
0x00000000008d6000 	/System/Library/Frameworks/Accelerate.framework/Versions/A/Accelerate
0x00000000008d6000 	/System/Library/Frameworks/IOSurface.framework/Versions/A/IOSurface
0x00000000008d6000 	/System/Library/Frameworks/AudioToolbox.framework/Versions/A/AudioToolbox
0x00000000008d6000 	/System/Library/Frameworks/AudioUnit.framework/Versions/A/AudioUnit
0x00000000008d6000 	/System/Library/PrivateFrameworks/DataDetectorsCore.framework/Versions/A/DataDetectorsCore
0x00000000008d6000 	/System/Library/PrivateFrameworks/DesktopServicesPriv.framework/Versions/A/DesktopServicesPriv
0x00000000008d6000 	/System/Library/Frameworks/Carbon.framework/Versions/A/Frameworks/HIToolbox.framework/Versions/A/HIToolbox
0x00000000008d6000 	/System/Library/Frameworks/QuartzCore.framework/Versions/A/QuartzCore
0x00000000008d6000 	/System/Library/Frameworks/Security.framework/Versions/A/Security
0x00000000008d6000 	/System/Library/Frameworks/Carbon.framework/Versions/A/Frameworks/SpeechRecognition.framework/Versions/A/SpeechRecognition
0x00000000008d6000 	/usr/lib/libauto.dylib
0x00000000008d6000 	/usr/lib/libicucore.A.dylib
0x00000000008d6000 	/usr/lib/libxml2.2.dylib
0x00000000008d6000 	/usr/lib/libz.1.dylib
0x00000000008d6000 	/System/Library/PrivateFrameworks/CoreUI.framework/Versions/A/CoreUI
0x00000000008d6000 	/System/Library/Frameworks/CoreAudio.framework/Versions/A/CoreAudio
0x00000000008d6000 	/System/Library/Frameworks/DiskArbitration.framework/Versions/A/DiskArbitration
0x00000000008d6000 	/usr/lib/liblangid.dylib
0x00000000008d6000 	/System/Library/PrivateFrameworks/MultitouchSupport.framework/Versions/A/MultitouchSupport
0x00000000008d6000 	/System/Library/Frameworks/IOKit.framework/Versions/A/IOKit
0x00000000008d6000 	/usr/lib/libDiagnosticMessagesClient.dylib
0x00000000008d6000 	/System/Library/PrivateFrameworks/PerformanceAnalysis.framework/Versions/A/PerformanceAnalysis
0x00000000008d6000 	/System/Library/PrivateFrameworks/GenerationalStorage.framework/Versions/A/GenerationalStorage
0x00000000008d6000 	/System/Library/Frameworks/OpenGL.framework/Versions/A/OpenGL
0x00000000008d6000 	/System/Library/PrivateFrameworks/Sharing.framework/Versions/A/Sharing
0x00000000008d6000 	/System/Library/Frameworks/CoreGraphics.framework/Versions/A/CoreGraphics
0x00000000008d6000 	/System/Library/Frameworks/CoreImage.framework/Versions/A/CoreImage
0x00000000008d6000 	/System/Library/Frameworks/CoreText.framework/Versions/A/CoreText
0x00000000008d6000 	/System/Library/Frameworks/ImageIO.framework/Versions/A/ImageIO
0x00000000008d6000 	/System/Library/PrivateFrameworks/Backup.framework/Versions/A/Backup
0x00000000008d6000 	/usr/lib/libextension.dylib
0x00000000008d6000 	/usr/lib/libarchive.2.dylib
0x00000000008d6000 	/System/Library/Frameworks/CFNetwork.framework/Versions/A/CFNetwork
0x00000000008d6000 	/System/Library/Frameworks/SystemConfiguration.framework/Versions/A/SystemConfiguration
0x00000000008d6000 	/usr/lib/libCRFSuite.dylib
0x00000000008d6000 	/usr/lib/libc++.1.dylib
0x00000000008d6000 	/usr/lib/libc++abi.dylib
0x00000000008d6000 	/usr/lib/system/libcache.dylib
0x00000000008d6000 	/usr/lib/system/libcommonCrypto.dylib
0x00000000008d6000 	/usr/lib/system/libcompiler_rt.dylib
0x00000000008d6000 	/usr/lib/system/libcopyfile.dylib
0x00000000008d6000 	/usr/lib/system/libcorecrypto.dylib
0x00000000008d6000 	/usr/lib/system/libdispatch.dylib
0x00000000008d6000 	/usr/lib/system/libdyld.dylib
0x00000000008d6000 	/usr/lib/system/libkeymgr.dylib
0x00000000008d6000 	/usr/lib/system/liblaunch.dylib
0x00000000008d6000 	/usr/lib/system/libmacho.dylib
0x00000000008d6000 	/usr/lib/system/libquarantine.dylib
0x00000000008d6000 	/usr/lib/system/libremovefile.dylib
0x00000000008d6000 	/usr/lib/system/libsystem_asl.dylib
0x00000000008d6000 	/usr/lib/system/libsystem_blocks.dylib
0x00000000008d6000 	/usr/lib/system/libsystem_c.dylib
0x00000000008d6000 	/usr/lib/system/libsystem_configuration.dylib
0x00000000008d6000 	/usr/lib/system/libsystem_coreservices.dylib
0x00000000008d6000 	/usr/lib/system/libsystem_coretls.dylib
0x00000000008d6000 	/usr/lib/system/libsystem_dnssd.dylib
0x00000000008d6000 	/usr/lib/system/libsystem_info.dylib
0x00000000008d6000 	/usr/lib/system/libsystem_kernel.dylib
0x00000000008d6000 	/usr/lib/system/libsystem_m.dylib
0x00000000008d6000 	/usr/lib/system/libsystem_malloc.dylib
0x00000000008d6000 	/usr/lib/system/libsystem_network.dylib
0x00000000008d6000 	/usr/lib/system/libsystem_networkextension.dylib
0x00000000008d6000 	/usr/lib/system/libsystem_notify.dylib
0x00000000008d6000 	/usr/lib/system/libsystem_platform.dylib
0x00000000008d6000 	/usr/lib/system/libsystem_pthread.dylib
0x00000000008d6000 	/usr/lib/system/libsystem_sandbox.dylib
0x00000000008d6000 	/usr/lib/system/libsystem_secinit.dylib
0x00000000008d6000 	/usr/lib/system/libsystem_trace.dylib
0x00000000008d6000 	/usr/lib/system/libunc.dylib
0x00000000008d6000 	/usr/lib/system/libunwind.dylib
0x00000000008d6000 	/usr/lib/system/libxpc.dylib
0x00000000008d6000 	/usr/lib/libenergytrace.dylib
0x00000000008d6000 	/usr/lib/libbsm.0.dylib
0x00000000008d6000 	/usr/lib/system/libkxld.dylib
0x00000000008d6000 	/usr/lib/libxar.1.dylib
0x00000000008d6000 	/usr/lib/libsqlite3.dylib
0x00000000008d6000 	/usr/lib/libpam.2.dylib
0x00000000008d6000 	/usr/lib/libOpenScriptingUtil.dylib
0x00000000008d6000 	/usr/lib/libbz2.1.0.dylib
0x00000000008d6000 	/usr/lib/liblzma.5.dylib
0x00000000008d6000 	/System/Library/Frameworks/CoreServices.framework/Versions/A/Frameworks/FSEvents.framework/Versions/A/FSEvents
0x00000000008d6000 	/System/Library/Frameworks/CoreServices.framework/Versions/A/Frameworks/CarbonCore.framework/Versions/A/CarbonCore
0x00000000008d6000 	/System/Library/Frameworks/CoreServices.framework/Versions/A/Frameworks/Metadata.framework/Versions/A/Metadata
0x00000000008d6000 	/System/Library/Frameworks/CoreServices.framework/Versions/A/Frameworks/OSServices.framework/Versions/A/OSServices
0x00000000008d6000 	/System/Library/Frameworks/CoreServices.framework/Versions/A/Frameworks/SearchKit.framework/Versions/A/SearchKit
0x00000000008d6000 	/System/Library/Frameworks/CoreServices.framework/Versions/A/Frameworks/AE.framework/Versions/A/AE
0x00000000008d6000 	/System/Library/Frameworks/CoreServices.framework/Versions/A/Frameworks/LaunchServices.framework/Versions/A/LaunchServices
0x00000000008d6000 	/System/Library/Frameworks/CoreServices.framework/Versions/A/Frameworks/DictionaryServices.framework/Versions/A/DictionaryServices
0x00000000008d6000 	/System/Library/Frameworks/CoreServices.framework/Versions/A/Frameworks/SharedFileList.framework/Versions/A/SharedFileList
0x00000000008d6000 	/System/Library/Frameworks/NetFS.framework/Versions/A/NetFS
0x00000000008d6000 	/System/Library/PrivateFrameworks/NetAuth.framework/Versions/A/NetAuth
0x00000000008d6000 	/System/Library/PrivateFrameworks/login.framework/Versions/A/Frameworks/loginsupport.framework/Versions/A/loginsupport
0x00000000008d6000 	/System/Library/PrivateFrameworks/TCC.framework/Versions/A/TCC
0x00000000008d6000 	/usr/lib/libmecabra.dylib
0x00000000008d6000 	/System/Library/Frameworks/ApplicationServices.framework/Versions/A/Frameworks/ATS.framework/Versions/A/ATS
0x00000000008d6000 	/System/Library/Frameworks/ApplicationServices.framework/Versions/A/Frameworks/ColorSync.framework/Versions/A/ColorSync
0x00000000008d6000 	/System/Library/Frameworks/ApplicationServices.framework/Versions/A/Frameworks/HIServices.framework/Versions/A/HIServices
0x00000000008d6000 	/System/Library/Frameworks/ApplicationServices.framework/Versions/A/Frameworks/LangAnalysis.framework/Versions/A/LangAnalysis
0x00000000008d6000 	/System/Library/Frameworks/ApplicationServices.framework/Versions/A/Frameworks/PrintCore.framework/Versions/A/PrintCore
0x00000000008d6000 	/System/Library/Frameworks/ApplicationServices.framework/Versions/A/Frameworks/QD.framework/Versions/A/QD
0x00000000008d6000 	/System/Library/Frameworks/ApplicationServices.framework/Versions/A/Frameworks/SpeechSynthesis.framework/Versions/A/SpeechSynthesis
0x00000000008d6000 	/System/Library/Frameworks/Metal.framework/Versions/A/Metal
0x00000000008d6000 	/System/Library/Frameworks/Accelerate.framework/Versions/A/Frameworks/vImage.framework/Versions/A/vImage
0x00000000008d6000 	/System/Library/Frameworks/Accelerate.framework/Versions/A/Frameworks/vecLib.framework/Versions/A/vecLib
0x00000000008d6000 	/System/Library/Frameworks/Accelerate.framework/Versions/A/Frameworks/vecLib.framework/Versions/A/libvDSP.dylib
0x00000000008d6000 	/System/Library/Frameworks/Accelerate.framework/Versions/A/Frameworks/vecLib.framework/Versions/A/libvMisc.dylib
0x00000000008d6000 	/System/Library/Frameworks/Accelerate.framework/Versions/A/Frameworks/vecLib.framework/Versions/A/libLAPACK.dylib
0x00000000008d6000 	/System/Library/Frameworks/Accelerate.framework/Versions/A/Frameworks/vecLib.framework/Versions/A/libBLAS.dylib
0x00000000008d6000 	/System/Library/Frameworks/Accelerate.framework/Versions/A/Frameworks/vecLib.framework/Versions/A/libLinearAlgebra.dylib
0x00000000008d6000 	/System/Library/Frameworks/Accelerate.framework/Versions/A/Frameworks/vecLib.framework/Versions/A/libSparseBLAS.dylib
0x00000000008d6000 	/System/Library/PrivateFrameworks/GPUCompiler.framework/libmetal_timestamp.dylib
0x00000000008d6000 	/System/Library/Frameworks/OpenGL.framework/Versions/A/Libraries/libCoreFSCache.dylib
0x00000000008d6000 	/System/Library/PrivateFrameworks/IOAccelerator.framework/Versions/A/IOAccelerator
0x00000000008d6000 	/System/Library/Frameworks/ApplicationServices.framework/Versions/A/Frameworks/ATS.framework/Versions/A/Resources/libFontParser.dylib
0x00000000008d6000 	/System/Library/Frameworks/ApplicationServices.framework/Versions/A/Frameworks/ATS.framework/Versions/A/Resources/libFontRegistry.dylib
0x00000000008d6000 	/System/Library/PrivateFrameworks/AppleVPA.framework/Versions/A/AppleVPA
0x00000000008d6000 	/System/Library/PrivateFrameworks/AppleJPEG.framework/Versions/A/AppleJPEG
0x00000000008d6000 	/System/Library/Frameworks/ImageIO.framework/Versions/A/Resources/libJPEG.dylib
0x00000000008d6000 	/System/Library/Frameworks/ImageIO.framework/Versions/A/Resources/libTIFF.dylib
0x00000000008d6000 	/System/Library/Frameworks/ImageIO.framework/Versions/A/Resources/libPng.dylib
0x00000000008d6000 	/System/Library/Frameworks/ImageIO.framework/Versions/A/Resources/libGIF.dylib
0x00000000008d6000 	/System/Library/Frameworks/ImageIO.framework/Versions/A/Resources/libJP2.dylib
0x00000000008d6000 	/System/Library/Frameworks/ImageIO.framework/Versions/A/Resources/libRadiance.dylib
0x00000000008d6000 	/System/Library/Frameworks/CoreVideo.framework/Versions/A/CoreVideo
0x00000000008d6000 	/System/Library/Frameworks/OpenGL.framework/Versions/A/Libraries/libGLU.dylib
0x00000000008d6000 	/System/Library/Frameworks/OpenGL.framework/Versions/A/Libraries/libGFXShared.dylib
0x00000000008d6000 	/System/Library/Frameworks/OpenGL.framework/Versions/A/Libraries/libGL.dylib
0x00000000008d6000 	/System/Library/Frameworks/OpenGL.framework/Versions/A/Libraries/libGLImage.dylib
0x00000000008d6000 	/System/Library/Frameworks/OpenGL.framework/Versions/A/Libraries/libCVMSPluginSupport.dylib
0x00000000008d6000 	/System/Library/Frameworks/OpenGL.framework/Versions/A/Libraries/libCoreVMClient.dylib
0x00000000008d6000 	/usr/lib/libcups.2.dylib
0x00000000008d6000 	/System/Library/Frameworks/Kerberos.framework/Versions/A/Kerberos
0x00000000008d6000 	/System/Library/Frameworks/GSS.framework/Versions/A/GSS
0x00000000008d6000 	/usr/lib/libresolv.9.dylib
0x00000000008d6000 	/usr/lib/libiconv.2.dylib
0x00000000008d6000 	/System/Library/PrivateFrameworks/Heimdal.framework/Versions/A/Heimdal
0x00000000008d6000 	/usr/lib/libheimdal-asn1.dylib
0x00000000008d6000 	/System/Library/Frameworks/OpenDirectory.framework/Versions/A/OpenDirectory
0x00000000008d6000 	/System/Library/PrivateFrameworks/CommonAuth.framework/Versions/A/CommonAuth
0x00000000008d6000 	/System/Library/Frameworks/OpenDirectory.framework/Versions/A/Frameworks/CFOpenDirectory.framework/Versions/A/CFOpenDirectory
0x00000000008d6000 	/System/Library/Frameworks/SecurityFoundation.framework/Versions/A/SecurityFoundation
0x00000000008d6000 	/System/Library/PrivateFrameworks/LanguageModeling.framework/Versions/A/LanguageModeling
0x00000000008d6000 	/usr/lib/libmarisa.dylib
0x00000000008d6000 	/usr/lib/libChineseTokenizer.dylib
0x00000000008d6000 	/usr/lib/libcmph.dylib
0x00000000008d6000 	/usr/lib/libcompression.dylib
0x00000000008d6000 	/System/Library/Frameworks/ServiceManagement.framework/Versions/A/ServiceManagement
0x00000000008d6000 	/usr/lib/libxslt.1.dylib
0x00000000008d6000 	/System/Library/Frameworks/Carbon.framework/Versions/A/Frameworks/Ink.framework/Versions/A/Ink
0x00000000008d6000 	/usr/lib/libFosl_dynamic.dylib
0x00000000008d6000 	/System/Library/PrivateFrameworks/FaceCore.framework/Versions/A/FaceCore
0x00000000008d6000 	/System/Library/Frameworks/OpenCL.framework/Versions/A/OpenCL
0x00000000008d6000 	/System/Library/PrivateFrameworks/CrashReporterSupport.framework/Versions/A/CrashReporterSupport
0x00000000008d6000 	/System/Library/PrivateFrameworks/IconServices.framework/Versions/A/IconServices
0x00000000008d6000 	/System/Library/PrivateFrameworks/Apple80211.framework/Versions/A/Apple80211
0x00000000008d6000 	/System/Library/Frameworks/CoreWLAN.framework/Versions/A/CoreWLAN
0x00000000008d6000 	/System/Library/Frameworks/IOBluetooth.framework/Versions/A/IOBluetooth
0x00000000008d6000 	/System/Library/PrivateFrameworks/CoreWiFi.framework/Versions/A/CoreWiFi
0x00000000008d6000 	/System/Library/Frameworks/CoreBluetooth.framework/Versions/A/CoreBluetooth
0x00000000008d6000 	/System/Library/PrivateFrameworks/ChunkingLibrary.framework/Versions/A/ChunkingLibrary
0x00000000008d6000 	/System/Library/PrivateFrameworks/DebugSymbols.framework/Versions/A/DebugSymbols
0x00000000008d6000 	/System/Library/PrivateFrameworks/CoreSymbolication.framework/Versions/A/CoreSymbolication
0x00000000008d6000 	/System/Library/PrivateFrameworks/Symbolication.framework/Versions/A/Symbolication
0x00000000008d6000 	/System/Library/PrivateFrameworks/SpeechRecognitionCore.framework/Versions/A/SpeechRecognitionCore
0x00000001000b8000 	/Applications/exelis/idl85/idlde/plugins/org.eclipse.equinox.launcher.cocoa.macosx.x86_64_1.1.101.v20120109-1504/eclipse_1408.so
0x00000000008d6000 	/System/Library/PrivateFrameworks/CoreServicesInternal.framework/Versions/A/CoreServicesInternal
0x0000000105749000 	/Applications/exelis/idl85/idlde/bin.darwin.x86_64/jre/lib/server/libjvm.dylib
0x00000000008d6000 	/usr/lib/libstdc++.6.dylib
0x0000000100714000 	/Applications/exelis/idl85/idlde/bin.darwin.x86_64/jre/lib/libverify.dylib
0x0000000100721000 	/Applications/exelis/idl85/idlde/bin.darwin.x86_64/jre/lib/libjava.dylib
0x000000010075a000 	/Applications/exelis/idl85/idlde/bin.darwin.x86_64/jre/lib/libzip.dylib
0x000000010d020000 	/System/Library/Frameworks/JavaVM.framework/Frameworks/JavaRuntimeSupport.framework/JavaRuntimeSupport
0x00000001047eb000 	/System/Library/Frameworks/JavaVM.framework/Versions/A/Frameworks/JavaNativeFoundation.framework/Versions/A/JavaNativeFoundation
0x00000001007ec000 	/System/Library/Frameworks/JavaVM.framework/Versions/A/JavaVM
0x00000000008d6000 	/System/Library/Frameworks/Carbon.framework/Versions/A/Carbon
0x000000010d03b000 	/System/Library/PrivateFrameworks/JavaLaunching.framework/Versions/A/JavaLaunching
0x00000000008d6000 	/System/Library/Frameworks/Carbon.framework/Versions/A/Frameworks/CommonPanels.framework/Versions/A/CommonPanels
0x00000000008d6000 	/System/Library/Frameworks/Carbon.framework/Versions/A/Frameworks/Help.framework/Versions/A/Help
0x00000000008d6000 	/System/Library/Frameworks/Carbon.framework/Versions/A/Frameworks/ImageCapture.framework/Versions/A/ImageCapture
0x00000000008d6000 	/System/Library/Frameworks/Carbon.framework/Versions/A/Frameworks/OpenScripting.framework/Versions/A/OpenScripting
0x00000000008d6000 	/System/Library/Frameworks/Carbon.framework/Versions/A/Frameworks/Print.framework/Versions/A/Print
0x00000000008d6000 	/System/Library/Frameworks/Carbon.framework/Versions/A/Frameworks/SecurityHI.framework/Versions/A/SecurityHI
0x00000000008d6000 	/System/Library/CoreServices/RawCamera.bundle/Contents/MacOS/RawCamera
0x00000000008d6000 	/System/Library/Frameworks/CoreGraphics.framework/Versions/A/Resources/libRIP.A.dylib
0x00000000008d6000 	/System/Library/Frameworks/Accelerate.framework/Versions/A/Frameworks/vImage.framework/Versions/A/Libraries/libCGInterfaces.dylib
0x00000000008d6000 	/System/Library/PrivateFrameworks/FamilyControls.framework/Versions/A/FamilyControls
0x00000000008d6000 	/System/Library/PrivateFrameworks/CommerceKit.framework/Versions/A/Frameworks/CommerceCore.framework/Versions/A/CommerceCore
0x00000000008d6000 	/System/Library/PrivateFrameworks/SystemAdministration.framework/Versions/A/SystemAdministration
0x00000000008d6000 	/System/Library/PrivateFrameworks/AppContainer.framework/Versions/A/AppContainer
0x00000000008d6000 	/System/Library/PrivateFrameworks/SecCodeWrapper.framework/Versions/A/SecCodeWrapper
0x00000000008d6000 	/System/Library/Frameworks/DirectoryService.framework/Versions/A/DirectoryService
0x00000000008d6000 	/System/Library/PrivateFrameworks/DiskImages.framework/Versions/A/DiskImages
0x00000000008d6000 	/System/Library/PrivateFrameworks/LoginUIKit.framework/Versions/A/Frameworks/LoginUICore.framework/Versions/A/LoginUICore
0x00000000008d6000 	/usr/lib/libCoreStorage.dylib
0x00000000008d6000 	/usr/lib/libcsfde.dylib
0x00000000008d6000 	/usr/lib/libodfde.dylib
0x00000000008d6000 	/System/Library/Frameworks/DiscRecording.framework/Versions/A/DiscRecording
0x000000010e21d000 	/Applications/exelis/idl85/bin/bin.darwin.x86_64/libcurl.4.dylib
0x00000000008d6000 	/System/Library/PrivateFrameworks/MediaKit.framework/Versions/A/MediaKit
0x00000000008d6000 	/System/Library/PrivateFrameworks/ProtectedCloudStorage.framework/Versions/A/ProtectedCloudStorage
0x00000000008d6000 	/System/Library/PrivateFrameworks/EFILogin.framework/Versions/A/EFILogin
0x00000000008d6000 	/usr/lib/libutil.dylib
0x00000000008d6000 	/System/Library/PrivateFrameworks/FindMyDevice.framework/Versions/A/FindMyDevice
0x00000000008d6000 	/System/Library/Frameworks/CoreGraphics.framework/Versions/A/Resources/libCGXType.A.dylib
0x00000000008d6000 	/System/Library/Frameworks/OpenCL.framework/Versions/A/Libraries/libcldcpuengine.dylib
0x000000010f34e000 	cl_kernels
0x00000000008d6000 	/System/Library/Frameworks/OpenCL.framework/Versions/A/Libraries/ImageFormats/unorm8_bgra.dylib
0x00000000008d6000 	/System/Library/Frameworks/OpenCL.framework/Versions/A/Libraries/ImageFormats/unorm8_rgba.dylib
0x000000010f540000 	/Applications/exelis/idl85/idlde/bin.darwin.x86_64/jre/lib/libnet.dylib
0x000000010f59d000 	/Applications/exelis/idl85/idlde/bin.darwin.x86_64/jre/lib/libnio.dylib
0x000000010f19e000 	/Users/spencerfaber/.swt/lib/macosx/x86_64/libswt-cocoa-3740.jnilib
0x00000000008d6000 	/System/Library/Frameworks/WebKit.framework/Versions/A/WebKit
0x00000000008d6000 	/System/Library/Frameworks/JavaScriptCore.framework/Versions/A/JavaScriptCore
0x00000000008d6000 	/System/Library/Frameworks/SecurityInterface.framework/Versions/A/SecurityInterface
0x00000000008d6000 	/System/Library/Frameworks/WebKit.framework/Versions/A/Frameworks/WebKitLegacy.framework/Versions/A/WebKitLegacy
0x00000000008d6000 	/System/Library/Frameworks/WebKit.framework/Versions/A/Frameworks/WebCore.framework/Versions/A/WebCore
0x000000010f770000 	/Users/spencerfaber/.swt/lib/macosx/x86_64/libswt-pi-cocoa-3740.jnilib
0x000000010f916000 	/Applications/exelis/idl85/bin/bin.darwin.x86_64/libidl_ips.8.5.dylib
0x00000001102fb000 	/Applications/exelis/idl85/bin/bin.darwin.x86_64/libidl.8.5.dylib
0x000000010ff10000 	/opt/X11/lib/libfreetype.6.dylib
0x000000010f8dc000 	/Applications/exelis/idl85/bin/bin.darwin.x86_64/libMesaGLU6_2.dylib
0x0000000110e88000 	/Applications/exelis/idl85/bin/bin.darwin.x86_64/libMesaGL6_2.dylib
0x000000010f8a2000 	/Applications/exelis/idl85/bin/bin.darwin.x86_64/libOSMesa6_2.dylib
0x000000010f8ba000 	/opt/X11/lib/libXp.6.dylib
0x00000001110ca000 	/Applications/exelis/idl85/bin/bin.darwin.x86_64/libXm.3.0.2.dylib
0x000000010f8c5000 	/opt/X11/lib/libXpm.4.dylib
0x000000010fdc3000 	/opt/X11/lib/libXmu.6.dylib
0x000000010fdde000 	/opt/X11/lib/libXext.6.dylib
0x000000010ffa9000 	/opt/X11/lib/libXt.6.dylib
0x000000010f906000 	/opt/X11/lib/libXinerama.1.dylib
0x000000010f9f5000 	/opt/X11/lib/libSM.6.dylib
0x000000010fdf1000 	/opt/X11/lib/libICE.6.dylib
0x00000001114d9000 	/opt/X11/lib/libX11.6.dylib
0x0000000110008000 	/opt/X11/lib/libxcb.1.dylib
0x000000010f90c000 	/opt/X11/lib/libXau.6.dylib
0x000000010fe0e000 	/opt/X11/lib/libXdmcp.6.dylib
0x000000010fd0d000 	/Applications/exelis/idl85/bin/bin.darwin.x86_64/gl_driver.so
0x0000000111d95000 	/opt/X11/lib/libGL.1.dylib
0x000000010fd5d000 	/opt/X11/lib/libXplugin.1.dylib
0x000000011164c000 	/opt/X11/lib/libglapi.0.dylib
0x000000010ef19000 	/opt/X11/lib/libXdamage.1.dylib
0x000000010f9cc000 	/opt/X11/lib/libXfixes.3.dylib
0x000000010e580000 	/opt/X11/lib/libX11-xcb.1.dylib
0x000000010fd75000 	/opt/X11/lib/libxcb-glx.0.dylib
0x000000010fd91000 	/opt/X11/lib/libXxf86vm.1.dylib
0x000000010fd98000 	/usr/lib/libexpat.1.dylib
0x00000000008d6000 	/System/Library/PrivateFrameworks/CloudDocs.framework/Versions/A/CloudDocs
0x00000000008d6000 	/System/Library/PrivateFrameworks/CoreDuet.framework/Versions/A/CoreDuet
0x00000000008d6000 	/System/Library/Frameworks/CloudKit.framework/Versions/A/CloudKit
0x00000000008d6000 	/System/Library/PrivateFrameworks/ProtocolBuffer.framework/Versions/A/ProtocolBuffer
0x00000000008d6000 	/System/Library/PrivateFrameworks/CoreDuetDaemonProtocol.framework/Versions/A/CoreDuetDaemonProtocol
0x00000000008d6000 	/System/Library/PrivateFrameworks/CoreDuetDebugLogging.framework/Versions/A/CoreDuetDebugLogging
0x00000000008d6000 	/System/Library/PrivateFrameworks/MMCS.framework/Versions/A/MMCS
0x00000000008d6000 	/System/Library/Frameworks/CoreLocation.framework/Versions/A/CoreLocation
0x00000000008d6000 	/System/Library/PrivateFrameworks/AssetCacheServices.framework/Versions/A/AssetCacheServices
0x00000000008d6000 	/System/Library/PrivateFrameworks/GeoServices.framework/Versions/A/GeoServices
0x00000000008d6000 	/System/Library/Frameworks/CoreGraphics.framework/Versions/A/Resources/libCGXCoreImage.A.dylib
0x000000010f3a4000 	cl_kernels
0x000000011462e000 	/System/Library/Extensions/AppleIntelBDWGraphicsMTLDriver.bundle/Contents/MacOS/AppleIntelBDWGraphicsMTLDriver
0x00000000008d6000 	/System/Library/Frameworks/OpenGL.framework/Versions/A/Resources/GLEngine.bundle/GLEngine
0x00000000008d6000 	/System/Library/Frameworks/OpenGL.framework/Versions/A/Libraries/libGLProgrammability.dylib
0x0000000117800000 	/System/Library/Extensions/AppleIntelBDWGraphicsGLDriver.bundle/Contents/MacOS/AppleIntelBDWGraphicsGLDriver
0x00000000008d6000 	/System/Library/PrivateFrameworks/GPUSupport.framework/Versions/A/Libraries/libGPUSupportMercury.dylib
0x00000000008d6000 	/System/Library/Frameworks/OpenGL.framework/Versions/A/Resources/GLRendererFloat.bundle/GLRendererFloat
0x000000010e599000 	cl_kernels
0x000000011aa00000 	/Applications/exelis/idl85/bin/bin.darwin.x86_64/idl_netcdf.so

VM Arguments:
jvm_args: -Dosgi.instance.area.default=@user.home/IDLWorkspace -Dosgi.configuration.area=@user.home/.idl/idlworkbench-config-idl8.5.1_x86_64 -Dosgi.configuration.cascaded=true -Dosgi.checkConfiguration=true -Dosgi.sharedConfiguration.area.readOnly=true -Dorg.eclipse.update.reconcile=false -Declipse.p2.data.area=@config.dir/p2 -XstartOnFirstThread -Xdock:icon=../Resources/idlde.icns -Dorg.eclipse.swt.internal.carbon.smallFonts -Dosgi.sharedConfiguration.area=../../../configuration.darwin.x86_64 -Xms128m -Xmx1024m 
java_command: <unknown>
Launcher Type: generic

Environment Variables:
CLASSPATH=.:/Applications/exelis/idl85/resource/bridges/export/java/javaidlb.jar
PATH=/Applications/exelis/idl85/bin:/Applications/gut-3.1/bin:/Applications/gut-3.1/bin:/opt/local/bin:/opt/local/sbin:/usr/local/bin:/opt/local/bin:/opt/local/sbin:/opt/local/bin:/opt/local/sbin:/usr/local/bin:/usr/bin:/bin:/usr/sbin:/sbin:/opt/X11/bin:/opt/X11/bin
LD_LIBRARY_PATH=/Applications/exelis/idl85/idlde/bin.darwin.x86_64/jre/lib/server:/Applications/exelis/idl85/idlde/bin.darwin.x86_64/jre/lib:
SHELL=/bin/bash
DISPLAY=:0
DYLD_LIBRARY_PATH=/Applications/exelis/idl85/idlde/bin.darwin.x86_64:/Applications/exelis/idl85/bin/bin.darwin.x86_64
DYLD_FALLBACK_LIBRARY_PATH=/Applications/exelis/idl85/idlde/bin.darwin.x86_64/jre/lib/server:/Applications/exelis/idl85/idlde/bin.darwin.x86_64/jre/lib:

Signal Handlers:
SIGSEGV: [libjvm.dylib+0x4a820f], sa_mask[0]=0xfffefeff, sa_flags=0x00000042
SIGBUS: [libjvm.dylib+0x4a820f], sa_mask[0]=0xfffefeff, sa_flags=0x00000042
SIGFPE: [libjvm.dylib+0x3b7495], sa_mask[0]=0xfffefeff, sa_flags=0x00000042
SIGPIPE: SIG_IGN, sa_mask[0]=0x00000000, sa_flags=0x00000002
SIGXFSZ: [libjvm.dylib+0x3b7495], sa_mask[0]=0xfffefeff, sa_flags=0x00000042
SIGILL: [libjvm.dylib+0x3b7495], sa_mask[0]=0xfffefeff, sa_flags=0x00000042
SIGUSR1: SIG_DFL, sa_mask[0]=0x63807efb, sa_flags=0x00000000
SIGUSR2: [libjvm.dylib+0x3b702e], sa_mask[0]=0x00000000, sa_flags=0x00000042
SIGHUP: [libjvm.dylib+0x3b528f], sa_mask[0]=0xfffefeff, sa_flags=0x00000042
SIGINT: [libidl.8.5.dylib+0x403a20], sa_mask[0]=0x00000000, sa_flags=0x00000002
SIGTERM: [libjvm.dylib+0x3b528f], sa_mask[0]=0xfffefeff, sa_flags=0x00000042
SIGQUIT: [libjvm.dylib+0x3b528f], sa_mask[0]=0xfffefeff, sa_flags=0x00000042


---------------  S Y S T E M  ---------------

OS:Bsduname:Darwin 15.3.0 Darwin Kernel Version 15.3.0: Thu Dec 10 18:40:58 PST 2015; root:xnu-3248.30.4~1/RELEASE_X86_64 x86_64
rlimit: STACK 8192k, CORE 0k, NPROC 709, NOFILE 10240, AS infinity
load average:1.49 1.75 1.69

CPU:total 4 (2 cores per cpu, 2 threads per core) family 6 model 61 stepping 4, cmov, cx8, fxsr, mmx, sse, sse2, sse3, ssse3, sse4.1, sse4.2, popcnt, avx, avx2, ht, tsc, tscinvbit

Memory: 4k page, physical 137434815784k(34358703946k free)

/proc/meminfo:


vm_info: Java HotSpot(TM) 64-Bit Server VM (23.25-b01) for bsd-amd64 JRE (1.7.0_25-b15), built on Jun  5 2013 22:26:36 by "java_re" with gcc 4.2.1 (Based on Apple Inc. build 5658) (LLVM build 2336.11.00)

time: Fri Mar 25 09:31:40 2016
elapsed time: 238 seconds

