#
# A fatal error has been detected by the Java Runtime Environment:
#
#  SIGSEGV (0xb) at pc=0x00007fff9aa6c2f1, pid=838, tid=44035
#
# JRE version: 7.0_25-b15
# Java VM: Java HotSpot(TM) 64-Bit Server VM (23.25-b01 mixed mode bsd-amd64 compressed oops)
# Problematic frame:
# C  [libsystem_c.dylib+0x5c2f1]  strstr+0x2a
#
# Failed to write core dump. Core dumps have been disabled. To enable core dumping, try "ulimit -c unlimited" before starting Java again
#
# If you would like to submit a bug report, please visit:
#   http://bugreport.sun.com/bugreport/crash.jsp
# The crash happened outside the Java Virtual Machine in native code.
# See problematic frame for where to report the bug.
#

---------------  T H R E A D  ---------------

Current thread (0x00000001019e8800):  JavaThread "IDL" [_thread_in_native, id=44035, stack(0x0000700001862000,0x0000700001962000)]

siginfo:si_signo=SIGSEGV: si_errno=0, si_code=1 (SEGV_MAPERR), si_addr=0x0000000000000000

Registers:
RAX=0x0000000000000013, RBX=0x0000000000000000, RCX=0x0000000000000007, RDX=0x000000010f4cc7c7
RSP=0x000070000195c130, RBP=0x000070000195c160, RSI=0x0000000000000400, RDI=0x0000000000000009
R8 =0x000070000195c4a0, R9 =0x0000000000000001, R10=0x0000000149f036d0, R11=0x000000010fd50c90
R12=0x00007fff7c80b070, R13=0x0000000000000047, R14=0x000000010f4cc7c7, R15=0x0000000000000013
RIP=0x00007fff9aa6c2f1, EFLAGS=0x0000000000010212, ERR=0x0000000000000004
  TRAPNO=0x000000000000000e

Top of Stack: (sp=0x000070000195c130)
0x000070000195c130:   0000000000000000 0000000000000000
0x000070000195c140:   00007fff7c80b070 0000000000000000
0x000070000195c150:   000000010f4cc7c6 0000000149aa2608
0x000070000195c160:   000070000195c1a0 000000010f488fce
0x000070000195c170:   0000000000000000 0000000000000000
0x000070000195c180:   00007fff7c80b070 0000000149aa2608
0x000070000195c190:   0000000149aa2904 0000000149aa2608
0x000070000195c1a0:   000070000195c490 000000010f489302
0x000070000195c1b0:   0000000700000002 000070000195ce10
0x000070000195c1c0:   00000001110cac60 ffffff020000ce00
0x000070000195c1d0:   00ff000000000000 ffffffffffffffff
0x000070000195c1e0:   6e616d74696c6469 726f74616c757069
0x000070000195c1f0:   0000000000000000 0000000000000000
0x000070000195c200:   0000000000000000 0000000000000000
0x000070000195c210:   0000000000000000 0000000472656d69
0x000070000195c220:   000070000195cd30 000070000195d230
0x000070000195c230:   0000000300000001 a7001181d6ac5d63
0x000070000195c240:   000070000195cce0 0000000110af7af8
0x000070000195c250:   000070000195e2f0 000000010195c3f8
0x000070000195c260:   000070000195c2a0 0000002d00000000
0x000070000195c270:   000000000000002c 0000000300000000
0x000070000195c280:   0000000110ebc9c0 00000000000000e5
0x000070000195c290:   0000000000000000 0000000110d912a2
0x000070000195c2a0:   0000000110d85f5e 00000001110cac60
0x000070000195c2b0:   000070000195e2f0 ffffff9c00000001
0x000070000195c2c0:   0000000000000000 ffffff0201e3d250
0x000070000195c2d0:   000070000195c300 0000000110b00496
0x000070000195c2e0:   000070000195c340 0000000100000000
0x000070000195c2f0:   000070000195e2f0 ffffff02ffffff9c
0x000070000195c300:   0000003000000030 000000070195c350
0x000070000195c310:   000070000195c250 000070000195ce10
0x000070000195c320:   0000000200000007 ffffff0200000001 

Instructions: (pc=0x00007fff9aa6c2f1)
0x00007fff9aa6c2d1:   41 54 53 50 49 89 f6 48 89 fb 45 8a 2e 45 84 ed
0x00007fff9aa6c2e1:   74 49 49 ff c6 4c 89 f7 e8 96 92 02 00 49 89 c7
0x00007fff9aa6c2f1:   8a 03 45 31 e4 84 c0 74 35 48 ff c3 45 0f b6 ed
0x00007fff9aa6c301:   45 31 e4 0f b6 c0 44 39 e8 75 12 48 89 df 4c 89 

Register to memory mapping:

RAX=0x0000000000000013 is an unknown value
RBX=0x0000000000000000 is an unknown value
RCX=0x0000000000000007 is an unknown value
RDX=0x000000010f4cc7c7: GLD_WindowPos+0x10c7 in /Applications/exelis/idl85/bin/bin.darwin.x86_64/gl_driver.so at 0x000000010f487000
RSP=0x000070000195c130 is pointing into the stack for thread: 0x00000001019e8800
RBP=0x000070000195c160 is pointing into the stack for thread: 0x00000001019e8800
RSI=0x0000000000000400 is an unknown value
RDI=0x0000000000000009 is an unknown value
R8 =0x000070000195c4a0 is pointing into the stack for thread: 0x00000001019e8800
R9 =0x0000000000000001 is an unknown value
R10=0x0000000149f036d0 is an unknown value
R11=0x000000010fd50c90 is an unknown value
R12=0x00007fff7c80b070: __stack_chk_guard+0 in /usr/lib/system/libsystem_c.dylib at 0x00007fff9aa10000
R13=0x0000000000000047 is an unknown value
R14=0x000000010f4cc7c7: GLD_WindowPos+0x10c7 in /Applications/exelis/idl85/bin/bin.darwin.x86_64/gl_driver.so at 0x000000010f487000
R15=0x0000000000000013 is an unknown value


Stack: [0x0000700001862000,0x0000700001962000],  sp=0x000070000195c130,  free space=1000k
Native frames: (J=compiled Java code, j=interpreted, Vv=VM code, C=native code)
C  [libsystem_c.dylib+0x5c2f1]  strstr+0x2a
C  [gl_driver.so+0x1fce]  IsExtensionSupported+0x3e
C  [gl_driver.so+0x2302]  GL_QueryExtensions+0x162
C  [gl_driver.so+0x1a89]  AGLMakeCurrent+0xb9
C  [gl_driver.so+0x1b5e]  AGLAcquireDC+0xe
C  [libidl.8.5.dylib+0x133fc8]  igSrcDestAcquireReleaseDC+0xa8
C  [libidl.8.5.dylib+0x1344f8]  igSrcDestBeginDraw+0x3a8
C  [libidl.8.5.dylib+0x131662]  IDL_GrSrcDestDraw+0x2f2
C  [libidl.8.5.dylib+0x4113ff]  IDL_ObjCallMethodEx+0x79f
C  [libidl.8.5.dylib+0x410b82]  IDL_ObjCallMethodByStringEx+0x1a2
C  [libidl.8.5.dylib+0x411808]  IDL_ObjCallMethodByString+0x48
C  [libidl.8.5.dylib+0x425032]  IDL_itWindowOnExpose+0x1e2
C  [libidl.8.5.dylib+0x322de7]  interpreter+0x87d7
C  [libidl.8.5.dylib+0x444d9b]  IDL_Executive+0xebb
C  [libidl.8.5.dylib+0x3242c4]  IDL_InterpCallFromSysproc+0xe4
C  [libidl.8.5.dylib+0x4114d4]  IDL_ObjCallMethodEx+0x874
C  [libidl.8.5.dylib+0x40dbea]  IDL_ObjCallMethod+0x7a
C  [libidl.8.5.dylib+0x4118d9]  IDL_ObjNew+0xc9
C  [libidl.8.5.dylib+0x322e32]  interpreter+0x8822
C  [libidl.8.5.dylib+0x444d9b]  IDL_Executive+0xebb
C  [libidl_ips.8.5.dylib+0x9604]  ips_main+0x284
C  [libidl_ips.8.5.dylib+0xa83c]  IPS_RunClient+0x3c
C  [libidl_ips.8.5.dylib+0x15543]  IPS_Start+0x13
C  [libidl_ips.8.5.dylib+0xb94]  Java_com_rsi_idldt_core_ips_IPS_1Access_IPS_1Start+0x204
j  com.rsi.idldt.core.ips.IPS_Access.IPS_Start([Ljava/lang/String;)V+0
j  com.rsi.idldt.core.ips.IPS_Manager$2.run()V+15
j  java.lang.Thread.run()V+11
v  ~StubRoutines::call_stub
V  [libjvm.dylib+0x28a5c3]
V  [libjvm.dylib+0x28aaa2]
V  [libjvm.dylib+0x28abdc]
V  [libjvm.dylib+0x2c1868]
V  [libjvm.dylib+0x47cbd8]
V  [libjvm.dylib+0x47e0ca]
V  [libjvm.dylib+0x3b95f9]
C  [libsystem_pthread.dylib+0x3c13]  _pthread_body+0x83
C  [libsystem_pthread.dylib+0x3b90]  _pthread_body+0x0
C  [libsystem_pthread.dylib+0x1375]  thread_start+0xd

Java frames: (J=compiled Java code, j=interpreted, Vv=VM code)
j  com.rsi.idldt.core.ips.IPS_Access.IPS_Start([Ljava/lang/String;)V+0
j  com.rsi.idldt.core.ips.IPS_Manager$2.run()V+15
j  java.lang.Thread.run()V+11
v  ~StubRoutines::call_stub

---------------  P R O C E S S  ---------------

Java Threads: ( => current thread )
  0x0000000149a20000 JavaThread "HighTraffic" [_thread_blocked, id=637015, stack(0x000070000289b000,0x000070000299b000)]
  0x00000001160a4800 JavaThread "Worker-24" [_thread_blocked, id=555871, stack(0x000070000299e000,0x0000700002a9e000)]
  0x0000000119cc6800 JavaThread "Worker-23" [_thread_blocked, id=552059, stack(0x0000700002fb3000,0x00007000030b3000)]
  0x0000000101b34000 JavaThread "Worker-22" [_thread_blocked, id=510863, stack(0x0000700001cf7000,0x0000700001df7000)]
  0x0000000149ff6000 JavaThread "Worker-21" [_thread_blocked, id=510479, stack(0x0000700001965000,0x0000700001a65000)]
  0x000000011643d800 JavaThread "Worker-20" [_thread_blocked, id=510211, stack(0x000070000165c000,0x000070000175c000)]
  0x0000000116416800 JavaThread "Worker-17" [_thread_blocked, id=257599, stack(0x0000700002eb0000,0x0000700002fb0000)]
  0x0000000131b00000 JavaThread "Worker-16" [_thread_blocked, id=239655, stack(0x0000700001f80000,0x0000700002080000)]
  0x0000000100c0b800 JavaThread "Worker-8" [_thread_blocked, id=131851, stack(0x0000700001dfa000,0x0000700001efa000)]
  0x000000011510a000 JavaThread "[ThreadPool Manager] - Idle Thread" daemon [_thread_blocked, id=74755, stack(0x0000700002aa4000,0x0000700002ba4000)]
  0x000000010119a000 JavaThread "Timer-2" daemon [_thread_blocked, id=64791, stack(0x0000700002798000,0x0000700002898000)]
  0x0000000101327000 JavaThread "Timer-1" daemon [_thread_blocked, id=63499, stack(0x0000700002695000,0x0000700002795000)]
  0x000000010222a800 JavaThread "Thread-11" [_thread_in_native, id=60419, stack(0x0000700002592000,0x0000700002692000)]
  0x00000001011ed000 JavaThread "IDLDT DOM Worker-3" [_thread_blocked, id=58639, stack(0x000070000248f000,0x000070000258f000)]
  0x0000000101576800 JavaThread "IDLDT DOM Worker-2" [_thread_blocked, id=58895, stack(0x000070000238c000,0x000070000248c000)]
  0x00000001010a3800 JavaThread "IDLDT DOM Worker-1" [_thread_blocked, id=59195, stack(0x0000700002289000,0x0000700002389000)]
  0x0000000101193000 JavaThread "IDLDT DOM Worker-0" [_thread_blocked, id=54807, stack(0x0000700002186000,0x0000700002286000)]
  0x0000000101f0b000 JavaThread "Timer-0" daemon [_thread_blocked, id=55319, stack(0x0000700002083000,0x0000700002183000)]
=>0x00000001019e8800 JavaThread "IDL" [_thread_in_native, id=44035, stack(0x0000700001862000,0x0000700001962000)]
  0x0000000100c9c800 JavaThread "IDLToJava Broker" daemon [_thread_blocked, id=43779, stack(0x0000700001250000,0x0000700001350000)]
  0x0000000101a25800 JavaThread "Provisioning Event Dispatcher" daemon [_thread_blocked, id=41219, stack(0x000070000175f000,0x000070000185f000)]
  0x0000000101a05000 JavaThread "Bundle File Closer" daemon [_thread_blocked, id=40707, stack(0x0000700001559000,0x0000700001659000)]
  0x000000010095c800 JavaThread "Worker-JM" [_thread_blocked, id=40451, stack(0x0000700001456000,0x0000700001556000)]
  0x0000000100945800 JavaThread "[Timer] - Main Queue Handler" daemon [_thread_blocked, id=40195, stack(0x0000700001353000,0x0000700001453000)]
  0x00000001018ec800 JavaThread "Framework Event Dispatcher" daemon [_thread_blocked, id=39691, stack(0x000070000114d000,0x000070000124d000)]
  0x00000001010be800 JavaThread "Start Level Event Dispatcher" daemon [_thread_blocked, id=39427, stack(0x000070000104a000,0x000070000114a000)]
  0x0000000101092000 JavaThread "State Data Manager" daemon [_thread_blocked, id=38927, stack(0x0000700000f47000,0x0000700001047000)]
  0x0000000100896000 JavaThread "Framework Active Thread" [_thread_blocked, id=39175, stack(0x0000700000e44000,0x0000700000f44000)]
  0x0000000100878800 JavaThread "Service Thread" daemon [_thread_blocked, id=25091, stack(0x0000700000c3e000,0x0000700000d3e000)]
  0x0000000100877800 JavaThread "C2 CompilerThread1" daemon [_thread_blocked, id=24835, stack(0x0000700000b3b000,0x0000700000c3b000)]
  0x000000010086e000 JavaThread "C2 CompilerThread0" daemon [_thread_blocked, id=24579, stack(0x0000700000a38000,0x0000700000b38000)]
  0x0000000100852800 JavaThread "Signal Dispatcher" daemon [_thread_blocked, id=24075, stack(0x0000700000935000,0x0000700000a35000)]
  0x0000000102036800 JavaThread "Finalizer" daemon [_thread_blocked, id=23555, stack(0x0000700000832000,0x0000700000932000)]
  0x0000000102036000 JavaThread "Reference Handler" daemon [_thread_blocked, id=23299, stack(0x000070000072f000,0x000070000082f000)]
  0x0000000100846800 JavaThread "main" [_thread_in_native, id=1295, stack(0x00007fff5f400000,0x00007fff5fc00000)]

Other Threads:
  0x000000010183c800 VMThread [stack: 0x000070000062c000,0x000070000072c000] [id=23043]
  0x0000000100841800 WatcherThread [stack: 0x0000700000d41000,0x0000700000e41000] [id=25347]

VM state:not at safepoint (normal execution)

VM Mutex/Monitor currently owned by a thread: None

Heap
 PSYoungGen      total 296768K, used 56146K [0x00000007eaab0000, 0x00000007fd0b0000, 0x0000000800000000)
  eden space 292608K, 19% used [0x00000007eaab0000,0x00000007ee184a88,0x00000007fc870000)
  from space 4160K, 0% used [0x00000007fcca0000,0x00000007fcca0000,0x00000007fd0b0000)
  to   space 4224K, 0% used [0x00000007fc870000,0x00000007fc870000,0x00000007fcc90000)
 ParOldGen       total 87424K, used 42580K [0x00000007c0000000, 0x00000007c5560000, 0x00000007eaab0000)
  object space 87424K, 48% used [0x00000007c0000000,0x00000007c2995200,0x00000007c5560000)
 PSPermGen       total 49920K, used 49505K [0x00000007bae00000, 0x00000007bdec0000, 0x00000007c0000000)
  object space 49920K, 99% used [0x00000007bae00000,0x00000007bde58720,0x00000007bdec0000)

Card table byte_map: [0x0000000108f93000,0x00000001091bd000] byte_map_base: 0x00000001051bc000

Polling page: 0x0000000100751000

Code Cache  [0x0000000105ed3000, 0x0000000106663000, 0x0000000108ed3000)
 total_blobs=2338 nmethods=1804 adapters=483 free_code_cache=41653Kb largest_free_block=42408320

Compilation events (10 events):
Event: 5120.255 Thread 0x0000000100877800 2003             org.eclipse.ui.views.markers.internal.MarkerType::getSubtypes (96 bytes)
Event: 5120.261 Thread 0x0000000100877800 nmethod 2003 0x0000000106610010 code [0x00000001066101c0, 0x00000001066106e8]
Event: 5145.151 Thread 0x000000010086e000 2004             org.eclipse.swt.internal.cocoa.NSRunLoop::currentRunLoop (29 bytes)
Event: 5145.151 Thread 0x0000000100877800 2005             org.eclipse.swt.internal.cocoa.NSRunLoop::<init> (6 bytes)
Event: 5145.151 Thread 0x0000000100877800 nmethod 2005 0x000000010660b550 code [0x000000010660b680, 0x000000010660b6d8]
Event: 5145.152 Thread 0x000000010086e000 nmethod 2004 0x00000001065f28d0 code [0x00000001065f2a20, 0x00000001065f2ae8]
Event: 5145.152 Thread 0x000000010086e000 2006             org.eclipse.swt.internal.cocoa.NSRunLoop::runMode (35 bytes)
Event: 5145.152 Thread 0x000000010086e000 nmethod 2006 0x000000010660e650 code [0x000000010660e7a0, 0x000000010660e888]
Event: 5147.499 Thread 0x0000000100877800 2007             org.eclipse.ui.internal.ide.application.DelayedEventsProcessor::catchUp (61 bytes)
Event: 5147.502 Thread 0x0000000100877800 nmethod 2007 0x000000010660fa50 code [0x000000010660fbc0, 0x000000010660fe08]

GC Heap History (10 events):
Event: 4984.382 GC heap before
{Heap before GC invocations=158 (full 74):
 PSYoungGen      total 297024K, used 2835K [0x00000007eaab0000, 0x00000007fd130000, 0x0000000800000000)
  eden space 292608K, 0% used [0x00000007eaab0000,0x00000007eaab0000,0x00000007fc870000)
  from space 4416K, 64% used [0x00000007fcce0000,0x00000007fcfa4f20,0x00000007fd130000)
  to   space 4480K, 0% used [0x00000007fc870000,0x00000007fc870000,0x00000007fccd0000)
 ParOldGen       total 87424K, used 43156K [0x00000007c0000000, 0x00000007c5560000, 0x00000007eaab0000)
  object space 87424K, 49% used [0x00000007c0000000,0x00000007c2a25228,0x00000007c5560000)
 PSPermGen       total 49984K, used 49498K [0x00000007bae00000, 0x00000007bded0000, 0x00000007c0000000)
  object space 49984K, 99% used [0x00000007bae00000,0x00000007bde569f8,0x00000007bded0000)
Event: 4984.490 GC heap after
Heap after GC invocations=158 (full 74):
 PSYoungGen      total 297024K, used 0K [0x00000007eaab0000, 0x00000007fd130000, 0x0000000800000000)
  eden space 292608K, 0% used [0x00000007eaab0000,0x00000007eaab0000,0x00000007fc870000)
  from space 4416K, 0% used [0x00000007fcce0000,0x00000007fcce0000,0x00000007fd130000)
  to   space 4480K, 0% used [0x00000007fc870000,0x00000007fc870000,0x00000007fccd0000)
 ParOldGen       total 87424K, used 42489K [0x00000007c0000000, 0x00000007c5560000, 0x00000007eaab0000)
  object space 87424K, 48% used [0x00000007c0000000,0x00000007c297e528,0x00000007c5560000)
 PSPermGen       total 49920K, used 49498K [0x00000007bae00000, 0x00000007bdec0000, 0x00000007c0000000)
  object space 49920K, 99% used [0x00000007bae00000,0x00000007bde569f8,0x00000007bdec0000)
}
Event: 5059.582 GC heap before
{Heap before GC invocations=159 (full 74):
 PSYoungGen      total 297024K, used 175701K [0x00000007eaab0000, 0x00000007fd130000, 0x0000000800000000)
  eden space 292608K, 60% used [0x00000007eaab0000,0x00000007f56454e8,0x00000007fc870000)
  from space 4416K, 0% used [0x00000007fcce0000,0x00000007fcce0000,0x00000007fd130000)
  to   space 4480K, 0% used [0x00000007fc870000,0x00000007fc870000,0x00000007fccd0000)
 ParOldGen       total 87424K, used 42489K [0x00000007c0000000, 0x00000007c5560000, 0x00000007eaab0000)
  object space 87424K, 48% used [0x00000007c0000000,0x00000007c297e528,0x00000007c5560000)
 PSPermGen       total 49920K, used 49499K [0x00000007bae00000, 0x00000007bdec0000, 0x00000007c0000000)
  object space 49920K, 99% used [0x00000007bae00000,0x00000007bde56ef8,0x00000007bdec0000)
Event: 5059.586 GC heap after
Heap after GC invocations=159 (full 74):
 PSYoungGen      total 294976K, used 2309K [0x00000007eaab0000, 0x00000007fd0d0000, 0x0000000800000000)
  eden space 292608K, 0% used [0x00000007eaab0000,0x00000007eaab0000,0x00000007fc870000)
  from space 2368K, 97% used [0x00000007fc870000,0x00000007fcab1538,0x00000007fcac0000)
  to   space 4288K, 0% used [0x00000007fcca0000,0x00000007fcca0000,0x00000007fd0d0000)
 ParOldGen       total 87424K, used 42489K [0x00000007c0000000, 0x00000007c5560000, 0x00000007eaab0000)
  object space 87424K, 48% used [0x00000007c0000000,0x00000007c297e528,0x00000007c5560000)
 PSPermGen       total 49920K, used 49499K [0x00000007bae00000, 0x00000007bdec0000, 0x00000007c0000000)
  object space 49920K, 99% used [0x00000007bae00000,0x00000007bde56ef8,0x00000007bdec0000)
}
Event: 5059.586 GC heap before
{Heap before GC invocations=160 (full 75):
 PSYoungGen      total 294976K, used 2309K [0x00000007eaab0000, 0x00000007fd0d0000, 0x0000000800000000)
  eden space 292608K, 0% used [0x00000007eaab0000,0x00000007eaab0000,0x00000007fc870000)
  from space 2368K, 97% used [0x00000007fc870000,0x00000007fcab1538,0x00000007fcac0000)
  to   space 4288K, 0% used [0x00000007fcca0000,0x00000007fcca0000,0x00000007fd0d0000)
 ParOldGen       total 87424K, used 42489K [0x00000007c0000000, 0x00000007c5560000, 0x00000007eaab0000)
  object space 87424K, 48% used [0x00000007c0000000,0x00000007c297e528,0x00000007c5560000)
 PSPermGen       total 49920K, used 49499K [0x00000007bae00000, 0x00000007bdec0000, 0x00000007c0000000)
  object space 49920K, 99% used [0x00000007bae00000,0x00000007bde56ef8,0x00000007bdec0000)
Event: 5059.716 GC heap after
Heap after GC invocations=160 (full 75):
 PSYoungGen      total 294976K, used 0K [0x00000007eaab0000, 0x00000007fd0d0000, 0x0000000800000000)
  eden space 292608K, 0% used [0x00000007eaab0000,0x00000007eaab0000,0x00000007fc870000)
  from space 2368K, 0% used [0x00000007fc870000,0x00000007fc870000,0x00000007fcac0000)
  to   space 4288K, 0% used [0x00000007fcca0000,0x00000007fcca0000,0x00000007fd0d0000)
 ParOldGen       total 87424K, used 42547K [0x00000007c0000000, 0x00000007c5560000, 0x00000007eaab0000)
  object space 87424K, 48% used [0x00000007c0000000,0x00000007c298cda0,0x00000007c5560000)
 PSPermGen       total 49920K, used 49499K [0x00000007bae00000, 0x00000007bdec0000, 0x00000007c0000000)
  object space 49920K, 99% used [0x00000007bae00000,0x00000007bde56c98,0x00000007bdec0000)
}
Event: 5129.235 GC heap before
{Heap before GC invocations=161 (full 75):
 PSYoungGen      total 294976K, used 142221K [0x00000007eaab0000, 0x00000007fd0d0000, 0x0000000800000000)
  eden space 292608K, 48% used [0x00000007eaab0000,0x00000007f35937f8,0x00000007fc870000)
  from space 2368K, 0% used [0x00000007fc870000,0x00000007fc870000,0x00000007fcac0000)
  to   space 4288K, 0% used [0x00000007fcca0000,0x00000007fcca0000,0x00000007fd0d0000)
 ParOldGen       total 87424K, used 42547K [0x00000007c0000000, 0x00000007c5560000, 0x00000007eaab0000)
  object space 87424K, 48% used [0x00000007c0000000,0x00000007c298cda0,0x00000007c5560000)
 PSPermGen       total 49920K, used 49505K [0x00000007bae00000, 0x00000007bdec0000, 0x00000007c0000000)
  object space 49920K, 99% used [0x00000007bae00000,0x00000007bde58420,0x00000007bdec0000)
Event: 5129.240 GC heap after
Heap after GC invocations=161 (full 75):
 PSYoungGen      total 296768K, used 2574K [0x00000007eaab0000, 0x00000007fd0b0000, 0x0000000800000000)
  eden space 292608K, 0% used [0x00000007eaab0000,0x00000007eaab0000,0x00000007fc870000)
  from space 4160K, 61% used [0x00000007fcca0000,0x00000007fcf23a40,0x00000007fd0b0000)
  to   space 4224K, 0% used [0x00000007fc870000,0x00000007fc870000,0x00000007fcc90000)
 ParOldGen       total 87424K, used 42547K [0x00000007c0000000, 0x00000007c5560000, 0x00000007eaab0000)
  object space 87424K, 48% used [0x00000007c0000000,0x00000007c298cda0,0x00000007c5560000)
 PSPermGen       total 49920K, used 49505K [0x00000007bae00000, 0x00000007bdec0000, 0x00000007c0000000)
  object space 49920K, 99% used [0x00000007bae00000,0x00000007bde58420,0x00000007bdec0000)
}
Event: 5129.240 GC heap before
{Heap before GC invocations=162 (full 76):
 PSYoungGen      total 296768K, used 2574K [0x00000007eaab0000, 0x00000007fd0b0000, 0x0000000800000000)
  eden space 292608K, 0% used [0x00000007eaab0000,0x00000007eaab0000,0x00000007fc870000)
  from space 4160K, 61% used [0x00000007fcca0000,0x00000007fcf23a40,0x00000007fd0b0000)
  to   space 4224K, 0% used [0x00000007fc870000,0x00000007fc870000,0x00000007fcc90000)
 ParOldGen       total 87424K, used 42547K [0x00000007c0000000, 0x00000007c5560000, 0x00000007eaab0000)
  object space 87424K, 48% used [0x00000007c0000000,0x00000007c298cda0,0x00000007c5560000)
 PSPermGen       total 49920K, used 49505K [0x00000007bae00000, 0x00000007bdec0000, 0x00000007c0000000)
  object space 49920K, 99% used [0x00000007bae00000,0x00000007bde58420,0x00000007bdec0000)
Event: 5129.360 GC heap after
Heap after GC invocations=162 (full 76):
 PSYoungGen      total 296768K, used 0K [0x00000007eaab0000, 0x00000007fd0b0000, 0x0000000800000000)
  eden space 292608K, 0% used [0x00000007eaab0000,0x00000007eaab0000,0x00000007fc870000)
  from space 4160K, 0% used [0x00000007fcca0000,0x00000007fcca0000,0x00000007fd0b0000)
  to   space 4224K, 0% used [0x00000007fc870000,0x00000007fc870000,0x00000007fcc90000)
 ParOldGen       total 87424K, used 42580K [0x00000007c0000000, 0x00000007c5560000, 0x00000007eaab0000)
  object space 87424K, 48% used [0x00000007c0000000,0x00000007c2995200,0x00000007c5560000)
 PSPermGen       total 49920K, used 49504K [0x00000007bae00000, 0x00000007bdec0000, 0x00000007c0000000)
  object space 49920K, 99% used [0x00000007bae00000,0x00000007bde58380,0x00000007bdec0000)
}

Deoptimization events (10 events):
Event: 4544.888 Thread 0x0000000100846800 Uncommon trap -12 fr.pc 0x0000000106608f78
Event: 4544.989 Thread 0x0000000100846800 Uncommon trap -83 fr.pc 0x000000010646b8b0
Event: 4545.950 Thread 0x0000000100846800 Uncommon trap -34 fr.pc 0x00000001063db0fc
Event: 4555.169 Thread 0x0000000100846800 Uncommon trap -12 fr.pc 0x000000010655f468
Event: 4557.737 Thread 0x0000000100846800 Uncommon trap -34 fr.pc 0x00000001065a1f08
Event: 4576.965 Thread 0x00000001019e8800 Uncommon trap -83 fr.pc 0x000000010602b480
Event: 5000.646 Thread 0x0000000100846800 Uncommon trap -34 fr.pc 0x00000001066140ec
Event: 5000.647 Thread 0x0000000100846800 Uncommon trap -34 fr.pc 0x0000000106614104
Event: 5000.647 Thread 0x0000000100846800 Uncommon trap -34 fr.pc 0x0000000106614098
Event: 5000.649 Thread 0x0000000100846800 Uncommon trap -34 fr.pc 0x0000000106614098

Internal exceptions (10 events):
Event: 5151.362 Thread 0x000000011515f800 Threw 0x00000007ed7bbf60 at /HUDSON/workspace/jdk7u25-2-build-macosx-amd64-product/jdk7u25/hotspot/src/share/vm/prims/jvm.cpp:2957
Event: 5151.379 Thread 0x000000011515f800 Threw 0x00000007ed7bc148 at /HUDSON/workspace/jdk7u25-2-build-macosx-amd64-product/jdk7u25/hotspot/src/share/vm/prims/jvm.cpp:2957
Event: 5151.415 Thread 0x000000011515f800 Threw 0x00000007ed7bc330 at /HUDSON/workspace/jdk7u25-2-build-macosx-amd64-product/jdk7u25/hotspot/src/share/vm/prims/jvm.cpp:2957
Event: 5151.415 Thread 0x000000011515f800 Threw 0x00000007ed7bc518 at /HUDSON/workspace/jdk7u25-2-build-macosx-amd64-product/jdk7u25/hotspot/src/share/vm/prims/jvm.cpp:2915
Event: 5151.431 Thread 0x000000011515f800 Threw 0x00000007ed7bc6b0 at /HUDSON/workspace/jdk7u25-2-build-macosx-amd64-product/jdk7u25/hotspot/src/share/vm/prims/jvm.cpp:2957
Event: 5151.431 Thread 0x000000011515f800 Threw 0x00000007ed7bc898 at /HUDSON/workspace/jdk7u25-2-build-macosx-amd64-product/jdk7u25/hotspot/src/share/vm/prims/jvm.cpp:2915
Event: 5152.503 Thread 0x0000000100846800 Threw 0x00000007edb97f70 at /HUDSON/workspace/jdk7u25-2-build-macosx-amd64-product/jdk7u25/hotspot/src/share/vm/prims/nativeLookup.
Event: 5152.503 Thread 0x0000000100846800 Threw 0x00000007edb98a68 at /HUDSON/workspace/jdk7u25-2-build-macosx-amd64-product/jdk7u25/hotspot/src/share/vm/prims/nativeLookup.
Event: 5152.503 Thread 0x0000000100846800 Threw 0x00000007edb996b8 at /HUDSON/workspace/jdk7u25-2-build-macosx-amd64-product/jdk7u25/hotspot/src/share/vm/prims/nativeLookup.
Event: 5152.503 Thread 0x0000000100846800 Threw 0x00000007edb99d88 at /HUDSON/workspace/jdk7u25-2-build-macosx-amd64-product/jdk7u25/hotspot/src/share/vm/prims/nativeLookup.

Events (10 events):
Event: 5152.527 Thread 0x0000000148c0b800 Thread added: 0x0000000148c0b800
Event: 5152.527 Executing VM operation: RevokeBias
Event: 5152.527 Executing VM operation: RevokeBias done
Event: 5152.527 Thread 0x0000000148c0b800 Thread exited: 0x0000000148c0b800
Event: 5152.834 Executing VM operation: RevokeBias
Event: 5152.834 Executing VM operation: RevokeBias done
Event: 5152.936 Executing VM operation: RevokeBias
Event: 5152.936 Executing VM operation: RevokeBias done
Event: 5152.936 Thread 0x000000011515f800 Thread exited: 0x000000011515f800
Event: 5156.239 Thread 0x0000000149a20000 Thread added: 0x0000000149a20000


Dynamic libraries:
0x00000000098a0000 	/System/Library/Frameworks/Cocoa.framework/Versions/A/Cocoa
0x00000000098a0000 	/usr/lib/libSystem.B.dylib
0x00000000098a0000 	/System/Library/Frameworks/CoreServices.framework/Versions/A/CoreServices
0x00000000098a0000 	/usr/lib/libobjc.A.dylib
0x00000000098a0000 	/System/Library/Frameworks/CoreFoundation.framework/Versions/A/CoreFoundation
0x00000000098a0000 	/System/Library/Frameworks/AppKit.framework/Versions/C/AppKit
0x00000000098a0000 	/System/Library/Frameworks/ApplicationServices.framework/Versions/A/ApplicationServices
0x00000000098a0000 	/System/Library/Frameworks/Foundation.framework/Versions/C/Foundation
0x00000000098a0000 	/System/Library/Frameworks/CoreData.framework/Versions/A/CoreData
0x00000000098a0000 	/System/Library/PrivateFrameworks/RemoteViewServices.framework/Versions/A/RemoteViewServices
0x00000000098a0000 	/System/Library/PrivateFrameworks/UIFoundation.framework/Versions/A/UIFoundation
0x00000000098a0000 	/usr/lib/libScreenReader.dylib
0x00000000098a0000 	/System/Library/Frameworks/Accelerate.framework/Versions/A/Accelerate
0x00000000098a0000 	/System/Library/Frameworks/IOSurface.framework/Versions/A/IOSurface
0x00000000098a0000 	/System/Library/Frameworks/AudioToolbox.framework/Versions/A/AudioToolbox
0x00000000098a0000 	/System/Library/Frameworks/AudioUnit.framework/Versions/A/AudioUnit
0x00000000098a0000 	/System/Library/PrivateFrameworks/DataDetectorsCore.framework/Versions/A/DataDetectorsCore
0x00000000098a0000 	/System/Library/PrivateFrameworks/DesktopServicesPriv.framework/Versions/A/DesktopServicesPriv
0x00000000098a0000 	/System/Library/Frameworks/Carbon.framework/Versions/A/Frameworks/HIToolbox.framework/Versions/A/HIToolbox
0x00000000098a0000 	/System/Library/Frameworks/QuartzCore.framework/Versions/A/QuartzCore
0x00000000098a0000 	/System/Library/Frameworks/Security.framework/Versions/A/Security
0x00000000098a0000 	/System/Library/Frameworks/Carbon.framework/Versions/A/Frameworks/SpeechRecognition.framework/Versions/A/SpeechRecognition
0x00000000098a0000 	/usr/lib/libauto.dylib
0x00000000098a0000 	/usr/lib/libicucore.A.dylib
0x00000000098a0000 	/usr/lib/libxml2.2.dylib
0x00000000098a0000 	/usr/lib/libz.1.dylib
0x00000000098a0000 	/System/Library/PrivateFrameworks/CoreUI.framework/Versions/A/CoreUI
0x00000000098a0000 	/System/Library/Frameworks/CoreAudio.framework/Versions/A/CoreAudio
0x00000000098a0000 	/System/Library/Frameworks/DiskArbitration.framework/Versions/A/DiskArbitration
0x00000000098a0000 	/usr/lib/liblangid.dylib
0x00000000098a0000 	/System/Library/PrivateFrameworks/MultitouchSupport.framework/Versions/A/MultitouchSupport
0x00000000098a0000 	/System/Library/Frameworks/IOKit.framework/Versions/A/IOKit
0x00000000098a0000 	/usr/lib/libDiagnosticMessagesClient.dylib
0x00000000098a0000 	/System/Library/PrivateFrameworks/PerformanceAnalysis.framework/Versions/A/PerformanceAnalysis
0x00000000098a0000 	/System/Library/PrivateFrameworks/GenerationalStorage.framework/Versions/A/GenerationalStorage
0x00000000098a0000 	/System/Library/Frameworks/OpenGL.framework/Versions/A/OpenGL
0x00000000098a0000 	/System/Library/PrivateFrameworks/Sharing.framework/Versions/A/Sharing
0x00000000098a0000 	/System/Library/Frameworks/CoreGraphics.framework/Versions/A/CoreGraphics
0x00000000098a0000 	/System/Library/Frameworks/CoreImage.framework/Versions/A/CoreImage
0x00000000098a0000 	/System/Library/Frameworks/CoreText.framework/Versions/A/CoreText
0x00000000098a0000 	/System/Library/Frameworks/ImageIO.framework/Versions/A/ImageIO
0x00000000098a0000 	/System/Library/PrivateFrameworks/Backup.framework/Versions/A/Backup
0x00000000098a0000 	/usr/lib/libextension.dylib
0x00000000098a0000 	/usr/lib/libarchive.2.dylib
0x00000000098a0000 	/System/Library/Frameworks/CFNetwork.framework/Versions/A/CFNetwork
0x00000000098a0000 	/System/Library/Frameworks/SystemConfiguration.framework/Versions/A/SystemConfiguration
0x00000000098a0000 	/usr/lib/libCRFSuite.dylib
0x00000000098a0000 	/usr/lib/libc++.1.dylib
0x00000000098a0000 	/usr/lib/libc++abi.dylib
0x00000000098a0000 	/usr/lib/system/libcache.dylib
0x00000000098a0000 	/usr/lib/system/libcommonCrypto.dylib
0x00000000098a0000 	/usr/lib/system/libcompiler_rt.dylib
0x00000000098a0000 	/usr/lib/system/libcopyfile.dylib
0x00000000098a0000 	/usr/lib/system/libcorecrypto.dylib
0x00000000098a0000 	/usr/lib/system/libdispatch.dylib
0x00000000098a0000 	/usr/lib/system/libdyld.dylib
0x00000000098a0000 	/usr/lib/system/libkeymgr.dylib
0x00000000098a0000 	/usr/lib/system/liblaunch.dylib
0x00000000098a0000 	/usr/lib/system/libmacho.dylib
0x00000000098a0000 	/usr/lib/system/libquarantine.dylib
0x00000000098a0000 	/usr/lib/system/libremovefile.dylib
0x00000000098a0000 	/usr/lib/system/libsystem_asl.dylib
0x00000000098a0000 	/usr/lib/system/libsystem_blocks.dylib
0x00000000098a0000 	/usr/lib/system/libsystem_c.dylib
0x00000000098a0000 	/usr/lib/system/libsystem_configuration.dylib
0x00000000098a0000 	/usr/lib/system/libsystem_coreservices.dylib
0x00000000098a0000 	/usr/lib/system/libsystem_coretls.dylib
0x00000000098a0000 	/usr/lib/system/libsystem_dnssd.dylib
0x00000000098a0000 	/usr/lib/system/libsystem_info.dylib
0x00000000098a0000 	/usr/lib/system/libsystem_kernel.dylib
0x00000000098a0000 	/usr/lib/system/libsystem_m.dylib
0x00000000098a0000 	/usr/lib/system/libsystem_malloc.dylib
0x00000000098a0000 	/usr/lib/system/libsystem_network.dylib
0x00000000098a0000 	/usr/lib/system/libsystem_networkextension.dylib
0x00000000098a0000 	/usr/lib/system/libsystem_notify.dylib
0x00000000098a0000 	/usr/lib/system/libsystem_platform.dylib
0x00000000098a0000 	/usr/lib/system/libsystem_pthread.dylib
0x00000000098a0000 	/usr/lib/system/libsystem_sandbox.dylib
0x00000000098a0000 	/usr/lib/system/libsystem_secinit.dylib
0x00000000098a0000 	/usr/lib/system/libsystem_trace.dylib
0x00000000098a0000 	/usr/lib/system/libunc.dylib
0x00000000098a0000 	/usr/lib/system/libunwind.dylib
0x00000000098a0000 	/usr/lib/system/libxpc.dylib
0x00000000098a0000 	/usr/lib/libenergytrace.dylib
0x00000000098a0000 	/usr/lib/libbsm.0.dylib
0x00000000098a0000 	/usr/lib/system/libkxld.dylib
0x00000000098a0000 	/usr/lib/libxar.1.dylib
0x00000000098a0000 	/usr/lib/libsqlite3.dylib
0x00000000098a0000 	/usr/lib/libpam.2.dylib
0x00000000098a0000 	/usr/lib/libOpenScriptingUtil.dylib
0x00000000098a0000 	/usr/lib/libbz2.1.0.dylib
0x00000000098a0000 	/usr/lib/liblzma.5.dylib
0x00000000098a0000 	/System/Library/Frameworks/CoreServices.framework/Versions/A/Frameworks/FSEvents.framework/Versions/A/FSEvents
0x00000000098a0000 	/System/Library/Frameworks/CoreServices.framework/Versions/A/Frameworks/CarbonCore.framework/Versions/A/CarbonCore
0x00000000098a0000 	/System/Library/Frameworks/CoreServices.framework/Versions/A/Frameworks/Metadata.framework/Versions/A/Metadata
0x00000000098a0000 	/System/Library/Frameworks/CoreServices.framework/Versions/A/Frameworks/OSServices.framework/Versions/A/OSServices
0x00000000098a0000 	/System/Library/Frameworks/CoreServices.framework/Versions/A/Frameworks/SearchKit.framework/Versions/A/SearchKit
0x00000000098a0000 	/System/Library/Frameworks/CoreServices.framework/Versions/A/Frameworks/AE.framework/Versions/A/AE
0x00000000098a0000 	/System/Library/Frameworks/CoreServices.framework/Versions/A/Frameworks/LaunchServices.framework/Versions/A/LaunchServices
0x00000000098a0000 	/System/Library/Frameworks/CoreServices.framework/Versions/A/Frameworks/DictionaryServices.framework/Versions/A/DictionaryServices
0x00000000098a0000 	/System/Library/Frameworks/CoreServices.framework/Versions/A/Frameworks/SharedFileList.framework/Versions/A/SharedFileList
0x00000000098a0000 	/System/Library/Frameworks/NetFS.framework/Versions/A/NetFS
0x00000000098a0000 	/System/Library/PrivateFrameworks/NetAuth.framework/Versions/A/NetAuth
0x00000000098a0000 	/System/Library/PrivateFrameworks/login.framework/Versions/A/Frameworks/loginsupport.framework/Versions/A/loginsupport
0x00000000098a0000 	/System/Library/PrivateFrameworks/TCC.framework/Versions/A/TCC
0x00000000098a0000 	/usr/lib/libmecabra.dylib
0x00000000098a0000 	/System/Library/Frameworks/ApplicationServices.framework/Versions/A/Frameworks/ATS.framework/Versions/A/ATS
0x00000000098a0000 	/System/Library/Frameworks/ApplicationServices.framework/Versions/A/Frameworks/ColorSync.framework/Versions/A/ColorSync
0x00000000098a0000 	/System/Library/Frameworks/ApplicationServices.framework/Versions/A/Frameworks/HIServices.framework/Versions/A/HIServices
0x00000000098a0000 	/System/Library/Frameworks/ApplicationServices.framework/Versions/A/Frameworks/LangAnalysis.framework/Versions/A/LangAnalysis
0x00000000098a0000 	/System/Library/Frameworks/ApplicationServices.framework/Versions/A/Frameworks/PrintCore.framework/Versions/A/PrintCore
0x00000000098a0000 	/System/Library/Frameworks/ApplicationServices.framework/Versions/A/Frameworks/QD.framework/Versions/A/QD
0x00000000098a0000 	/System/Library/Frameworks/ApplicationServices.framework/Versions/A/Frameworks/SpeechSynthesis.framework/Versions/A/SpeechSynthesis
0x00000000098a0000 	/System/Library/Frameworks/Metal.framework/Versions/A/Metal
0x00000000098a0000 	/System/Library/Frameworks/Accelerate.framework/Versions/A/Frameworks/vImage.framework/Versions/A/vImage
0x00000000098a0000 	/System/Library/Frameworks/Accelerate.framework/Versions/A/Frameworks/vecLib.framework/Versions/A/vecLib
0x00000000098a0000 	/System/Library/Frameworks/Accelerate.framework/Versions/A/Frameworks/vecLib.framework/Versions/A/libvDSP.dylib
0x00000000098a0000 	/System/Library/Frameworks/Accelerate.framework/Versions/A/Frameworks/vecLib.framework/Versions/A/libvMisc.dylib
0x00000000098a0000 	/System/Library/Frameworks/Accelerate.framework/Versions/A/Frameworks/vecLib.framework/Versions/A/libLAPACK.dylib
0x00000000098a0000 	/System/Library/Frameworks/Accelerate.framework/Versions/A/Frameworks/vecLib.framework/Versions/A/libBLAS.dylib
0x00000000098a0000 	/System/Library/Frameworks/Accelerate.framework/Versions/A/Frameworks/vecLib.framework/Versions/A/libLinearAlgebra.dylib
0x00000000098a0000 	/System/Library/Frameworks/Accelerate.framework/Versions/A/Frameworks/vecLib.framework/Versions/A/libSparseBLAS.dylib
0x00000000098a0000 	/System/Library/PrivateFrameworks/GPUCompiler.framework/libmetal_timestamp.dylib
0x00000000098a0000 	/System/Library/Frameworks/OpenGL.framework/Versions/A/Libraries/libCoreFSCache.dylib
0x00000000098a0000 	/System/Library/PrivateFrameworks/IOAccelerator.framework/Versions/A/IOAccelerator
0x00000000098a0000 	/System/Library/Frameworks/ApplicationServices.framework/Versions/A/Frameworks/ATS.framework/Versions/A/Resources/libFontParser.dylib
0x00000000098a0000 	/System/Library/Frameworks/ApplicationServices.framework/Versions/A/Frameworks/ATS.framework/Versions/A/Resources/libFontRegistry.dylib
0x00000000098a0000 	/System/Library/PrivateFrameworks/AppleVPA.framework/Versions/A/AppleVPA
0x00000000098a0000 	/System/Library/PrivateFrameworks/AppleJPEG.framework/Versions/A/AppleJPEG
0x00000000098a0000 	/System/Library/Frameworks/ImageIO.framework/Versions/A/Resources/libJPEG.dylib
0x00000000098a0000 	/System/Library/Frameworks/ImageIO.framework/Versions/A/Resources/libTIFF.dylib
0x00000000098a0000 	/System/Library/Frameworks/ImageIO.framework/Versions/A/Resources/libPng.dylib
0x00000000098a0000 	/System/Library/Frameworks/ImageIO.framework/Versions/A/Resources/libGIF.dylib
0x00000000098a0000 	/System/Library/Frameworks/ImageIO.framework/Versions/A/Resources/libJP2.dylib
0x00000000098a0000 	/System/Library/Frameworks/ImageIO.framework/Versions/A/Resources/libRadiance.dylib
0x00000000098a0000 	/System/Library/Frameworks/CoreVideo.framework/Versions/A/CoreVideo
0x00000000098a0000 	/System/Library/Frameworks/OpenGL.framework/Versions/A/Libraries/libGLU.dylib
0x00000000098a0000 	/System/Library/Frameworks/OpenGL.framework/Versions/A/Libraries/libGFXShared.dylib
0x00000000098a0000 	/System/Library/Frameworks/OpenGL.framework/Versions/A/Libraries/libGL.dylib
0x00000000098a0000 	/System/Library/Frameworks/OpenGL.framework/Versions/A/Libraries/libGLImage.dylib
0x00000000098a0000 	/System/Library/Frameworks/OpenGL.framework/Versions/A/Libraries/libCVMSPluginSupport.dylib
0x00000000098a0000 	/System/Library/Frameworks/OpenGL.framework/Versions/A/Libraries/libCoreVMClient.dylib
0x00000000098a0000 	/usr/lib/libcups.2.dylib
0x00000000098a0000 	/System/Library/Frameworks/Kerberos.framework/Versions/A/Kerberos
0x00000000098a0000 	/System/Library/Frameworks/GSS.framework/Versions/A/GSS
0x00000000098a0000 	/usr/lib/libresolv.9.dylib
0x00000000098a0000 	/usr/lib/libiconv.2.dylib
0x00000000098a0000 	/System/Library/PrivateFrameworks/Heimdal.framework/Versions/A/Heimdal
0x00000000098a0000 	/usr/lib/libheimdal-asn1.dylib
0x00000000098a0000 	/System/Library/Frameworks/OpenDirectory.framework/Versions/A/OpenDirectory
0x00000000098a0000 	/System/Library/PrivateFrameworks/CommonAuth.framework/Versions/A/CommonAuth
0x00000000098a0000 	/System/Library/Frameworks/OpenDirectory.framework/Versions/A/Frameworks/CFOpenDirectory.framework/Versions/A/CFOpenDirectory
0x00000000098a0000 	/System/Library/Frameworks/SecurityFoundation.framework/Versions/A/SecurityFoundation
0x00000000098a0000 	/System/Library/PrivateFrameworks/LanguageModeling.framework/Versions/A/LanguageModeling
0x00000000098a0000 	/usr/lib/libmarisa.dylib
0x00000000098a0000 	/usr/lib/libChineseTokenizer.dylib
0x00000000098a0000 	/usr/lib/libcmph.dylib
0x00000000098a0000 	/usr/lib/libcompression.dylib
0x00000000098a0000 	/System/Library/Frameworks/ServiceManagement.framework/Versions/A/ServiceManagement
0x00000000098a0000 	/usr/lib/libxslt.1.dylib
0x00000000098a0000 	/System/Library/Frameworks/Carbon.framework/Versions/A/Frameworks/Ink.framework/Versions/A/Ink
0x00000000098a0000 	/usr/lib/libFosl_dynamic.dylib
0x00000000098a0000 	/System/Library/PrivateFrameworks/FaceCore.framework/Versions/A/FaceCore
0x00000000098a0000 	/System/Library/Frameworks/OpenCL.framework/Versions/A/OpenCL
0x00000000098a0000 	/System/Library/PrivateFrameworks/CrashReporterSupport.framework/Versions/A/CrashReporterSupport
0x00000000098a0000 	/System/Library/PrivateFrameworks/IconServices.framework/Versions/A/IconServices
0x00000000098a0000 	/System/Library/PrivateFrameworks/Apple80211.framework/Versions/A/Apple80211
0x00000000098a0000 	/System/Library/Frameworks/CoreWLAN.framework/Versions/A/CoreWLAN
0x00000000098a0000 	/System/Library/Frameworks/IOBluetooth.framework/Versions/A/IOBluetooth
0x00000000098a0000 	/System/Library/PrivateFrameworks/CoreWiFi.framework/Versions/A/CoreWiFi
0x00000000098a0000 	/System/Library/Frameworks/CoreBluetooth.framework/Versions/A/CoreBluetooth
0x00000000098a0000 	/System/Library/PrivateFrameworks/ChunkingLibrary.framework/Versions/A/ChunkingLibrary
0x00000000098a0000 	/System/Library/PrivateFrameworks/DebugSymbols.framework/Versions/A/DebugSymbols
0x00000000098a0000 	/System/Library/PrivateFrameworks/CoreSymbolication.framework/Versions/A/CoreSymbolication
0x00000000098a0000 	/System/Library/PrivateFrameworks/Symbolication.framework/Versions/A/Symbolication
0x00000000098a0000 	/System/Library/PrivateFrameworks/SpeechRecognitionCore.framework/Versions/A/SpeechRecognitionCore
0x00000001000b8000 	/Applications/exelis/idl85/idlde/plugins/org.eclipse.equinox.launcher.cocoa.macosx.x86_64_1.1.101.v20120109-1504/eclipse_1408.so
0x00000000098a0000 	/System/Library/PrivateFrameworks/CoreServicesInternal.framework/Versions/A/CoreServicesInternal
0x000000010542a000 	/Applications/exelis/idl85/idlde/bin.darwin.x86_64/jre/lib/server/libjvm.dylib
0x00000000098a0000 	/usr/lib/libstdc++.6.dylib
0x0000000100714000 	/Applications/exelis/idl85/idlde/bin.darwin.x86_64/jre/lib/libverify.dylib
0x0000000100721000 	/Applications/exelis/idl85/idlde/bin.darwin.x86_64/jre/lib/libjava.dylib
0x000000010075a000 	/Applications/exelis/idl85/idlde/bin.darwin.x86_64/jre/lib/libzip.dylib
0x000000010d00b000 	/System/Library/Frameworks/JavaVM.framework/Frameworks/JavaRuntimeSupport.framework/JavaRuntimeSupport
0x000000010d026000 	/System/Library/Frameworks/JavaVM.framework/Versions/A/Frameworks/JavaNativeFoundation.framework/Versions/A/JavaNativeFoundation
0x00000001007ec000 	/System/Library/Frameworks/JavaVM.framework/Versions/A/JavaVM
0x00000000098a0000 	/System/Library/Frameworks/Carbon.framework/Versions/A/Carbon
0x000000010d03b000 	/System/Library/PrivateFrameworks/JavaLaunching.framework/Versions/A/JavaLaunching
0x00000000098a0000 	/System/Library/Frameworks/Carbon.framework/Versions/A/Frameworks/CommonPanels.framework/Versions/A/CommonPanels
0x00000000098a0000 	/System/Library/Frameworks/Carbon.framework/Versions/A/Frameworks/Help.framework/Versions/A/Help
0x00000000098a0000 	/System/Library/Frameworks/Carbon.framework/Versions/A/Frameworks/ImageCapture.framework/Versions/A/ImageCapture
0x00000000098a0000 	/System/Library/Frameworks/Carbon.framework/Versions/A/Frameworks/OpenScripting.framework/Versions/A/OpenScripting
0x00000000098a0000 	/System/Library/Frameworks/Carbon.framework/Versions/A/Frameworks/Print.framework/Versions/A/Print
0x00000000098a0000 	/System/Library/Frameworks/Carbon.framework/Versions/A/Frameworks/SecurityHI.framework/Versions/A/SecurityHI
0x00000000098a0000 	/System/Library/CoreServices/RawCamera.bundle/Contents/MacOS/RawCamera
0x00000000098a0000 	/System/Library/PrivateFrameworks/FamilyControls.framework/Versions/A/FamilyControls
0x00000000098a0000 	/System/Library/PrivateFrameworks/CommerceKit.framework/Versions/A/Frameworks/CommerceCore.framework/Versions/A/CommerceCore
0x00000000098a0000 	/System/Library/PrivateFrameworks/SystemAdministration.framework/Versions/A/SystemAdministration
0x00000000098a0000 	/System/Library/PrivateFrameworks/AppContainer.framework/Versions/A/AppContainer
0x00000000098a0000 	/System/Library/PrivateFrameworks/SecCodeWrapper.framework/Versions/A/SecCodeWrapper
0x00000000098a0000 	/System/Library/Frameworks/DirectoryService.framework/Versions/A/DirectoryService
0x00000000098a0000 	/System/Library/PrivateFrameworks/DiskImages.framework/Versions/A/DiskImages
0x00000000098a0000 	/System/Library/PrivateFrameworks/LoginUIKit.framework/Versions/A/Frameworks/LoginUICore.framework/Versions/A/LoginUICore
0x00000000098a0000 	/usr/lib/libCoreStorage.dylib
0x00000000098a0000 	/usr/lib/libcsfde.dylib
0x00000000098a0000 	/usr/lib/libodfde.dylib
0x00000000098a0000 	/System/Library/Frameworks/DiscRecording.framework/Versions/A/DiscRecording
0x000000010e18e000 	/Applications/exelis/idl85/bin/bin.darwin.x86_64/libcurl.4.dylib
0x00000000098a0000 	/System/Library/PrivateFrameworks/MediaKit.framework/Versions/A/MediaKit
0x00000000098a0000 	/System/Library/PrivateFrameworks/ProtectedCloudStorage.framework/Versions/A/ProtectedCloudStorage
0x00000000098a0000 	/System/Library/PrivateFrameworks/EFILogin.framework/Versions/A/EFILogin
0x00000000098a0000 	/usr/lib/libutil.dylib
0x00000000098a0000 	/System/Library/PrivateFrameworks/FindMyDevice.framework/Versions/A/FindMyDevice
0x00000000098a0000 	/System/Library/Frameworks/CoreGraphics.framework/Versions/A/Resources/libRIP.A.dylib
0x00000000098a0000 	/System/Library/Frameworks/Accelerate.framework/Versions/A/Frameworks/vImage.framework/Versions/A/Libraries/libCGInterfaces.dylib
0x00000000098a0000 	/System/Library/Frameworks/CoreGraphics.framework/Versions/A/Resources/libCGXType.A.dylib
0x00000000098a0000 	/System/Library/Frameworks/OpenCL.framework/Versions/A/Libraries/libcldcpuengine.dylib
0x000000010f68f000 	cl_kernels
0x00000000098a0000 	/System/Library/Frameworks/OpenCL.framework/Versions/A/Libraries/ImageFormats/unorm8_bgra.dylib
0x00000000098a0000 	/System/Library/Frameworks/OpenCL.framework/Versions/A/Libraries/ImageFormats/unorm8_rgba.dylib
0x000000010f881000 	/Applications/exelis/idl85/idlde/bin.darwin.x86_64/jre/lib/libnet.dylib
0x000000010f8de000 	/Applications/exelis/idl85/idlde/bin.darwin.x86_64/jre/lib/libnio.dylib
0x000000010f5b5000 	/Users/spencerfaber/.swt/lib/macosx/x86_64/libswt-cocoa-3740.jnilib
0x00000000098a0000 	/System/Library/Frameworks/WebKit.framework/Versions/A/WebKit
0x00000000098a0000 	/System/Library/Frameworks/JavaScriptCore.framework/Versions/A/JavaScriptCore
0x00000000098a0000 	/System/Library/Frameworks/SecurityInterface.framework/Versions/A/SecurityInterface
0x00000000098a0000 	/System/Library/Frameworks/WebKit.framework/Versions/A/Frameworks/WebKitLegacy.framework/Versions/A/WebKitLegacy
0x00000000098a0000 	/System/Library/Frameworks/WebKit.framework/Versions/A/Frameworks/WebCore.framework/Versions/A/WebCore
0x000000010f50b000 	/Users/spencerfaber/.swt/lib/macosx/x86_64/libswt-pi-cocoa-3740.jnilib
0x000000010ff6e000 	/Applications/exelis/idl85/bin/bin.darwin.x86_64/libidl_ips.8.5.dylib
0x00000001106e5000 	/Applications/exelis/idl85/bin/bin.darwin.x86_64/libidl.8.5.dylib
0x0000000111272000 	/opt/X11/lib/libfreetype.6.dylib
0x000000010fed3000 	/Applications/exelis/idl85/bin/bin.darwin.x86_64/libMesaGLU6_2.dylib
0x0000000111308000 	/Applications/exelis/idl85/bin/bin.darwin.x86_64/libMesaGL6_2.dylib
0x000000010fc9a000 	/Applications/exelis/idl85/bin/bin.darwin.x86_64/libOSMesa6_2.dylib
0x000000010fca4000 	/opt/X11/lib/libXp.6.dylib
0x000000011154a000 	/Applications/exelis/idl85/bin/bin.darwin.x86_64/libXm.3.0.2.dylib
0x000000010fce5000 	/opt/X11/lib/libXpm.4.dylib
0x00000001100b0000 	/opt/X11/lib/libXmu.6.dylib
0x00000001100cb000 	/opt/X11/lib/libXext.6.dylib
0x0000000111959000 	/opt/X11/lib/libXt.6.dylib
0x000000010fcaf000 	/opt/X11/lib/libXinerama.1.dylib
0x000000010ffcc000 	/opt/X11/lib/libSM.6.dylib
0x00000001100de000 	/opt/X11/lib/libICE.6.dylib
0x00000001119b7000 	/opt/X11/lib/libX11.6.dylib
0x0000000111ae8000 	/opt/X11/lib/libxcb.1.dylib
0x000000010fcf8000 	/opt/X11/lib/libXau.6.dylib
0x0000000111b0f000 	/opt/X11/lib/libXdmcp.6.dylib
0x000000010f487000 	/Applications/exelis/idl85/bin/bin.darwin.x86_64/gl_driver.so
0x0000000111fc0000 	/opt/X11/lib/libGL.1.dylib
0x000000010f30b000 	/opt/X11/lib/libXplugin.1.dylib
0x000000010f26e000 	/opt/X11/lib/libX11-xcb.1.dylib
0x00000000098a0000 	/System/Library/PrivateFrameworks/CloudDocs.framework/Versions/A/CloudDocs
0x00000000098a0000 	/System/Library/PrivateFrameworks/CoreDuet.framework/Versions/A/CoreDuet
0x00000000098a0000 	/System/Library/Frameworks/CloudKit.framework/Versions/A/CloudKit
0x00000000098a0000 	/System/Library/PrivateFrameworks/ProtocolBuffer.framework/Versions/A/ProtocolBuffer
0x00000000098a0000 	/System/Library/PrivateFrameworks/CoreDuetDaemonProtocol.framework/Versions/A/CoreDuetDaemonProtocol
0x00000000098a0000 	/System/Library/PrivateFrameworks/CoreDuetDebugLogging.framework/Versions/A/CoreDuetDebugLogging
0x00000000098a0000 	/System/Library/PrivateFrameworks/MMCS.framework/Versions/A/MMCS
0x00000000098a0000 	/System/Library/Frameworks/CoreLocation.framework/Versions/A/CoreLocation
0x00000000098a0000 	/System/Library/PrivateFrameworks/AssetCacheServices.framework/Versions/A/AssetCacheServices
0x00000000098a0000 	/System/Library/PrivateFrameworks/GeoServices.framework/Versions/A/GeoServices
0x00000000098a0000 	/System/Library/Frameworks/CoreGraphics.framework/Versions/A/Resources/libCGXCoreImage.A.dylib
0x000000010e472000 	cl_kernels
0x0000000114152000 	/System/Library/Extensions/AppleIntelBDWGraphicsMTLDriver.bundle/Contents/MacOS/AppleIntelBDWGraphicsMTLDriver
0x00000000098a0000 	/System/Library/Frameworks/OpenGL.framework/Versions/A/Resources/GLEngine.bundle/GLEngine
0x00000000098a0000 	/System/Library/Frameworks/OpenGL.framework/Versions/A/Libraries/libGLProgrammability.dylib
0x0000000117800000 	/System/Library/Extensions/AppleIntelBDWGraphicsGLDriver.bundle/Contents/MacOS/AppleIntelBDWGraphicsGLDriver
0x00000000098a0000 	/System/Library/PrivateFrameworks/GPUSupport.framework/Versions/A/Libraries/libGPUSupportMercury.dylib
0x00000000098a0000 	/System/Library/Frameworks/OpenGL.framework/Versions/A/Resources/GLRendererFloat.bundle/GLRendererFloat
0x000000010e5e8000 	cl_kernels
0x000000011bec6000 	/Applications/exelis/idl85/bin/bin.darwin.x86_64/idl_netcdf.so
0x000000013e08d000 	cl_kernels
0x0000000144c14000 	/System/Library/PrivateFrameworks/Lookup.framework/Lookup
0x00000000098a0000 	/System/Library/PrivateFrameworks/ViewBridge.framework/Versions/A/ViewBridge
0x00000000098a0000 	/System/Library/PrivateFrameworks/DataDetectors.framework/Versions/A/DataDetectors
0x00000000098a0000 	/System/Library/PrivateFrameworks/XPCService.framework/Versions/A/XPCService
0x00000000098a0000 	/System/Library/PrivateFrameworks/AppSandbox.framework/Versions/A/AppSandbox
0x00000000098a0000 	/usr/lib/libsandbox.1.dylib
0x00000000098a0000 	/usr/lib/libMatch.1.dylib
0x00000000098a0000 	/System/Library/Frameworks/AddressBook.framework/Versions/A/AddressBook
0x00000000098a0000 	/System/Library/Frameworks/Quartz.framework/Versions/A/Quartz
0x00000000098a0000 	/System/Library/PrivateFrameworks/ContactsPersistence.framework/Versions/A/ContactsPersistence
0x00000000098a0000 	/System/Library/PrivateFrameworks/ContactsFoundation.framework/Versions/A/ContactsFoundation
0x00000000098a0000 	/System/Library/PrivateFrameworks/vCard.framework/Versions/A/vCard
0x00000000098a0000 	/System/Library/PrivateFrameworks/IntlPreferences.framework/Versions/A/IntlPreferences
0x00000000098a0000 	/System/Library/PrivateFrameworks/ToneLibrary.framework/Versions/A/ToneLibrary
0x00000000098a0000 	/System/Library/PrivateFrameworks/ToneKit.framework/Versions/A/ToneKit
0x00000000098a0000 	/System/Library/PrivateFrameworks/ApplePushService.framework/Versions/A/ApplePushService
0x00000000098a0000 	/System/Library/PrivateFrameworks/PhoneNumbers.framework/Versions/A/PhoneNumbers
0x00000000098a0000 	/System/Library/Frameworks/LDAP.framework/Versions/A/LDAP
0x00000000098a0000 	/System/Library/Frameworks/AVFoundation.framework/Versions/A/AVFoundation
0x00000000098a0000 	/System/Library/Frameworks/AVFoundation.framework/Versions/A/Resources/libAVFAudio.dylib
0x00000000098a0000 	/System/Library/Frameworks/CoreMedia.framework/Versions/A/CoreMedia
0x00000000098a0000 	/System/Library/Frameworks/MediaToolbox.framework/Versions/A/MediaToolbox
0x00000000098a0000 	/System/Library/Frameworks/VideoToolbox.framework/Versions/A/VideoToolbox
0x00000000098a0000 	/System/Library/Frameworks/CoreMediaIO.framework/Versions/A/CoreMediaIO
0x00000000098a0000 	/usr/lib/libspindump.dylib
0x00000000098a0000 	/System/Library/PrivateFrameworks/CoreAVCHD.framework/Versions/A/CoreAVCHD
0x00000000098a0000 	/System/Library/Frameworks/MediaAccessibility.framework/Versions/A/MediaAccessibility
0x00000000098a0000 	/System/Library/PrivateFrameworks/Mangrove.framework/Versions/A/Mangrove
0x00000000098a0000 	/System/Library/PrivateFrameworks/CoreAUC.framework/Versions/A/CoreAUC
0x00000000098a0000 	/System/Library/PrivateFrameworks/AppleVA.framework/Versions/A/AppleVA
0x00000000098a0000 	/System/Library/PrivateFrameworks/CoreDaemon.framework/Versions/B/CoreDaemon
0x00000000098a0000 	/usr/lib/libcrypto.0.9.8.dylib
0x00000000098a0000 	/System/Library/PrivateFrameworks/AppleSRP.framework/Versions/A/AppleSRP
0x00000000098a0000 	/System/Library/PrivateFrameworks/TrustEvaluationAgent.framework/Versions/A/TrustEvaluationAgent
0x00000000098a0000 	/System/Library/Frameworks/Quartz.framework/Versions/A/Frameworks/QuartzComposer.framework/Versions/A/QuartzComposer
0x00000000098a0000 	/System/Library/Frameworks/Quartz.framework/Versions/A/Frameworks/PDFKit.framework/Versions/A/PDFKit
0x00000000098a0000 	/System/Library/Frameworks/Quartz.framework/Versions/A/Frameworks/QuartzFilters.framework/Versions/A/QuartzFilters
0x00000000098a0000 	/System/Library/Frameworks/Quartz.framework/Versions/A/Frameworks/ImageKit.framework/Versions/A/ImageKit
0x00000000098a0000 	/System/Library/Frameworks/Quartz.framework/Versions/A/Frameworks/QuickLookUI.framework/Versions/A/QuickLookUI
0x00000000098a0000 	/System/Library/Frameworks/QTKit.framework/Versions/A/QTKit
0x00000000098a0000 	/System/Library/PrivateFrameworks/AppleSystemInfo.framework/Versions/A/AppleSystemInfo
0x00000000098a0000 	/System/Library/PrivateFrameworks/CoreMediaAuthoring.framework/Versions/A/CoreMediaAuthoring
0x00000000098a0000 	/System/Library/PrivateFrameworks/CorePDF.framework/Versions/A/CorePDF
0x00000000098a0000 	/System/Library/Frameworks/QuickLook.framework/Versions/A/QuickLook
0x00000000098a0000 	/System/Library/PrivateFrameworks/DisplayServices.framework/Versions/A/DisplayServices
0x00000000098a0000 	/System/Library/Frameworks/ImageCaptureCore.framework/Versions/A/ImageCaptureCore
0x00000000098a0000 	/System/Library/PrivateFrameworks/SafariServices.framework/Versions/A/SafariServices
0x00000000098a0000 	/usr/lib/libsasl2.2.dylib
0x00000000098a0000 	/System/Library/PrivateFrameworks/FinderKit.framework/Versions/A/FinderKit
0x00000000098a0000 	/System/Library/PrivateFrameworks/Bom.framework/Versions/A/Bom
0x00000000098a0000 	/System/Library/PrivateFrameworks/Suggestions.framework/Versions/A/Suggestions
0x00000000098a0000 	/System/Library/PrivateFrameworks/AppleFSCompression.framework/Versions/A/AppleFSCompression
0x00000000098a0000 	/System/Library/PrivateFrameworks/PlugInKit.framework/Versions/A/PlugInKit
0x00000001687e4000 	/System/Library/Filesystems/NetFSPlugins/smb.bundle/Contents/MacOS/smb
0x00000000098a0000 	/System/Library/PrivateFrameworks/SMBClient.framework/Versions/A/SMBClient
0x00000000098a0000 	/System/Library/PrivateFrameworks/DCERPC.framework/Versions/A/DCERPC
0x00000000098a0000 	/System/Library/PrivateFrameworks/KerberosHelper.framework/Versions/A/KerberosHelper
0x00000000098a0000 	/System/Library/PrivateFrameworks/CacheDelete.framework/Versions/A/CacheDelete
0x00000001832bf000 	/System/Library/Frameworks/Security.framework/PlugIns/csparser.bundle/Contents/MacOS/csparser

VM Arguments:
jvm_args: -Dosgi.instance.area.default=@user.home/IDLWorkspace -Dosgi.configuration.area=@user.home/.idl/idlworkbench-config-idl8.5.1_x86_64 -Dosgi.configuration.cascaded=true -Dosgi.checkConfiguration=true -Dosgi.sharedConfiguration.area.readOnly=true -Dorg.eclipse.update.reconcile=false -Declipse.p2.data.area=@config.dir/p2 -XstartOnFirstThread -Xdock:icon=../Resources/idlde.icns -Dorg.eclipse.swt.internal.carbon.smallFonts -Dosgi.sharedConfiguration.area=../../../configuration.darwin.x86_64 -Xms128m -Xmx1024m 
java_command: <unknown>
Launcher Type: generic

Environment Variables:
CLASSPATH=.:/Applications/exelis/idl85/resource/bridges/export/java/javaidlb.jar
PATH=/Applications/exelis/idl85/bin:/usr/bin:/bin:/usr/sbin:/sbin
LD_LIBRARY_PATH=/Applications/exelis/idl85/idlde/bin.darwin.x86_64/jre/lib/server:/Applications/exelis/idl85/idlde/bin.darwin.x86_64/jre/lib:
SHELL=/bin/bash
DISPLAY=/private/tmp/com.apple.launchd.aWwuNWH2aD/org.macports:0
DYLD_LIBRARY_PATH=/Applications/exelis/idl85/idlde/bin.darwin.x86_64:/Applications/exelis/idl85/bin/bin.darwin.x86_64
DYLD_FALLBACK_LIBRARY_PATH=/Applications/exelis/idl85/idlde/bin.darwin.x86_64/jre/lib/server:/Applications/exelis/idl85/idlde/bin.darwin.x86_64/jre/lib:

Signal Handlers:
SIGSEGV: [libjvm.dylib+0x4a820f], sa_mask[0]=0xfffefeff, sa_flags=0x00000042
SIGBUS: [libjvm.dylib+0x4a820f], sa_mask[0]=0xfffefeff, sa_flags=0x00000042
SIGFPE: [libjvm.dylib+0x3b7495], sa_mask[0]=0xfffefeff, sa_flags=0x00000042
SIGPIPE: SIG_IGN, sa_mask[0]=0x00000000, sa_flags=0x00000002
SIGXFSZ: [libjvm.dylib+0x3b7495], sa_mask[0]=0xfffefeff, sa_flags=0x00000042
SIGILL: [libjvm.dylib+0x3b7495], sa_mask[0]=0xfffefeff, sa_flags=0x00000042
SIGUSR1: SIG_DFL, sa_mask[0]=0x00000000, sa_flags=0x00000000
SIGUSR2: [libjvm.dylib+0x3b702e], sa_mask[0]=0x00000000, sa_flags=0x00000042
SIGHUP: [libjvm.dylib+0x3b528f], sa_mask[0]=0xfffefeff, sa_flags=0x00000042
SIGINT: [libidl.8.5.dylib+0x403a20], sa_mask[0]=0x00000000, sa_flags=0x00000002
SIGTERM: [libjvm.dylib+0x3b528f], sa_mask[0]=0xfffefeff, sa_flags=0x00000042
SIGQUIT: [libjvm.dylib+0x3b528f], sa_mask[0]=0xfffefeff, sa_flags=0x00000042


---------------  S Y S T E M  ---------------

OS:Bsduname:Darwin 15.3.0 Darwin Kernel Version 15.3.0: Thu Dec 10 18:40:58 PST 2015; root:xnu-3248.30.4~1/RELEASE_X86_64 x86_64
rlimit: STACK 8192k, CORE 0k, NPROC 709, NOFILE 10240, AS infinity
load average:2.01 1.66 1.55

CPU:total 4 (2 cores per cpu, 2 threads per core) family 6 model 61 stepping 4, cmov, cx8, fxsr, mmx, sse, sse2, sse3, ssse3, sse4.1, sse4.2, popcnt, avx, avx2, ht, tsc, tscinvbit

Memory: 4k page, physical 137435138636k(34358784659k free)

/proc/meminfo:


vm_info: Java HotSpot(TM) 64-Bit Server VM (23.25-b01) for bsd-amd64 JRE (1.7.0_25-b15), built on Jun  5 2013 22:26:36 by "java_re" with gcc 4.2.1 (Based on Apple Inc. build 5658) (LLVM build 2336.11.00)

time: Wed Mar 16 08:32:37 2016
elapsed time: 5156 seconds

