#
# A fatal error has been detected by the Java Runtime Environment:
#
#  SIGSEGV (0xb) at pc=0x00000001107f0982, pid=795, tid=44291
#
# JRE version: 7.0_25-b15
# Java VM: Java HotSpot(TM) 64-Bit Server VM (23.25-b01 mixed mode bsd-amd64 compressed oops)
# Problematic frame:
# C  [libidl.8.5.dylib+0x134982]  igSrcDestFlush+0x42
#
# Failed to write core dump. Core dumps have been disabled. To enable core dumping, try "ulimit -c unlimited" before starting Java again
#
# If you would like to submit a bug report, please visit:
#   http://bugreport.sun.com/bugreport/crash.jsp
# The crash happened outside the Java Virtual Machine in native code.
# See problematic frame for where to report the bug.
#

---------------  T H R E A D  ---------------

Current thread (0x00000001011e9800):  JavaThread "IDL" [_thread_in_native, id=44291, stack(0x00007000018e5000,0x00007000019e5000)]

siginfo:si_signo=SIGSEGV: si_errno=0, si_code=1 (SEGV_MAPERR), si_addr=0x0000000000000058

Registers:
RAX=0x0000000000000018, RBX=0x0000000000000018, RCX=0x0000000000000000, RDX=0x0000000000000053
RSP=0x00007000019e3308, RBP=0x00007000019e3e40, RSI=0x000000010166e2b8, RDI=0x0000000000000000
R8 =0x0000000000000000, R9 =0x0000000000007ffa, R10=0x00007fff8701a7ee, R11=0x0000000000000246
R12=0x00007000019e3df8, R13=0x000000011fc360c8, R14=0x0000000130d18408, R15=0x0000000120eaa9a8
RIP=0x00000001107f0982, EFLAGS=0x0000000000010202, ERR=0x0000000000000004
  TRAPNO=0x000000000000000e

Top of Stack: (sp=0x00007000019e3308)
0x00007000019e3308:   00000001107ed835 00007000019e3df8
0x00007000019e3318:   0000000000000000 0000000000000000
0x00007000019e3328:   0000000100000000 00007000019e3370
0x00007000019e3338:   00000001130f2798 0000000010d58cf1
0x00007000019e3348:   0000000101946e08 00000000019e3dc0
0x00007000019e3358:   0000000120eaa9c0 000000010148ee48
0x00007000019e3368:   0000000000000001 00007000019e3390
0x00007000019e3378:   00007fff8953f0dc 000000000000000e
0x00007000019e3388:   0000000000000000 0000000000000000
0x00007000019e3398:   0000000100000000 00007000019e39c8
0x00007000019e33a8:   00007000019e3530 00007000019e2e50
0x00007000019e33b8:   000000011110c248 0000000000000100
0x00007000019e33c8:   0000000000000000 0000000000000000
0x00007000019e33d8:   00000001109d685d 0000000130d00000
0x00007000019e33e8:   0000037f00001f80 0000000000000004
0x00007000019e33f8:   0000000100000004 0000000110f370d8
0x00007000019e3408:   000000000000000b 0000000130d245d8
0x00007000019e3418:   0000000000000000 00007000019e3450
0x00007000019e3428:   0000000110b3cab2 0000000110f370d8
0x00007000019e3438:   0000000130d24550 0000000000000000
0x00007000019e3448:   000000011cd609a8 00007000019e34b0
0x00007000019e3458:   000000001097b3ff 00007000019e3a88
0x00007000019e3468:   00007000019e35f0 00007000019e2f10
0x00007000019e3478:   000000011110c248 000000011110c248
0x00007000019e3488:   000000011110c230 00007000019e3460
0x00007000019e3498:   00000001109d685d 000000010148ee58
0x00007000019e34a8:   0000037f00001f80 ac002b8600000004
0x00007000019e34b8:   0000000100000004 00007000019e3978
0x00007000019e34c8:   0000000000000000 0000000111103918
0x00007000019e34d8:   0000000111103c68 00007000019e37a0
0x00007000019e34e8:   0000000110b00d9b 000000005f4d5953
0x00007000019e34f8:   000000015f540052 0000000000000000 

Instructions: (pc=0x00000001107f0982)
0x00000001107f0962:   00 00 00 31 c9 e8 74 c2 2c 00 48 8b 8c 18 c8 00
0x00000001107f0972:   00 00 48 8b bc 18 d0 00 00 00 48 83 c4 08 5b 5d
0x00000001107f0982:   ff 61 58 66 66 2e 0f 1f 84 00 00 00 00 00 55 48
0x00000001107f0992:   89 e5 41 57 41 56 41 55 41 54 53 48 81 ec 58 14 

Register to memory mapping:

RAX=0x0000000000000018 is an unknown value
RBX=0x0000000000000018 is an unknown value
RCX=0x0000000000000000 is an unknown value
RDX=0x0000000000000053 is an unknown value
RSP=0x00007000019e3308 is pointing into the stack for thread: 0x00000001011e9800
RBP=0x00007000019e3e40 is pointing into the stack for thread: 0x00000001011e9800
RSI=0x000000010166e2b8 is an unknown value
RDI=0x0000000000000000 is an unknown value
R8 =0x0000000000000000 is an unknown value
R9 =0x0000000000007ffa is an unknown value
R10=0x00007fff8701a7ee: sigprocmask+0xa in /usr/lib/system/libsystem_kernel.dylib at 0x00007fff87002000
R11=0x0000000000000246 is an unknown value
R12=0x00007000019e3df8 is pointing into the stack for thread: 0x00000001011e9800
R13=0x000000011fc360c8 is an unknown value
R14=0x0000000130d18408 is an unknown value
R15=0x0000000120eaa9a8 is an unknown value


Stack: [0x00007000018e5000,0x00007000019e5000],  sp=0x00007000019e3308,  free space=1016k
Native frames: (J=compiled Java code, j=interpreted, Vv=VM code, C=native code)
C  [libidl.8.5.dylib+0x134982]  igSrcDestFlush+0x42
C  [libidl.8.5.dylib+0x322de7]  interpreter+0x87d7
C  [libidl.8.5.dylib+0x444d9b]  IDL_Executive+0xebb
C  [libidl_ips.8.5.dylib+0x9604]  ips_main+0x284
C  [libidl_ips.8.5.dylib+0xa83c]  IPS_RunClient+0x3c
C  [libidl_ips.8.5.dylib+0x15543]  IPS_Start+0x13
C  [libidl_ips.8.5.dylib+0xb94]  Java_com_rsi_idldt_core_ips_IPS_1Access_IPS_1Start+0x204
j  com.rsi.idldt.core.ips.IPS_Access.IPS_Start([Ljava/lang/String;)V+0
j  com.rsi.idldt.core.ips.IPS_Manager$2.run()V+15
j  java.lang.Thread.run()V+11
v  ~StubRoutines::call_stub
V  [libjvm.dylib+0x28a5c3]
V  [libjvm.dylib+0x28aaa2]
V  [libjvm.dylib+0x28abdc]
V  [libjvm.dylib+0x2c1868]
V  [libjvm.dylib+0x47cbd8]
V  [libjvm.dylib+0x47e0ca]
V  [libjvm.dylib+0x3b95f9]
C  [libsystem_pthread.dylib+0x3c13]  _pthread_body+0x83
C  [libsystem_pthread.dylib+0x3b90]  _pthread_body+0x0
C  [libsystem_pthread.dylib+0x1375]  thread_start+0xd

Java frames: (J=compiled Java code, j=interpreted, Vv=VM code)
j  com.rsi.idldt.core.ips.IPS_Access.IPS_Start([Ljava/lang/String;)V+0
j  com.rsi.idldt.core.ips.IPS_Manager$2.run()V+15
j  java.lang.Thread.run()V+11
v  ~StubRoutines::call_stub

---------------  P R O C E S S  ---------------

Java Threads: ( => current thread )
  0x0000000112cbf800 JavaThread "Thread-768" [_thread_in_native, id=368055, stack(0x0000700001d7a000,0x0000700001e7a000)]
  0x0000000124245800 JavaThread "Worker-39" [_thread_blocked, id=361783, stack(0x0000700002dad000,0x0000700002ead000)]
  0x0000000124963800 JavaThread "Worker-38" [_thread_blocked, id=359639, stack(0x0000700002caa000,0x0000700002daa000)]
  0x00000001244d1000 JavaThread "Worker-34" [_thread_blocked, id=310651, stack(0x00007000016df000,0x00007000017df000)]
  0x0000000119b5a800 JavaThread "Worker-32" [_thread_blocked, id=305271, stack(0x0000700001f83000,0x0000700002083000)]
  0x0000000112040800 JavaThread "Worker-30" [_thread_blocked, id=307999, stack(0x0000700002ba7000,0x0000700002ca7000)]
  0x0000000119900800 JavaThread "Worker-29" [_thread_blocked, id=275555, stack(0x0000700002718000,0x0000700002818000)]
  0x0000000101876000 JavaThread "Worker-28" [_thread_blocked, id=294499, stack(0x00007000019e8000,0x0000700001ae8000)]
  0x0000000101d7b800 JavaThread "Thread-239" daemon [_thread_in_native, id=186383, stack(0x0000700000014000,0x0000700000094000)]
  0x0000000112b53800 JavaThread "[ThreadPool Manager] - Idle Thread" daemon [_thread_blocked, id=71751, stack(0x0000700002aa4000,0x0000700002ba4000)]
  0x0000000101cf8800 JavaThread "Timer-2" daemon [_thread_blocked, id=66571, stack(0x00007000029a1000,0x0000700002aa1000)]
  0x00000001011e4000 JavaThread "Timer-1" daemon [_thread_blocked, id=63495, stack(0x000070000289e000,0x000070000299e000)]
  0x0000000100931800 JavaThread "Thread-11" [_thread_in_native, id=60931, stack(0x0000700002615000,0x0000700002715000)]
  0x0000000100a23800 JavaThread "IDLDT DOM Worker-3" [_thread_blocked, id=58895, stack(0x0000700002512000,0x0000700002612000)]
  0x0000000100a61000 JavaThread "IDLDT DOM Worker-2" [_thread_blocked, id=59151, stack(0x000070000240f000,0x000070000250f000)]
  0x0000000112165800 JavaThread "IDLDT DOM Worker-1" [_thread_blocked, id=59471, stack(0x000070000230c000,0x000070000240c000)]
  0x00000001128fb000 JavaThread "IDLDT DOM Worker-0" [_thread_blocked, id=55063, stack(0x0000700002209000,0x0000700002309000)]
  0x0000000112a3e800 JavaThread "Timer-0" daemon [_thread_blocked, id=55567, stack(0x0000700002106000,0x0000700002206000)]
=>0x00000001011e9800 JavaThread "IDL" [_thread_in_native, id=44291, stack(0x00007000018e5000,0x00007000019e5000)]
  0x0000000101209000 JavaThread "IDLToJava Broker" daemon [_thread_blocked, id=44035, stack(0x00007000012d3000,0x00007000013d3000)]
  0x00000001019dc800 JavaThread "Provisioning Event Dispatcher" daemon [_thread_blocked, id=41731, stack(0x00007000017e2000,0x00007000018e2000)]
  0x0000000101203000 JavaThread "Bundle File Closer" daemon [_thread_blocked, id=41219, stack(0x00007000015dc000,0x00007000016dc000)]
  0x0000000101913000 JavaThread "Worker-JM" [_thread_blocked, id=40963, stack(0x00007000014d9000,0x00007000015d9000)]
  0x00000001011a0000 JavaThread "[Timer] - Main Queue Handler" daemon [_thread_blocked, id=40707, stack(0x00007000013d6000,0x00007000014d6000)]
  0x00000001011c3000 JavaThread "Framework Event Dispatcher" daemon [_thread_blocked, id=40203, stack(0x00007000011d0000,0x00007000012d0000)]
  0x00000001011c2800 JavaThread "Start Level Event Dispatcher" daemon [_thread_blocked, id=39939, stack(0x00007000010cd000,0x00007000011cd000)]
  0x0000000101946800 JavaThread "State Data Manager" daemon [_thread_blocked, id=39439, stack(0x0000700000fca000,0x00007000010ca000)]
  0x0000000101921000 JavaThread "Framework Active Thread" [_thread_blocked, id=39687, stack(0x0000700000ec7000,0x0000700000fc7000)]
  0x0000000101089000 JavaThread "Service Thread" daemon [_thread_blocked, id=24835, stack(0x0000700000c3e000,0x0000700000d3e000)]
  0x0000000101088800 JavaThread "C2 CompilerThread1" daemon [_thread_blocked, id=24579, stack(0x0000700000b3b000,0x0000700000c3b000)]
  0x0000000101087000 JavaThread "C2 CompilerThread0" daemon [_thread_blocked, id=24323, stack(0x0000700000a38000,0x0000700000b38000)]
  0x0000000101086000 JavaThread "Signal Dispatcher" daemon [_thread_blocked, id=23819, stack(0x0000700000935000,0x0000700000a35000)]
  0x0000000101060000 JavaThread "Finalizer" daemon [_thread_blocked, id=23299, stack(0x0000700000832000,0x0000700000932000)]
  0x000000010182b000 JavaThread "Reference Handler" daemon [_thread_blocked, id=23043, stack(0x000070000072f000,0x000070000082f000)]
  0x0000000101046000 JavaThread "main" [_thread_in_native, id=1295, stack(0x00007fff5f400000,0x00007fff5fc00000)]

Other Threads:
  0x0000000101825000 VMThread [stack: 0x000070000062c000,0x000070000072c000] [id=22787]
  0x0000000101849800 WatcherThread [stack: 0x0000700000d41000,0x0000700000e41000] [id=25091]

VM state:not at safepoint (normal execution)

VM Mutex/Monitor currently owned by a thread: None

Heap
 PSYoungGen      total 200704K, used 55604K [0x00000007eaab0000, 0x00000007f7240000, 0x0000000800000000)
  eden space 197312K, 28% used [0x00000007eaab0000,0x00000007ee0fd040,0x00000007f6b60000)
  from space 3392K, 0% used [0x00000007f6b60000,0x00000007f6b60000,0x00000007f6eb0000)
  to   space 3520K, 0% used [0x00000007f6ed0000,0x00000007f6ed0000,0x00000007f7240000)
 ParOldGen       total 87424K, used 36806K [0x00000007c0000000, 0x00000007c5560000, 0x00000007eaab0000)
  object space 87424K, 42% used [0x00000007c0000000,0x00000007c23f1ba0,0x00000007c5560000)
 PSPermGen       total 49536K, used 49274K [0x00000007bae00000, 0x00000007bde60000, 0x00000007c0000000)
  object space 49536K, 99% used [0x00000007bae00000,0x00000007bde1e918,0x00000007bde60000)

Card table byte_map: [0x0000000109053000,0x000000010927d000] byte_map_base: 0x000000010527c000

Polling page: 0x0000000100751000

Code Cache  [0x0000000105f93000, 0x00000001066c3000, 0x0000000108f93000)
 total_blobs=2344 nmethods=1810 adapters=483 free_code_cache=41913Kb largest_free_block=42840896

Compilation events (10 events):
Event: 4784.411 Thread 0x0000000101088800 2007             org.eclipse.swt.custom.CTabFolder::setItemLocation (767 bytes)
Event: 4784.423 Thread 0x0000000101088800 nmethod 2007 0x00000001066b03d0 code [0x00000001066b0620, 0x00000001066b1390]
Event: 4784.459 Thread 0x0000000101087000   63 %           org.eclipse.jface.text.TextViewer::applyTextPresentation @ 20 (101 bytes)
Event: 4784.460 Thread 0x0000000101088800 2008             org.eclipse.jface.text.TextPresentation::createWindowRelativeRange (108 bytes)
Event: 4784.461 Thread 0x0000000101088800 nmethod 2008 0x0000000106418610 code [0x0000000106418760, 0x00000001064188a8]
Event: 4784.467 Thread 0x0000000101087000 nmethod 63% 0x00000001066ac190 code [0x00000001066ac3a0, 0x00000001066acb30]
Event: 4784.852 Thread 0x0000000101088800 2009             org.eclipse.jface.text.source.OverviewRuler::cacheAnnotations (84 bytes)
Event: 4784.859 Thread 0x0000000101088800 nmethod 2009 0x00000001066b70d0 code [0x00000001066b72a0, 0x00000001066b7770]
Event: 4784.949 Thread 0x0000000101087000 2010             org.eclipse.ui.internal.NavigationHistory::getBackwardEntries (56 bytes)
Event: 4784.953 Thread 0x0000000101087000 nmethod 2010 0x0000000106540090 code [0x0000000106540200, 0x00000001065404b8]

GC Heap History (10 events):
Event: 4656.801 GC heap before
{Heap before GC invocations=163 (full 72):
 PSYoungGen      total 200832K, used 1894K [0x00000007eaab0000, 0x00000007f7260000, 0x0000000800000000)
  eden space 197312K, 0% used [0x00000007eaab0000,0x00000007eaab0000,0x00000007f6b60000)
  from space 3520K, 53% used [0x00000007f6b60000,0x00000007f6d399f8,0x00000007f6ed0000)
  to   space 3584K, 0% used [0x00000007f6ee0000,0x00000007f6ee0000,0x00000007f7260000)
 ParOldGen       total 87424K, used 36821K [0x00000007c0000000, 0x00000007c5560000, 0x00000007eaab0000)
  object space 87424K, 42% used [0x00000007c0000000,0x00000007c23f55b0,0x00000007c5560000)
 PSPermGen       total 49536K, used 49248K [0x00000007bae00000, 0x00000007bde60000, 0x00000007c0000000)
  object space 49536K, 99% used [0x00000007bae00000,0x00000007bde18318,0x00000007bde60000)
Event: 4656.920 GC heap after
Heap after GC invocations=163 (full 72):
 PSYoungGen      total 200832K, used 0K [0x00000007eaab0000, 0x00000007f7260000, 0x0000000800000000)
  eden space 197312K, 0% used [0x00000007eaab0000,0x00000007eaab0000,0x00000007f6b60000)
  from space 3520K, 0% used [0x00000007f6b60000,0x00000007f6b60000,0x00000007f6ed0000)
  to   space 3584K, 0% used [0x00000007f6ee0000,0x00000007f6ee0000,0x00000007f7260000)
 ParOldGen       total 87424K, used 36701K [0x00000007c0000000, 0x00000007c5560000, 0x00000007eaab0000)
  object space 87424K, 41% used [0x00000007c0000000,0x00000007c23d7678,0x00000007c5560000)
 PSPermGen       total 49536K, used 49248K [0x00000007bae00000, 0x00000007bde60000, 0x00000007c0000000)
  object space 49536K, 99% used [0x00000007bae00000,0x00000007bde18318,0x00000007bde60000)
}
Event: 4718.208 GC heap before
{Heap before GC invocations=164 (full 72):
 PSYoungGen      total 200832K, used 38850K [0x00000007eaab0000, 0x00000007f7260000, 0x0000000800000000)
  eden space 197312K, 19% used [0x00000007eaab0000,0x00000007ed0a0898,0x00000007f6b60000)
  from space 3520K, 0% used [0x00000007f6b60000,0x00000007f6b60000,0x00000007f6ed0000)
  to   space 3584K, 0% used [0x00000007f6ee0000,0x00000007f6ee0000,0x00000007f7260000)
 ParOldGen       total 87424K, used 36701K [0x00000007c0000000, 0x00000007c5560000, 0x00000007eaab0000)
  object space 87424K, 41% used [0x00000007c0000000,0x00000007c23d7678,0x00000007c5560000)
 PSPermGen       total 49536K, used 49258K [0x00000007bae00000, 0x00000007bde60000, 0x00000007c0000000)
  object space 49536K, 99% used [0x00000007bae00000,0x00000007bde1aa50,0x00000007bde60000)
Event: 4718.211 GC heap after
Heap after GC invocations=164 (full 72):
 PSYoungGen      total 200512K, used 1098K [0x00000007eaab0000, 0x00000007f7200000, 0x0000000800000000)
  eden space 197312K, 0% used [0x00000007eaab0000,0x00000007eaab0000,0x00000007f6b60000)
  from space 3200K, 34% used [0x00000007f6ee0000,0x00000007f6ff29c0,0x00000007f7200000)
  to   space 3392K, 0% used [0x00000007f6b60000,0x00000007f6b60000,0x00000007f6eb0000)
 ParOldGen       total 87424K, used 36701K [0x00000007c0000000, 0x00000007c5560000, 0x00000007eaab0000)
  object space 87424K, 41% used [0x00000007c0000000,0x00000007c23d7678,0x00000007c5560000)
 PSPermGen       total 49536K, used 49258K [0x00000007bae00000, 0x00000007bde60000, 0x00000007c0000000)
  object space 49536K, 99% used [0x00000007bae00000,0x00000007bde1aa50,0x00000007bde60000)
}
Event: 4718.211 GC heap before
{Heap before GC invocations=165 (full 73):
 PSYoungGen      total 200512K, used 1098K [0x00000007eaab0000, 0x00000007f7200000, 0x0000000800000000)
  eden space 197312K, 0% used [0x00000007eaab0000,0x00000007eaab0000,0x00000007f6b60000)
  from space 3200K, 34% used [0x00000007f6ee0000,0x00000007f6ff29c0,0x00000007f7200000)
  to   space 3392K, 0% used [0x00000007f6b60000,0x00000007f6b60000,0x00000007f6eb0000)
 ParOldGen       total 87424K, used 36701K [0x00000007c0000000, 0x00000007c5560000, 0x00000007eaab0000)
  object space 87424K, 41% used [0x00000007c0000000,0x00000007c23d7678,0x00000007c5560000)
 PSPermGen       total 49536K, used 49258K [0x00000007bae00000, 0x00000007bde60000, 0x00000007c0000000)
  object space 49536K, 99% used [0x00000007bae00000,0x00000007bde1aa50,0x00000007bde60000)
Event: 4718.311 GC heap after
Heap after GC invocations=165 (full 73):
 PSYoungGen      total 200512K, used 0K [0x00000007eaab0000, 0x00000007f7200000, 0x0000000800000000)
  eden space 197312K, 0% used [0x00000007eaab0000,0x00000007eaab0000,0x00000007f6b60000)
  from space 3200K, 0% used [0x00000007f6ee0000,0x00000007f6ee0000,0x00000007f7200000)
  to   space 3392K, 0% used [0x00000007f6b60000,0x00000007f6b60000,0x00000007f6eb0000)
 ParOldGen       total 87424K, used 36996K [0x00000007c0000000, 0x00000007c5560000, 0x00000007eaab0000)
  object space 87424K, 42% used [0x00000007c0000000,0x00000007c2421380,0x00000007c5560000)
 PSPermGen       total 49536K, used 49258K [0x00000007bae00000, 0x00000007bde60000, 0x00000007c0000000)
  object space 49536K, 99% used [0x00000007bae00000,0x00000007bde1aa50,0x00000007bde60000)
}
Event: 4778.209 GC heap before
{Heap before GC invocations=166 (full 73):
 PSYoungGen      total 200512K, used 192377K [0x00000007eaab0000, 0x00000007f7200000, 0x0000000800000000)
  eden space 197312K, 97% used [0x00000007eaab0000,0x00000007f668e5a0,0x00000007f6b60000)
  from space 3200K, 0% used [0x00000007f6ee0000,0x00000007f6ee0000,0x00000007f7200000)
  to   space 3392K, 0% used [0x00000007f6b60000,0x00000007f6b60000,0x00000007f6eb0000)
 ParOldGen       total 87424K, used 36996K [0x00000007c0000000, 0x00000007c5560000, 0x00000007eaab0000)
  object space 87424K, 42% used [0x00000007c0000000,0x00000007c2421380,0x00000007c5560000)
 PSPermGen       total 49536K, used 49260K [0x00000007bae00000, 0x00000007bde60000, 0x00000007c0000000)
  object space 49536K, 99% used [0x00000007bae00000,0x00000007bde1b370,0x00000007bde60000)
Event: 4778.214 GC heap after
Heap after GC invocations=166 (full 73):
 PSYoungGen      total 200704K, used 2033K [0x00000007eaab0000, 0x00000007f7240000, 0x0000000800000000)
  eden space 197312K, 0% used [0x00000007eaab0000,0x00000007eaab0000,0x00000007f6b60000)
  from space 3392K, 59% used [0x00000007f6b60000,0x00000007f6d5c5d0,0x00000007f6eb0000)
  to   space 3520K, 0% used [0x00000007f6ed0000,0x00000007f6ed0000,0x00000007f7240000)
 ParOldGen       total 87424K, used 36996K [0x00000007c0000000, 0x00000007c5560000, 0x00000007eaab0000)
  object space 87424K, 42% used [0x00000007c0000000,0x00000007c2421380,0x00000007c5560000)
 PSPermGen       total 49536K, used 49260K [0x00000007bae00000, 0x00000007bde60000, 0x00000007c0000000)
  object space 49536K, 99% used [0x00000007bae00000,0x00000007bde1b370,0x00000007bde60000)
}
Event: 4778.214 GC heap before
{Heap before GC invocations=167 (full 74):
 PSYoungGen      total 200704K, used 2033K [0x00000007eaab0000, 0x00000007f7240000, 0x0000000800000000)
  eden space 197312K, 0% used [0x00000007eaab0000,0x00000007eaab0000,0x00000007f6b60000)
  from space 3392K, 59% used [0x00000007f6b60000,0x00000007f6d5c5d0,0x00000007f6eb0000)
  to   space 3520K, 0% used [0x00000007f6ed0000,0x00000007f6ed0000,0x00000007f7240000)
 ParOldGen       total 87424K, used 36996K [0x00000007c0000000, 0x00000007c5560000, 0x00000007eaab0000)
  object space 87424K, 42% used [0x00000007c0000000,0x00000007c2421380,0x00000007c5560000)
 PSPermGen       total 49536K, used 49260K [0x00000007bae00000, 0x00000007bde60000, 0x00000007c0000000)
  object space 49536K, 99% used [0x00000007bae00000,0x00000007bde1b370,0x00000007bde60000)
Event: 4778.329 GC heap after
Heap after GC invocations=167 (full 74):
 PSYoungGen      total 200704K, used 0K [0x00000007eaab0000, 0x00000007f7240000, 0x0000000800000000)
  eden space 197312K, 0% used [0x00000007eaab0000,0x00000007eaab0000,0x00000007f6b60000)
  from space 3392K, 0% used [0x00000007f6b60000,0x00000007f6b60000,0x00000007f6eb0000)
  to   space 3520K, 0% used [0x00000007f6ed0000,0x00000007f6ed0000,0x00000007f7240000)
 ParOldGen       total 87424K, used 36806K [0x00000007c0000000, 0x00000007c5560000, 0x00000007eaab0000)
  object space 87424K, 42% used [0x00000007c0000000,0x00000007c23f1ba0,0x00000007c5560000)
 PSPermGen       total 49536K, used 49260K [0x00000007bae00000, 0x00000007bde60000, 0x00000007c0000000)
  object space 49536K, 99% used [0x00000007bae00000,0x00000007bde1b370,0x00000007bde60000)
}

Deoptimization events (10 events):
Event: 3722.004 Thread 0x0000000101046000 Uncommon trap -12 fr.pc 0x0000000106693ca8
Event: 3722.010 Thread 0x0000000101046000 Uncommon trap -34 fr.pc 0x0000000106575c40
Event: 3723.335 Thread 0x0000000101046000 Uncommon trap -83 fr.pc 0x000000010653f1c0
Event: 3723.431 Thread 0x0000000101046000 Uncommon trap -83 fr.pc 0x0000000106417c78
Event: 3723.557 Thread 0x0000000101046000 Uncommon trap -83 fr.pc 0x00000001065d9ac8
Event: 3996.378 Thread 0x0000000101046000 Uncommon trap -34 fr.pc 0x0000000106575c40
Event: 4051.757 Thread 0x0000000101046000 Uncommon trap -83 fr.pc 0x0000000106634bc4
Event: 4109.915 Thread 0x00000001011e9800 Uncommon trap -83 fr.pc 0x00000001060ee640
Event: 4165.421 Thread 0x0000000101046000 Uncommon trap -83 fr.pc 0x00000001060e0c9c
Event: 4764.991 Thread 0x0000000101046000 Uncommon trap -12 fr.pc 0x000000010659a440

Internal exceptions (10 events):
Event: 4786.383 Thread 0x0000000112cbf800 Threw 0x00000007eac602e8 at /HUDSON/workspace/jdk7u25-2-build-macosx-amd64-product/jdk7u25/hotspot/src/share/vm/prims/jvm.cpp:2957
Event: 4786.399 Thread 0x0000000112cbf800 Threw 0x00000007eac604d0 at /HUDSON/workspace/jdk7u25-2-build-macosx-amd64-product/jdk7u25/hotspot/src/share/vm/prims/jvm.cpp:2957
Event: 4786.417 Thread 0x0000000112cbf800 Threw 0x00000007eac606b8 at /HUDSON/workspace/jdk7u25-2-build-macosx-amd64-product/jdk7u25/hotspot/src/share/vm/prims/jvm.cpp:2957
Event: 4786.434 Thread 0x0000000112cbf800 Threw 0x00000007eac608a0 at /HUDSON/workspace/jdk7u25-2-build-macosx-amd64-product/jdk7u25/hotspot/src/share/vm/prims/jvm.cpp:2957
Event: 4786.451 Thread 0x0000000112cbf800 Threw 0x00000007eac60a88 at /HUDSON/workspace/jdk7u25-2-build-macosx-amd64-product/jdk7u25/hotspot/src/share/vm/prims/jvm.cpp:2957
Event: 4786.468 Thread 0x0000000112cbf800 Threw 0x00000007eac60c70 at /HUDSON/workspace/jdk7u25-2-build-macosx-amd64-product/jdk7u25/hotspot/src/share/vm/prims/jvm.cpp:2957
Event: 4787.408 Thread 0x0000000124963800 Threw 0x00000007eb0862b0 at /HUDSON/workspace/jdk7u25-2-build-macosx-amd64-product/jdk7u25/hotspot/src/share/vm/prims/nativeLookup.
Event: 4787.449 Thread 0x00000001244d1000 Threw 0x00000007eb05f540 at /HUDSON/workspace/jdk7u25-2-build-macosx-amd64-product/jdk7u25/hotspot/src/share/vm/prims/nativeLookup.
Event: 4787.449 Thread 0x00000001244d1000 Threw 0x00000007eb060090 at /HUDSON/workspace/jdk7u25-2-build-macosx-amd64-product/jdk7u25/hotspot/src/share/vm/prims/nativeLookup.
Event: 4787.651 Thread 0x0000000119b5a800 Threw 0x00000007edf2b720 at /HUDSON/workspace/jdk7u25-2-build-macosx-amd64-product/jdk7u25/hotspot/src/share/vm/prims/nativeLookup.

Events (10 events):
Event: 4787.567 Executing VM operation: RevokeBias
Event: 4787.567 Executing VM operation: RevokeBias done
Event: 4787.567 Thread 0x0000000101ba2000 Thread exited: 0x0000000101ba2000
Event: 4787.815 Executing VM operation: RevokeBias
Event: 4787.815 Executing VM operation: RevokeBias done
Event: 4787.817 Executing VM operation: RevokeBias
Event: 4787.817 Executing VM operation: RevokeBias done
Event: 4787.819 Executing VM operation: RevokeBias
Event: 4787.819 Executing VM operation: RevokeBias done
Event: 4788.778 Thread 0x0000000112cbf800 Thread added: 0x0000000112cbf800


Dynamic libraries:
0x0000000002718000 	/System/Library/Frameworks/Cocoa.framework/Versions/A/Cocoa
0x0000000002718000 	/usr/lib/libSystem.B.dylib
0x0000000002718000 	/System/Library/Frameworks/CoreServices.framework/Versions/A/CoreServices
0x0000000002718000 	/usr/lib/libobjc.A.dylib
0x0000000002718000 	/System/Library/Frameworks/CoreFoundation.framework/Versions/A/CoreFoundation
0x0000000002718000 	/System/Library/Frameworks/AppKit.framework/Versions/C/AppKit
0x0000000002718000 	/System/Library/Frameworks/ApplicationServices.framework/Versions/A/ApplicationServices
0x0000000002718000 	/System/Library/Frameworks/Foundation.framework/Versions/C/Foundation
0x0000000002718000 	/System/Library/Frameworks/CoreData.framework/Versions/A/CoreData
0x0000000002718000 	/System/Library/PrivateFrameworks/RemoteViewServices.framework/Versions/A/RemoteViewServices
0x0000000002718000 	/System/Library/PrivateFrameworks/UIFoundation.framework/Versions/A/UIFoundation
0x0000000002718000 	/usr/lib/libScreenReader.dylib
0x0000000002718000 	/System/Library/Frameworks/Accelerate.framework/Versions/A/Accelerate
0x0000000002718000 	/System/Library/Frameworks/IOSurface.framework/Versions/A/IOSurface
0x0000000002718000 	/System/Library/Frameworks/AudioToolbox.framework/Versions/A/AudioToolbox
0x0000000002718000 	/System/Library/Frameworks/AudioUnit.framework/Versions/A/AudioUnit
0x0000000002718000 	/System/Library/PrivateFrameworks/DataDetectorsCore.framework/Versions/A/DataDetectorsCore
0x0000000002718000 	/System/Library/PrivateFrameworks/DesktopServicesPriv.framework/Versions/A/DesktopServicesPriv
0x0000000002718000 	/System/Library/Frameworks/Carbon.framework/Versions/A/Frameworks/HIToolbox.framework/Versions/A/HIToolbox
0x0000000002718000 	/System/Library/Frameworks/QuartzCore.framework/Versions/A/QuartzCore
0x0000000002718000 	/System/Library/Frameworks/Security.framework/Versions/A/Security
0x0000000002718000 	/System/Library/Frameworks/Carbon.framework/Versions/A/Frameworks/SpeechRecognition.framework/Versions/A/SpeechRecognition
0x0000000002718000 	/usr/lib/libauto.dylib
0x0000000002718000 	/usr/lib/libicucore.A.dylib
0x0000000002718000 	/usr/lib/libxml2.2.dylib
0x0000000002718000 	/usr/lib/libz.1.dylib
0x0000000002718000 	/System/Library/PrivateFrameworks/CoreUI.framework/Versions/A/CoreUI
0x0000000002718000 	/System/Library/Frameworks/CoreAudio.framework/Versions/A/CoreAudio
0x0000000002718000 	/System/Library/Frameworks/DiskArbitration.framework/Versions/A/DiskArbitration
0x0000000002718000 	/usr/lib/liblangid.dylib
0x0000000002718000 	/System/Library/PrivateFrameworks/MultitouchSupport.framework/Versions/A/MultitouchSupport
0x0000000002718000 	/System/Library/Frameworks/IOKit.framework/Versions/A/IOKit
0x0000000002718000 	/usr/lib/libDiagnosticMessagesClient.dylib
0x0000000002718000 	/System/Library/PrivateFrameworks/PerformanceAnalysis.framework/Versions/A/PerformanceAnalysis
0x0000000002718000 	/System/Library/PrivateFrameworks/GenerationalStorage.framework/Versions/A/GenerationalStorage
0x0000000002718000 	/System/Library/Frameworks/OpenGL.framework/Versions/A/OpenGL
0x0000000002718000 	/System/Library/PrivateFrameworks/Sharing.framework/Versions/A/Sharing
0x0000000002718000 	/System/Library/Frameworks/CoreGraphics.framework/Versions/A/CoreGraphics
0x0000000002718000 	/System/Library/Frameworks/CoreImage.framework/Versions/A/CoreImage
0x0000000002718000 	/System/Library/Frameworks/CoreText.framework/Versions/A/CoreText
0x0000000002718000 	/System/Library/Frameworks/ImageIO.framework/Versions/A/ImageIO
0x0000000002718000 	/System/Library/PrivateFrameworks/Backup.framework/Versions/A/Backup
0x0000000002718000 	/usr/lib/libextension.dylib
0x0000000002718000 	/usr/lib/libarchive.2.dylib
0x0000000002718000 	/System/Library/Frameworks/CFNetwork.framework/Versions/A/CFNetwork
0x0000000002718000 	/System/Library/Frameworks/SystemConfiguration.framework/Versions/A/SystemConfiguration
0x0000000002718000 	/usr/lib/libCRFSuite.dylib
0x0000000002718000 	/usr/lib/libc++.1.dylib
0x0000000002718000 	/usr/lib/libc++abi.dylib
0x0000000002718000 	/usr/lib/system/libcache.dylib
0x0000000002718000 	/usr/lib/system/libcommonCrypto.dylib
0x0000000002718000 	/usr/lib/system/libcompiler_rt.dylib
0x0000000002718000 	/usr/lib/system/libcopyfile.dylib
0x0000000002718000 	/usr/lib/system/libcorecrypto.dylib
0x0000000002718000 	/usr/lib/system/libdispatch.dylib
0x0000000002718000 	/usr/lib/system/libdyld.dylib
0x0000000002718000 	/usr/lib/system/libkeymgr.dylib
0x0000000002718000 	/usr/lib/system/liblaunch.dylib
0x0000000002718000 	/usr/lib/system/libmacho.dylib
0x0000000002718000 	/usr/lib/system/libquarantine.dylib
0x0000000002718000 	/usr/lib/system/libremovefile.dylib
0x0000000002718000 	/usr/lib/system/libsystem_asl.dylib
0x0000000002718000 	/usr/lib/system/libsystem_blocks.dylib
0x0000000002718000 	/usr/lib/system/libsystem_c.dylib
0x0000000002718000 	/usr/lib/system/libsystem_configuration.dylib
0x0000000002718000 	/usr/lib/system/libsystem_coreservices.dylib
0x0000000002718000 	/usr/lib/system/libsystem_coretls.dylib
0x0000000002718000 	/usr/lib/system/libsystem_dnssd.dylib
0x0000000002718000 	/usr/lib/system/libsystem_info.dylib
0x0000000002718000 	/usr/lib/system/libsystem_kernel.dylib
0x0000000002718000 	/usr/lib/system/libsystem_m.dylib
0x0000000002718000 	/usr/lib/system/libsystem_malloc.dylib
0x0000000002718000 	/usr/lib/system/libsystem_network.dylib
0x0000000002718000 	/usr/lib/system/libsystem_networkextension.dylib
0x0000000002718000 	/usr/lib/system/libsystem_notify.dylib
0x0000000002718000 	/usr/lib/system/libsystem_platform.dylib
0x0000000002718000 	/usr/lib/system/libsystem_pthread.dylib
0x0000000002718000 	/usr/lib/system/libsystem_sandbox.dylib
0x0000000002718000 	/usr/lib/system/libsystem_secinit.dylib
0x0000000002718000 	/usr/lib/system/libsystem_trace.dylib
0x0000000002718000 	/usr/lib/system/libunc.dylib
0x0000000002718000 	/usr/lib/system/libunwind.dylib
0x0000000002718000 	/usr/lib/system/libxpc.dylib
0x0000000002718000 	/usr/lib/libenergytrace.dylib
0x0000000002718000 	/usr/lib/libbsm.0.dylib
0x0000000002718000 	/usr/lib/system/libkxld.dylib
0x0000000002718000 	/usr/lib/libxar.1.dylib
0x0000000002718000 	/usr/lib/libsqlite3.dylib
0x0000000002718000 	/usr/lib/libpam.2.dylib
0x0000000002718000 	/usr/lib/libOpenScriptingUtil.dylib
0x0000000002718000 	/usr/lib/libbz2.1.0.dylib
0x0000000002718000 	/usr/lib/liblzma.5.dylib
0x0000000002718000 	/System/Library/Frameworks/CoreServices.framework/Versions/A/Frameworks/FSEvents.framework/Versions/A/FSEvents
0x0000000002718000 	/System/Library/Frameworks/CoreServices.framework/Versions/A/Frameworks/CarbonCore.framework/Versions/A/CarbonCore
0x0000000002718000 	/System/Library/Frameworks/CoreServices.framework/Versions/A/Frameworks/Metadata.framework/Versions/A/Metadata
0x0000000002718000 	/System/Library/Frameworks/CoreServices.framework/Versions/A/Frameworks/OSServices.framework/Versions/A/OSServices
0x0000000002718000 	/System/Library/Frameworks/CoreServices.framework/Versions/A/Frameworks/SearchKit.framework/Versions/A/SearchKit
0x0000000002718000 	/System/Library/Frameworks/CoreServices.framework/Versions/A/Frameworks/AE.framework/Versions/A/AE
0x0000000002718000 	/System/Library/Frameworks/CoreServices.framework/Versions/A/Frameworks/LaunchServices.framework/Versions/A/LaunchServices
0x0000000002718000 	/System/Library/Frameworks/CoreServices.framework/Versions/A/Frameworks/DictionaryServices.framework/Versions/A/DictionaryServices
0x0000000002718000 	/System/Library/Frameworks/CoreServices.framework/Versions/A/Frameworks/SharedFileList.framework/Versions/A/SharedFileList
0x0000000002718000 	/System/Library/Frameworks/NetFS.framework/Versions/A/NetFS
0x0000000002718000 	/System/Library/PrivateFrameworks/NetAuth.framework/Versions/A/NetAuth
0x0000000002718000 	/System/Library/PrivateFrameworks/login.framework/Versions/A/Frameworks/loginsupport.framework/Versions/A/loginsupport
0x0000000002718000 	/System/Library/PrivateFrameworks/TCC.framework/Versions/A/TCC
0x0000000002718000 	/usr/lib/libmecabra.dylib
0x0000000002718000 	/System/Library/Frameworks/ApplicationServices.framework/Versions/A/Frameworks/ATS.framework/Versions/A/ATS
0x0000000002718000 	/System/Library/Frameworks/ApplicationServices.framework/Versions/A/Frameworks/ColorSync.framework/Versions/A/ColorSync
0x0000000002718000 	/System/Library/Frameworks/ApplicationServices.framework/Versions/A/Frameworks/HIServices.framework/Versions/A/HIServices
0x0000000002718000 	/System/Library/Frameworks/ApplicationServices.framework/Versions/A/Frameworks/LangAnalysis.framework/Versions/A/LangAnalysis
0x0000000002718000 	/System/Library/Frameworks/ApplicationServices.framework/Versions/A/Frameworks/PrintCore.framework/Versions/A/PrintCore
0x0000000002718000 	/System/Library/Frameworks/ApplicationServices.framework/Versions/A/Frameworks/QD.framework/Versions/A/QD
0x0000000002718000 	/System/Library/Frameworks/ApplicationServices.framework/Versions/A/Frameworks/SpeechSynthesis.framework/Versions/A/SpeechSynthesis
0x0000000002718000 	/System/Library/Frameworks/Metal.framework/Versions/A/Metal
0x0000000002718000 	/System/Library/Frameworks/Accelerate.framework/Versions/A/Frameworks/vImage.framework/Versions/A/vImage
0x0000000002718000 	/System/Library/Frameworks/Accelerate.framework/Versions/A/Frameworks/vecLib.framework/Versions/A/vecLib
0x0000000002718000 	/System/Library/Frameworks/Accelerate.framework/Versions/A/Frameworks/vecLib.framework/Versions/A/libvDSP.dylib
0x0000000002718000 	/System/Library/Frameworks/Accelerate.framework/Versions/A/Frameworks/vecLib.framework/Versions/A/libvMisc.dylib
0x0000000002718000 	/System/Library/Frameworks/Accelerate.framework/Versions/A/Frameworks/vecLib.framework/Versions/A/libLAPACK.dylib
0x0000000002718000 	/System/Library/Frameworks/Accelerate.framework/Versions/A/Frameworks/vecLib.framework/Versions/A/libBLAS.dylib
0x0000000002718000 	/System/Library/Frameworks/Accelerate.framework/Versions/A/Frameworks/vecLib.framework/Versions/A/libLinearAlgebra.dylib
0x0000000002718000 	/System/Library/Frameworks/Accelerate.framework/Versions/A/Frameworks/vecLib.framework/Versions/A/libSparseBLAS.dylib
0x0000000002718000 	/System/Library/PrivateFrameworks/GPUCompiler.framework/libmetal_timestamp.dylib
0x0000000002718000 	/System/Library/Frameworks/OpenGL.framework/Versions/A/Libraries/libCoreFSCache.dylib
0x0000000002718000 	/System/Library/PrivateFrameworks/IOAccelerator.framework/Versions/A/IOAccelerator
0x0000000002718000 	/System/Library/Frameworks/ApplicationServices.framework/Versions/A/Frameworks/ATS.framework/Versions/A/Resources/libFontParser.dylib
0x0000000002718000 	/System/Library/Frameworks/ApplicationServices.framework/Versions/A/Frameworks/ATS.framework/Versions/A/Resources/libFontRegistry.dylib
0x0000000002718000 	/System/Library/PrivateFrameworks/AppleVPA.framework/Versions/A/AppleVPA
0x0000000002718000 	/System/Library/PrivateFrameworks/AppleJPEG.framework/Versions/A/AppleJPEG
0x0000000002718000 	/System/Library/Frameworks/ImageIO.framework/Versions/A/Resources/libJPEG.dylib
0x0000000002718000 	/System/Library/Frameworks/ImageIO.framework/Versions/A/Resources/libTIFF.dylib
0x0000000002718000 	/System/Library/Frameworks/ImageIO.framework/Versions/A/Resources/libPng.dylib
0x0000000002718000 	/System/Library/Frameworks/ImageIO.framework/Versions/A/Resources/libGIF.dylib
0x0000000002718000 	/System/Library/Frameworks/ImageIO.framework/Versions/A/Resources/libJP2.dylib
0x0000000002718000 	/System/Library/Frameworks/ImageIO.framework/Versions/A/Resources/libRadiance.dylib
0x0000000002718000 	/System/Library/Frameworks/CoreVideo.framework/Versions/A/CoreVideo
0x0000000002718000 	/System/Library/Frameworks/OpenGL.framework/Versions/A/Libraries/libGLU.dylib
0x0000000002718000 	/System/Library/Frameworks/OpenGL.framework/Versions/A/Libraries/libGFXShared.dylib
0x0000000002718000 	/System/Library/Frameworks/OpenGL.framework/Versions/A/Libraries/libGL.dylib
0x0000000002718000 	/System/Library/Frameworks/OpenGL.framework/Versions/A/Libraries/libGLImage.dylib
0x0000000002718000 	/System/Library/Frameworks/OpenGL.framework/Versions/A/Libraries/libCVMSPluginSupport.dylib
0x0000000002718000 	/System/Library/Frameworks/OpenGL.framework/Versions/A/Libraries/libCoreVMClient.dylib
0x0000000002718000 	/usr/lib/libcups.2.dylib
0x0000000002718000 	/System/Library/Frameworks/Kerberos.framework/Versions/A/Kerberos
0x0000000002718000 	/System/Library/Frameworks/GSS.framework/Versions/A/GSS
0x0000000002718000 	/usr/lib/libresolv.9.dylib
0x0000000002718000 	/usr/lib/libiconv.2.dylib
0x0000000002718000 	/System/Library/PrivateFrameworks/Heimdal.framework/Versions/A/Heimdal
0x0000000002718000 	/usr/lib/libheimdal-asn1.dylib
0x0000000002718000 	/System/Library/Frameworks/OpenDirectory.framework/Versions/A/OpenDirectory
0x0000000002718000 	/System/Library/PrivateFrameworks/CommonAuth.framework/Versions/A/CommonAuth
0x0000000002718000 	/System/Library/Frameworks/OpenDirectory.framework/Versions/A/Frameworks/CFOpenDirectory.framework/Versions/A/CFOpenDirectory
0x0000000002718000 	/System/Library/Frameworks/SecurityFoundation.framework/Versions/A/SecurityFoundation
0x0000000002718000 	/System/Library/PrivateFrameworks/LanguageModeling.framework/Versions/A/LanguageModeling
0x0000000002718000 	/usr/lib/libmarisa.dylib
0x0000000002718000 	/usr/lib/libChineseTokenizer.dylib
0x0000000002718000 	/usr/lib/libcmph.dylib
0x0000000002718000 	/usr/lib/libcompression.dylib
0x0000000002718000 	/System/Library/Frameworks/ServiceManagement.framework/Versions/A/ServiceManagement
0x0000000002718000 	/usr/lib/libxslt.1.dylib
0x0000000002718000 	/System/Library/Frameworks/Carbon.framework/Versions/A/Frameworks/Ink.framework/Versions/A/Ink
0x0000000002718000 	/usr/lib/libFosl_dynamic.dylib
0x0000000002718000 	/System/Library/PrivateFrameworks/FaceCore.framework/Versions/A/FaceCore
0x0000000002718000 	/System/Library/Frameworks/OpenCL.framework/Versions/A/OpenCL
0x0000000002718000 	/System/Library/PrivateFrameworks/CrashReporterSupport.framework/Versions/A/CrashReporterSupport
0x0000000002718000 	/System/Library/PrivateFrameworks/IconServices.framework/Versions/A/IconServices
0x0000000002718000 	/System/Library/PrivateFrameworks/Apple80211.framework/Versions/A/Apple80211
0x0000000002718000 	/System/Library/Frameworks/CoreWLAN.framework/Versions/A/CoreWLAN
0x0000000002718000 	/System/Library/Frameworks/IOBluetooth.framework/Versions/A/IOBluetooth
0x0000000002718000 	/System/Library/PrivateFrameworks/CoreWiFi.framework/Versions/A/CoreWiFi
0x0000000002718000 	/System/Library/Frameworks/CoreBluetooth.framework/Versions/A/CoreBluetooth
0x0000000002718000 	/System/Library/PrivateFrameworks/ChunkingLibrary.framework/Versions/A/ChunkingLibrary
0x0000000002718000 	/System/Library/PrivateFrameworks/DebugSymbols.framework/Versions/A/DebugSymbols
0x0000000002718000 	/System/Library/PrivateFrameworks/CoreSymbolication.framework/Versions/A/CoreSymbolication
0x0000000002718000 	/System/Library/PrivateFrameworks/Symbolication.framework/Versions/A/Symbolication
0x0000000002718000 	/System/Library/PrivateFrameworks/SpeechRecognitionCore.framework/Versions/A/SpeechRecognitionCore
0x00000001000b8000 	/Applications/exelis/idl85/idlde/plugins/org.eclipse.equinox.launcher.cocoa.macosx.x86_64_1.1.101.v20120109-1504/eclipse_1408.so
0x0000000002718000 	/System/Library/PrivateFrameworks/CoreServicesInternal.framework/Versions/A/CoreServicesInternal
0x00000001054ea000 	/Applications/exelis/idl85/idlde/bin.darwin.x86_64/jre/lib/server/libjvm.dylib
0x0000000002718000 	/usr/lib/libstdc++.6.dylib
0x0000000100714000 	/Applications/exelis/idl85/idlde/bin.darwin.x86_64/jre/lib/libverify.dylib
0x0000000100721000 	/Applications/exelis/idl85/idlde/bin.darwin.x86_64/jre/lib/libjava.dylib
0x000000010075a000 	/Applications/exelis/idl85/idlde/bin.darwin.x86_64/jre/lib/libzip.dylib
0x000000010d0cb000 	/System/Library/Frameworks/JavaVM.framework/Frameworks/JavaRuntimeSupport.framework/JavaRuntimeSupport
0x000000010d0e6000 	/System/Library/Frameworks/JavaVM.framework/Versions/A/Frameworks/JavaNativeFoundation.framework/Versions/A/JavaNativeFoundation
0x00000001007ec000 	/System/Library/Frameworks/JavaVM.framework/Versions/A/JavaVM
0x0000000002718000 	/System/Library/Frameworks/Carbon.framework/Versions/A/Carbon
0x000000010d0fb000 	/System/Library/PrivateFrameworks/JavaLaunching.framework/Versions/A/JavaLaunching
0x0000000002718000 	/System/Library/Frameworks/Carbon.framework/Versions/A/Frameworks/CommonPanels.framework/Versions/A/CommonPanels
0x0000000002718000 	/System/Library/Frameworks/Carbon.framework/Versions/A/Frameworks/Help.framework/Versions/A/Help
0x0000000002718000 	/System/Library/Frameworks/Carbon.framework/Versions/A/Frameworks/ImageCapture.framework/Versions/A/ImageCapture
0x0000000002718000 	/System/Library/Frameworks/Carbon.framework/Versions/A/Frameworks/OpenScripting.framework/Versions/A/OpenScripting
0x0000000002718000 	/System/Library/Frameworks/Carbon.framework/Versions/A/Frameworks/Print.framework/Versions/A/Print
0x0000000002718000 	/System/Library/Frameworks/Carbon.framework/Versions/A/Frameworks/SecurityHI.framework/Versions/A/SecurityHI
0x0000000002718000 	/System/Library/CoreServices/RawCamera.bundle/Contents/MacOS/RawCamera
0x0000000002718000 	/System/Library/Frameworks/CoreGraphics.framework/Versions/A/Resources/libRIP.A.dylib
0x0000000002718000 	/System/Library/Frameworks/Accelerate.framework/Versions/A/Frameworks/vImage.framework/Versions/A/Libraries/libCGInterfaces.dylib
0x0000000002718000 	/System/Library/PrivateFrameworks/FamilyControls.framework/Versions/A/FamilyControls
0x0000000002718000 	/System/Library/PrivateFrameworks/CommerceKit.framework/Versions/A/Frameworks/CommerceCore.framework/Versions/A/CommerceCore
0x0000000002718000 	/System/Library/PrivateFrameworks/SystemAdministration.framework/Versions/A/SystemAdministration
0x0000000002718000 	/System/Library/PrivateFrameworks/AppContainer.framework/Versions/A/AppContainer
0x0000000002718000 	/System/Library/PrivateFrameworks/SecCodeWrapper.framework/Versions/A/SecCodeWrapper
0x0000000002718000 	/System/Library/Frameworks/DirectoryService.framework/Versions/A/DirectoryService
0x0000000002718000 	/System/Library/PrivateFrameworks/DiskImages.framework/Versions/A/DiskImages
0x0000000002718000 	/System/Library/PrivateFrameworks/LoginUIKit.framework/Versions/A/Frameworks/LoginUICore.framework/Versions/A/LoginUICore
0x0000000002718000 	/usr/lib/libCoreStorage.dylib
0x0000000002718000 	/usr/lib/libcsfde.dylib
0x0000000002718000 	/usr/lib/libodfde.dylib
0x0000000002718000 	/System/Library/Frameworks/DiscRecording.framework/Versions/A/DiscRecording
0x000000010e2dd000 	/Applications/exelis/idl85/bin/bin.darwin.x86_64/libcurl.4.dylib
0x0000000002718000 	/System/Library/PrivateFrameworks/MediaKit.framework/Versions/A/MediaKit
0x0000000002718000 	/System/Library/PrivateFrameworks/ProtectedCloudStorage.framework/Versions/A/ProtectedCloudStorage
0x0000000002718000 	/System/Library/PrivateFrameworks/EFILogin.framework/Versions/A/EFILogin
0x0000000002718000 	/usr/lib/libutil.dylib
0x0000000002718000 	/System/Library/PrivateFrameworks/FindMyDevice.framework/Versions/A/FindMyDevice
0x0000000002718000 	/System/Library/Frameworks/CoreGraphics.framework/Versions/A/Resources/libCGXType.A.dylib
0x0000000002718000 	/System/Library/Frameworks/OpenCL.framework/Versions/A/Libraries/libcldcpuengine.dylib
0x000000010f40e000 	cl_kernels
0x0000000002718000 	/System/Library/Frameworks/OpenCL.framework/Versions/A/Libraries/ImageFormats/unorm8_bgra.dylib
0x0000000002718000 	/System/Library/Frameworks/OpenCL.framework/Versions/A/Libraries/ImageFormats/unorm8_rgba.dylib
0x000000010f600000 	/Applications/exelis/idl85/idlde/bin.darwin.x86_64/jre/lib/libnet.dylib
0x000000010f65d000 	/Applications/exelis/idl85/idlde/bin.darwin.x86_64/jre/lib/libnio.dylib
0x000000010f28f000 	/Users/spencerfaber/.swt/lib/macosx/x86_64/libswt-cocoa-3740.jnilib
0x0000000002718000 	/System/Library/Frameworks/WebKit.framework/Versions/A/WebKit
0x0000000002718000 	/System/Library/Frameworks/JavaScriptCore.framework/Versions/A/JavaScriptCore
0x0000000002718000 	/System/Library/Frameworks/SecurityInterface.framework/Versions/A/SecurityInterface
0x0000000002718000 	/System/Library/Frameworks/WebKit.framework/Versions/A/Frameworks/WebKitLegacy.framework/Versions/A/WebKitLegacy
0x0000000002718000 	/System/Library/Frameworks/WebKit.framework/Versions/A/Frameworks/WebCore.framework/Versions/A/WebCore
0x000000010f3ac000 	/Users/spencerfaber/.swt/lib/macosx/x86_64/libswt-pi-cocoa-3740.jnilib
0x000000010fe00000 	/Applications/exelis/idl85/bin/bin.darwin.x86_64/libidl_ips.8.5.dylib
0x00000001106bc000 	/Applications/exelis/idl85/bin/bin.darwin.x86_64/libidl.8.5.dylib
0x0000000111249000 	/opt/X11/lib/libfreetype.6.dylib
0x000000010f2f1000 	/Applications/exelis/idl85/bin/bin.darwin.x86_64/libMesaGLU6_2.dylib
0x000000011142b000 	/Applications/exelis/idl85/bin/bin.darwin.x86_64/libMesaGL6_2.dylib
0x000000010f077000 	/Applications/exelis/idl85/bin/bin.darwin.x86_64/libOSMesa6_2.dylib
0x000000010f081000 	/opt/X11/lib/libXp.6.dylib
0x0000000111894000 	/Applications/exelis/idl85/bin/bin.darwin.x86_64/libXm.3.0.2.dylib
0x000000010fab7000 	/opt/X11/lib/libXpm.4.dylib
0x000000010fb17000 	/opt/X11/lib/libXmu.6.dylib
0x000000010fe80000 	/opt/X11/lib/libXext.6.dylib
0x0000000111ca3000 	/opt/X11/lib/libXt.6.dylib
0x000000010f091000 	/opt/X11/lib/libXinerama.1.dylib
0x000000010f31b000 	/opt/X11/lib/libSM.6.dylib
0x0000000110048000 	/opt/X11/lib/libICE.6.dylib
0x0000000111d02000 	/opt/X11/lib/libX11.6.dylib
0x0000000111e33000 	/opt/X11/lib/libxcb.1.dylib
0x000000010f123000 	/opt/X11/lib/libXau.6.dylib
0x000000010f830000 	/opt/X11/lib/libXdmcp.6.dylib
0x000000010efc6000 	/Applications/exelis/idl85/bin/bin.darwin.x86_64/gl_driver.so
0x000000011310d000 	/opt/X11/lib/libGL.1.dylib
0x000000010f02c000 	/opt/X11/lib/libXplugin.1.dylib
0x000000010f66c000 	/opt/X11/lib/libglapi.0.dylib
0x000000010f016000 	/opt/X11/lib/libXdamage.1.dylib
0x000000010f01c000 	/opt/X11/lib/libXfixes.3.dylib
0x000000010f024000 	/opt/X11/lib/libX11-xcb.1.dylib
0x000000010f044000 	/opt/X11/lib/libxcb-glx.0.dylib
0x000000010f060000 	/opt/X11/lib/libXxf86vm.1.dylib
0x000000010f12c000 	/usr/lib/libexpat.1.dylib
0x0000000002718000 	/System/Library/PrivateFrameworks/CloudDocs.framework/Versions/A/CloudDocs
0x0000000002718000 	/System/Library/PrivateFrameworks/CoreDuet.framework/Versions/A/CoreDuet
0x0000000002718000 	/System/Library/Frameworks/CloudKit.framework/Versions/A/CloudKit
0x0000000002718000 	/System/Library/PrivateFrameworks/ProtocolBuffer.framework/Versions/A/ProtocolBuffer
0x0000000002718000 	/System/Library/PrivateFrameworks/CoreDuetDaemonProtocol.framework/Versions/A/CoreDuetDaemonProtocol
0x0000000002718000 	/System/Library/PrivateFrameworks/CoreDuetDebugLogging.framework/Versions/A/CoreDuetDebugLogging
0x0000000002718000 	/System/Library/PrivateFrameworks/MMCS.framework/Versions/A/MMCS
0x0000000002718000 	/System/Library/Frameworks/CoreLocation.framework/Versions/A/CoreLocation
0x0000000002718000 	/System/Library/PrivateFrameworks/AssetCacheServices.framework/Versions/A/AssetCacheServices
0x0000000002718000 	/System/Library/PrivateFrameworks/GeoServices.framework/Versions/A/GeoServices
0x0000000002718000 	/System/Library/Frameworks/CoreGraphics.framework/Versions/A/Resources/libCGXCoreImage.A.dylib
0x000000010f1d1000 	cl_kernels
0x00000001152ba000 	/System/Library/Extensions/AppleIntelBDWGraphicsMTLDriver.bundle/Contents/MacOS/AppleIntelBDWGraphicsMTLDriver
0x0000000002718000 	/System/Library/Frameworks/OpenGL.framework/Versions/A/Resources/GLEngine.bundle/GLEngine
0x0000000002718000 	/System/Library/Frameworks/OpenGL.framework/Versions/A/Libraries/libGLProgrammability.dylib
0x0000000117000000 	/System/Library/Extensions/AppleIntelBDWGraphicsGLDriver.bundle/Contents/MacOS/AppleIntelBDWGraphicsGLDriver
0x0000000002718000 	/System/Library/PrivateFrameworks/GPUSupport.framework/Versions/A/Libraries/libGPUSupportMercury.dylib
0x0000000002718000 	/System/Library/Frameworks/OpenGL.framework/Versions/A/Resources/GLRendererFloat.bundle/GLRendererFloat
0x000000010e572000 	cl_kernels
0x0000000002718000 	/System/Library/PrivateFrameworks/FinderKit.framework/Versions/A/FinderKit
0x0000000002718000 	/System/Library/Frameworks/Quartz.framework/Versions/A/Frameworks/QuickLookUI.framework/Versions/A/QuickLookUI
0x0000000002718000 	/System/Library/Frameworks/Quartz.framework/Versions/A/Frameworks/ImageKit.framework/Versions/A/ImageKit
0x0000000002718000 	/System/Library/PrivateFrameworks/Bom.framework/Versions/A/Bom
0x0000000002718000 	/System/Library/Frameworks/QuickLook.framework/Versions/A/QuickLook
0x0000000002718000 	/System/Library/PrivateFrameworks/Suggestions.framework/Versions/A/Suggestions
0x0000000002718000 	/System/Library/PrivateFrameworks/AppleSystemInfo.framework/Versions/A/AppleSystemInfo
0x0000000002718000 	/System/Library/Frameworks/ImageCaptureCore.framework/Versions/A/ImageCaptureCore
0x0000000002718000 	/System/Library/PrivateFrameworks/SafariServices.framework/Versions/A/SafariServices
0x0000000002718000 	/usr/lib/libspindump.dylib
0x0000000002718000 	/System/Library/Frameworks/QTKit.framework/Versions/A/QTKit
0x0000000002718000 	/System/Library/Frameworks/AVFoundation.framework/Versions/A/AVFoundation
0x0000000002718000 	/System/Library/Frameworks/CoreMedia.framework/Versions/A/CoreMedia
0x0000000002718000 	/System/Library/Frameworks/MediaToolbox.framework/Versions/A/MediaToolbox
0x0000000002718000 	/System/Library/Frameworks/VideoToolbox.framework/Versions/A/VideoToolbox
0x0000000002718000 	/System/Library/PrivateFrameworks/CoreMediaAuthoring.framework/Versions/A/CoreMediaAuthoring
0x0000000002718000 	/System/Library/Frameworks/CoreMediaIO.framework/Versions/A/CoreMediaIO
0x0000000002718000 	/System/Library/Frameworks/AVFoundation.framework/Versions/A/Resources/libAVFAudio.dylib
0x0000000002718000 	/System/Library/PrivateFrameworks/CoreAVCHD.framework/Versions/A/CoreAVCHD
0x0000000002718000 	/System/Library/Frameworks/MediaAccessibility.framework/Versions/A/MediaAccessibility
0x0000000002718000 	/System/Library/PrivateFrameworks/Mangrove.framework/Versions/A/Mangrove
0x0000000002718000 	/System/Library/PrivateFrameworks/CoreAUC.framework/Versions/A/CoreAUC
0x0000000002718000 	/System/Library/PrivateFrameworks/AppleVA.framework/Versions/A/AppleVA
0x0000000002718000 	/System/Library/PrivateFrameworks/XPCService.framework/Versions/A/XPCService
0x0000000002718000 	/System/Library/PrivateFrameworks/AppSandbox.framework/Versions/A/AppSandbox
0x0000000002718000 	/usr/lib/libsandbox.1.dylib
0x0000000002718000 	/usr/lib/libMatch.1.dylib
0x0000000002718000 	/System/Library/PrivateFrameworks/DisplayServices.framework/Versions/A/DisplayServices
0x0000000002718000 	/System/Library/Frameworks/Quartz.framework/Versions/A/Frameworks/PDFKit.framework/Versions/A/PDFKit
0x0000000002718000 	/System/Library/Frameworks/Quartz.framework/Versions/A/Frameworks/QuartzComposer.framework/Versions/A/QuartzComposer
0x0000000002718000 	/System/Library/Frameworks/Quartz.framework/Versions/A/Frameworks/QuartzFilters.framework/Versions/A/QuartzFilters
0x0000000002718000 	/System/Library/PrivateFrameworks/CorePDF.framework/Versions/A/CorePDF
0x0000000002718000 	/System/Library/PrivateFrameworks/AppleFSCompression.framework/Versions/A/AppleFSCompression
0x0000000002718000 	/System/Library/Frameworks/AddressBook.framework/Versions/A/AddressBook
0x0000000002718000 	/System/Library/PrivateFrameworks/ContactsPersistence.framework/Versions/A/ContactsPersistence
0x0000000002718000 	/System/Library/PrivateFrameworks/ContactsFoundation.framework/Versions/A/ContactsFoundation
0x0000000002718000 	/System/Library/PrivateFrameworks/vCard.framework/Versions/A/vCard
0x0000000002718000 	/System/Library/PrivateFrameworks/IntlPreferences.framework/Versions/A/IntlPreferences
0x0000000002718000 	/System/Library/PrivateFrameworks/ToneLibrary.framework/Versions/A/ToneLibrary
0x0000000002718000 	/System/Library/PrivateFrameworks/ToneKit.framework/Versions/A/ToneKit
0x0000000002718000 	/System/Library/PrivateFrameworks/ApplePushService.framework/Versions/A/ApplePushService
0x0000000002718000 	/System/Library/PrivateFrameworks/PhoneNumbers.framework/Versions/A/PhoneNumbers
0x0000000002718000 	/System/Library/PrivateFrameworks/ViewBridge.framework/Versions/A/ViewBridge
0x0000000002718000 	/System/Library/Frameworks/Quartz.framework/Versions/A/Quartz
0x0000000002718000 	/System/Library/Frameworks/LDAP.framework/Versions/A/LDAP
0x0000000002718000 	/System/Library/PrivateFrameworks/CoreDaemon.framework/Versions/B/CoreDaemon
0x0000000002718000 	/usr/lib/libcrypto.0.9.8.dylib
0x0000000002718000 	/System/Library/PrivateFrameworks/AppleSRP.framework/Versions/A/AppleSRP
0x0000000002718000 	/System/Library/PrivateFrameworks/TrustEvaluationAgent.framework/Versions/A/TrustEvaluationAgent
0x0000000002718000 	/usr/lib/libsasl2.2.dylib
0x0000000002718000 	/System/Library/PrivateFrameworks/PlugInKit.framework/Versions/A/PlugInKit
0x00000001116d4000 	/System/Library/Filesystems/NetFSPlugins/smb.bundle/Contents/MacOS/smb
0x0000000002718000 	/System/Library/PrivateFrameworks/SMBClient.framework/Versions/A/SMBClient
0x0000000002718000 	/System/Library/PrivateFrameworks/DCERPC.framework/Versions/A/DCERPC
0x0000000002718000 	/System/Library/PrivateFrameworks/KerberosHelper.framework/Versions/A/KerberosHelper
0x0000000002718000 	/System/Library/PrivateFrameworks/CacheDelete.framework/Versions/A/CacheDelete
0x000000011e122000 	/System/Library/Frameworks/Security.framework/PlugIns/csparser.bundle/Contents/MacOS/csparser
0x000000011056b000 	cl_kernels
0x0000000002718000 	/System/Library/PrivateFrameworks/iLifeMediaBrowser.framework/Versions/A/iLifeMediaBrowser
0x0000000002718000 	/System/Library/Frameworks/AVKit.framework/Versions/A/AVKit
0x0000000127000000 	/Applications/exelis/idl85/bin/bin.darwin.x86_64/idl_netcdf.so

VM Arguments:
jvm_args: -Dosgi.instance.area.default=@user.home/IDLWorkspace -Dosgi.configuration.area=@user.home/.idl/idlworkbench-config-idl8.5.1_x86_64 -Dosgi.configuration.cascaded=true -Dosgi.checkConfiguration=true -Dosgi.sharedConfiguration.area.readOnly=true -Dorg.eclipse.update.reconcile=false -Declipse.p2.data.area=@config.dir/p2 -XstartOnFirstThread -Xdock:icon=../Resources/idlde.icns -Dorg.eclipse.swt.internal.carbon.smallFonts -Dosgi.sharedConfiguration.area=../../../configuration.darwin.x86_64 -Xms128m -Xmx1024m 
java_command: <unknown>
Launcher Type: generic

Environment Variables:
CLASSPATH=.:/Applications/exelis/idl85/resource/bridges/export/java/javaidlb.jar
PATH=/Applications/exelis/idl85/bin:/Applications/gut-3.1/bin:/usr/local/ncl-6.3.0/bin:/Applications/gut-3.1/bin:/opt/local/bin:/opt/local/sbin:/usr/local/bin:/opt/local/bin:/opt/local/sbin:/opt/local/bin:/opt/local/sbin:/usr/local/bin:/usr/bin:/bin:/usr/sbin:/sbin:/opt/X11/bin:/opt/X11/bin
LD_LIBRARY_PATH=/Applications/exelis/idl85/idlde/bin.darwin.x86_64/jre/lib/server:/Applications/exelis/idl85/idlde/bin.darwin.x86_64/jre/lib:
SHELL=/bin/bash
DISPLAY=:0
DYLD_LIBRARY_PATH=/Applications/exelis/idl85/idlde/bin.darwin.x86_64:/Applications/exelis/idl85/bin/bin.darwin.x86_64
DYLD_FALLBACK_LIBRARY_PATH=/Applications/exelis/idl85/idlde/bin.darwin.x86_64/jre/lib/server:/Applications/exelis/idl85/idlde/bin.darwin.x86_64/jre/lib:

Signal Handlers:
SIGSEGV: [libjvm.dylib+0x4a820f], sa_mask[0]=0xfffefeff, sa_flags=0x00000042
SIGBUS: [libjvm.dylib+0x4a820f], sa_mask[0]=0xfffefeff, sa_flags=0x00000042
SIGFPE: [libjvm.dylib+0x3b7495], sa_mask[0]=0xfffefeff, sa_flags=0x00000042
SIGPIPE: SIG_IGN, sa_mask[0]=0x00000000, sa_flags=0x00000002
SIGXFSZ: [libjvm.dylib+0x3b7495], sa_mask[0]=0xfffefeff, sa_flags=0x00000042
SIGILL: [libjvm.dylib+0x3b7495], sa_mask[0]=0xfffefeff, sa_flags=0x00000042
SIGUSR1: SIG_DFL, sa_mask[0]=0x63807efb, sa_flags=0x00000000
SIGUSR2: [libjvm.dylib+0x3b702e], sa_mask[0]=0x00000000, sa_flags=0x00000042
SIGHUP: [libjvm.dylib+0x3b528f], sa_mask[0]=0xfffefeff, sa_flags=0x00000042
SIGINT: [libidl.8.5.dylib+0x403a20], sa_mask[0]=0x00000000, sa_flags=0x00000002
SIGTERM: [libjvm.dylib+0x3b528f], sa_mask[0]=0xfffefeff, sa_flags=0x00000042
SIGQUIT: [libjvm.dylib+0x3b528f], sa_mask[0]=0xfffefeff, sa_flags=0x00000042


---------------  S Y S T E M  ---------------

OS:Bsduname:Darwin 15.3.0 Darwin Kernel Version 15.3.0: Thu Dec 10 18:40:58 PST 2015; root:xnu-3248.30.4~1/RELEASE_X86_64 x86_64
rlimit: STACK 8192k, CORE 0k, NPROC 709, NOFILE 10240, AS infinity
load average:1.73 1.58 1.59

CPU:total 4 (2 cores per cpu, 2 threads per core) family 6 model 61 stepping 4, cmov, cx8, fxsr, mmx, sse, sse2, sse3, ssse3, sse4.1, sse4.2, popcnt, avx, avx2, ht, tsc, tscinvbit

Memory: 4k page, physical 137435163368k(34358790842k free)

/proc/meminfo:


vm_info: Java HotSpot(TM) 64-Bit Server VM (23.25-b01) for bsd-amd64 JRE (1.7.0_25-b15), built on Jun  5 2013 22:26:36 by "java_re" with gcc 4.2.1 (Based on Apple Inc. build 5658) (LLVM build 2336.11.00)

time: Thu Apr 21 23:41:57 2016
elapsed time: 4788 seconds

