#
# A fatal error has been detected by the Java Runtime Environment:
#
#  SIGSEGV (0xb) at pc=0x00000001101c2982, pid=1706, tid=44291
#
# JRE version: 7.0_25-b15
# Java VM: Java HotSpot(TM) 64-Bit Server VM (23.25-b01 mixed mode bsd-amd64 compressed oops)
# Problematic frame:
# C  [libidl.8.5.dylib+0x134982]  igSrcDestFlush+0x42
#
# Failed to write core dump. Core dumps have been disabled. To enable core dumping, try "ulimit -c unlimited" before starting Java again
#
# If you would like to submit a bug report, please visit:
#   http://bugreport.sun.com/bugreport/crash.jsp
# The crash happened outside the Java Virtual Machine in native code.
# See problematic frame for where to report the bug.
#

---------------  T H R E A D  ---------------

Current thread (0x000000010286c000):  JavaThread "IDL" [_thread_in_native, id=44291, stack(0x0000700001968000,0x0000700001a68000)]

siginfo:si_signo=SIGSEGV: si_errno=0, si_code=1 (SEGV_MAPERR), si_addr=0x0000000000000058

Registers:
RAX=0x0000000000000018, RBX=0x0000000000000018, RCX=0x0000000000000000, RDX=0x0000000000000053
RSP=0x0000700001a66308, RBP=0x0000700001a66e40, RSI=0x0000000100b61ab8, RDI=0x0000000000000000
R8 =0x0000000110ade740, R9 =0x0000000000007ffd, R10=0x00007fff820857ee, R11=0x0000000000000246
R12=0x0000700001a66df8, R13=0x000000011ce01638, R14=0x0000000115c6d128, R15=0x000000011fd6c788
RIP=0x00000001101c2982, EFLAGS=0x0000000000010202, ERR=0x0000000000000004
  TRAPNO=0x000000000000000e

Top of Stack: (sp=0x0000700001a66308)
0x0000700001a66308:   00000001101bf835 0000700001a66df8
0x0000700001a66318:   0000000000000000 0000000000000000
0x0000700001a66328:   0000000100000000 0000700001a66370
0x0000700001a66338:   0000000115064af8 000000001072acf1
0x0000700001a66348:   0000000100bcb408 0000000001a66dc0
0x0000700001a66358:   000000011fd6c7a0 5c008d3310f9d252
0x0000700001a66368:   0000000102d05c08 0000700001a66828
0x0000700001a66378:   0000000000000000 0000000110ad5918
0x0000700001a66388:   0000000000000000 0000000000000000
0x0000700001a66398:   0000000100000000 0000700001a669c8
0x0000700001a663a8:   0000700001a66530 0000700001a65e50
0x0000700001a663b8:   0000000110ade248 0000000110ade248
0x0000700001a663c8:   0000000110ade230 0000700001a663a0
0x0000700001a663d8:   00000001103a885d 000000011d3f001a
0x0000700001a663e8:   0000037f00001f80 0000000000000004
0x0000700001a663f8:   0000000100000004 00000001109092e0
0x0000700001a66408:   000000000000000b 000000011d3f4018
0x0000700001a66418:   0000000000000000 0000700001a66450
0x0000700001a66428:   000000011050eab2 00000001109092e0
0x0000700001a66438:   000000011d3f3f90 0000000000000000
0x0000700001a66448:   000000011d4fb028 0000700001a664b0
0x0000700001a66458:   000000001034d3ff 0000000000000000
0x0000700001a66468:   0002000000000000 000000011d4a7058
0x0000700001a66478:   000000011d3f4018 000000000000000d
0x0000700001a66488:   00000001109092e0 0000000000000003
0x0000700001a66498:   0000000000000003 0000000102d05c58
0x0000700001a664a8:   0000000119155093 5c008d3310f9d252
0x0000700001a664b8:   0000000102d05c08 0000700001a66978
0x0000700001a664c8:   0000000000000000 0000000110ad5918
0x0000700001a664d8:   0000000110ad5c68 0000700001a667a0
0x0000700001a664e8:   00000001104d2d9b 000000005f4d5953
0x0000700001a664f8:   4f4c4f435f540052 5c008d3310f9d252 

Instructions: (pc=0x00000001101c2982)
0x00000001101c2962:   00 00 00 31 c9 e8 74 c2 2c 00 48 8b 8c 18 c8 00
0x00000001101c2972:   00 00 48 8b bc 18 d0 00 00 00 48 83 c4 08 5b 5d
0x00000001101c2982:   ff 61 58 66 66 2e 0f 1f 84 00 00 00 00 00 55 48
0x00000001101c2992:   89 e5 41 57 41 56 41 55 41 54 53 48 81 ec 58 14 

Register to memory mapping:

RAX=0x0000000000000018 is an unknown value
RBX=0x0000000000000018 is an unknown value
RCX=0x0000000000000000 is an unknown value
RDX=0x0000000000000053 is an unknown value
RSP=0x0000700001a66308 is pointing into the stack for thread: 0x000000010286c000
RBP=0x0000700001a66e40 is pointing into the stack for thread: 0x000000010286c000
RSI=0x0000000100b61ab8 is an unknown value
RDI=0x0000000000000000 is an unknown value
R8 =0x0000000110ade740: cstate+0 in /Applications/exelis/idl85/bin/bin.darwin.x86_64/libidl.8.5.dylib at 0x000000011008e000
R9 =0x0000000000007ffd is an unknown value
R10=0x00007fff820857ee: sigprocmask+0xa in /usr/lib/system/libsystem_kernel.dylib at 0x00007fff8206d000
R11=0x0000000000000246 is an unknown value
R12=0x0000700001a66df8 is pointing into the stack for thread: 0x000000010286c000
R13=0x000000011ce01638 is an unknown value
R14=0x0000000115c6d128 is an unknown value
R15=0x000000011fd6c788 is an unknown value


Stack: [0x0000700001968000,0x0000700001a68000],  sp=0x0000700001a66308,  free space=1016k
Native frames: (J=compiled Java code, j=interpreted, Vv=VM code, C=native code)
C  [libidl.8.5.dylib+0x134982]  igSrcDestFlush+0x42
C  [libidl.8.5.dylib+0x322de7]  interpreter+0x87d7
C  [libidl.8.5.dylib+0x444d9b]  IDL_Executive+0xebb
C  [libidl_ips.8.5.dylib+0x9604]  ips_main+0x284
C  [libidl_ips.8.5.dylib+0xa83c]  IPS_RunClient+0x3c
C  [libidl_ips.8.5.dylib+0x15543]  IPS_Start+0x13
C  [libidl_ips.8.5.dylib+0xb94]  Java_com_rsi_idldt_core_ips_IPS_1Access_IPS_1Start+0x204
j  com.rsi.idldt.core.ips.IPS_Access.IPS_Start([Ljava/lang/String;)V+0
j  com.rsi.idldt.core.ips.IPS_Manager$2.run()V+15
j  java.lang.Thread.run()V+11
v  ~StubRoutines::call_stub
V  [libjvm.dylib+0x28a5c3]
V  [libjvm.dylib+0x28aaa2]
V  [libjvm.dylib+0x28abdc]
V  [libjvm.dylib+0x2c1868]
V  [libjvm.dylib+0x47cbd8]
V  [libjvm.dylib+0x47e0ca]
V  [libjvm.dylib+0x3b95f9]
C  [libsystem_pthread.dylib+0x3c13]  _pthread_body+0x83
C  [libsystem_pthread.dylib+0x3b90]  _pthread_body+0x0
C  [libsystem_pthread.dylib+0x1375]  thread_start+0xd

Java frames: (J=compiled Java code, j=interpreted, Vv=VM code)
j  com.rsi.idldt.core.ips.IPS_Access.IPS_Start([Ljava/lang/String;)V+0
j  com.rsi.idldt.core.ips.IPS_Manager$2.run()V+15
j  java.lang.Thread.run()V+11
v  ~StubRoutines::call_stub

---------------  P R O C E S S  ---------------

Java Threads: ( => current thread )
  0x000000011c2d8000 JavaThread "Worker-11" [_thread_blocked, id=113947, stack(0x000070000228c000,0x000070000238c000)]
  0x00000001198cc800 JavaThread "Worker-10" [_thread_blocked, id=102155, stack(0x0000700002086000,0x0000700002186000)]
  0x000000011c119800 JavaThread "Worker-9" [_thread_blocked, id=94023, stack(0x0000700001762000,0x0000700001862000)]
  0x00000001024a3000 JavaThread "[ThreadPool Manager] - Idle Thread" daemon [_thread_blocked, id=64311, stack(0x0000700002d2d000,0x0000700002e2d000)]
  0x0000000119a4f000 JavaThread "Worker-7" [_thread_blocked, id=77287, stack(0x0000700002c2a000,0x0000700002d2a000)]
  0x0000000100ab9800 JavaThread "Timer-2" daemon [_thread_blocked, id=66627, stack(0x0000700002b27000,0x0000700002c27000)]
  0x0000000101f41000 JavaThread "Timer-1" daemon [_thread_blocked, id=67227, stack(0x0000700002a24000,0x0000700002b24000)]
  0x0000000102d8a800 JavaThread "Thread-11" [_thread_in_native, id=61699, stack(0x000070000289e000,0x000070000299e000)]
  0x0000000100d57800 JavaThread "IDLDT DOM Worker-3" [_thread_blocked, id=59907, stack(0x000070000279b000,0x000070000289b000)]
  0x0000000100ccf800 JavaThread "IDLDT DOM Worker-2" [_thread_blocked, id=59651, stack(0x0000700002698000,0x0000700002798000)]
  0x000000010094a800 JavaThread "IDLDT DOM Worker-1" [_thread_blocked, id=58895, stack(0x0000700002595000,0x0000700002695000)]
  0x0000000100d2f800 JavaThread "IDLDT DOM Worker-0" [_thread_blocked, id=59167, stack(0x0000700002492000,0x0000700002592000)]
  0x0000000102646000 JavaThread "Timer-0" daemon [_thread_blocked, id=59435, stack(0x000070000238f000,0x000070000248f000)]
  0x0000000100d62000 JavaThread "Worker-5" [_thread_blocked, id=55559, stack(0x0000700002189000,0x0000700002289000)]
  0x00000001028a6000 JavaThread "Worker-3" [_thread_blocked, id=54807, stack(0x0000700001f83000,0x0000700002083000)]
  0x0000000102944800 JavaThread "Worker-2" [_thread_blocked, id=55351, stack(0x0000700001a6b000,0x0000700001b6b000)]
=>0x000000010286c000 JavaThread "IDL" [_thread_in_native, id=44291, stack(0x0000700001968000,0x0000700001a68000)]
  0x000000010094f800 JavaThread "IDLToJava Broker" daemon [_thread_blocked, id=44035, stack(0x0000700001356000,0x0000700001456000)]
  0x00000001019e0800 JavaThread "Provisioning Event Dispatcher" daemon [_thread_blocked, id=41731, stack(0x0000700001865000,0x0000700001965000)]
  0x0000000101a3c000 JavaThread "Bundle File Closer" daemon [_thread_blocked, id=41219, stack(0x000070000165f000,0x000070000175f000)]
  0x0000000101919800 JavaThread "Worker-JM" [_thread_blocked, id=40963, stack(0x000070000155c000,0x000070000165c000)]
  0x0000000102917800 JavaThread "[Timer] - Main Queue Handler" daemon [_thread_blocked, id=40707, stack(0x0000700001459000,0x0000700001559000)]
  0x0000000101946800 JavaThread "Framework Event Dispatcher" daemon [_thread_blocked, id=40203, stack(0x0000700001253000,0x0000700001353000)]
  0x00000001020c5000 JavaThread "Start Level Event Dispatcher" daemon [_thread_blocked, id=39939, stack(0x0000700001150000,0x0000700001250000)]
  0x0000000102093800 JavaThread "State Data Manager" daemon [_thread_blocked, id=39439, stack(0x000070000104d000,0x000070000114d000)]
  0x00000001020c0800 JavaThread "Framework Active Thread" [_thread_blocked, id=39687, stack(0x0000700000f4a000,0x000070000104a000)]
  0x0000000102830000 JavaThread "Service Thread" daemon [_thread_blocked, id=25091, stack(0x0000700000c3e000,0x0000700000d3e000)]
  0x000000010084e800 JavaThread "C2 CompilerThread1" daemon [_thread_blocked, id=24835, stack(0x0000700000b3b000,0x0000700000c3b000)]
  0x0000000102018800 JavaThread "C2 CompilerThread0" daemon [_thread_blocked, id=24579, stack(0x0000700000a38000,0x0000700000b38000)]
  0x000000010200d800 JavaThread "Signal Dispatcher" daemon [_thread_blocked, id=24075, stack(0x0000700000935000,0x0000700000a35000)]
  0x000000010200a800 JavaThread "Finalizer" daemon [_thread_blocked, id=23555, stack(0x0000700000832000,0x0000700000932000)]
  0x0000000102007800 JavaThread "Reference Handler" daemon [_thread_blocked, id=23299, stack(0x000070000072f000,0x000070000082f000)]
  0x0000000100835000 JavaThread "main" [_thread_in_native, id=1295, stack(0x00007fff5f400000,0x00007fff5fc00000)]

Other Threads:
  0x0000000102827000 VMThread [stack: 0x000070000062c000,0x000070000072c000] [id=23043]
  0x0000000101853800 WatcherThread [stack: 0x0000700000d41000,0x0000700000e41000] [id=25347]

VM state:not at safepoint (normal execution)

VM Mutex/Monitor currently owned by a thread: None

Heap
 PSYoungGen      total 264064K, used 137189K [0x00000007eaab0000, 0x00000007feab0000, 0x0000000800000000)
  eden space 262144K, 52% used [0x00000007eaab0000,0x00000007f30a9750,0x00000007faab0000)
  from space 1920K, 0% used [0x00000007faab0000,0x00000007faab0000,0x00000007fac90000)
  to   space 32768K, 0% used [0x00000007fcab0000,0x00000007fcab0000,0x00000007feab0000)
 ParOldGen       total 87424K, used 43002K [0x00000007c0000000, 0x00000007c5560000, 0x00000007eaab0000)
  object space 87424K, 49% used [0x00000007c0000000,0x00000007c29fe830,0x00000007c5560000)
 PSPermGen       total 83968K, used 51419K [0x00000007bae00000, 0x00000007c0000000, 0x00000007c0000000)
  object space 83968K, 61% used [0x00000007bae00000,0x00000007be036c68,0x00000007c0000000)

Card table byte_map: [0x0000000108f93000,0x00000001091bd000] byte_map_base: 0x00000001051bc000

Polling page: 0x0000000100751000

Code Cache  [0x0000000105ed3000, 0x0000000106473000, 0x0000000108ed3000)
 total_blobs=1988 nmethods=1451 adapters=488 free_code_cache=43533Kb largest_free_block=44463040

Compilation events (10 events):
Event: 573.143 Thread 0x0000000102018800 nmethod 1606 0x000000010645e250 code [0x000000010645e380, 0x000000010645e478]
Event: 573.144 Thread 0x000000010084e800 nmethod 52% 0x00000001061611d0 code [0x0000000106161360, 0x00000001061615c8]
Event: 573.485 Thread 0x0000000102018800 1607             org.eclipse.debug.internal.ui.viewers.model.provisional.ModelDelta::getFlags (5 bytes)
Event: 573.485 Thread 0x0000000102018800 nmethod 1607 0x0000000106416e50 code [0x0000000106416f80, 0x0000000106416fd8]
Event: 573.501 Thread 0x000000010084e800 1608             org.eclipse.jface.text.TreeLineTracker::updateParentBalanceAfterInsertion (112 bytes)
Event: 573.503 Thread 0x000000010084e800 nmethod 1608 0x0000000106416950 code [0x0000000106416ac0, 0x0000000106416c68]
Event: 574.719 Thread 0x0000000102018800 1609             org.eclipse.swt.widgets.Shell::isDrawing (5 bytes)
Event: 574.720 Thread 0x0000000102018800 nmethod 1609 0x0000000106416750 code [0x0000000106416880, 0x00000001064168f8]
Event: 574.942 Thread 0x000000010084e800 1610             org.eclipse.debug.internal.ui.viewers.AsynchronousSchedulingRuleFactory$SerialPerObjectRule::isConflicting (29 byt
Event: 574.943 Thread 0x000000010084e800 nmethod 1610 0x00000001064164d0 code [0x0000000106416620, 0x00000001064166b8]

GC Heap History (10 events):
Event: 408.383 GC heap before
{Heap before GC invocations=17 (full 6):
 PSYoungGen      total 295936K, used 1805K [0x00000007eaab0000, 0x00000007fecf0000, 0x0000000800000000)
  eden space 261696K, 0% used [0x00000007eaab0000,0x00000007eaab0000,0x00000007faa40000)
  from space 34240K, 5% used [0x00000007faa40000,0x00000007fac035d8,0x00000007fcbb0000)
  to   space 33920K, 0% used [0x00000007fcbd0000,0x00000007fcbd0000,0x00000007fecf0000)
 ParOldGen       total 87424K, used 42840K [0x00000007c0000000, 0x00000007c5560000, 0x00000007eaab0000)
  object space 87424K, 49% used [0x00000007c0000000,0x00000007c29d62e8,0x00000007c5560000)
 PSPermGen       total 83968K, used 51285K [0x00000007bae00000, 0x00000007c0000000, 0x00000007c0000000)
  object space 83968K, 61% used [0x00000007bae00000,0x00000007be015408,0x00000007c0000000)
Event: 408.575 GC heap after
Heap after GC invocations=17 (full 6):
 PSYoungGen      total 295936K, used 0K [0x00000007eaab0000, 0x00000007fecf0000, 0x0000000800000000)
  eden space 261696K, 0% used [0x00000007eaab0000,0x00000007eaab0000,0x00000007faa40000)
  from space 34240K, 0% used [0x00000007faa40000,0x00000007faa40000,0x00000007fcbb0000)
  to   space 33920K, 0% used [0x00000007fcbd0000,0x00000007fcbd0000,0x00000007fecf0000)
 ParOldGen       total 87424K, used 42923K [0x00000007c0000000, 0x00000007c5560000, 0x00000007eaab0000)
  object space 87424K, 49% used [0x00000007c0000000,0x00000007c29eaeb0,0x00000007c5560000)
 PSPermGen       total 83968K, used 51284K [0x00000007bae00000, 0x00000007c0000000, 0x00000007c0000000)
  object space 83968K, 61% used [0x00000007bae00000,0x00000007be015388,0x00000007c0000000)
}
Event: 468.381 GC heap before
{Heap before GC invocations=18 (full 6):
 PSYoungGen      total 295936K, used 13151K [0x00000007eaab0000, 0x00000007fecf0000, 0x0000000800000000)
  eden space 261696K, 5% used [0x00000007eaab0000,0x00000007eb787f60,0x00000007faa40000)
  from space 34240K, 0% used [0x00000007faa40000,0x00000007faa40000,0x00000007fcbb0000)
  to   space 33920K, 0% used [0x00000007fcbd0000,0x00000007fcbd0000,0x00000007fecf0000)
 ParOldGen       total 87424K, used 42923K [0x00000007c0000000, 0x00000007c5560000, 0x00000007eaab0000)
  object space 87424K, 49% used [0x00000007c0000000,0x00000007c29eaeb0,0x00000007c5560000)
 PSPermGen       total 83968K, used 51289K [0x00000007bae00000, 0x00000007c0000000, 0x00000007c0000000)
  object space 83968K, 61% used [0x00000007bae00000,0x00000007be016508,0x00000007c0000000)
Event: 468.385 GC heap after
Heap after GC invocations=18 (full 6):
 PSYoungGen      total 295424K, used 339K [0x00000007eaab0000, 0x00000007fec50000, 0x0000000800000000)
  eden space 262144K, 0% used [0x00000007eaab0000,0x00000007eaab0000,0x00000007faab0000)
  from space 33280K, 1% used [0x00000007fcbd0000,0x00000007fcc24cd0,0x00000007fec50000)
  to   space 33600K, 0% used [0x00000007faab0000,0x00000007faab0000,0x00000007fcb80000)
 ParOldGen       total 87424K, used 42923K [0x00000007c0000000, 0x00000007c5560000, 0x00000007eaab0000)
  object space 87424K, 49% used [0x00000007c0000000,0x00000007c29eaeb0,0x00000007c5560000)
 PSPermGen       total 83968K, used 51289K [0x00000007bae00000, 0x00000007c0000000, 0x00000007c0000000)
  object space 83968K, 61% used [0x00000007bae00000,0x00000007be016508,0x00000007c0000000)
}
Event: 468.385 GC heap before
{Heap before GC invocations=19 (full 7):
 PSYoungGen      total 295424K, used 339K [0x00000007eaab0000, 0x00000007fec50000, 0x0000000800000000)
  eden space 262144K, 0% used [0x00000007eaab0000,0x00000007eaab0000,0x00000007faab0000)
  from space 33280K, 1% used [0x00000007fcbd0000,0x00000007fcc24cd0,0x00000007fec50000)
  to   space 33600K, 0% used [0x00000007faab0000,0x00000007faab0000,0x00000007fcb80000)
 ParOldGen       total 87424K, used 42923K [0x00000007c0000000, 0x00000007c5560000, 0x00000007eaab0000)
  object space 87424K, 49% used [0x00000007c0000000,0x00000007c29eaeb0,0x00000007c5560000)
 PSPermGen       total 83968K, used 51289K [0x00000007bae00000, 0x00000007c0000000, 0x00000007c0000000)
  object space 83968K, 61% used [0x00000007bae00000,0x00000007be016508,0x00000007c0000000)
Event: 468.547 GC heap after
Heap after GC invocations=19 (full 7):
 PSYoungGen      total 295424K, used 0K [0x00000007eaab0000, 0x00000007fec50000, 0x0000000800000000)
  eden space 262144K, 0% used [0x00000007eaab0000,0x00000007eaab0000,0x00000007faab0000)
  from space 33280K, 0% used [0x00000007fcbd0000,0x00000007fcbd0000,0x00000007fec50000)
  to   space 33600K, 0% used [0x00000007faab0000,0x00000007faab0000,0x00000007fcb80000)
 ParOldGen       total 87424K, used 43015K [0x00000007c0000000, 0x00000007c5560000, 0x00000007eaab0000)
  object space 87424K, 49% used [0x00000007c0000000,0x00000007c2a01c78,0x00000007c5560000)
 PSPermGen       total 83968K, used 51289K [0x00000007bae00000, 0x00000007c0000000, 0x00000007c0000000)
  object space 83968K, 61% used [0x00000007bae00000,0x00000007be016448,0x00000007c0000000)
}
Event: 536.354 GC heap before
{Heap before GC invocations=20 (full 7):
 PSYoungGen      total 295424K, used 88910K [0x00000007eaab0000, 0x00000007fec50000, 0x0000000800000000)
  eden space 262144K, 33% used [0x00000007eaab0000,0x00000007f0183860,0x00000007faab0000)
  from space 33280K, 0% used [0x00000007fcbd0000,0x00000007fcbd0000,0x00000007fec50000)
  to   space 33600K, 0% used [0x00000007faab0000,0x00000007faab0000,0x00000007fcb80000)
 ParOldGen       total 87424K, used 43015K [0x00000007c0000000, 0x00000007c5560000, 0x00000007eaab0000)
  object space 87424K, 49% used [0x00000007c0000000,0x00000007c2a01c78,0x00000007c5560000)
 PSPermGen       total 83968K, used 51333K [0x00000007bae00000, 0x00000007c0000000, 0x00000007c0000000)
  object space 83968K, 61% used [0x00000007bae00000,0x00000007be021498,0x00000007c0000000)
Event: 536.361 GC heap after
Heap after GC invocations=20 (full 7):
 PSYoungGen      total 264064K, used 1886K [0x00000007eaab0000, 0x00000007feab0000, 0x0000000800000000)
  eden space 262144K, 0% used [0x00000007eaab0000,0x00000007eaab0000,0x00000007faab0000)
  from space 1920K, 98% used [0x00000007faab0000,0x00000007fac878f0,0x00000007fac90000)
  to   space 32768K, 0% used [0x00000007fcab0000,0x00000007fcab0000,0x00000007feab0000)
 ParOldGen       total 87424K, used 43015K [0x00000007c0000000, 0x00000007c5560000, 0x00000007eaab0000)
  object space 87424K, 49% used [0x00000007c0000000,0x00000007c2a01c78,0x00000007c5560000)
 PSPermGen       total 83968K, used 51333K [0x00000007bae00000, 0x00000007c0000000, 0x00000007c0000000)
  object space 83968K, 61% used [0x00000007bae00000,0x00000007be021498,0x00000007c0000000)
}
Event: 536.361 GC heap before
{Heap before GC invocations=21 (full 8):
 PSYoungGen      total 264064K, used 1886K [0x00000007eaab0000, 0x00000007feab0000, 0x0000000800000000)
  eden space 262144K, 0% used [0x00000007eaab0000,0x00000007eaab0000,0x00000007faab0000)
  from space 1920K, 98% used [0x00000007faab0000,0x00000007fac878f0,0x00000007fac90000)
  to   space 32768K, 0% used [0x00000007fcab0000,0x00000007fcab0000,0x00000007feab0000)
 ParOldGen       total 87424K, used 43015K [0x00000007c0000000, 0x00000007c5560000, 0x00000007eaab0000)
  object space 87424K, 49% used [0x00000007c0000000,0x00000007c2a01c78,0x00000007c5560000)
 PSPermGen       total 83968K, used 51333K [0x00000007bae00000, 0x00000007c0000000, 0x00000007c0000000)
  object space 83968K, 61% used [0x00000007bae00000,0x00000007be021498,0x00000007c0000000)
Event: 536.552 GC heap after
Heap after GC invocations=21 (full 8):
 PSYoungGen      total 264064K, used 0K [0x00000007eaab0000, 0x00000007feab0000, 0x0000000800000000)
  eden space 262144K, 0% used [0x00000007eaab0000,0x00000007eaab0000,0x00000007faab0000)
  from space 1920K, 0% used [0x00000007faab0000,0x00000007faab0000,0x00000007fac90000)
  to   space 32768K, 0% used [0x00000007fcab0000,0x00000007fcab0000,0x00000007feab0000)
 ParOldGen       total 87424K, used 43002K [0x00000007c0000000, 0x00000007c5560000, 0x00000007eaab0000)
  object space 87424K, 49% used [0x00000007c0000000,0x00000007c29fe830,0x00000007c5560000)
 PSPermGen       total 83968K, used 51333K [0x00000007bae00000, 0x00000007c0000000, 0x00000007c0000000)
  object space 83968K, 61% used [0x00000007bae00000,0x00000007be021438,0x00000007c0000000)
}

Deoptimization events (10 events):
Event: 573.127 Thread 0x0000000100835000 Uncommon trap -34 fr.pc 0x000000010640b74c
Event: 573.127 Thread 0x0000000100835000 Uncommon trap -34 fr.pc 0x000000010640b74c
Event: 573.127 Thread 0x0000000100835000 Uncommon trap -34 fr.pc 0x000000010640b74c
Event: 573.127 Thread 0x0000000100835000 Uncommon trap -34 fr.pc 0x000000010640b74c
Event: 574.598 Thread 0x000000010286c000 Uncommon trap -58 fr.pc 0x0000000106456ddc
Event: 576.902 Thread 0x0000000100835000 Uncommon trap -34 fr.pc 0x00000001061b0984
Event: 576.902 Thread 0x0000000100835000 Uncommon trap -34 fr.pc 0x00000001061b0984
Event: 576.902 Thread 0x0000000100835000 Uncommon trap -34 fr.pc 0x00000001061b0984
Event: 576.903 Thread 0x0000000100835000 Uncommon trap -34 fr.pc 0x00000001061b0984
Event: 576.905 Thread 0x0000000100835000 Uncommon trap -34 fr.pc 0x00000001061a4e64

Internal exceptions (10 events):
Event: 574.870 Thread 0x0000000100835000 Threw 0x00000007f14dec48 at /HUDSON/workspace/jdk7u25-2-build-macosx-amd64-product/jdk7u25/hotspot/src/share/vm/prims/nativeLookup.
Event: 574.942 Thread 0x0000000119a4f000 Threw 0x00000007f164f4b0 at /HUDSON/workspace/jdk7u25-2-build-macosx-amd64-product/jdk7u25/hotspot/src/share/vm/prims/nativeLookup.
Event: 575.269 Thread 0x0000000100d62000 Threw 0x00000007eadf7550 at /HUDSON/workspace/jdk7u25-2-build-macosx-amd64-product/jdk7u25/hotspot/src/share/vm/prims/nativeLookup.
Event: 575.701 Thread 0x0000000100835000 Threw 0x00000007f195a118 at /HUDSON/workspace/jdk7u25-2-build-macosx-amd64-product/jdk7u25/hotspot/src/share/vm/prims/nativeLookup.
Event: 575.701 Thread 0x0000000100835000 Threw 0x00000007f195b120 at /HUDSON/workspace/jdk7u25-2-build-macosx-amd64-product/jdk7u25/hotspot/src/share/vm/prims/nativeLookup.
Event: 575.701 Thread 0x0000000100835000 Threw 0x00000007f195c250 at /HUDSON/workspace/jdk7u25-2-build-macosx-amd64-product/jdk7u25/hotspot/src/share/vm/prims/nativeLookup.
Event: 575.701 Thread 0x0000000100835000 Threw 0x00000007f195cad0 at /HUDSON/workspace/jdk7u25-2-build-macosx-amd64-product/jdk7u25/hotspot/src/share/vm/prims/nativeLookup.
Event: 575.752 Thread 0x000000011c119800 Threw 0x00000007eae1fc58 at /HUDSON/workspace/jdk7u25-2-build-macosx-amd64-product/jdk7u25/hotspot/src/share/vm/prims/nativeLookup.
Event: 575.752 Thread 0x000000011c119800 Threw 0x00000007eae20c10 at /HUDSON/workspace/jdk7u25-2-build-macosx-amd64-product/jdk7u25/hotspot/src/share/vm/prims/nativeLookup.
Event: 577.733 Thread 0x000000010286c000 Threw 0x00000007f13c7f18 at /HUDSON/workspace/jdk7u25-2-build-macosx-amd64-product/jdk7u25/hotspot/src/share/vm/prims/nativeLookup.

Events (10 events):
Event: 576.904 Thread 0x0000000102bc1000 Thread added: 0x0000000102bc1000
Event: 576.904 Executing VM operation: RevokeBias
Event: 576.904 Executing VM operation: RevokeBias done
Event: 576.904 Thread 0x0000000102bc1000 Thread exited: 0x0000000102bc1000
Event: 576.905 Thread 0x0000000100835000 DEOPT PACKING pc=0x00000001061a4e64 sp=0x00007fff5fbfb2f0
Event: 576.905 Thread 0x0000000100835000 DEOPT UNPACKING pc=0x0000000105f0c145 sp=0x00007fff5fbfb2b8 mode 2
Event: 577.485 Thread 0x000000010207f000 Thread added: 0x000000010207f000
Event: 577.523 Executing VM operation: RevokeBias
Event: 577.523 Executing VM operation: RevokeBias done
Event: 577.523 Thread 0x000000010207f000 Thread exited: 0x000000010207f000


Dynamic libraries:
0x00000000007a6000 	/System/Library/Frameworks/Cocoa.framework/Versions/A/Cocoa
0x00000000007a6000 	/usr/lib/libSystem.B.dylib
0x00000000007a6000 	/System/Library/Frameworks/CoreServices.framework/Versions/A/CoreServices
0x00000000007a6000 	/usr/lib/libobjc.A.dylib
0x00000000007a6000 	/System/Library/Frameworks/CoreFoundation.framework/Versions/A/CoreFoundation
0x00000000007a6000 	/System/Library/Frameworks/AppKit.framework/Versions/C/AppKit
0x00000000007a6000 	/System/Library/Frameworks/ApplicationServices.framework/Versions/A/ApplicationServices
0x00000000007a6000 	/System/Library/Frameworks/Foundation.framework/Versions/C/Foundation
0x00000000007a6000 	/System/Library/Frameworks/CoreData.framework/Versions/A/CoreData
0x00000000007a6000 	/System/Library/PrivateFrameworks/RemoteViewServices.framework/Versions/A/RemoteViewServices
0x00000000007a6000 	/System/Library/PrivateFrameworks/UIFoundation.framework/Versions/A/UIFoundation
0x00000000007a6000 	/usr/lib/libScreenReader.dylib
0x00000000007a6000 	/System/Library/Frameworks/Accelerate.framework/Versions/A/Accelerate
0x00000000007a6000 	/System/Library/Frameworks/IOSurface.framework/Versions/A/IOSurface
0x00000000007a6000 	/System/Library/Frameworks/AudioToolbox.framework/Versions/A/AudioToolbox
0x00000000007a6000 	/System/Library/Frameworks/AudioUnit.framework/Versions/A/AudioUnit
0x00000000007a6000 	/System/Library/PrivateFrameworks/DataDetectorsCore.framework/Versions/A/DataDetectorsCore
0x00000000007a6000 	/System/Library/PrivateFrameworks/DesktopServicesPriv.framework/Versions/A/DesktopServicesPriv
0x00000000007a6000 	/System/Library/Frameworks/Carbon.framework/Versions/A/Frameworks/HIToolbox.framework/Versions/A/HIToolbox
0x00000000007a6000 	/System/Library/Frameworks/QuartzCore.framework/Versions/A/QuartzCore
0x00000000007a6000 	/System/Library/Frameworks/Security.framework/Versions/A/Security
0x00000000007a6000 	/System/Library/Frameworks/Carbon.framework/Versions/A/Frameworks/SpeechRecognition.framework/Versions/A/SpeechRecognition
0x00000000007a6000 	/usr/lib/libauto.dylib
0x00000000007a6000 	/usr/lib/libicucore.A.dylib
0x00000000007a6000 	/usr/lib/libxml2.2.dylib
0x00000000007a6000 	/usr/lib/libz.1.dylib
0x00000000007a6000 	/System/Library/PrivateFrameworks/CoreUI.framework/Versions/A/CoreUI
0x00000000007a6000 	/System/Library/Frameworks/CoreAudio.framework/Versions/A/CoreAudio
0x00000000007a6000 	/System/Library/Frameworks/DiskArbitration.framework/Versions/A/DiskArbitration
0x00000000007a6000 	/usr/lib/liblangid.dylib
0x00000000007a6000 	/System/Library/PrivateFrameworks/MultitouchSupport.framework/Versions/A/MultitouchSupport
0x00000000007a6000 	/System/Library/Frameworks/IOKit.framework/Versions/A/IOKit
0x00000000007a6000 	/usr/lib/libDiagnosticMessagesClient.dylib
0x00000000007a6000 	/System/Library/PrivateFrameworks/PerformanceAnalysis.framework/Versions/A/PerformanceAnalysis
0x00000000007a6000 	/System/Library/PrivateFrameworks/GenerationalStorage.framework/Versions/A/GenerationalStorage
0x00000000007a6000 	/System/Library/Frameworks/OpenGL.framework/Versions/A/OpenGL
0x00000000007a6000 	/System/Library/PrivateFrameworks/Sharing.framework/Versions/A/Sharing
0x00000000007a6000 	/System/Library/Frameworks/CoreGraphics.framework/Versions/A/CoreGraphics
0x00000000007a6000 	/System/Library/Frameworks/CoreImage.framework/Versions/A/CoreImage
0x00000000007a6000 	/System/Library/Frameworks/CoreText.framework/Versions/A/CoreText
0x00000000007a6000 	/System/Library/Frameworks/ImageIO.framework/Versions/A/ImageIO
0x00000000007a6000 	/System/Library/PrivateFrameworks/Backup.framework/Versions/A/Backup
0x00000000007a6000 	/usr/lib/libextension.dylib
0x00000000007a6000 	/usr/lib/libarchive.2.dylib
0x00000000007a6000 	/System/Library/Frameworks/CFNetwork.framework/Versions/A/CFNetwork
0x00000000007a6000 	/System/Library/Frameworks/SystemConfiguration.framework/Versions/A/SystemConfiguration
0x00000000007a6000 	/usr/lib/libCRFSuite.dylib
0x00000000007a6000 	/usr/lib/libc++.1.dylib
0x00000000007a6000 	/usr/lib/libc++abi.dylib
0x00000000007a6000 	/usr/lib/system/libcache.dylib
0x00000000007a6000 	/usr/lib/system/libcommonCrypto.dylib
0x00000000007a6000 	/usr/lib/system/libcompiler_rt.dylib
0x00000000007a6000 	/usr/lib/system/libcopyfile.dylib
0x00000000007a6000 	/usr/lib/system/libcorecrypto.dylib
0x00000000007a6000 	/usr/lib/system/libdispatch.dylib
0x00000000007a6000 	/usr/lib/system/libdyld.dylib
0x00000000007a6000 	/usr/lib/system/libkeymgr.dylib
0x00000000007a6000 	/usr/lib/system/liblaunch.dylib
0x00000000007a6000 	/usr/lib/system/libmacho.dylib
0x00000000007a6000 	/usr/lib/system/libquarantine.dylib
0x00000000007a6000 	/usr/lib/system/libremovefile.dylib
0x00000000007a6000 	/usr/lib/system/libsystem_asl.dylib
0x00000000007a6000 	/usr/lib/system/libsystem_blocks.dylib
0x00000000007a6000 	/usr/lib/system/libsystem_c.dylib
0x00000000007a6000 	/usr/lib/system/libsystem_configuration.dylib
0x00000000007a6000 	/usr/lib/system/libsystem_coreservices.dylib
0x00000000007a6000 	/usr/lib/system/libsystem_coretls.dylib
0x00000000007a6000 	/usr/lib/system/libsystem_dnssd.dylib
0x00000000007a6000 	/usr/lib/system/libsystem_info.dylib
0x00000000007a6000 	/usr/lib/system/libsystem_kernel.dylib
0x00000000007a6000 	/usr/lib/system/libsystem_m.dylib
0x00000000007a6000 	/usr/lib/system/libsystem_malloc.dylib
0x00000000007a6000 	/usr/lib/system/libsystem_network.dylib
0x00000000007a6000 	/usr/lib/system/libsystem_networkextension.dylib
0x00000000007a6000 	/usr/lib/system/libsystem_notify.dylib
0x00000000007a6000 	/usr/lib/system/libsystem_platform.dylib
0x00000000007a6000 	/usr/lib/system/libsystem_pthread.dylib
0x00000000007a6000 	/usr/lib/system/libsystem_sandbox.dylib
0x00000000007a6000 	/usr/lib/system/libsystem_secinit.dylib
0x00000000007a6000 	/usr/lib/system/libsystem_trace.dylib
0x00000000007a6000 	/usr/lib/system/libunc.dylib
0x00000000007a6000 	/usr/lib/system/libunwind.dylib
0x00000000007a6000 	/usr/lib/system/libxpc.dylib
0x00000000007a6000 	/usr/lib/libenergytrace.dylib
0x00000000007a6000 	/usr/lib/libbsm.0.dylib
0x00000000007a6000 	/usr/lib/system/libkxld.dylib
0x00000000007a6000 	/usr/lib/libxar.1.dylib
0x00000000007a6000 	/usr/lib/libsqlite3.dylib
0x00000000007a6000 	/usr/lib/libpam.2.dylib
0x00000000007a6000 	/usr/lib/libOpenScriptingUtil.dylib
0x00000000007a6000 	/usr/lib/libbz2.1.0.dylib
0x00000000007a6000 	/usr/lib/liblzma.5.dylib
0x00000000007a6000 	/System/Library/Frameworks/CoreServices.framework/Versions/A/Frameworks/FSEvents.framework/Versions/A/FSEvents
0x00000000007a6000 	/System/Library/Frameworks/CoreServices.framework/Versions/A/Frameworks/CarbonCore.framework/Versions/A/CarbonCore
0x00000000007a6000 	/System/Library/Frameworks/CoreServices.framework/Versions/A/Frameworks/Metadata.framework/Versions/A/Metadata
0x00000000007a6000 	/System/Library/Frameworks/CoreServices.framework/Versions/A/Frameworks/OSServices.framework/Versions/A/OSServices
0x00000000007a6000 	/System/Library/Frameworks/CoreServices.framework/Versions/A/Frameworks/SearchKit.framework/Versions/A/SearchKit
0x00000000007a6000 	/System/Library/Frameworks/CoreServices.framework/Versions/A/Frameworks/AE.framework/Versions/A/AE
0x00000000007a6000 	/System/Library/Frameworks/CoreServices.framework/Versions/A/Frameworks/LaunchServices.framework/Versions/A/LaunchServices
0x00000000007a6000 	/System/Library/Frameworks/CoreServices.framework/Versions/A/Frameworks/DictionaryServices.framework/Versions/A/DictionaryServices
0x00000000007a6000 	/System/Library/Frameworks/CoreServices.framework/Versions/A/Frameworks/SharedFileList.framework/Versions/A/SharedFileList
0x00000000007a6000 	/System/Library/Frameworks/NetFS.framework/Versions/A/NetFS
0x00000000007a6000 	/System/Library/PrivateFrameworks/NetAuth.framework/Versions/A/NetAuth
0x00000000007a6000 	/System/Library/PrivateFrameworks/login.framework/Versions/A/Frameworks/loginsupport.framework/Versions/A/loginsupport
0x00000000007a6000 	/System/Library/PrivateFrameworks/TCC.framework/Versions/A/TCC
0x00000000007a6000 	/usr/lib/libmecabra.dylib
0x00000000007a6000 	/System/Library/Frameworks/ApplicationServices.framework/Versions/A/Frameworks/ATS.framework/Versions/A/ATS
0x00000000007a6000 	/System/Library/Frameworks/ApplicationServices.framework/Versions/A/Frameworks/ColorSync.framework/Versions/A/ColorSync
0x00000000007a6000 	/System/Library/Frameworks/ApplicationServices.framework/Versions/A/Frameworks/HIServices.framework/Versions/A/HIServices
0x00000000007a6000 	/System/Library/Frameworks/ApplicationServices.framework/Versions/A/Frameworks/LangAnalysis.framework/Versions/A/LangAnalysis
0x00000000007a6000 	/System/Library/Frameworks/ApplicationServices.framework/Versions/A/Frameworks/PrintCore.framework/Versions/A/PrintCore
0x00000000007a6000 	/System/Library/Frameworks/ApplicationServices.framework/Versions/A/Frameworks/QD.framework/Versions/A/QD
0x00000000007a6000 	/System/Library/Frameworks/ApplicationServices.framework/Versions/A/Frameworks/SpeechSynthesis.framework/Versions/A/SpeechSynthesis
0x00000000007a6000 	/System/Library/Frameworks/Metal.framework/Versions/A/Metal
0x00000000007a6000 	/System/Library/Frameworks/Accelerate.framework/Versions/A/Frameworks/vImage.framework/Versions/A/vImage
0x00000000007a6000 	/System/Library/Frameworks/Accelerate.framework/Versions/A/Frameworks/vecLib.framework/Versions/A/vecLib
0x00000000007a6000 	/System/Library/Frameworks/Accelerate.framework/Versions/A/Frameworks/vecLib.framework/Versions/A/libvDSP.dylib
0x00000000007a6000 	/System/Library/Frameworks/Accelerate.framework/Versions/A/Frameworks/vecLib.framework/Versions/A/libvMisc.dylib
0x00000000007a6000 	/System/Library/Frameworks/Accelerate.framework/Versions/A/Frameworks/vecLib.framework/Versions/A/libLAPACK.dylib
0x00000000007a6000 	/System/Library/Frameworks/Accelerate.framework/Versions/A/Frameworks/vecLib.framework/Versions/A/libBLAS.dylib
0x00000000007a6000 	/System/Library/Frameworks/Accelerate.framework/Versions/A/Frameworks/vecLib.framework/Versions/A/libLinearAlgebra.dylib
0x00000000007a6000 	/System/Library/Frameworks/Accelerate.framework/Versions/A/Frameworks/vecLib.framework/Versions/A/libSparseBLAS.dylib
0x00000000007a6000 	/System/Library/PrivateFrameworks/GPUCompiler.framework/libmetal_timestamp.dylib
0x00000000007a6000 	/System/Library/Frameworks/OpenGL.framework/Versions/A/Libraries/libCoreFSCache.dylib
0x00000000007a6000 	/System/Library/PrivateFrameworks/IOAccelerator.framework/Versions/A/IOAccelerator
0x00000000007a6000 	/System/Library/Frameworks/ApplicationServices.framework/Versions/A/Frameworks/ATS.framework/Versions/A/Resources/libFontParser.dylib
0x00000000007a6000 	/System/Library/Frameworks/ApplicationServices.framework/Versions/A/Frameworks/ATS.framework/Versions/A/Resources/libFontRegistry.dylib
0x00000000007a6000 	/System/Library/PrivateFrameworks/AppleVPA.framework/Versions/A/AppleVPA
0x00000000007a6000 	/System/Library/PrivateFrameworks/AppleJPEG.framework/Versions/A/AppleJPEG
0x00000000007a6000 	/System/Library/Frameworks/ImageIO.framework/Versions/A/Resources/libJPEG.dylib
0x00000000007a6000 	/System/Library/Frameworks/ImageIO.framework/Versions/A/Resources/libTIFF.dylib
0x00000000007a6000 	/System/Library/Frameworks/ImageIO.framework/Versions/A/Resources/libPng.dylib
0x00000000007a6000 	/System/Library/Frameworks/ImageIO.framework/Versions/A/Resources/libGIF.dylib
0x00000000007a6000 	/System/Library/Frameworks/ImageIO.framework/Versions/A/Resources/libJP2.dylib
0x00000000007a6000 	/System/Library/Frameworks/ImageIO.framework/Versions/A/Resources/libRadiance.dylib
0x00000000007a6000 	/System/Library/Frameworks/CoreVideo.framework/Versions/A/CoreVideo
0x00000000007a6000 	/System/Library/Frameworks/OpenGL.framework/Versions/A/Libraries/libGLU.dylib
0x00000000007a6000 	/System/Library/Frameworks/OpenGL.framework/Versions/A/Libraries/libGFXShared.dylib
0x00000000007a6000 	/System/Library/Frameworks/OpenGL.framework/Versions/A/Libraries/libGL.dylib
0x00000000007a6000 	/System/Library/Frameworks/OpenGL.framework/Versions/A/Libraries/libGLImage.dylib
0x00000000007a6000 	/System/Library/Frameworks/OpenGL.framework/Versions/A/Libraries/libCVMSPluginSupport.dylib
0x00000000007a6000 	/System/Library/Frameworks/OpenGL.framework/Versions/A/Libraries/libCoreVMClient.dylib
0x00000000007a6000 	/usr/lib/libcups.2.dylib
0x00000000007a6000 	/System/Library/Frameworks/Kerberos.framework/Versions/A/Kerberos
0x00000000007a6000 	/System/Library/Frameworks/GSS.framework/Versions/A/GSS
0x00000000007a6000 	/usr/lib/libresolv.9.dylib
0x00000000007a6000 	/usr/lib/libiconv.2.dylib
0x00000000007a6000 	/System/Library/PrivateFrameworks/Heimdal.framework/Versions/A/Heimdal
0x00000000007a6000 	/usr/lib/libheimdal-asn1.dylib
0x00000000007a6000 	/System/Library/Frameworks/OpenDirectory.framework/Versions/A/OpenDirectory
0x00000000007a6000 	/System/Library/PrivateFrameworks/CommonAuth.framework/Versions/A/CommonAuth
0x00000000007a6000 	/System/Library/Frameworks/OpenDirectory.framework/Versions/A/Frameworks/CFOpenDirectory.framework/Versions/A/CFOpenDirectory
0x00000000007a6000 	/System/Library/Frameworks/SecurityFoundation.framework/Versions/A/SecurityFoundation
0x00000000007a6000 	/System/Library/PrivateFrameworks/LanguageModeling.framework/Versions/A/LanguageModeling
0x00000000007a6000 	/usr/lib/libmarisa.dylib
0x00000000007a6000 	/usr/lib/libChineseTokenizer.dylib
0x00000000007a6000 	/usr/lib/libcmph.dylib
0x00000000007a6000 	/usr/lib/libcompression.dylib
0x00000000007a6000 	/System/Library/Frameworks/ServiceManagement.framework/Versions/A/ServiceManagement
0x00000000007a6000 	/usr/lib/libxslt.1.dylib
0x00000000007a6000 	/System/Library/Frameworks/Carbon.framework/Versions/A/Frameworks/Ink.framework/Versions/A/Ink
0x00000000007a6000 	/usr/lib/libFosl_dynamic.dylib
0x00000000007a6000 	/System/Library/PrivateFrameworks/FaceCore.framework/Versions/A/FaceCore
0x00000000007a6000 	/System/Library/Frameworks/OpenCL.framework/Versions/A/OpenCL
0x00000000007a6000 	/System/Library/PrivateFrameworks/CrashReporterSupport.framework/Versions/A/CrashReporterSupport
0x00000000007a6000 	/System/Library/PrivateFrameworks/IconServices.framework/Versions/A/IconServices
0x00000000007a6000 	/System/Library/PrivateFrameworks/Apple80211.framework/Versions/A/Apple80211
0x00000000007a6000 	/System/Library/Frameworks/CoreWLAN.framework/Versions/A/CoreWLAN
0x00000000007a6000 	/System/Library/Frameworks/IOBluetooth.framework/Versions/A/IOBluetooth
0x00000000007a6000 	/System/Library/PrivateFrameworks/CoreWiFi.framework/Versions/A/CoreWiFi
0x00000000007a6000 	/System/Library/Frameworks/CoreBluetooth.framework/Versions/A/CoreBluetooth
0x00000000007a6000 	/System/Library/PrivateFrameworks/ChunkingLibrary.framework/Versions/A/ChunkingLibrary
0x00000000007a6000 	/System/Library/PrivateFrameworks/DebugSymbols.framework/Versions/A/DebugSymbols
0x00000000007a6000 	/System/Library/PrivateFrameworks/CoreSymbolication.framework/Versions/A/CoreSymbolication
0x00000000007a6000 	/System/Library/PrivateFrameworks/Symbolication.framework/Versions/A/Symbolication
0x00000000007a6000 	/System/Library/PrivateFrameworks/SpeechRecognitionCore.framework/Versions/A/SpeechRecognitionCore
0x00000001000b8000 	/Applications/exelis/idl85/idlde/plugins/org.eclipse.equinox.launcher.cocoa.macosx.x86_64_1.1.101.v20120109-1504/eclipse_1408.so
0x00000000007a6000 	/System/Library/PrivateFrameworks/CoreServicesInternal.framework/Versions/A/CoreServicesInternal
0x000000010542a000 	/Applications/exelis/idl85/idlde/bin.darwin.x86_64/jre/lib/server/libjvm.dylib
0x00000000007a6000 	/usr/lib/libstdc++.6.dylib
0x0000000100714000 	/Applications/exelis/idl85/idlde/bin.darwin.x86_64/jre/lib/libverify.dylib
0x0000000100721000 	/Applications/exelis/idl85/idlde/bin.darwin.x86_64/jre/lib/libjava.dylib
0x000000010075a000 	/Applications/exelis/idl85/idlde/bin.darwin.x86_64/jre/lib/libzip.dylib
0x000000010d00b000 	/System/Library/Frameworks/JavaVM.framework/Frameworks/JavaRuntimeSupport.framework/JavaRuntimeSupport
0x000000010d026000 	/System/Library/Frameworks/JavaVM.framework/Versions/A/Frameworks/JavaNativeFoundation.framework/Versions/A/JavaNativeFoundation
0x00000001007ec000 	/System/Library/Frameworks/JavaVM.framework/Versions/A/JavaVM
0x00000000007a6000 	/System/Library/Frameworks/Carbon.framework/Versions/A/Carbon
0x000000010d03b000 	/System/Library/PrivateFrameworks/JavaLaunching.framework/Versions/A/JavaLaunching
0x00000000007a6000 	/System/Library/Frameworks/Carbon.framework/Versions/A/Frameworks/CommonPanels.framework/Versions/A/CommonPanels
0x00000000007a6000 	/System/Library/Frameworks/Carbon.framework/Versions/A/Frameworks/Help.framework/Versions/A/Help
0x00000000007a6000 	/System/Library/Frameworks/Carbon.framework/Versions/A/Frameworks/ImageCapture.framework/Versions/A/ImageCapture
0x00000000007a6000 	/System/Library/Frameworks/Carbon.framework/Versions/A/Frameworks/OpenScripting.framework/Versions/A/OpenScripting
0x00000000007a6000 	/System/Library/Frameworks/Carbon.framework/Versions/A/Frameworks/Print.framework/Versions/A/Print
0x00000000007a6000 	/System/Library/Frameworks/Carbon.framework/Versions/A/Frameworks/SecurityHI.framework/Versions/A/SecurityHI
0x00000000007a6000 	/System/Library/CoreServices/RawCamera.bundle/Contents/MacOS/RawCamera
0x00000000007a6000 	/System/Library/Frameworks/CoreGraphics.framework/Versions/A/Resources/libRIP.A.dylib
0x00000000007a6000 	/System/Library/Frameworks/Accelerate.framework/Versions/A/Frameworks/vImage.framework/Versions/A/Libraries/libCGInterfaces.dylib
0x00000000007a6000 	/System/Library/PrivateFrameworks/FamilyControls.framework/Versions/A/FamilyControls
0x00000000007a6000 	/System/Library/PrivateFrameworks/CommerceKit.framework/Versions/A/Frameworks/CommerceCore.framework/Versions/A/CommerceCore
0x00000000007a6000 	/System/Library/PrivateFrameworks/SystemAdministration.framework/Versions/A/SystemAdministration
0x00000000007a6000 	/System/Library/PrivateFrameworks/AppContainer.framework/Versions/A/AppContainer
0x00000000007a6000 	/System/Library/PrivateFrameworks/SecCodeWrapper.framework/Versions/A/SecCodeWrapper
0x00000000007a6000 	/System/Library/Frameworks/DirectoryService.framework/Versions/A/DirectoryService
0x00000000007a6000 	/System/Library/PrivateFrameworks/DiskImages.framework/Versions/A/DiskImages
0x00000000007a6000 	/System/Library/PrivateFrameworks/LoginUIKit.framework/Versions/A/Frameworks/LoginUICore.framework/Versions/A/LoginUICore
0x00000000007a6000 	/usr/lib/libCoreStorage.dylib
0x00000000007a6000 	/usr/lib/libcsfde.dylib
0x00000000007a6000 	/usr/lib/libodfde.dylib
0x00000000007a6000 	/System/Library/Frameworks/DiscRecording.framework/Versions/A/DiscRecording
0x000000010e2b1000 	/Applications/exelis/idl85/bin/bin.darwin.x86_64/libcurl.4.dylib
0x00000000007a6000 	/System/Library/PrivateFrameworks/MediaKit.framework/Versions/A/MediaKit
0x00000000007a6000 	/System/Library/PrivateFrameworks/ProtectedCloudStorage.framework/Versions/A/ProtectedCloudStorage
0x00000000007a6000 	/System/Library/PrivateFrameworks/EFILogin.framework/Versions/A/EFILogin
0x00000000007a6000 	/usr/lib/libutil.dylib
0x00000000007a6000 	/System/Library/PrivateFrameworks/FindMyDevice.framework/Versions/A/FindMyDevice
0x00000000007a6000 	/System/Library/Frameworks/CoreGraphics.framework/Versions/A/Resources/libCGXType.A.dylib
0x00000000007a6000 	/System/Library/Frameworks/OpenCL.framework/Versions/A/Libraries/libcldcpuengine.dylib
0x000000010f39f000 	cl_kernels
0x00000000007a6000 	/System/Library/Frameworks/OpenCL.framework/Versions/A/Libraries/ImageFormats/unorm8_bgra.dylib
0x00000000007a6000 	/System/Library/Frameworks/OpenCL.framework/Versions/A/Libraries/ImageFormats/unorm8_rgba.dylib
0x000000010f591000 	/Applications/exelis/idl85/idlde/bin.darwin.x86_64/jre/lib/libnet.dylib
0x000000010f5a6000 	/Applications/exelis/idl85/idlde/bin.darwin.x86_64/jre/lib/libnio.dylib
0x000000010f22e000 	/Users/spencerfaber/.swt/lib/macosx/x86_64/libswt-cocoa-3740.jnilib
0x00000000007a6000 	/System/Library/Frameworks/WebKit.framework/Versions/A/WebKit
0x00000000007a6000 	/System/Library/Frameworks/JavaScriptCore.framework/Versions/A/JavaScriptCore
0x00000000007a6000 	/System/Library/Frameworks/SecurityInterface.framework/Versions/A/SecurityInterface
0x00000000007a6000 	/System/Library/Frameworks/WebKit.framework/Versions/A/Frameworks/WebKitLegacy.framework/Versions/A/WebKitLegacy
0x00000000007a6000 	/System/Library/Frameworks/WebKit.framework/Versions/A/Frameworks/WebCore.framework/Versions/A/WebCore
0x000000010f6a4000 	/Users/spencerfaber/.swt/lib/macosx/x86_64/libswt-pi-cocoa-3740.jnilib
0x000000010f887000 	/Applications/exelis/idl85/bin/bin.darwin.x86_64/libidl_ips.8.5.dylib
0x000000011008e000 	/Applications/exelis/idl85/bin/bin.darwin.x86_64/libidl.8.5.dylib
0x0000000110c1b000 	/opt/X11/lib/libfreetype.6.dylib
0x000000010f529000 	/Applications/exelis/idl85/bin/bin.darwin.x86_64/libMesaGLU6_2.dylib
0x0000000110cb4000 	/Applications/exelis/idl85/bin/bin.darwin.x86_64/libMesaGL6_2.dylib
0x000000010f411000 	/Applications/exelis/idl85/bin/bin.darwin.x86_64/libOSMesa6_2.dylib
0x000000010f41b000 	/opt/X11/lib/libXp.6.dylib
0x0000000110ef6000 	/Applications/exelis/idl85/bin/bin.darwin.x86_64/libXm.3.0.2.dylib
0x000000010f640000 	/opt/X11/lib/libXpm.4.dylib
0x000000010f77a000 	/opt/X11/lib/libXmu.6.dylib
0x000000010f795000 	/opt/X11/lib/libXext.6.dylib
0x0000000111305000 	/opt/X11/lib/libXt.6.dylib
0x000000010f426000 	/opt/X11/lib/libXinerama.1.dylib
0x000000010f653000 	/opt/X11/lib/libSM.6.dylib
0x000000010f7d1000 	/opt/X11/lib/libICE.6.dylib
0x0000000111364000 	/opt/X11/lib/libX11.6.dylib
0x000000010f7ee000 	/opt/X11/lib/libxcb.1.dylib
0x000000010f42c000 	/opt/X11/lib/libXau.6.dylib
0x000000010f7a8000 	/opt/X11/lib/libXdmcp.6.dylib
0x0000000111573000 	/Applications/exelis/idl85/bin/bin.darwin.x86_64/gl_driver.so
0x0000000111d51000 	/opt/X11/lib/libGL.1.dylib
0x000000010d087000 	/opt/X11/lib/libXplugin.1.dylib
0x0000000111700000 	/opt/X11/lib/libglapi.0.dylib
0x000000010d09f000 	/opt/X11/lib/libXdamage.1.dylib
0x000000010f0cb000 	/opt/X11/lib/libXfixes.3.dylib
0x000000010f0d3000 	/opt/X11/lib/libX11-xcb.1.dylib
0x000000010f146000 	/opt/X11/lib/libxcb-glx.0.dylib
0x000000010f0d7000 	/opt/X11/lib/libXxf86vm.1.dylib
0x000000010f197000 	/usr/lib/libexpat.1.dylib
0x00000000007a6000 	/System/Library/PrivateFrameworks/CloudDocs.framework/Versions/A/CloudDocs
0x00000000007a6000 	/System/Library/PrivateFrameworks/CoreDuet.framework/Versions/A/CoreDuet
0x00000000007a6000 	/System/Library/Frameworks/CloudKit.framework/Versions/A/CloudKit
0x00000000007a6000 	/System/Library/PrivateFrameworks/ProtocolBuffer.framework/Versions/A/ProtocolBuffer
0x00000000007a6000 	/System/Library/PrivateFrameworks/CoreDuetDaemonProtocol.framework/Versions/A/CoreDuetDaemonProtocol
0x00000000007a6000 	/System/Library/PrivateFrameworks/CoreDuetDebugLogging.framework/Versions/A/CoreDuetDebugLogging
0x00000000007a6000 	/System/Library/PrivateFrameworks/MMCS.framework/Versions/A/MMCS
0x00000000007a6000 	/System/Library/Frameworks/CoreLocation.framework/Versions/A/CoreLocation
0x00000000007a6000 	/System/Library/PrivateFrameworks/AssetCacheServices.framework/Versions/A/AssetCacheServices
0x00000000007a6000 	/System/Library/PrivateFrameworks/GeoServices.framework/Versions/A/GeoServices
0x00000000007a6000 	/System/Library/Frameworks/CoreGraphics.framework/Versions/A/Resources/libCGXCoreImage.A.dylib
0x000000010e52e000 	cl_kernels
0x0000000114c3a000 	/System/Library/Extensions/AppleIntelBDWGraphicsMTLDriver.bundle/Contents/MacOS/AppleIntelBDWGraphicsMTLDriver
0x00000000007a6000 	/System/Library/Frameworks/OpenGL.framework/Versions/A/Resources/GLEngine.bundle/GLEngine
0x00000000007a6000 	/System/Library/Frameworks/OpenGL.framework/Versions/A/Libraries/libGLProgrammability.dylib
0x0000000116800000 	/System/Library/Extensions/AppleIntelBDWGraphicsGLDriver.bundle/Contents/MacOS/AppleIntelBDWGraphicsGLDriver
0x00000000007a6000 	/System/Library/PrivateFrameworks/GPUSupport.framework/Versions/A/Libraries/libGPUSupportMercury.dylib
0x00000000007a6000 	/System/Library/Frameworks/OpenGL.framework/Versions/A/Resources/GLRendererFloat.bundle/GLRendererFloat
0x00000000007a6000 	/System/Library/PrivateFrameworks/DataDetectors.framework/Versions/A/DataDetectors
0x00000000007a6000 	/System/Library/Frameworks/AddressBook.framework/Versions/A/AddressBook
0x00000000007a6000 	/System/Library/Frameworks/Quartz.framework/Versions/A/Quartz
0x00000000007a6000 	/System/Library/PrivateFrameworks/ContactsPersistence.framework/Versions/A/ContactsPersistence
0x00000000007a6000 	/System/Library/PrivateFrameworks/ContactsFoundation.framework/Versions/A/ContactsFoundation
0x00000000007a6000 	/System/Library/PrivateFrameworks/vCard.framework/Versions/A/vCard
0x00000000007a6000 	/System/Library/PrivateFrameworks/IntlPreferences.framework/Versions/A/IntlPreferences
0x00000000007a6000 	/System/Library/PrivateFrameworks/ToneLibrary.framework/Versions/A/ToneLibrary
0x00000000007a6000 	/System/Library/PrivateFrameworks/ToneKit.framework/Versions/A/ToneKit
0x00000000007a6000 	/System/Library/PrivateFrameworks/ApplePushService.framework/Versions/A/ApplePushService
0x00000000007a6000 	/System/Library/PrivateFrameworks/PhoneNumbers.framework/Versions/A/PhoneNumbers
0x00000000007a6000 	/System/Library/PrivateFrameworks/ViewBridge.framework/Versions/A/ViewBridge
0x00000000007a6000 	/System/Library/Frameworks/LDAP.framework/Versions/A/LDAP
0x00000000007a6000 	/System/Library/Frameworks/AVFoundation.framework/Versions/A/AVFoundation
0x00000000007a6000 	/System/Library/Frameworks/AVFoundation.framework/Versions/A/Resources/libAVFAudio.dylib
0x00000000007a6000 	/System/Library/Frameworks/CoreMedia.framework/Versions/A/CoreMedia
0x00000000007a6000 	/System/Library/Frameworks/MediaToolbox.framework/Versions/A/MediaToolbox
0x00000000007a6000 	/System/Library/Frameworks/VideoToolbox.framework/Versions/A/VideoToolbox
0x00000000007a6000 	/System/Library/Frameworks/CoreMediaIO.framework/Versions/A/CoreMediaIO
0x00000000007a6000 	/usr/lib/libspindump.dylib
0x00000000007a6000 	/System/Library/PrivateFrameworks/CoreAVCHD.framework/Versions/A/CoreAVCHD
0x00000000007a6000 	/System/Library/Frameworks/MediaAccessibility.framework/Versions/A/MediaAccessibility
0x00000000007a6000 	/System/Library/PrivateFrameworks/Mangrove.framework/Versions/A/Mangrove
0x00000000007a6000 	/System/Library/PrivateFrameworks/CoreAUC.framework/Versions/A/CoreAUC
0x00000000007a6000 	/System/Library/PrivateFrameworks/AppleVA.framework/Versions/A/AppleVA
0x00000000007a6000 	/System/Library/PrivateFrameworks/XPCService.framework/Versions/A/XPCService
0x00000000007a6000 	/System/Library/PrivateFrameworks/AppSandbox.framework/Versions/A/AppSandbox
0x00000000007a6000 	/usr/lib/libsandbox.1.dylib
0x00000000007a6000 	/usr/lib/libMatch.1.dylib
0x00000000007a6000 	/System/Library/PrivateFrameworks/CoreDaemon.framework/Versions/B/CoreDaemon
0x00000000007a6000 	/usr/lib/libcrypto.0.9.8.dylib
0x00000000007a6000 	/System/Library/PrivateFrameworks/AppleSRP.framework/Versions/A/AppleSRP
0x00000000007a6000 	/System/Library/PrivateFrameworks/TrustEvaluationAgent.framework/Versions/A/TrustEvaluationAgent
0x00000000007a6000 	/System/Library/Frameworks/Quartz.framework/Versions/A/Frameworks/QuartzComposer.framework/Versions/A/QuartzComposer
0x00000000007a6000 	/System/Library/Frameworks/Quartz.framework/Versions/A/Frameworks/PDFKit.framework/Versions/A/PDFKit
0x00000000007a6000 	/System/Library/Frameworks/Quartz.framework/Versions/A/Frameworks/QuartzFilters.framework/Versions/A/QuartzFilters
0x00000000007a6000 	/System/Library/Frameworks/Quartz.framework/Versions/A/Frameworks/ImageKit.framework/Versions/A/ImageKit
0x00000000007a6000 	/System/Library/Frameworks/Quartz.framework/Versions/A/Frameworks/QuickLookUI.framework/Versions/A/QuickLookUI
0x00000000007a6000 	/System/Library/Frameworks/QTKit.framework/Versions/A/QTKit
0x00000000007a6000 	/System/Library/PrivateFrameworks/AppleSystemInfo.framework/Versions/A/AppleSystemInfo
0x00000000007a6000 	/System/Library/PrivateFrameworks/CoreMediaAuthoring.framework/Versions/A/CoreMediaAuthoring
0x00000000007a6000 	/System/Library/PrivateFrameworks/CorePDF.framework/Versions/A/CorePDF
0x00000000007a6000 	/System/Library/Frameworks/QuickLook.framework/Versions/A/QuickLook
0x00000000007a6000 	/System/Library/PrivateFrameworks/DisplayServices.framework/Versions/A/DisplayServices
0x00000000007a6000 	/System/Library/Frameworks/ImageCaptureCore.framework/Versions/A/ImageCaptureCore
0x00000000007a6000 	/System/Library/PrivateFrameworks/SafariServices.framework/Versions/A/SafariServices
0x00000000007a6000 	/usr/lib/libsasl2.2.dylib
0x0000000104e59000 	cl_kernels
0x000000011c800000 	/Applications/exelis/idl85/bin/bin.darwin.x86_64/idl_netcdf.so
0x0000000104f24000 	cl_kernels

VM Arguments:
jvm_args: -Dosgi.instance.area.default=@user.home/IDLWorkspace -Dosgi.configuration.area=@user.home/.idl/idlworkbench-config-idl8.5.1_x86_64 -Dosgi.configuration.cascaded=true -Dosgi.checkConfiguration=true -Dosgi.sharedConfiguration.area.readOnly=true -Dorg.eclipse.update.reconcile=false -Declipse.p2.data.area=@config.dir/p2 -XstartOnFirstThread -Xdock:icon=../Resources/idlde.icns -Dorg.eclipse.swt.internal.carbon.smallFonts -Dosgi.sharedConfiguration.area=../../../configuration.darwin.x86_64 -Xms128m -Xmx1024m 
java_command: <unknown>
Launcher Type: generic

Environment Variables:
CLASSPATH=.:/Applications/exelis/idl85/resource/bridges/export/java/javaidlb.jar
PATH=/Applications/exelis/idl85/bin:/Applications/gut-3.1/bin:/opt/local/bin:/opt/local/sbin:/usr/local/bin:/opt/local/bin:/opt/local/sbin:/opt/local/bin:/opt/local/sbin:/usr/local/bin:/usr/bin:/bin:/usr/sbin:/sbin:/opt/X11/bin:/Users/spencerfaber/gempak/GEMPAK7/os/darwin/bin:/Users/spencerfaber/gempak/GEMPAK7/bin
LD_LIBRARY_PATH=/Applications/exelis/idl85/idlde/bin.darwin.x86_64/jre/lib/server:/Applications/exelis/idl85/idlde/bin.darwin.x86_64/jre/lib:
SHELL=/bin/bash
DISPLAY=/private/tmp/com.apple.launchd.aU0dlZsSwJ/org.macosforge.xquartz:0
DYLD_LIBRARY_PATH=/Applications/exelis/idl85/idlde/bin.darwin.x86_64:/Applications/exelis/idl85/bin/bin.darwin.x86_64
DYLD_FALLBACK_LIBRARY_PATH=/Applications/exelis/idl85/idlde/bin.darwin.x86_64/jre/lib/server:/Applications/exelis/idl85/idlde/bin.darwin.x86_64/jre/lib:

Signal Handlers:
SIGSEGV: [libjvm.dylib+0x4a820f], sa_mask[0]=0xfffefeff, sa_flags=0x00000042
SIGBUS: [libjvm.dylib+0x4a820f], sa_mask[0]=0xfffefeff, sa_flags=0x00000042
SIGFPE: [libjvm.dylib+0x3b7495], sa_mask[0]=0xfffefeff, sa_flags=0x00000042
SIGPIPE: SIG_IGN, sa_mask[0]=0x00000000, sa_flags=0x00000002
SIGXFSZ: [libjvm.dylib+0x3b7495], sa_mask[0]=0xfffefeff, sa_flags=0x00000042
SIGILL: [libjvm.dylib+0x3b7495], sa_mask[0]=0xfffefeff, sa_flags=0x00000042
SIGUSR1: SIG_DFL, sa_mask[0]=0x63807efb, sa_flags=0x00000000
SIGUSR2: [libjvm.dylib+0x3b702e], sa_mask[0]=0x00000000, sa_flags=0x00000042
SIGHUP: [libjvm.dylib+0x3b528f], sa_mask[0]=0xfffefeff, sa_flags=0x00000042
SIGINT: [libidl.8.5.dylib+0x403a20], sa_mask[0]=0x00000000, sa_flags=0x00000002
SIGTERM: [libjvm.dylib+0x3b528f], sa_mask[0]=0xfffefeff, sa_flags=0x00000042
SIGQUIT: [libjvm.dylib+0x3b528f], sa_mask[0]=0xfffefeff, sa_flags=0x00000042


---------------  S Y S T E M  ---------------

OS:Bsduname:Darwin 15.3.0 Darwin Kernel Version 15.3.0: Thu Dec 10 18:40:58 PST 2015; root:xnu-3248.30.4~1/RELEASE_X86_64 x86_64
rlimit: STACK 8192k, CORE 0k, NPROC 709, NOFILE 1024, AS infinity
load average:2.41 2.79 2.85

CPU:total 4 (2 cores per cpu, 2 threads per core) family 6 model 61 stepping 4, cmov, cx8, fxsr, mmx, sse, sse2, sse3, ssse3, sse4.1, sse4.2, popcnt, avx, avx2, ht, tsc, tscinvbit

Memory: 4k page, physical 137438713384k(34359678346k free)

/proc/meminfo:


vm_info: Java HotSpot(TM) 64-Bit Server VM (23.25-b01) for bsd-amd64 JRE (1.7.0_25-b15), built on Jun  5 2013 22:26:36 by "java_re" with gcc 4.2.1 (Based on Apple Inc. build 5658) (LLVM build 2336.11.00)

time: Wed Mar 23 20:27:35 2016
elapsed time: 577 seconds

