#
# A fatal error has been detected by the Java Runtime Environment:
#
#  SIGSEGV (0xb) at pc=0x00007fff927d4f85, pid=665, tid=49155
#
# JRE version: 7.0_25-b15
# Java VM: Java HotSpot(TM) 64-Bit Server VM (23.25-b01 mixed mode bsd-amd64 compressed oops)
# Problematic frame:
# C  [libsystem_c.dylib+0x5bf85]  strstr+0x2a
#
# Failed to write core dump. Core dumps have been disabled. To enable core dumping, try "ulimit -c unlimited" before starting Java again
#
# If you would like to submit a bug report, please visit:
#   http://bugreport.sun.com/bugreport/crash.jsp
# The crash happened outside the Java Virtual Machine in native code.
# See problematic frame for where to report the bug.
#

---------------  T H R E A D  ---------------

Current thread (0x0000000102b17000):  JavaThread "IDL" [_thread_in_native, id=49155, stack(0x00007000019e8000,0x0000700001ae8000)]

siginfo:si_signo=SIGSEGV: si_errno=0, si_code=1 (SEGV_MAPERR), si_addr=0x0000000000000000

Registers:
RAX=0x0000000000000013, RBX=0x0000000000000000, RCX=0x000000000000000d, RDX=0x000000010f1457cd
RSP=0x0000700001ae22b0, RBP=0x0000700001ae22e0, RSI=0x0000000000000001, RDI=0x0000000000000013
R8 =0x0000700001ae2620, R9 =0x0000000000000001, R10=0x0000000124531990, R11=0x000000010f09c230
R12=0x00007fff77f96070, R13=0x0000000000000047, R14=0x000000010f1457cd, R15=0x0000000000000013
RIP=0x00007fff927d4f85, EFLAGS=0x0000000000010202, ERR=0x0000000000000004
  TRAPNO=0x000000000000000e

Top of Stack: (sp=0x0000700001ae22b0)
0x0000700001ae22b0:   0000000000000000 0000000000000000
0x0000700001ae22c0:   00007fff77f96070 0000000000000000
0x0000700001ae22d0:   000000010f1457cc 000000014dec6608
0x0000700001ae22e0:   0000700001ae2320 000000010f10201e
0x0000700001ae22f0:   0000000000000000 0000000000000000
0x0000700001ae2300:   00007fff77f96070 000000014dec6608
0x0000700001ae2310:   000000014dec6904 000000014dec6608
0x0000700001ae2320:   0000700001ae2610 000000010f102352
0x0000700001ae2330:   0000000700000002 0000700001ae2f90
0x0000700001ae2340:   0000000110ab0a10 ffffff02c049af90
0x0000700001ae2350:   00ff000000000000 ffffffffffffffff
0x0000700001ae2360:   6e616d74696c6469 726f74616c757069
0x0000700001ae2370:   0000000000000000 0000000000000000
0x0000700001ae2380:   0000000000000000 0000000000000000
0x0000700001ae2390:   0000000000000000 0000000472656d69
0x0000700001ae23a0:   0000700001ae2eb0 0000700001ae33b0
0x0000700001ae23b0:   0000000300000001 07007710c7bce3f7
0x0000700001ae23c0:   0000700001ae2e60 00000001104de408
0x0000700001ae23d0:   0000700001ae4470 0000000101ae2578
0x0000700001ae23e0:   0000000000000000 0000002d00000000
0x0000700001ae23f0:   000000000000002c 0000000300000000
0x0000700001ae2400:   00000001108a29c0 00000000000000e5
0x0000700001ae2410:   0000000000000000 000000011077721e
0x0000700001ae2420:   000000011076bf5e 0000000110ab0a10
0x0000700001ae2430:   0000700001ae4470 ffffff9c00000000
0x0000700001ae2440:   0000000000000000 ffffff02909e8a36
0x0000700001ae2450:   0000700001ae2480 00000001104e6da6
0x0000700001ae2460:   0000700001ae2550 0000000100000000
0x0000700001ae2470:   0000700001ae4470 ffffff02ffffff9c
0x0000700001ae2480:   0000003000000030 0000000701ae24d0
0x0000700001ae2490:   0000700001ae23d0 0000700001ae2f90
0x0000700001ae24a0:   0000000200000007 ffffff0200000001 

Instructions: (pc=0x00007fff927d4f85)
0x00007fff927d4f65:   41 54 53 50 49 89 f6 48 89 fb 45 8a 2e 45 84 ed
0x00007fff927d4f75:   74 49 49 ff c6 4c 89 f7 e8 d8 95 02 00 49 89 c7
0x00007fff927d4f85:   8a 03 45 31 e4 84 c0 74 35 48 ff c3 45 0f b6 ed
0x00007fff927d4f95:   45 31 e4 0f b6 c0 44 39 e8 75 12 48 89 df 4c 89 

Register to memory mapping:

RAX=0x0000000000000013 is an unknown value
RBX=0x0000000000000000 is an unknown value
RCX=0x000000000000000d is an unknown value
RDX=0x000000010f1457cd: GLD_WindowPos+0x107d in /Applications/exelis/idl84/bin/bin.darwin.x86_64/gl_driver.so at 0x000000010f100000
RSP=0x0000700001ae22b0 is pointing into the stack for thread: 0x0000000102b17000
RBP=0x0000700001ae22e0 is pointing into the stack for thread: 0x0000000102b17000
RSI=0x0000000000000001 is an unknown value
RDI=0x0000000000000013 is an unknown value
R8 =0x0000700001ae2620 is pointing into the stack for thread: 0x0000000102b17000
R9 =0x0000000000000001 is an unknown value
R10=0x0000000124531990 is an unknown value
R11=0x000000010f09c230 is an unknown value
R12=0x00007fff77f96070: __stack_chk_guard+0 in /usr/lib/system/libsystem_c.dylib at 0x00007fff92779000
R13=0x0000000000000047 is an unknown value
R14=0x000000010f1457cd: GLD_WindowPos+0x107d in /Applications/exelis/idl84/bin/bin.darwin.x86_64/gl_driver.so at 0x000000010f100000
R15=0x0000000000000013 is an unknown value


Stack: [0x00007000019e8000,0x0000700001ae8000],  sp=0x0000700001ae22b0,  free space=1000k
Native frames: (J=compiled Java code, j=interpreted, Vv=VM code, C=native code)
C  [libsystem_c.dylib+0x5bf85]  strstr+0x2a
C  [gl_driver.so+0x201e]  IsExtensionSupported+0x3e
C  [gl_driver.so+0x2352]  GL_QueryExtensions+0x162
C  [gl_driver.so+0x1ad9]  AGLMakeCurrent+0xb9
C  [gl_driver.so+0x1bae]  AGLAcquireDC+0xe
C  [libidl.8.4.dylib+0x132ee8]  igSrcDestAcquireReleaseDC+0xa8
C  [libidl.8.4.dylib+0x133418]  igSrcDestBeginDraw+0x3a8
C  [libidl.8.4.dylib+0x130582]  IDL_GrSrcDestDraw+0x2f2
C  [libidl.8.4.dylib+0x40fe4c]  IDL_ObjCallMethod+0x69c
C  [libidl.8.4.dylib+0x41303e]  IDL_ObjCallMethodByString+0xae
C  [libidl.8.4.dylib+0x426942]  IDL_itWindowOnExpose+0x1e2
C  [libidl.8.4.dylib+0x321506]  interpreter+0x89a6
C  [libidl.8.4.dylib+0x44651e]  IDL_Executive+0xe8e
C  [libidl.8.4.dylib+0x322b64]  IDL_InterpCallFromSysproc+0xe4
C  [libidl.8.4.dylib+0x40fef5]  IDL_ObjCallMethod+0x745
C  [libidl.8.4.dylib+0x4131e9]  IDL_ObjNew+0xc9
C  [libidl.8.4.dylib+0x321562]  interpreter+0x8a02
C  [libidl.8.4.dylib+0x44651e]  IDL_Executive+0xe8e
C  [libidl_ips.8.4.dylib+0x9814]  ips_main+0x284
C  [libidl_ips.8.4.dylib+0xaa4c]  IPS_RunClient+0x3c
C  [libidl_ips.8.4.dylib+0x15493]  IPS_Start+0x13
C  [libidl_ips.8.4.dylib+0xda4]  Java_com_rsi_idldt_core_ips_IPS_1Access_IPS_1Start+0x204
j  com.rsi.idldt.core.ips.IPS_Access.IPS_Start([Ljava/lang/String;)V+0
j  com.rsi.idldt.core.ips.IPS_Manager$2.run()V+15
j  java.lang.Thread.run()V+11
v  ~StubRoutines::call_stub
V  [libjvm.dylib+0x28a5c3]
V  [libjvm.dylib+0x28aaa2]
V  [libjvm.dylib+0x28abdc]
V  [libjvm.dylib+0x2c1868]
V  [libjvm.dylib+0x47cbd8]
V  [libjvm.dylib+0x47e0ca]
V  [libjvm.dylib+0x3b95f9]
C  [libsystem_pthread.dylib+0x39b1]  _pthread_body+0x83
C  [libsystem_pthread.dylib+0x392e]  _pthread_body+0x0
C  [libsystem_pthread.dylib+0x1385]  thread_start+0xd

Java frames: (J=compiled Java code, j=interpreted, Vv=VM code)
j  com.rsi.idldt.core.ips.IPS_Access.IPS_Start([Ljava/lang/String;)V+0
j  com.rsi.idldt.core.ips.IPS_Manager$2.run()V+15
j  java.lang.Thread.run()V+11
v  ~StubRoutines::call_stub

---------------  P R O C E S S  ---------------

Java Threads: ( => current thread )
  0x000000018629a800 JavaThread "Worker-92" [_thread_blocked, id=896315, stack(0x0000700002e30000,0x0000700002f30000)]
  0x0000000101aca800 JavaThread "Worker-91" [_thread_blocked, id=884303, stack(0x0000700002ba7000,0x0000700002ca7000)]
  0x0000000161eb7800 JavaThread "Worker-90" [_thread_blocked, id=873459, stack(0x00007000018e5000,0x00007000019e5000)]
  0x0000000102deb000 JavaThread "Worker-89" [_thread_blocked, id=880959, stack(0x0000700000097000,0x0000700000197000)]
  0x000000014dbc8800 JavaThread "Worker-88" [_thread_blocked, id=863407, stack(0x0000700002003000,0x0000700002103000)]
  0x0000000112e17000 JavaThread "Worker-87" [_thread_blocked, id=863755, stack(0x0000700002caa000,0x0000700002daa000)]
  0x0000000101540800 JavaThread "Worker-80" [_thread_blocked, id=788139, stack(0x00007000016df000,0x00007000017df000)]
  0x0000000102d1f800 JavaThread "HighTraffic" [_thread_blocked, id=186279, stack(0x0000700002aa4000,0x0000700002ba4000)]
  0x00000001128dd800 JavaThread "[ThreadPool Manager] - Idle Thread" daemon [_thread_blocked, id=39187, stack(0x000070000019d000,0x000070000029d000)]
  0x000000011283d000 JavaThread "Timer-2" daemon [_thread_blocked, id=71719, stack(0x00007000029a1000,0x0000700002aa1000)]
  0x000000010143d000 JavaThread "Timer-1" daemon [_thread_blocked, id=71979, stack(0x000070000289e000,0x000070000299e000)]
  0x000000011222e800 JavaThread "Thread-11" [_thread_in_native, id=66839, stack(0x0000700002718000,0x0000700002818000)]
  0x0000000112880800 JavaThread "IDLDT DOM Worker-3" [_thread_blocked, id=64515, stack(0x0000700002512000,0x0000700002612000)]
  0x000000011287f800 JavaThread "IDLDT DOM Worker-2" [_thread_blocked, id=64259, stack(0x000070000240f000,0x000070000250f000)]
  0x000000011288b800 JavaThread "IDLDT DOM Worker-1" [_thread_blocked, id=63503, stack(0x000070000230c000,0x000070000240c000)]
  0x0000000102bc5000 JavaThread "IDLDT DOM Worker-0" [_thread_blocked, id=63759, stack(0x0000700002209000,0x0000700002309000)]
  0x00000001120c1800 JavaThread "Timer-0" daemon [_thread_blocked, id=64091, stack(0x0000700002106000,0x0000700002206000)]
=>0x0000000102b17000 JavaThread "IDL" [_thread_in_native, id=49155, stack(0x00007000019e8000,0x0000700001ae8000)]
  0x0000000101822000 JavaThread "IDLToJava Broker" daemon [_thread_blocked, id=48899, stack(0x00007000012d3000,0x00007000013d3000)]
  0x0000000102b60000 JavaThread "Provisioning Event Dispatcher" daemon [_thread_blocked, id=46083, stack(0x00007000017e2000,0x00007000018e2000)]
  0x0000000102b17800 JavaThread "Bundle File Closer" daemon [_thread_blocked, id=45571, stack(0x00007000015dc000,0x00007000016dc000)]
  0x0000000102a2a000 JavaThread "Worker-JM" [_thread_blocked, id=45315, stack(0x00007000014d9000,0x00007000015d9000)]
  0x0000000102aa0000 JavaThread "[Timer] - Main Queue Handler" daemon [_thread_blocked, id=45059, stack(0x00007000013d6000,0x00007000014d6000)]
  0x0000000102aa6800 JavaThread "Framework Event Dispatcher" daemon [_thread_blocked, id=44551, stack(0x00007000011d0000,0x00007000012d0000)]
  0x00000001019bf800 JavaThread "Start Level Event Dispatcher" daemon [_thread_blocked, id=40195, stack(0x00007000010cd000,0x00007000011cd000)]
  0x00000001029b8800 JavaThread "State Data Manager" daemon [_thread_blocked, id=39695, stack(0x0000700000fca000,0x00007000010ca000)]
  0x00000001018eb000 JavaThread "Framework Active Thread" [_thread_blocked, id=39943, stack(0x0000700000ec7000,0x0000700000fc7000)]
  0x0000000100809800 JavaThread "Service Thread" daemon [_thread_blocked, id=25603, stack(0x0000700000cc1000,0x0000700000dc1000)]
  0x0000000102883800 JavaThread "C2 CompilerThread1" daemon [_thread_blocked, id=25347, stack(0x0000700000bbe000,0x0000700000cbe000)]
  0x0000000102882000 JavaThread "C2 CompilerThread0" daemon [_thread_blocked, id=25091, stack(0x0000700000abb000,0x0000700000bbb000)]
  0x000000010285c000 JavaThread "Signal Dispatcher" daemon [_thread_blocked, id=24587, stack(0x00007000009b8000,0x0000700000ab8000)]
  0x0000000101844000 JavaThread "Finalizer" daemon [_thread_blocked, id=24067, stack(0x00007000008b5000,0x00007000009b5000)]
  0x0000000101843800 JavaThread "Reference Handler" daemon [_thread_blocked, id=23811, stack(0x00007000007b2000,0x00007000008b2000)]
  0x000000010080b800 JavaThread "main" [_thread_in_native, id=1295, stack(0x00007fff5f400000,0x00007fff5fc00000)]

Other Threads:
  0x0000000102871000 VMThread [stack: 0x00007000006af000,0x00007000007af000] [id=23555]
  0x0000000101853000 WatcherThread [stack: 0x0000700000dc4000,0x0000700000ec4000] [id=25859]

VM state:not at safepoint (normal execution)

VM Mutex/Monitor currently owned by a thread: None

Heap
 PSYoungGen      total 342528K, used 53733K [0x00000007eaab0000, 0x00000007ffca0000, 0x0000000800000000)
  eden space 339264K, 15% used [0x00000007eaab0000,0x00000007edf296c8,0x00000007ff600000)
  from space 3264K, 0% used [0x00000007ff970000,0x00000007ff970000,0x00000007ffca0000)
  to   space 3392K, 0% used [0x00000007ff600000,0x00000007ff600000,0x00000007ff950000)
 ParOldGen       total 104896K, used 47192K [0x00000007c0000000, 0x00000007c6670000, 0x00000007eaab0000)
  object space 104896K, 44% used [0x00000007c0000000,0x00000007c2e16300,0x00000007c6670000)
 PSPermGen       total 50816K, used 50778K [0x00000007bae00000, 0x00000007bdfa0000, 0x00000007c0000000)
  object space 50816K, 99% used [0x00000007bae00000,0x00000007bdf968b0,0x00000007bdfa0000)

Card table byte_map: [0x0000000108e74000,0x000000010909e000] byte_map_base: 0x000000010509d000

Polling page: 0x0000000100751000

Code Cache  [0x0000000105db4000, 0x0000000106644000, 0x0000000108db4000)
 total_blobs=2838 nmethods=2303 adapters=485 free_code_cache=40540Kb largest_free_block=41401664

Compilation events (10 events):
Event: 10427.631 Thread 0x0000000102882000 2514             org.eclipse.core.internal.resources.MarkerAttributeMap::toHashMap (71 bytes)
Event: 10427.636 Thread 0x0000000102882000 nmethod 2514 0x000000010662cbd0 code [0x000000010662cd80, 0x000000010662d018]
Event: 10450.953 Thread 0x0000000102883800 2515             org.eclipse.debug.internal.ui.viewers.provisional.AbstractModelProxy::fireModelChanged (55 bytes)
Event: 10450.959 Thread 0x0000000102883800 nmethod 2515 0x000000010662a210 code [0x000000010662a3c0, 0x000000010662aa08]
Event: 10476.890 Thread 0x0000000102882000 2516             org.eclipse.jface.viewers.AbstractTreeViewer::internalRefresh (58 bytes)
Event: 10476.901 Thread 0x0000000102882000 nmethod 2516 0x0000000106628dd0 code [0x0000000106628fc0, 0x0000000106629790]
Event: 10572.919 Thread 0x0000000102883800 2517             com.ibm.icu.text.RuleBasedBreakIterator::handleNext (680 bytes)
Event: 10572.936 Thread 0x0000000102883800 nmethod 2517 0x0000000106635e50 code [0x00000001066360e0, 0x0000000106637280]
Event: 10596.798 Thread 0x0000000102882000 2518             com.sun.org.apache.xerces.internal.util.ParserConfigurationSettings::addRecognizedFeatures (56 bytes)
Event: 10596.805 Thread 0x0000000102882000 nmethod 2518 0x00000001066350d0 code [0x0000000106635260, 0x0000000106635878]

GC Heap History (10 events):
Event: 10437.351 GC heap before
{Heap before GC invocations=331 (full 161):
 PSYoungGen      total 342912K, used 96K [0x00000007eaab0000, 0x00000007ffd40000, 0x0000000800000000)
  eden space 339264K, 0% used [0x00000007eaab0000,0x00000007eaab0000,0x00000007ff600000)
  from space 3648K, 2% used [0x00000007ff9b0000,0x00000007ff9c8000,0x00000007ffd40000)
  to   space 3712K, 0% used [0x00000007ff600000,0x00000007ff600000,0x00000007ff9a0000)
 ParOldGen       total 104896K, used 46794K [0x00000007c0000000, 0x00000007c6670000, 0x00000007eaab0000)
  object space 104896K, 44% used [0x00000007c0000000,0x00000007c2db2b00,0x00000007c6670000)
 PSPermGen       total 50816K, used 50771K [0x00000007bae00000, 0x00000007bdfa0000, 0x00000007c0000000)
  object space 50816K, 99% used [0x00000007bae00000,0x00000007bdf94cf8,0x00000007bdfa0000)
Event: 10437.465 GC heap after
Heap after GC invocations=331 (full 161):
 PSYoungGen      total 342912K, used 0K [0x00000007eaab0000, 0x00000007ffd40000, 0x0000000800000000)
  eden space 339264K, 0% used [0x00000007eaab0000,0x00000007eaab0000,0x00000007ff600000)
  from space 3648K, 0% used [0x00000007ff9b0000,0x00000007ff9b0000,0x00000007ffd40000)
  to   space 3712K, 0% used [0x00000007ff600000,0x00000007ff600000,0x00000007ff9a0000)
 ParOldGen       total 104896K, used 46770K [0x00000007c0000000, 0x00000007c6670000, 0x00000007eaab0000)
  object space 104896K, 44% used [0x00000007c0000000,0x00000007c2daca78,0x00000007c6670000)
 PSPermGen       total 50816K, used 50771K [0x00000007bae00000, 0x00000007bdfa0000, 0x00000007c0000000)
  object space 50816K, 99% used [0x00000007bae00000,0x00000007bdf94cf8,0x00000007bdfa0000)
}
Event: 10510.270 GC heap before
{Heap before GC invocations=332 (full 161):
 PSYoungGen      total 342912K, used 135267K [0x00000007eaab0000, 0x00000007ffd40000, 0x0000000800000000)
  eden space 339264K, 39% used [0x00000007eaab0000,0x00000007f2ec8cd8,0x00000007ff600000)
  from space 3648K, 0% used [0x00000007ff9b0000,0x00000007ff9b0000,0x00000007ffd40000)
  to   space 3712K, 0% used [0x00000007ff600000,0x00000007ff600000,0x00000007ff9a0000)
 ParOldGen       total 104896K, used 46770K [0x00000007c0000000, 0x00000007c6670000, 0x00000007eaab0000)
  object space 104896K, 44% used [0x00000007c0000000,0x00000007c2daca78,0x00000007c6670000)
 PSPermGen       total 50816K, used 50775K [0x00000007bae00000, 0x00000007bdfa0000, 0x00000007c0000000)
  object space 50816K, 99% used [0x00000007bae00000,0x00000007bdf95f40,0x00000007bdfa0000)
Event: 10510.273 GC heap after
Heap after GC invocations=332 (full 161):
 PSYoungGen      total 340032K, used 705K [0x00000007eaab0000, 0x00000007ffce0000, 0x0000000800000000)
  eden space 339264K, 0% used [0x00000007eaab0000,0x00000007eaab0000,0x00000007ff600000)
  from space 768K, 91% used [0x00000007ff600000,0x00000007ff6b0750,0x00000007ff6c0000)
  to   space 3520K, 0% used [0x00000007ff970000,0x00000007ff970000,0x00000007ffce0000)
 ParOldGen       total 104896K, used 46770K [0x00000007c0000000, 0x00000007c6670000, 0x00000007eaab0000)
  object space 104896K, 44% used [0x00000007c0000000,0x00000007c2daca78,0x00000007c6670000)
 PSPermGen       total 50816K, used 50775K [0x00000007bae00000, 0x00000007bdfa0000, 0x00000007c0000000)
  object space 50816K, 99% used [0x00000007bae00000,0x00000007bdf95f40,0x00000007bdfa0000)
}
Event: 10510.273 GC heap before
{Heap before GC invocations=333 (full 162):
 PSYoungGen      total 340032K, used 705K [0x00000007eaab0000, 0x00000007ffce0000, 0x0000000800000000)
  eden space 339264K, 0% used [0x00000007eaab0000,0x00000007eaab0000,0x00000007ff600000)
  from space 768K, 91% used [0x00000007ff600000,0x00000007ff6b0750,0x00000007ff6c0000)
  to   space 3520K, 0% used [0x00000007ff970000,0x00000007ff970000,0x00000007ffce0000)
 ParOldGen       total 104896K, used 46770K [0x00000007c0000000, 0x00000007c6670000, 0x00000007eaab0000)
  object space 104896K, 44% used [0x00000007c0000000,0x00000007c2daca78,0x00000007c6670000)
 PSPermGen       total 50816K, used 50775K [0x00000007bae00000, 0x00000007bdfa0000, 0x00000007c0000000)
  object space 50816K, 99% used [0x00000007bae00000,0x00000007bdf95f40,0x00000007bdfa0000)
Event: 10510.395 GC heap after
Heap after GC invocations=333 (full 162):
 PSYoungGen      total 340032K, used 0K [0x00000007eaab0000, 0x00000007ffce0000, 0x0000000800000000)
  eden space 339264K, 0% used [0x00000007eaab0000,0x00000007eaab0000,0x00000007ff600000)
  from space 768K, 0% used [0x00000007ff600000,0x00000007ff600000,0x00000007ff6c0000)
  to   space 3520K, 0% used [0x00000007ff970000,0x00000007ff970000,0x00000007ffce0000)
 ParOldGen       total 104896K, used 47143K [0x00000007c0000000, 0x00000007c6670000, 0x00000007eaab0000)
  object space 104896K, 44% used [0x00000007c0000000,0x00000007c2e09c08,0x00000007c6670000)
 PSPermGen       total 50816K, used 50775K [0x00000007bae00000, 0x00000007bdfa0000, 0x00000007c0000000)
  object space 50816K, 99% used [0x00000007bae00000,0x00000007bdf95f40,0x00000007bdfa0000)
}
Event: 10570.270 GC heap before
{Heap before GC invocations=334 (full 162):
 PSYoungGen      total 340032K, used 46969K [0x00000007eaab0000, 0x00000007ffce0000, 0x0000000800000000)
  eden space 339264K, 13% used [0x00000007eaab0000,0x00000007ed88e7d8,0x00000007ff600000)
  from space 768K, 0% used [0x00000007ff600000,0x00000007ff600000,0x00000007ff6c0000)
  to   space 3520K, 0% used [0x00000007ff970000,0x00000007ff970000,0x00000007ffce0000)
 ParOldGen       total 104896K, used 47143K [0x00000007c0000000, 0x00000007c6670000, 0x00000007eaab0000)
  object space 104896K, 44% used [0x00000007c0000000,0x00000007c2e09c08,0x00000007c6670000)
 PSPermGen       total 50816K, used 50776K [0x00000007bae00000, 0x00000007bdfa0000, 0x00000007c0000000)
  object space 50816K, 99% used [0x00000007bae00000,0x00000007bdf96098,0x00000007bdfa0000)
Event: 10570.273 GC heap after
Heap after GC invocations=334 (full 162):
 PSYoungGen      total 342528K, used 320K [0x00000007eaab0000, 0x00000007ffca0000, 0x0000000800000000)
  eden space 339264K, 0% used [0x00000007eaab0000,0x00000007eaab0000,0x00000007ff600000)
  from space 3264K, 9% used [0x00000007ff970000,0x00000007ff9c0000,0x00000007ffca0000)
  to   space 3392K, 0% used [0x00000007ff600000,0x00000007ff600000,0x00000007ff950000)
 ParOldGen       total 104896K, used 47143K [0x00000007c0000000, 0x00000007c6670000, 0x00000007eaab0000)
  object space 104896K, 44% used [0x00000007c0000000,0x00000007c2e09c08,0x00000007c6670000)
 PSPermGen       total 50816K, used 50776K [0x00000007bae00000, 0x00000007bdfa0000, 0x00000007c0000000)
  object space 50816K, 99% used [0x00000007bae00000,0x00000007bdf96098,0x00000007bdfa0000)
}
Event: 10570.273 GC heap before
{Heap before GC invocations=335 (full 163):
 PSYoungGen      total 342528K, used 320K [0x00000007eaab0000, 0x00000007ffca0000, 0x0000000800000000)
  eden space 339264K, 0% used [0x00000007eaab0000,0x00000007eaab0000,0x00000007ff600000)
  from space 3264K, 9% used [0x00000007ff970000,0x00000007ff9c0000,0x00000007ffca0000)
  to   space 3392K, 0% used [0x00000007ff600000,0x00000007ff600000,0x00000007ff950000)
 ParOldGen       total 104896K, used 47143K [0x00000007c0000000, 0x00000007c6670000, 0x00000007eaab0000)
  object space 104896K, 44% used [0x00000007c0000000,0x00000007c2e09c08,0x00000007c6670000)
 PSPermGen       total 50816K, used 50776K [0x00000007bae00000, 0x00000007bdfa0000, 0x00000007c0000000)
  object space 50816K, 99% used [0x00000007bae00000,0x00000007bdf96098,0x00000007bdfa0000)
Event: 10570.389 GC heap after
Heap after GC invocations=335 (full 163):
 PSYoungGen      total 342528K, used 0K [0x00000007eaab0000, 0x00000007ffca0000, 0x0000000800000000)
  eden space 339264K, 0% used [0x00000007eaab0000,0x00000007eaab0000,0x00000007ff600000)
  from space 3264K, 0% used [0x00000007ff970000,0x00000007ff970000,0x00000007ffca0000)
  to   space 3392K, 0% used [0x00000007ff600000,0x00000007ff600000,0x00000007ff950000)
 ParOldGen       total 104896K, used 47192K [0x00000007c0000000, 0x00000007c6670000, 0x00000007eaab0000)
  object space 104896K, 44% used [0x00000007c0000000,0x00000007c2e16300,0x00000007c6670000)
 PSPermGen       total 50816K, used 50776K [0x00000007bae00000, 0x00000007bdfa0000, 0x00000007c0000000)
  object space 50816K, 99% used [0x00000007bae00000,0x00000007bdf96098,0x00000007bdfa0000)
}

Deoptimization events (10 events):
Event: 4408.307 Thread 0x000000010080b800 Uncommon trap -34 fr.pc 0x000000010656986c
Event: 4410.911 Thread 0x000000010080b800 Uncommon trap -34 fr.pc 0x000000010652ff7c
Event: 4411.717 Thread 0x000000010080b800 Uncommon trap -34 fr.pc 0x000000010655e344
Event: 5232.789 Thread 0x000000010080b800 Uncommon trap -12 fr.pc 0x0000000106412f30
Event: 6383.479 Thread 0x000000010080b800 Uncommon trap -34 fr.pc 0x0000000106558364
Event: 6383.482 Thread 0x000000010080b800 Uncommon trap -34 fr.pc 0x0000000106558364
Event: 7231.489 Thread 0x000000010080b800 Uncommon trap -83 fr.pc 0x00000001065e80dc
Event: 8676.927 Thread 0x000000010080b800 Uncommon trap -34 fr.pc 0x000000010617f26c
Event: 8677.445 Thread 0x000000010080b800 Uncommon trap -34 fr.pc 0x000000010617f26c
Event: 10616.029 Thread 0x000000010080b800 Uncommon trap -34 fr.pc 0x00000001062edcc8

Internal exceptions (10 events):
Event: 10616.982 Thread 0x000000014dbc8800 Threw 0x00000007eb0344e0 at /HUDSON/workspace/jdk7u25-2-build-macosx-amd64-product/jdk7u25/hotspot/src/share/vm/prims/nativeLookup.
Event: 10617.139 Thread 0x000000014dbc8800 Threw 0x00000007eb0363f8 at /HUDSON/workspace/jdk7u25-2-build-macosx-amd64-product/jdk7u25/hotspot/src/share/vm/prims/nativeLookup.
Event: 10618.151 Thread 0x0000000161eb7800 Threw 0x00000007eb13fbc8 at /HUDSON/workspace/jdk7u25-2-build-macosx-amd64-product/jdk7u25/hotspot/src/share/vm/prims/nativeLookup.
Event: 10618.151 Thread 0x0000000161eb7800 Threw 0x00000007eb140720 at /HUDSON/workspace/jdk7u25-2-build-macosx-amd64-product/jdk7u25/hotspot/src/share/vm/prims/nativeLookup.
Event: 10625.789 Thread 0x000000010080b800 Threw 0x00000007ed3c39a8 at /HUDSON/workspace/jdk7u25-2-build-macosx-amd64-product/jdk7u25/hotspot/src/share/vm/prims/nativeLookup.
Event: 10625.789 Thread 0x000000010080b800 Threw 0x00000007ed3c46f8 at /HUDSON/workspace/jdk7u25-2-build-macosx-amd64-product/jdk7u25/hotspot/src/share/vm/prims/nativeLookup.
Event: 10625.789 Thread 0x000000010080b800 Threw 0x00000007ed3c4ec8 at /HUDSON/workspace/jdk7u25-2-build-macosx-amd64-product/jdk7u25/hotspot/src/share/vm/prims/nativeLookup.
Event: 10626.059 Thread 0x000000010080b800 Threw 0x00000007ed59d7d0 at /HUDSON/workspace/jdk7u25-2-build-macosx-amd64-product/jdk7u25/hotspot/src/share/vm/prims/nativeLookup.
Event: 10626.201 Thread 0x0000000161eb7800 Threw 0x00000007eb141980 at /HUDSON/workspace/jdk7u25-2-build-macosx-amd64-product/jdk7u25/hotspot/src/share/vm/prims/nativeLookup.
Event: 10626.202 Thread 0x0000000161eb7800 Threw 0x00000007eb1424d8 at /HUDSON/workspace/jdk7u25-2-build-macosx-amd64-product/jdk7u25/hotspot/src/share/vm/prims/nativeLookup.

Events (10 events):
Event: 10617.859 Executing VM operation: RevokeBias done
Event: 10617.859 Thread 0x0000000186006000 Thread exited: 0x0000000186006000
Event: 10617.874 Thread 0x000000018f165000 Thread added: 0x000000018f165000
Event: 10617.874 Thread 0x000000018f165000 Thread exited: 0x000000018f165000
Event: 10626.059 Thread 0x000000017c12c800 Thread added: 0x000000017c12c800
Event: 10626.059 Thread 0x000000017c12c800 Thread exited: 0x000000017c12c800
Event: 10627.071 Thread 0x00000001015d7800 Thread added: 0x00000001015d7800
Event: 10627.072 Thread 0x00000001015d7800 Thread exited: 0x00000001015d7800
Event: 10627.072 Thread 0x000000018f165000 Thread added: 0x000000018f165000
Event: 10627.072 Thread 0x000000018f165000 Thread exited: 0x000000018f165000


Dynamic libraries:
0x0000000005974000 	/System/Library/Frameworks/Cocoa.framework/Versions/A/Cocoa
0x0000000005974000 	/usr/lib/libSystem.B.dylib
0x0000000005974000 	/System/Library/Frameworks/CoreServices.framework/Versions/A/CoreServices
0x0000000005974000 	/usr/lib/libobjc.A.dylib
0x0000000005974000 	/System/Library/Frameworks/CoreFoundation.framework/Versions/A/CoreFoundation
0x0000000005974000 	/System/Library/Frameworks/AppKit.framework/Versions/C/AppKit
0x0000000005974000 	/System/Library/Frameworks/ApplicationServices.framework/Versions/A/ApplicationServices
0x0000000005974000 	/System/Library/Frameworks/Foundation.framework/Versions/C/Foundation
0x0000000005974000 	/System/Library/Frameworks/CoreData.framework/Versions/A/CoreData
0x0000000005974000 	/System/Library/PrivateFrameworks/RemoteViewServices.framework/Versions/A/RemoteViewServices
0x0000000005974000 	/System/Library/PrivateFrameworks/UIFoundation.framework/Versions/A/UIFoundation
0x0000000005974000 	/usr/lib/libScreenReader.dylib
0x0000000005974000 	/System/Library/Frameworks/Accelerate.framework/Versions/A/Accelerate
0x0000000005974000 	/System/Library/Frameworks/IOSurface.framework/Versions/A/IOSurface
0x0000000005974000 	/System/Library/Frameworks/AudioToolbox.framework/Versions/A/AudioToolbox
0x0000000005974000 	/System/Library/Frameworks/AudioUnit.framework/Versions/A/AudioUnit
0x0000000005974000 	/System/Library/PrivateFrameworks/DataDetectorsCore.framework/Versions/A/DataDetectorsCore
0x0000000005974000 	/System/Library/PrivateFrameworks/DesktopServicesPriv.framework/Versions/A/DesktopServicesPriv
0x0000000005974000 	/System/Library/Frameworks/Carbon.framework/Versions/A/Frameworks/HIToolbox.framework/Versions/A/HIToolbox
0x0000000005974000 	/System/Library/Frameworks/QuartzCore.framework/Versions/A/QuartzCore
0x0000000005974000 	/System/Library/Frameworks/Security.framework/Versions/A/Security
0x0000000005974000 	/System/Library/Frameworks/Carbon.framework/Versions/A/Frameworks/SpeechRecognition.framework/Versions/A/SpeechRecognition
0x0000000005974000 	/usr/lib/libauto.dylib
0x0000000005974000 	/usr/lib/libicucore.A.dylib
0x0000000005974000 	/usr/lib/libxml2.2.dylib
0x0000000005974000 	/usr/lib/libz.1.dylib
0x0000000005974000 	/System/Library/PrivateFrameworks/CoreUI.framework/Versions/A/CoreUI
0x0000000005974000 	/System/Library/Frameworks/CoreAudio.framework/Versions/A/CoreAudio
0x0000000005974000 	/System/Library/Frameworks/DiskArbitration.framework/Versions/A/DiskArbitration
0x0000000005974000 	/usr/lib/liblangid.dylib
0x0000000005974000 	/System/Library/PrivateFrameworks/MultitouchSupport.framework/Versions/A/MultitouchSupport
0x0000000005974000 	/System/Library/Frameworks/IOKit.framework/Versions/A/IOKit
0x0000000005974000 	/usr/lib/libDiagnosticMessagesClient.dylib
0x0000000005974000 	/System/Library/PrivateFrameworks/PerformanceAnalysis.framework/Versions/A/PerformanceAnalysis
0x0000000005974000 	/System/Library/PrivateFrameworks/GenerationalStorage.framework/Versions/A/GenerationalStorage
0x0000000005974000 	/System/Library/Frameworks/OpenGL.framework/Versions/A/OpenGL
0x0000000005974000 	/System/Library/PrivateFrameworks/Sharing.framework/Versions/A/Sharing
0x0000000005974000 	/System/Library/Frameworks/CoreGraphics.framework/Versions/A/CoreGraphics
0x0000000005974000 	/System/Library/Frameworks/CoreImage.framework/Versions/A/CoreImage
0x0000000005974000 	/System/Library/Frameworks/CoreText.framework/Versions/A/CoreText
0x0000000005974000 	/System/Library/Frameworks/ImageIO.framework/Versions/A/ImageIO
0x0000000005974000 	/System/Library/PrivateFrameworks/Backup.framework/Versions/A/Backup
0x0000000005974000 	/usr/lib/libextension.dylib
0x0000000005974000 	/usr/lib/libarchive.2.dylib
0x0000000005974000 	/System/Library/Frameworks/CFNetwork.framework/Versions/A/CFNetwork
0x0000000005974000 	/System/Library/Frameworks/SystemConfiguration.framework/Versions/A/SystemConfiguration
0x0000000005974000 	/usr/lib/libCRFSuite.dylib
0x0000000005974000 	/usr/lib/libc++.1.dylib
0x0000000005974000 	/usr/lib/libc++abi.dylib
0x0000000005974000 	/usr/lib/system/libcache.dylib
0x0000000005974000 	/usr/lib/system/libcommonCrypto.dylib
0x0000000005974000 	/usr/lib/system/libcompiler_rt.dylib
0x0000000005974000 	/usr/lib/system/libcopyfile.dylib
0x0000000005974000 	/usr/lib/system/libcorecrypto.dylib
0x0000000005974000 	/usr/lib/system/libdispatch.dylib
0x0000000005974000 	/usr/lib/system/libdyld.dylib
0x0000000005974000 	/usr/lib/system/libkeymgr.dylib
0x0000000005974000 	/usr/lib/system/liblaunch.dylib
0x0000000005974000 	/usr/lib/system/libmacho.dylib
0x0000000005974000 	/usr/lib/system/libquarantine.dylib
0x0000000005974000 	/usr/lib/system/libremovefile.dylib
0x0000000005974000 	/usr/lib/system/libsystem_asl.dylib
0x0000000005974000 	/usr/lib/system/libsystem_blocks.dylib
0x0000000005974000 	/usr/lib/system/libsystem_c.dylib
0x0000000005974000 	/usr/lib/system/libsystem_configuration.dylib
0x0000000005974000 	/usr/lib/system/libsystem_coreservices.dylib
0x0000000005974000 	/usr/lib/system/libsystem_coretls.dylib
0x0000000005974000 	/usr/lib/system/libsystem_dnssd.dylib
0x0000000005974000 	/usr/lib/system/libsystem_info.dylib
0x0000000005974000 	/usr/lib/system/libsystem_kernel.dylib
0x0000000005974000 	/usr/lib/system/libsystem_m.dylib
0x0000000005974000 	/usr/lib/system/libsystem_malloc.dylib
0x0000000005974000 	/usr/lib/system/libsystem_network.dylib
0x0000000005974000 	/usr/lib/system/libsystem_networkextension.dylib
0x0000000005974000 	/usr/lib/system/libsystem_notify.dylib
0x0000000005974000 	/usr/lib/system/libsystem_platform.dylib
0x0000000005974000 	/usr/lib/system/libsystem_pthread.dylib
0x0000000005974000 	/usr/lib/system/libsystem_sandbox.dylib
0x0000000005974000 	/usr/lib/system/libsystem_secinit.dylib
0x0000000005974000 	/usr/lib/system/libsystem_trace.dylib
0x0000000005974000 	/usr/lib/system/libunc.dylib
0x0000000005974000 	/usr/lib/system/libunwind.dylib
0x0000000005974000 	/usr/lib/system/libxpc.dylib
0x0000000005974000 	/usr/lib/libenergytrace.dylib
0x0000000005974000 	/usr/lib/libbsm.0.dylib
0x0000000005974000 	/usr/lib/system/libkxld.dylib
0x0000000005974000 	/usr/lib/libxar.1.dylib
0x0000000005974000 	/usr/lib/libsqlite3.dylib
0x0000000005974000 	/usr/lib/libpam.2.dylib
0x0000000005974000 	/usr/lib/libOpenScriptingUtil.dylib
0x0000000005974000 	/usr/lib/libbz2.1.0.dylib
0x0000000005974000 	/usr/lib/liblzma.5.dylib
0x0000000005974000 	/System/Library/Frameworks/CoreServices.framework/Versions/A/Frameworks/FSEvents.framework/Versions/A/FSEvents
0x0000000005974000 	/System/Library/Frameworks/CoreServices.framework/Versions/A/Frameworks/CarbonCore.framework/Versions/A/CarbonCore
0x0000000005974000 	/System/Library/Frameworks/CoreServices.framework/Versions/A/Frameworks/Metadata.framework/Versions/A/Metadata
0x0000000005974000 	/System/Library/Frameworks/CoreServices.framework/Versions/A/Frameworks/OSServices.framework/Versions/A/OSServices
0x0000000005974000 	/System/Library/Frameworks/CoreServices.framework/Versions/A/Frameworks/SearchKit.framework/Versions/A/SearchKit
0x0000000005974000 	/System/Library/Frameworks/CoreServices.framework/Versions/A/Frameworks/AE.framework/Versions/A/AE
0x0000000005974000 	/System/Library/Frameworks/CoreServices.framework/Versions/A/Frameworks/LaunchServices.framework/Versions/A/LaunchServices
0x0000000005974000 	/System/Library/Frameworks/CoreServices.framework/Versions/A/Frameworks/DictionaryServices.framework/Versions/A/DictionaryServices
0x0000000005974000 	/System/Library/Frameworks/CoreServices.framework/Versions/A/Frameworks/SharedFileList.framework/Versions/A/SharedFileList
0x0000000005974000 	/System/Library/Frameworks/NetFS.framework/Versions/A/NetFS
0x0000000005974000 	/System/Library/PrivateFrameworks/NetAuth.framework/Versions/A/NetAuth
0x0000000005974000 	/System/Library/PrivateFrameworks/login.framework/Versions/A/Frameworks/loginsupport.framework/Versions/A/loginsupport
0x0000000005974000 	/System/Library/PrivateFrameworks/TCC.framework/Versions/A/TCC
0x0000000005974000 	/usr/lib/libmecabra.dylib
0x0000000005974000 	/System/Library/Frameworks/ApplicationServices.framework/Versions/A/Frameworks/ATS.framework/Versions/A/ATS
0x0000000005974000 	/System/Library/Frameworks/ApplicationServices.framework/Versions/A/Frameworks/ColorSync.framework/Versions/A/ColorSync
0x0000000005974000 	/System/Library/Frameworks/ApplicationServices.framework/Versions/A/Frameworks/HIServices.framework/Versions/A/HIServices
0x0000000005974000 	/System/Library/Frameworks/ApplicationServices.framework/Versions/A/Frameworks/LangAnalysis.framework/Versions/A/LangAnalysis
0x0000000005974000 	/System/Library/Frameworks/ApplicationServices.framework/Versions/A/Frameworks/PrintCore.framework/Versions/A/PrintCore
0x0000000005974000 	/System/Library/Frameworks/ApplicationServices.framework/Versions/A/Frameworks/QD.framework/Versions/A/QD
0x0000000005974000 	/System/Library/Frameworks/ApplicationServices.framework/Versions/A/Frameworks/SpeechSynthesis.framework/Versions/A/SpeechSynthesis
0x0000000005974000 	/System/Library/Frameworks/Metal.framework/Versions/A/Metal
0x0000000005974000 	/System/Library/Frameworks/Accelerate.framework/Versions/A/Frameworks/vImage.framework/Versions/A/vImage
0x0000000005974000 	/System/Library/Frameworks/Accelerate.framework/Versions/A/Frameworks/vecLib.framework/Versions/A/vecLib
0x0000000005974000 	/System/Library/Frameworks/Accelerate.framework/Versions/A/Frameworks/vecLib.framework/Versions/A/libvDSP.dylib
0x0000000005974000 	/System/Library/Frameworks/Accelerate.framework/Versions/A/Frameworks/vecLib.framework/Versions/A/libvMisc.dylib
0x0000000005974000 	/System/Library/Frameworks/Accelerate.framework/Versions/A/Frameworks/vecLib.framework/Versions/A/libLAPACK.dylib
0x0000000005974000 	/System/Library/Frameworks/Accelerate.framework/Versions/A/Frameworks/vecLib.framework/Versions/A/libBLAS.dylib
0x0000000005974000 	/System/Library/Frameworks/Accelerate.framework/Versions/A/Frameworks/vecLib.framework/Versions/A/libLinearAlgebra.dylib
0x0000000005974000 	/System/Library/Frameworks/Accelerate.framework/Versions/A/Frameworks/vecLib.framework/Versions/A/libSparseBLAS.dylib
0x0000000005974000 	/System/Library/PrivateFrameworks/GPUCompiler.framework/libmetal_timestamp.dylib
0x0000000005974000 	/System/Library/Frameworks/OpenGL.framework/Versions/A/Libraries/libCoreFSCache.dylib
0x0000000005974000 	/System/Library/PrivateFrameworks/IOAccelerator.framework/Versions/A/IOAccelerator
0x0000000005974000 	/System/Library/Frameworks/ApplicationServices.framework/Versions/A/Frameworks/ATS.framework/Versions/A/Resources/libFontParser.dylib
0x0000000005974000 	/System/Library/Frameworks/ApplicationServices.framework/Versions/A/Frameworks/ATS.framework/Versions/A/Resources/libFontRegistry.dylib
0x0000000005974000 	/System/Library/PrivateFrameworks/AppleVPA.framework/Versions/A/AppleVPA
0x0000000005974000 	/System/Library/PrivateFrameworks/AppleJPEG.framework/Versions/A/AppleJPEG
0x0000000005974000 	/System/Library/Frameworks/ImageIO.framework/Versions/A/Resources/libJPEG.dylib
0x0000000005974000 	/System/Library/Frameworks/ImageIO.framework/Versions/A/Resources/libTIFF.dylib
0x0000000005974000 	/System/Library/Frameworks/ImageIO.framework/Versions/A/Resources/libPng.dylib
0x0000000005974000 	/System/Library/Frameworks/ImageIO.framework/Versions/A/Resources/libGIF.dylib
0x0000000005974000 	/System/Library/Frameworks/ImageIO.framework/Versions/A/Resources/libJP2.dylib
0x0000000005974000 	/System/Library/Frameworks/ImageIO.framework/Versions/A/Resources/libRadiance.dylib
0x0000000005974000 	/System/Library/Frameworks/CoreVideo.framework/Versions/A/CoreVideo
0x0000000005974000 	/System/Library/Frameworks/OpenGL.framework/Versions/A/Libraries/libGLU.dylib
0x0000000005974000 	/System/Library/Frameworks/OpenGL.framework/Versions/A/Libraries/libGFXShared.dylib
0x0000000005974000 	/System/Library/Frameworks/OpenGL.framework/Versions/A/Libraries/libGL.dylib
0x0000000005974000 	/System/Library/Frameworks/OpenGL.framework/Versions/A/Libraries/libGLImage.dylib
0x0000000005974000 	/System/Library/Frameworks/OpenGL.framework/Versions/A/Libraries/libCVMSPluginSupport.dylib
0x0000000005974000 	/System/Library/Frameworks/OpenGL.framework/Versions/A/Libraries/libCoreVMClient.dylib
0x0000000005974000 	/usr/lib/libcups.2.dylib
0x0000000005974000 	/System/Library/Frameworks/Kerberos.framework/Versions/A/Kerberos
0x0000000005974000 	/System/Library/Frameworks/GSS.framework/Versions/A/GSS
0x0000000005974000 	/usr/lib/libresolv.9.dylib
0x0000000005974000 	/usr/lib/libiconv.2.dylib
0x0000000005974000 	/System/Library/PrivateFrameworks/Heimdal.framework/Versions/A/Heimdal
0x0000000005974000 	/usr/lib/libheimdal-asn1.dylib
0x0000000005974000 	/System/Library/Frameworks/OpenDirectory.framework/Versions/A/OpenDirectory
0x0000000005974000 	/System/Library/PrivateFrameworks/CommonAuth.framework/Versions/A/CommonAuth
0x0000000005974000 	/System/Library/Frameworks/OpenDirectory.framework/Versions/A/Frameworks/CFOpenDirectory.framework/Versions/A/CFOpenDirectory
0x0000000005974000 	/System/Library/Frameworks/SecurityFoundation.framework/Versions/A/SecurityFoundation
0x0000000005974000 	/System/Library/PrivateFrameworks/LanguageModeling.framework/Versions/A/LanguageModeling
0x0000000005974000 	/usr/lib/libmarisa.dylib
0x0000000005974000 	/usr/lib/libChineseTokenizer.dylib
0x0000000005974000 	/usr/lib/libcmph.dylib
0x0000000005974000 	/usr/lib/libcompression.dylib
0x0000000005974000 	/System/Library/Frameworks/ServiceManagement.framework/Versions/A/ServiceManagement
0x0000000005974000 	/usr/lib/libxslt.1.dylib
0x0000000005974000 	/System/Library/Frameworks/Carbon.framework/Versions/A/Frameworks/Ink.framework/Versions/A/Ink
0x0000000005974000 	/usr/lib/libFosl_dynamic.dylib
0x0000000005974000 	/System/Library/PrivateFrameworks/FaceCore.framework/Versions/A/FaceCore
0x0000000005974000 	/System/Library/Frameworks/OpenCL.framework/Versions/A/OpenCL
0x0000000005974000 	/System/Library/PrivateFrameworks/CrashReporterSupport.framework/Versions/A/CrashReporterSupport
0x0000000005974000 	/System/Library/PrivateFrameworks/IconServices.framework/Versions/A/IconServices
0x0000000005974000 	/System/Library/PrivateFrameworks/Apple80211.framework/Versions/A/Apple80211
0x0000000005974000 	/System/Library/Frameworks/CoreWLAN.framework/Versions/A/CoreWLAN
0x0000000005974000 	/System/Library/Frameworks/IOBluetooth.framework/Versions/A/IOBluetooth
0x0000000005974000 	/System/Library/PrivateFrameworks/CoreWiFi.framework/Versions/A/CoreWiFi
0x0000000005974000 	/System/Library/Frameworks/CoreBluetooth.framework/Versions/A/CoreBluetooth
0x0000000005974000 	/System/Library/PrivateFrameworks/ChunkingLibrary.framework/Versions/A/ChunkingLibrary
0x0000000005974000 	/System/Library/PrivateFrameworks/DebugSymbols.framework/Versions/A/DebugSymbols
0x0000000005974000 	/System/Library/PrivateFrameworks/CoreSymbolication.framework/Versions/A/CoreSymbolication
0x0000000005974000 	/System/Library/PrivateFrameworks/Symbolication.framework/Versions/A/Symbolication
0x0000000005974000 	/System/Library/PrivateFrameworks/SpeechRecognitionCore.framework/Versions/A/SpeechRecognitionCore
0x00000001000b8000 	/Applications/exelis/idl84/idlde/plugins/org.eclipse.equinox.launcher.cocoa.macosx.x86_64_1.1.101.v20120109-1504/eclipse_1408.so
0x0000000005974000 	/System/Library/PrivateFrameworks/CoreServicesInternal.framework/Versions/A/CoreServicesInternal
0x000000010530b000 	/Applications/exelis/idl84/idlde/bin.darwin.x86_64/jre/lib/server/libjvm.dylib
0x0000000005974000 	/usr/lib/libstdc++.6.dylib
0x0000000100714000 	/Applications/exelis/idl84/idlde/bin.darwin.x86_64/jre/lib/libverify.dylib
0x0000000100721000 	/Applications/exelis/idl84/idlde/bin.darwin.x86_64/jre/lib/libjava.dylib
0x000000010075a000 	/Applications/exelis/idl84/idlde/bin.darwin.x86_64/jre/lib/libzip.dylib
0x000000010ceec000 	/System/Library/Frameworks/JavaVM.framework/Frameworks/JavaRuntimeSupport.framework/JavaRuntimeSupport
0x000000010cf07000 	/System/Library/Frameworks/JavaVM.framework/Versions/A/Frameworks/JavaNativeFoundation.framework/Versions/A/JavaNativeFoundation
0x00000001007ec000 	/System/Library/Frameworks/JavaVM.framework/Versions/A/JavaVM
0x0000000005974000 	/System/Library/Frameworks/Carbon.framework/Versions/A/Carbon
0x000000010cf1c000 	/System/Library/PrivateFrameworks/JavaLaunching.framework/Versions/A/JavaLaunching
0x0000000005974000 	/System/Library/Frameworks/Carbon.framework/Versions/A/Frameworks/CommonPanels.framework/Versions/A/CommonPanels
0x0000000005974000 	/System/Library/Frameworks/Carbon.framework/Versions/A/Frameworks/Help.framework/Versions/A/Help
0x0000000005974000 	/System/Library/Frameworks/Carbon.framework/Versions/A/Frameworks/ImageCapture.framework/Versions/A/ImageCapture
0x0000000005974000 	/System/Library/Frameworks/Carbon.framework/Versions/A/Frameworks/OpenScripting.framework/Versions/A/OpenScripting
0x0000000005974000 	/System/Library/Frameworks/Carbon.framework/Versions/A/Frameworks/Print.framework/Versions/A/Print
0x0000000005974000 	/System/Library/Frameworks/Carbon.framework/Versions/A/Frameworks/SecurityHI.framework/Versions/A/SecurityHI
0x0000000005974000 	/System/Library/CoreServices/RawCamera.bundle/Contents/MacOS/RawCamera
0x0000000005974000 	/System/Library/PrivateFrameworks/FamilyControls.framework/Versions/A/FamilyControls
0x0000000005974000 	/System/Library/PrivateFrameworks/CommerceKit.framework/Versions/A/Frameworks/CommerceCore.framework/Versions/A/CommerceCore
0x0000000005974000 	/System/Library/PrivateFrameworks/SystemAdministration.framework/Versions/A/SystemAdministration
0x0000000005974000 	/System/Library/PrivateFrameworks/AppContainer.framework/Versions/A/AppContainer
0x0000000005974000 	/System/Library/PrivateFrameworks/SecCodeWrapper.framework/Versions/A/SecCodeWrapper
0x0000000005974000 	/System/Library/Frameworks/DirectoryService.framework/Versions/A/DirectoryService
0x0000000005974000 	/System/Library/PrivateFrameworks/DiskImages.framework/Versions/A/DiskImages
0x0000000005974000 	/System/Library/PrivateFrameworks/LoginUIKit.framework/Versions/A/Frameworks/LoginUICore.framework/Versions/A/LoginUICore
0x0000000005974000 	/usr/lib/libCoreStorage.dylib
0x0000000005974000 	/usr/lib/libcsfde.dylib
0x0000000005974000 	/usr/lib/libodfde.dylib
0x0000000005974000 	/System/Library/Frameworks/DiscRecording.framework/Versions/A/DiscRecording
0x000000010e06f000 	/Applications/exelis/idl84/bin/bin.darwin.x86_64/libcurl.4.dylib
0x0000000005974000 	/System/Library/PrivateFrameworks/MediaKit.framework/Versions/A/MediaKit
0x0000000005974000 	/System/Library/PrivateFrameworks/ProtectedCloudStorage.framework/Versions/A/ProtectedCloudStorage
0x0000000005974000 	/System/Library/PrivateFrameworks/EFILogin.framework/Versions/A/EFILogin
0x0000000005974000 	/usr/lib/libutil.dylib
0x0000000005974000 	/System/Library/PrivateFrameworks/FindMyDevice.framework/Versions/A/FindMyDevice
0x0000000005974000 	/System/Library/Frameworks/CoreGraphics.framework/Versions/A/Resources/libRIP.A.dylib
0x0000000005974000 	/System/Library/Frameworks/Accelerate.framework/Versions/A/Frameworks/vImage.framework/Versions/A/Libraries/libCGInterfaces.dylib
0x0000000005974000 	/System/Library/Frameworks/CoreGraphics.framework/Versions/A/Resources/libCGXType.A.dylib
0x0000000005974000 	/System/Library/Frameworks/OpenCL.framework/Versions/A/Libraries/libcldcpuengine.dylib
0x000000010f231000 	cl_kernels
0x0000000005974000 	/System/Library/Frameworks/OpenCL.framework/Versions/A/Libraries/ImageFormats/unorm8_bgra.dylib
0x0000000005974000 	/System/Library/Frameworks/OpenCL.framework/Versions/A/Libraries/ImageFormats/unorm8_rgba.dylib
0x000000010f423000 	/Applications/exelis/idl84/idlde/bin.darwin.x86_64/jre/lib/libnet.dylib
0x000000010f438000 	/Applications/exelis/idl84/idlde/bin.darwin.x86_64/jre/lib/libnio.dylib
0x000000010f600000 	/Users/spencerfaber/.swt/lib/macosx/x86_64/libswt-cocoa-3740.jnilib
0x0000000005974000 	/System/Library/Frameworks/WebKit.framework/Versions/A/WebKit
0x0000000005974000 	/System/Library/Frameworks/JavaScriptCore.framework/Versions/A/JavaScriptCore
0x0000000005974000 	/System/Library/Frameworks/SecurityInterface.framework/Versions/A/SecurityInterface
0x0000000005974000 	/System/Library/Frameworks/WebKit.framework/Versions/A/Frameworks/WebKitLegacy.framework/Versions/A/WebKitLegacy
0x0000000005974000 	/System/Library/Frameworks/WebKit.framework/Versions/A/Frameworks/WebCore.framework/Versions/A/WebCore
0x000000010f6f3000 	/Users/spencerfaber/.swt/lib/macosx/x86_64/libswt-pi-cocoa-3740.jnilib
0x000000010fe00000 	/Applications/exelis/idl84/bin/bin.darwin.x86_64/libidl_ips.8.4.dylib
0x00000001100ca000 	/Applications/exelis/idl84/bin/bin.darwin.x86_64/libidl.8.4.dylib
0x0000000110c57000 	/opt/X11/lib/libfreetype.6.dylib
0x000000010f64d000 	/Applications/exelis/idl84/bin/bin.darwin.x86_64/libMesaGLU6_2.dylib
0x0000000110ced000 	/Applications/exelis/idl84/bin/bin.darwin.x86_64/libMesaGL6_2.dylib
0x000000010f73b000 	/Applications/exelis/idl84/bin/bin.darwin.x86_64/libOSMesa6_2.dylib
0x000000010f745000 	/opt/X11/lib/libXp.6.dylib
0x00000001110ae000 	/Applications/exelis/idl84/bin/bin.darwin.x86_64/libXm.3.0.2.dylib
0x000000010f750000 	/opt/X11/lib/libXpm.4.dylib
0x000000010f8d8000 	/opt/X11/lib/libXmu.6.dylib
0x000000010f81b000 	/opt/X11/lib/libXext.6.dylib
0x00000001114bd000 	/opt/X11/lib/libXt.6.dylib
0x000000010ee20000 	/opt/X11/lib/libXinerama.1.dylib
0x000000010f763000 	/opt/X11/lib/libSM.6.dylib
0x000000010fe5e000 	/opt/X11/lib/libICE.6.dylib
0x000000011151b000 	/opt/X11/lib/libX11.6.dylib
0x000000011164c000 	/opt/X11/lib/libxcb.1.dylib
0x000000010f777000 	/opt/X11/lib/libXau.6.dylib
0x000000010f7c3000 	/opt/X11/lib/libXdmcp.6.dylib
0x000000010f100000 	/Applications/exelis/idl84/bin/bin.darwin.x86_64/gl_driver.so
0x0000000111745000 	/opt/X11/lib/libGL.1.dylib
0x000000010ee5a000 	/opt/X11/lib/libXplugin.1.dylib
0x000000010ee48000 	/opt/X11/lib/libX11-xcb.1.dylib
0x0000000005974000 	/System/Library/PrivateFrameworks/CloudDocs.framework/Versions/A/CloudDocs
0x0000000005974000 	/System/Library/PrivateFrameworks/CoreDuet.framework/Versions/A/CoreDuet
0x0000000005974000 	/System/Library/Frameworks/CloudKit.framework/Versions/A/CloudKit
0x0000000005974000 	/System/Library/PrivateFrameworks/ProtocolBuffer.framework/Versions/A/ProtocolBuffer
0x0000000005974000 	/System/Library/PrivateFrameworks/CoreDuetDaemonProtocol.framework/Versions/A/CoreDuetDaemonProtocol
0x0000000005974000 	/System/Library/PrivateFrameworks/CoreDuetDebugLogging.framework/Versions/A/CoreDuetDebugLogging
0x0000000005974000 	/System/Library/Frameworks/Contacts.framework/Versions/A/Contacts
0x0000000005974000 	/System/Library/PrivateFrameworks/MMCS.framework/Versions/A/MMCS
0x0000000005974000 	/System/Library/Frameworks/CoreLocation.framework/Versions/A/CoreLocation
0x0000000005974000 	/System/Library/PrivateFrameworks/ContactsPersistence.framework/Versions/A/ContactsPersistence
0x0000000005974000 	/System/Library/Frameworks/AddressBook.framework/Versions/A/AddressBook
0x0000000005974000 	/System/Library/PrivateFrameworks/PhoneNumbers.framework/Versions/A/PhoneNumbers
0x0000000005974000 	/System/Library/PrivateFrameworks/IntlPreferences.framework/Versions/A/IntlPreferences
0x0000000005974000 	/System/Library/PrivateFrameworks/vCard.framework/Versions/A/vCard
0x0000000005974000 	/System/Library/Frameworks/Accounts.framework/Versions/A/Accounts
0x0000000005974000 	/System/Library/PrivateFrameworks/ContactsFoundation.framework/Versions/A/ContactsFoundation
0x0000000005974000 	/System/Library/PrivateFrameworks/ToneLibrary.framework/Versions/A/ToneLibrary
0x0000000005974000 	/System/Library/PrivateFrameworks/ToneKit.framework/Versions/A/ToneKit
0x0000000005974000 	/System/Library/PrivateFrameworks/ApplePushService.framework/Versions/A/ApplePushService
0x0000000005974000 	/System/Library/PrivateFrameworks/ViewBridge.framework/Versions/A/ViewBridge
0x0000000005974000 	/System/Library/Frameworks/Quartz.framework/Versions/A/Quartz
0x0000000005974000 	/System/Library/Frameworks/LDAP.framework/Versions/A/LDAP
0x0000000005974000 	/System/Library/Frameworks/AVFoundation.framework/Versions/A/AVFoundation
0x0000000005974000 	/System/Library/Frameworks/AVFoundation.framework/Versions/A/Resources/libAVFAudio.dylib
0x0000000005974000 	/System/Library/Frameworks/CoreMedia.framework/Versions/A/CoreMedia
0x0000000005974000 	/System/Library/Frameworks/MediaToolbox.framework/Versions/A/MediaToolbox
0x0000000005974000 	/System/Library/Frameworks/VideoToolbox.framework/Versions/A/VideoToolbox
0x0000000005974000 	/System/Library/Frameworks/CoreMediaIO.framework/Versions/A/CoreMediaIO
0x0000000005974000 	/usr/lib/libspindump.dylib
0x0000000005974000 	/System/Library/PrivateFrameworks/CoreAVCHD.framework/Versions/A/CoreAVCHD
0x0000000005974000 	/System/Library/Frameworks/MediaAccessibility.framework/Versions/A/MediaAccessibility
0x0000000005974000 	/System/Library/PrivateFrameworks/Mangrove.framework/Versions/A/Mangrove
0x0000000005974000 	/System/Library/PrivateFrameworks/CoreAUC.framework/Versions/A/CoreAUC
0x0000000005974000 	/System/Library/PrivateFrameworks/AppleVA.framework/Versions/A/AppleVA
0x0000000005974000 	/System/Library/PrivateFrameworks/XPCService.framework/Versions/A/XPCService
0x0000000005974000 	/System/Library/PrivateFrameworks/AppSandbox.framework/Versions/A/AppSandbox
0x0000000005974000 	/usr/lib/libsandbox.1.dylib
0x0000000005974000 	/usr/lib/libMatch.1.dylib
0x0000000005974000 	/System/Library/PrivateFrameworks/CoreDaemon.framework/Versions/B/CoreDaemon
0x0000000005974000 	/usr/lib/libcrypto.0.9.8.dylib
0x0000000005974000 	/System/Library/PrivateFrameworks/AppleSRP.framework/Versions/A/AppleSRP
0x0000000005974000 	/System/Library/PrivateFrameworks/TrustEvaluationAgent.framework/Versions/A/TrustEvaluationAgent
0x0000000005974000 	/System/Library/Frameworks/Quartz.framework/Versions/A/Frameworks/QuartzComposer.framework/Versions/A/QuartzComposer
0x0000000005974000 	/System/Library/Frameworks/Quartz.framework/Versions/A/Frameworks/PDFKit.framework/Versions/A/PDFKit
0x0000000005974000 	/System/Library/Frameworks/Quartz.framework/Versions/A/Frameworks/QuartzFilters.framework/Versions/A/QuartzFilters
0x0000000005974000 	/System/Library/Frameworks/Quartz.framework/Versions/A/Frameworks/ImageKit.framework/Versions/A/ImageKit
0x0000000005974000 	/System/Library/Frameworks/Quartz.framework/Versions/A/Frameworks/QuickLookUI.framework/Versions/A/QuickLookUI
0x0000000005974000 	/System/Library/Frameworks/QTKit.framework/Versions/A/QTKit
0x0000000005974000 	/System/Library/PrivateFrameworks/AppleSystemInfo.framework/Versions/A/AppleSystemInfo
0x0000000005974000 	/System/Library/PrivateFrameworks/CoreMediaAuthoring.framework/Versions/A/CoreMediaAuthoring
0x0000000005974000 	/System/Library/PrivateFrameworks/CorePDF.framework/Versions/A/CorePDF
0x0000000005974000 	/System/Library/Frameworks/QuickLook.framework/Versions/A/QuickLook
0x0000000005974000 	/System/Library/PrivateFrameworks/DisplayServices.framework/Versions/A/DisplayServices
0x0000000005974000 	/System/Library/Frameworks/ImageCaptureCore.framework/Versions/A/ImageCaptureCore
0x0000000005974000 	/System/Library/PrivateFrameworks/SafariServices.framework/Versions/A/SafariServices
0x0000000005974000 	/usr/lib/libsasl2.2.dylib
0x0000000005974000 	/System/Library/PrivateFrameworks/OAuth.framework/Versions/A/OAuth
0x0000000005974000 	/System/Library/PrivateFrameworks/AssetCacheServices.framework/Versions/A/AssetCacheServices
0x0000000005974000 	/System/Library/PrivateFrameworks/GeoServices.framework/Versions/A/GeoServices
0x0000000005974000 	/System/Library/Frameworks/CoreGraphics.framework/Versions/A/Resources/libCGXCoreImage.A.dylib
0x000000010f1eb000 	cl_kernels
0x000000011388f000 	/System/Library/Extensions/AppleIntelBDWGraphicsMTLDriver.bundle/Contents/MacOS/AppleIntelBDWGraphicsMTLDriver
0x0000000005974000 	/System/Library/Frameworks/OpenGL.framework/Versions/A/Resources/GLEngine.bundle/GLEngine
0x0000000005974000 	/System/Library/Frameworks/OpenGL.framework/Versions/A/Libraries/libGLProgrammability.dylib
0x0000000115000000 	/System/Library/Extensions/AppleIntelBDWGraphicsGLDriver.bundle/Contents/MacOS/AppleIntelBDWGraphicsGLDriver
0x0000000005974000 	/System/Library/PrivateFrameworks/GPUSupport.framework/Versions/A/Libraries/libGPUSupportMercury.dylib
0x0000000005974000 	/System/Library/Frameworks/OpenGL.framework/Versions/A/Resources/GLRendererFloat.bundle/GLRendererFloat
0x000000010e36a000 	cl_kernels
0x0000000117800000 	/Applications/exelis/idl84/bin/bin.darwin.x86_64/idl_netcdf.so
0x0000000005974000 	/System/Library/PrivateFrameworks/FinderKit.framework/Versions/A/FinderKit
0x0000000005974000 	/System/Library/PrivateFrameworks/Bom.framework/Versions/A/Bom
0x0000000005974000 	/System/Library/PrivateFrameworks/Suggestions.framework/Versions/A/Suggestions
0x0000000005974000 	/System/Library/PrivateFrameworks/AppleFSCompression.framework/Versions/A/AppleFSCompression
0x0000000005974000 	/System/Library/PrivateFrameworks/PlugInKit.framework/Versions/A/PlugInKit
0x0000000169722000 	/System/Library/Filesystems/NetFSPlugins/smb.bundle/Contents/MacOS/smb
0x0000000005974000 	/System/Library/PrivateFrameworks/SMBClient.framework/Versions/A/SMBClient
0x0000000005974000 	/System/Library/PrivateFrameworks/DCERPC.framework/Versions/A/DCERPC
0x0000000005974000 	/System/Library/PrivateFrameworks/KerberosHelper.framework/Versions/A/KerberosHelper
0x0000000005974000 	/System/Library/PrivateFrameworks/CacheDelete.framework/Versions/A/CacheDelete
0x0000000164960000 	/System/Library/Frameworks/Security.framework/PlugIns/csparser.bundle/Contents/MacOS/csparser

VM Arguments:
jvm_args: -Dosgi.instance.area.default=@user.home/IDLWorkspace84 -Dosgi.configuration.area=@user.home/.idl/idlworkbench-config-idl8.4_x86_64 -Dosgi.configuration.cascaded=true -Dosgi.checkConfiguration=true -Dosgi.sharedConfiguration.area.readOnly=true -Dorg.eclipse.update.reconcile=false -Declipse.p2.data.area=@config.dir/p2 -XstartOnFirstThread -Xdock:icon=../Resources/idlde.icns -Dorg.eclipse.swt.internal.carbon.smallFonts -Dosgi.sharedConfiguration.area=../../../configuration.darwin.x86_64 -Xms128m -Xmx1024m 
java_command: <unknown>
Launcher Type: generic

Environment Variables:
CLASSPATH=.:/Applications/exelis/idl84/resource/bridges/export/java/javaidlb.jar
PATH=/usr/bin:/bin:/usr/sbin:/sbin
LD_LIBRARY_PATH=/Applications/exelis/idl84/idlde/bin.darwin.x86_64/jre/lib/server:/Applications/exelis/idl84/idlde/bin.darwin.x86_64/jre/lib:
SHELL=/bin/bash
DISPLAY=/private/tmp/com.apple.launchd.IbSN0PhyPn/org.macports:0
DYLD_LIBRARY_PATH=/Applications/exelis/idl84/bin/bin.darwin.x86_64
DYLD_FALLBACK_LIBRARY_PATH=/Applications/exelis/idl84/idlde/bin.darwin.x86_64/jre/lib/server:/Applications/exelis/idl84/idlde/bin.darwin.x86_64/jre/lib:

Signal Handlers:
SIGSEGV: [libjvm.dylib+0x4a820f], sa_mask[0]=0xfffefeff, sa_flags=0x00000042
SIGBUS: [libjvm.dylib+0x4a820f], sa_mask[0]=0xfffefeff, sa_flags=0x00000042
SIGFPE: [libjvm.dylib+0x3b7495], sa_mask[0]=0xfffefeff, sa_flags=0x00000042
SIGPIPE: SIG_IGN, sa_mask[0]=0x00000000, sa_flags=0x00000002
SIGXFSZ: [libjvm.dylib+0x3b7495], sa_mask[0]=0xfffefeff, sa_flags=0x00000042
SIGILL: [libjvm.dylib+0x3b7495], sa_mask[0]=0xfffefeff, sa_flags=0x00000042
SIGUSR1: SIG_DFL, sa_mask[0]=0x00000000, sa_flags=0x00000000
SIGUSR2: [libjvm.dylib+0x3b702e], sa_mask[0]=0x00000000, sa_flags=0x00000042
SIGHUP: [libjvm.dylib+0x3b528f], sa_mask[0]=0xfffefeff, sa_flags=0x00000042
SIGINT: [libidl.8.4.dylib+0x405760], sa_mask[0]=0x00000000, sa_flags=0x00000002
SIGTERM: [libjvm.dylib+0x3b528f], sa_mask[0]=0xfffefeff, sa_flags=0x00000042
SIGQUIT: [libjvm.dylib+0x3b528f], sa_mask[0]=0xfffefeff, sa_flags=0x00000042


---------------  S Y S T E M  ---------------

OS:Bsduname:Darwin 15.0.0 Darwin Kernel Version 15.0.0: Sat Sep 19 15:53:46 PDT 2015; root:xnu-3247.10.11~1/RELEASE_X86_64 x86_64
rlimit: STACK 8192k, CORE 0k, NPROC 709, NOFILE 1024, AS infinity
load average:1.49 1.44 1.42

CPU:total 4 (2 cores per cpu, 2 threads per core) family 6 model 61 stepping 4, cmov, cx8, fxsr, mmx, sse, sse2, sse3, ssse3, sse4.1, sse4.2, popcnt, avx, avx2, ht, tsc, tscinvbit

Memory: 4k page, physical 137434970860k(34358742715k free)

/proc/meminfo:


vm_info: Java HotSpot(TM) 64-Bit Server VM (23.25-b01) for bsd-amd64 JRE (1.7.0_25-b15), built on Jun  5 2013 22:26:36 by "java_re" with gcc 4.2.1 (Based on Apple Inc. build 5658) (LLVM build 2336.11.00)

time: Thu Feb 25 23:06:07 2016
elapsed time: 10627 seconds

