#
# A fatal error has been detected by the Java Runtime Environment:
#
#  SIGSEGV (0xb) at pc=0x0000000110d3255e, pid=1174, tid=44547
#
# JRE version: 7.0_25-b15
# Java VM: Java HotSpot(TM) 64-Bit Server VM (23.25-b01 mixed mode bsd-amd64 compressed oops)
# Problematic frame:
# C  [libidl.8.5.dylib+0x1b355e]  IDL_GrModelDraw+0x71e
#
# Failed to write core dump. Core dumps have been disabled. To enable core dumping, try "ulimit -c unlimited" before starting Java again
#
# If you would like to submit a bug report, please visit:
#   http://bugreport.sun.com/bugreport/crash.jsp
# The crash happened outside the Java Virtual Machine in native code.
# See problematic frame for where to report the bug.
#

---------------  T H R E A D  ---------------

Current thread (0x0000000101d02000):  JavaThread "IDL" [_thread_in_native, id=44547, stack(0x00007000018e5000,0x00007000019e5000)]

siginfo:si_signo=SIGSEGV: si_errno=0, si_code=1 (SEGV_MAPERR), si_addr=0x0000000000000000

Registers:
RAX=0x0000000000000001, RBX=0x0000000000000000, RCX=0x000000011b3bb5b8, RDX=0x0000000000000000
RSP=0x00007000019dc890, RBP=0x00007000019dd4a0, RSI=0x0000000000000000, RDI=0x00000000005ebdbc
R8 =0x00000001115cf740, R9 =0x0000000000007ffd, R10=0x00007fff821b57ee, R11=0x0000000000000246
R12=0x00007000019dd5e0, R13=0x00000001115cf230, R14=0x0000000000000018, R15=0x0000000000000000
RIP=0x0000000110d3255e, EFLAGS=0x0000000000010202, ERR=0x0000000000000004
  TRAPNO=0x000000000000000e

Top of Stack: (sp=0x00007000019dc890)
0x00007000019dc890:   00007000019dd658 0000000000000000
0x00007000019dc8a0:   0000000000000000 0000000100000000
0x00007000019dc8b0:   0000000101a62358 0000000000000007
0x00007000019dc8c0:   0000000000000000 000000011d450ec8
0x00007000019dc8d0:   00007000019dd658 00000001115ce968
0x00007000019dc8e0:   0000000005b58f10 0000000000000000
0x00007000019dc8f0:   00007000019dc948 0000000205b58f10
0x00007000019dc900:   000000010f46d750 0000000105b58f10
0x00007000019dc910:   0000000102b71ab8 0000000102b71b60
0x00007000019dc920:   0000000102b71c40 0000000119e6d7b8
0x00007000019dc930:   0000000119e22d28 0000000102b71e30
0x00007000019dc940:   0000000200000000 0000000200000000
0x00007000019dc950:   0000000102b72058 0000000100000007
0x00007000019dc960:   0000000102b72220 0000000100000002
0x00007000019dc970:   00000001009f7080 00000001028f1080
0x00007000019dc980:   0000000105b58f10 0000000105b58f10
0x00007000019dc990:   0000000105b58f10 0000000105b58f10
0x00007000019dc9a0:   0000000105b58f10 0000000105b58f10
0x00007000019dc9b0:   0000000102b72908 0000000102b72968
0x00007000019dc9c0:   0000000102b72cf8 0000000102b72d60
0x00007000019dc9d0:   0000000102b72e40 0000000102b72ea8
0x00007000019dc9e0:   0000000102b72f88 0000000102b72ff0
0x00007000019dc9f0:   0000000102b730d0 0000000100000007
0x00007000019dca00:   0000000102b73258 0000000100000000
0x00007000019dca10:   00000001009f7120 0000000105b58f10
0x00007000019dca20:   0000000105b58f10 0000000105b58f10
0x00007000019dca30:   0000000105b58f10 0000000105b58f10
0x00007000019dca40:   0000000105b58f10 0000000105b58f10
0x00007000019dca50:   0000000102b73980 0000000102b73a68
0x00007000019dca60:   0000000102b73b48 0000000102b73bb0
0x00007000019dca70:   0000000102b73c90 0000000102b73cf8
0x00007000019dca80:   0000000102b73dd8 0000000102b73e40 

Instructions: (pc=0x0000000110d3255e)
0x0000000110d3253e:   85 1c f4 ff ff 8b 7d ec 48 8b 75 e0 48 8b 55 d8
0x0000000110d3254e:   e8 fd 22 09 00 48 8b 55 a0 48 8b 92 d0 00 00 00
0x0000000110d3255e:   48 8b 12 48 81 e2 20 00 00 00 48 81 fa 00 00 00
0x0000000110d3256e:   00 0f 85 3c 00 00 00 48 8d b5 a0 f4 ff ff c7 85 

Register to memory mapping:

RAX=0x0000000000000001 is an unknown value
RBX=0x0000000000000000 is an unknown value
RCX=0x000000011b3bb5b8 is an unknown value
RDX=0x0000000000000000 is an unknown value
RSP=0x00007000019dc890 is pointing into the stack for thread: 0x0000000101d02000
RBP=0x00007000019dd4a0 is pointing into the stack for thread: 0x0000000101d02000
RSI=0x0000000000000000 is an unknown value
RDI=0x00000000005ebdbc is an unknown value
R8 =0x00000001115cf740: cstate+0 in /Applications/exelis/idl85/bin/bin.darwin.x86_64/libidl.8.5.dylib at 0x0000000110b7f000
R9 =0x0000000000007ffd is an unknown value
R10=0x00007fff821b57ee: sigprocmask+0xa in /usr/lib/system/libsystem_kernel.dylib at 0x00007fff8219d000
R11=0x0000000000000246 is an unknown value
R12=0x00007000019dd5e0 is pointing into the stack for thread: 0x0000000101d02000
R13=0x00000001115cf230: IDL_msg_jmp_env+0 in /Applications/exelis/idl85/bin/bin.darwin.x86_64/libidl.8.5.dylib at 0x0000000110b7f000
R14=0x0000000000000018 is an unknown value
R15=0x0000000000000000 is an unknown value


Stack: [0x00007000018e5000,0x00007000019e5000],  sp=0x00007000019dc890,  free space=990k
Native frames: (J=compiled Java code, j=interpreted, Vv=VM code, C=native code)
C  [libidl.8.5.dylib+0x1b355e]  IDL_GrModelDraw+0x71e
C  [libidl.8.5.dylib+0x4113ff]  IDL_ObjCallMethodEx+0x79f
C  [libidl.8.5.dylib+0x40dbea]  IDL_ObjCallMethod+0x7a
C  [libidl.8.5.dylib+0x1348b1]  igSrcDestObjCallMethod+0x141
C  [libidl.8.5.dylib+0x245bbb]  IDL_GrContainerDraw+0x36b
C  [libidl.8.5.dylib+0x1b3553]  IDL_GrModelDraw+0x713
C  [libidl.8.5.dylib+0x4113ff]  IDL_ObjCallMethodEx+0x79f
C  [libidl.8.5.dylib+0x40dbea]  IDL_ObjCallMethod+0x7a
C  [libidl.8.5.dylib+0x1348b1]  igSrcDestObjCallMethod+0x141
C  [libidl.8.5.dylib+0x245bbb]  IDL_GrContainerDraw+0x36b
C  [libidl.8.5.dylib+0x1b3553]  IDL_GrModelDraw+0x713
C  [libidl.8.5.dylib+0x4113ff]  IDL_ObjCallMethodEx+0x79f
C  [libidl.8.5.dylib+0x40dbea]  IDL_ObjCallMethod+0x7a
C  [libidl.8.5.dylib+0x1348b1]  igSrcDestObjCallMethod+0x141
C  [libidl.8.5.dylib+0x245bbb]  IDL_GrContainerDraw+0x36b
C  [libidl.8.5.dylib+0x1b3553]  IDL_GrModelDraw+0x713
C  [libidl.8.5.dylib+0x4113ff]  IDL_ObjCallMethodEx+0x79f
C  [libidl.8.5.dylib+0x40dbea]  IDL_ObjCallMethod+0x7a
C  [libidl.8.5.dylib+0x1348b1]  igSrcDestObjCallMethod+0x141
C  [libidl.8.5.dylib+0x245bbb]  IDL_GrContainerDraw+0x36b
C  [libidl.8.5.dylib+0x19b8c3]  IDL_GrViewDraw+0x263
C  [libidl.8.5.dylib+0x4113ff]  IDL_ObjCallMethodEx+0x79f
C  [libidl.8.5.dylib+0x40dbea]  IDL_ObjCallMethod+0x7a
C  [libidl.8.5.dylib+0x1348b1]  igSrcDestObjCallMethod+0x141
C  [libidl.8.5.dylib+0x139f0d]  igViewGroupDraw+0x29d
C  [libidl.8.5.dylib+0x139c67]  IDL_grViewGroupDraw+0x27
C  [libidl.8.5.dylib+0x4113ff]  IDL_ObjCallMethodEx+0x79f
C  [libidl.8.5.dylib+0x40dbea]  IDL_ObjCallMethod+0x7a
C  [libidl.8.5.dylib+0x1348b1]  igSrcDestObjCallMethod+0x141
C  [libidl.8.5.dylib+0x245bbb]  IDL_GrContainerDraw+0x36b
C  [libidl.8.5.dylib+0x2fcf9]  IDL_GrSceneDraw+0x1d9
C  [libidl.8.5.dylib+0x322de7]  interpreter+0x87d7
C  [libidl.8.5.dylib+0x444d9b]  IDL_Executive+0xebb
C  [libidl.8.5.dylib+0x3242c4]  IDL_InterpCallFromSysproc+0xe4
C  [libidl.8.5.dylib+0x4114d4]  IDL_ObjCallMethodEx+0x874
C  [libidl.8.5.dylib+0x40dbea]  IDL_ObjCallMethod+0x7a
C  [libidl.8.5.dylib+0x1348b1]  igSrcDestObjCallMethod+0x141
C  [libidl.8.5.dylib+0x131824]  IDL_GrSrcDestDraw+0x4b4
C  [libidl.8.5.dylib+0x322de7]  interpreter+0x87d7
C  [libidl.8.5.dylib+0x444d9b]  IDL_Executive+0xebb
C  [libidl_ips.8.5.dylib+0x9604]  ips_main+0x284
C  [libidl_ips.8.5.dylib+0xa83c]  IPS_RunClient+0x3c
C  [libidl_ips.8.5.dylib+0x15543]  IPS_Start+0x13
C  [libidl_ips.8.5.dylib+0xb94]  Java_com_rsi_idldt_core_ips_IPS_1Access_IPS_1Start+0x204
j  com.rsi.idldt.core.ips.IPS_Access.IPS_Start([Ljava/lang/String;)V+0
j  com.rsi.idldt.core.ips.IPS_Manager$2.run()V+15
j  java.lang.Thread.run()V+11
v  ~StubRoutines::call_stub
V  [libjvm.dylib+0x28a5c3]
V  [libjvm.dylib+0x28aaa2]
V  [libjvm.dylib+0x28abdc]
V  [libjvm.dylib+0x2c1868]
V  [libjvm.dylib+0x47cbd8]
V  [libjvm.dylib+0x47e0ca]
V  [libjvm.dylib+0x3b95f9]
C  [libsystem_pthread.dylib+0x3c13]  _pthread_body+0x83
C  [libsystem_pthread.dylib+0x3b90]  _pthread_body+0x0
C  [libsystem_pthread.dylib+0x1375]  thread_start+0xd

Java frames: (J=compiled Java code, j=interpreted, Vv=VM code)
j  com.rsi.idldt.core.ips.IPS_Access.IPS_Start([Ljava/lang/String;)V+0
j  com.rsi.idldt.core.ips.IPS_Manager$2.run()V+15
j  java.lang.Thread.run()V+11
v  ~StubRoutines::call_stub

---------------  P R O C E S S  ---------------

Java Threads: ( => current thread )
  0x000000010195f800 JavaThread "Worker-9" [_thread_blocked, id=28383, stack(0x0000700002e30000,0x0000700002f30000)]
  0x000000011623b800 JavaThread "Worker-8" [_thread_blocked, id=59191, stack(0x0000700002ba7000,0x0000700002ca7000)]
  0x0000000115de5800 JavaThread "Worker-7" [_thread_blocked, id=82203, stack(0x0000700001f00000,0x0000700002000000)]
  0x0000000115900800 JavaThread "[ThreadPool Manager] - Idle Thread" daemon [_thread_blocked, id=38755, stack(0x0000700002aa4000,0x0000700002ba4000)]
  0x0000000117000000 JavaThread "Timer-2" daemon [_thread_blocked, id=64275, stack(0x000070000291e000,0x0000700002a1e000)]
  0x0000000112c4f800 JavaThread "Timer-1" daemon [_thread_blocked, id=64039, stack(0x000070000281b000,0x000070000291b000)]
  0x0000000112921800 JavaThread "Thread-11" [_thread_in_native, id=62723, stack(0x0000700002718000,0x0000700002818000)]
  0x0000000100875000 JavaThread "IDLDT DOM Worker-3" [_thread_blocked, id=61187, stack(0x0000700002615000,0x0000700002715000)]
  0x0000000100b51800 JavaThread "IDLDT DOM Worker-2" [_thread_blocked, id=60431, stack(0x0000700002512000,0x0000700002612000)]
  0x0000000100920800 JavaThread "IDLDT DOM Worker-1" [_thread_blocked, id=60687, stack(0x000070000240f000,0x000070000250f000)]
  0x0000000101e02800 JavaThread "IDLDT DOM Worker-0" [_thread_blocked, id=60951, stack(0x000070000230c000,0x000070000240c000)]
  0x00000001013f4800 JavaThread "Timer-0" daemon [_thread_blocked, id=56603, stack(0x0000700002209000,0x0000700002309000)]
  0x0000000100bb8800 JavaThread "Worker-5" [_thread_blocked, id=57095, stack(0x0000700002106000,0x0000700002206000)]
  0x0000000101b62000 JavaThread "Worker-4" [_thread_blocked, id=55955, stack(0x0000700002003000,0x0000700002103000)]
  0x00000001128c6800 JavaThread "Worker-2" [_thread_blocked, id=56863, stack(0x00007000019e8000,0x0000700001ae8000)]
  0x0000000102938800 JavaThread "Worker-1" [_thread_blocked, id=55303, stack(0x0000700001dfd000,0x0000700001efd000)]
=>0x0000000101d02000 JavaThread "IDL" [_thread_in_native, id=44547, stack(0x00007000018e5000,0x00007000019e5000)]
  0x0000000100882800 JavaThread "IDLToJava Broker" daemon [_thread_blocked, id=44291, stack(0x00007000012d3000,0x00007000013d3000)]
  0x0000000102a2f000 JavaThread "Provisioning Event Dispatcher" daemon [_thread_blocked, id=41731, stack(0x00007000017e2000,0x00007000018e2000)]
  0x0000000102959800 JavaThread "Bundle File Closer" daemon [_thread_blocked, id=41219, stack(0x00007000015dc000,0x00007000016dc000)]
  0x00000001019a1000 JavaThread "Worker-JM" [_thread_blocked, id=40963, stack(0x00007000014d9000,0x00007000015d9000)]
  0x0000000101061000 JavaThread "[Timer] - Main Queue Handler" daemon [_thread_blocked, id=40707, stack(0x00007000013d6000,0x00007000014d6000)]
  0x0000000100853800 JavaThread "Framework Event Dispatcher" daemon [_thread_blocked, id=40207, stack(0x00007000011d0000,0x00007000012d0000)]
  0x0000000102990000 JavaThread "Start Level Event Dispatcher" daemon [_thread_blocked, id=39939, stack(0x00007000010cd000,0x00007000011cd000)]
  0x0000000102a18800 JavaThread "State Data Manager" daemon [_thread_blocked, id=39439, stack(0x0000700000fca000,0x00007000010ca000)]
  0x000000010295e000 JavaThread "Framework Active Thread" [_thread_blocked, id=39687, stack(0x0000700000ec7000,0x0000700000fc7000)]
  0x000000010186a000 JavaThread "Service Thread" daemon [_thread_blocked, id=24579, stack(0x0000700000c3e000,0x0000700000d3e000)]
  0x0000000101869800 JavaThread "C2 CompilerThread1" daemon [_thread_blocked, id=24323, stack(0x0000700000b3b000,0x0000700000c3b000)]
  0x0000000101868000 JavaThread "C2 CompilerThread0" daemon [_thread_blocked, id=24067, stack(0x0000700000a38000,0x0000700000b38000)]
  0x0000000101866800 JavaThread "Signal Dispatcher" daemon [_thread_blocked, id=23563, stack(0x0000700000935000,0x0000700000a35000)]
  0x0000000102867000 JavaThread "Finalizer" daemon [_thread_blocked, id=23043, stack(0x0000700000832000,0x0000700000932000)]
  0x0000000102860800 JavaThread "Reference Handler" daemon [_thread_blocked, id=22787, stack(0x000070000072f000,0x000070000082f000)]
  0x0000000101005000 JavaThread "main" [_thread_in_native, id=1295, stack(0x00007fff5f400000,0x00007fff5fc00000)]

Other Threads:
  0x000000010285f800 VMThread [stack: 0x000070000062c000,0x000070000072c000] [id=22531]
  0x0000000100821000 WatcherThread [stack: 0x0000700000d41000,0x0000700000e41000] [id=24835]

VM state:not at safepoint (normal execution)

VM Mutex/Monitor currently owned by a thread: None

Heap
 PSYoungGen      total 271104K, used 108238K [0x00000007eaab0000, 0x00000007fcf30000, 0x0000000800000000)
  eden space 245632K, 44% used [0x00000007eaab0000,0x00000007f1463bb0,0x00000007f9a90000)
  from space 25472K, 0% used [0x00000007fb650000,0x00000007fb650000,0x00000007fcf30000)
  to   space 26944K, 0% used [0x00000007f9a90000,0x00000007f9a90000,0x00000007fb4e0000)
 ParOldGen       total 87424K, used 42891K [0x00000007c0000000, 0x00000007c5560000, 0x00000007eaab0000)
  object space 87424K, 49% used [0x00000007c0000000,0x00000007c29e2e30,0x00000007c5560000)
 PSPermGen       total 70848K, used 51644K [0x00000007bae00000, 0x00000007bf330000, 0x00000007c0000000)
  object space 70848K, 72% used [0x00000007bae00000,0x00000007be06f0c8,0x00000007bf330000)

Card table byte_map: [0x0000000108f93000,0x00000001091bd000] byte_map_base: 0x00000001051bc000

Polling page: 0x0000000100751000

Code Cache  [0x0000000105ed3000, 0x00000001064d3000, 0x0000000108ed3000)
 total_blobs=2014 nmethods=1474 adapters=490 free_code_cache=43314Kb largest_free_block=44086656

Compilation events (10 events):
Event: 811.246 Thread 0x0000000101868000 1665             java.lang.AbstractStringBuilder::substring (62 bytes)
Event: 811.249 Thread 0x0000000101868000 nmethod 1665 0x0000000105f3b790 code [0x0000000105f3b900, 0x0000000105f3bc58]
Event: 811.259 Thread 0x0000000101869800 1666             org.eclipse.jface.text.TextViewer::applyTextPresentation (101 bytes)
Event: 811.267 Thread 0x0000000101869800 nmethod 1666 0x0000000106033ed0 code [0x0000000106034100, 0x0000000106034880]
Event: 811.285 Thread 0x0000000101868000 1667             org.eclipse.jface.text.TreeLineTracker::updateParentBalanceAfterInsertion (112 bytes)
Event: 811.287 Thread 0x0000000101868000 nmethod 1667 0x0000000105f58290 code [0x0000000105f58400, 0x0000000105f585c8]
Event: 811.287 Thread 0x0000000101869800 1668             org.eclipse.jface.text.TreeLineTracker::setChild (60 bytes)
Event: 811.288 Thread 0x0000000101869800 nmethod 1668 0x0000000105f57e90 code [0x0000000105f57fe0, 0x0000000105f581a8]
Event: 811.748 Thread 0x0000000101868000 1669             com.rsi.idldt.core.internal.dom.DOMNode::removeAndShrinkArray (97 bytes)
Event: 811.752 Thread 0x0000000101868000 nmethod 1669 0x0000000105f57850 code [0x0000000105f579a0, 0x0000000105f57cb8]

GC Heap History (10 events):
Event: 647.719 GC heap before
{Heap before GC invocations=28 (full 10):
 PSYoungGen      total 273856K, used 1758K [0x00000007eaab0000, 0x00000007fd430000, 0x0000000800000000)
  eden space 245632K, 0% used [0x00000007eaab0000,0x00000007eaab0000,0x00000007f9a90000)
  from space 28224K, 6% used [0x00000007fb8a0000,0x00000007fba57ae0,0x00000007fd430000)
  to   space 29504K, 0% used [0x00000007f9a90000,0x00000007f9a90000,0x00000007fb760000)
 ParOldGen       total 87424K, used 43421K [0x00000007c0000000, 0x00000007c5560000, 0x00000007eaab0000)
  object space 87424K, 49% used [0x00000007c0000000,0x00000007c2a67468,0x00000007c5560000)
 PSPermGen       total 81728K, used 51366K [0x00000007bae00000, 0x00000007bfdd0000, 0x00000007c0000000)
  object space 81728K, 62% used [0x00000007bae00000,0x00000007be029858,0x00000007bfdd0000)
Event: 647.854 GC heap after
Heap after GC invocations=28 (full 10):
 PSYoungGen      total 273856K, used 0K [0x00000007eaab0000, 0x00000007fd430000, 0x0000000800000000)
  eden space 245632K, 0% used [0x00000007eaab0000,0x00000007eaab0000,0x00000007f9a90000)
  from space 28224K, 0% used [0x00000007fb8a0000,0x00000007fb8a0000,0x00000007fd430000)
  to   space 29504K, 0% used [0x00000007f9a90000,0x00000007f9a90000,0x00000007fb760000)
 ParOldGen       total 87424K, used 42515K [0x00000007c0000000, 0x00000007c5560000, 0x00000007eaab0000)
  object space 87424K, 48% used [0x00000007c0000000,0x00000007c2984c28,0x00000007c5560000)
 PSPermGen       total 77568K, used 51365K [0x00000007bae00000, 0x00000007bf9c0000, 0x00000007c0000000)
  object space 77568K, 66% used [0x00000007bae00000,0x00000007be0295b8,0x00000007bf9c0000)
}
Event: 707.717 GC heap before
{Heap before GC invocations=29 (full 10):
 PSYoungGen      total 273856K, used 34863K [0x00000007eaab0000, 0x00000007fd430000, 0x0000000800000000)
  eden space 245632K, 14% used [0x00000007eaab0000,0x00000007eccbbde8,0x00000007f9a90000)
  from space 28224K, 0% used [0x00000007fb8a0000,0x00000007fb8a0000,0x00000007fd430000)
  to   space 29504K, 0% used [0x00000007f9a90000,0x00000007f9a90000,0x00000007fb760000)
 ParOldGen       total 87424K, used 42515K [0x00000007c0000000, 0x00000007c5560000, 0x00000007eaab0000)
  object space 87424K, 48% used [0x00000007c0000000,0x00000007c2984c28,0x00000007c5560000)
 PSPermGen       total 77568K, used 51586K [0x00000007bae00000, 0x00000007bf9c0000, 0x00000007c0000000)
  object space 77568K, 66% used [0x00000007bae00000,0x00000007be060a38,0x00000007bf9c0000)
Event: 707.721 GC heap after
Heap after GC invocations=29 (full 10):
 PSYoungGen      total 246016K, used 369K [0x00000007eaab0000, 0x00000007fd210000, 0x0000000800000000)
  eden space 245632K, 0% used [0x00000007eaab0000,0x00000007eaab0000,0x00000007f9a90000)
  from space 384K, 96% used [0x00000007f9a90000,0x00000007f9aec470,0x00000007f9af0000)
  to   space 28416K, 0% used [0x00000007fb650000,0x00000007fb650000,0x00000007fd210000)
 ParOldGen       total 87424K, used 42515K [0x00000007c0000000, 0x00000007c5560000, 0x00000007eaab0000)
  object space 87424K, 48% used [0x00000007c0000000,0x00000007c2984c28,0x00000007c5560000)
 PSPermGen       total 77568K, used 51586K [0x00000007bae00000, 0x00000007bf9c0000, 0x00000007c0000000)
  object space 77568K, 66% used [0x00000007bae00000,0x00000007be060a38,0x00000007bf9c0000)
}
Event: 707.721 GC heap before
{Heap before GC invocations=30 (full 11):
 PSYoungGen      total 246016K, used 369K [0x00000007eaab0000, 0x00000007fd210000, 0x0000000800000000)
  eden space 245632K, 0% used [0x00000007eaab0000,0x00000007eaab0000,0x00000007f9a90000)
  from space 384K, 96% used [0x00000007f9a90000,0x00000007f9aec470,0x00000007f9af0000)
  to   space 28416K, 0% used [0x00000007fb650000,0x00000007fb650000,0x00000007fd210000)
 ParOldGen       total 87424K, used 42515K [0x00000007c0000000, 0x00000007c5560000, 0x00000007eaab0000)
  object space 87424K, 48% used [0x00000007c0000000,0x00000007c2984c28,0x00000007c5560000)
 PSPermGen       total 77568K, used 51586K [0x00000007bae00000, 0x00000007bf9c0000, 0x00000007c0000000)
  object space 77568K, 66% used [0x00000007bae00000,0x00000007be060a38,0x00000007bf9c0000)
Event: 707.883 GC heap after
Heap after GC invocations=30 (full 11):
 PSYoungGen      total 246016K, used 0K [0x00000007eaab0000, 0x00000007fd210000, 0x0000000800000000)
  eden space 245632K, 0% used [0x00000007eaab0000,0x00000007eaab0000,0x00000007f9a90000)
  from space 384K, 0% used [0x00000007f9a90000,0x00000007f9a90000,0x00000007f9af0000)
  to   space 28416K, 0% used [0x00000007fb650000,0x00000007fb650000,0x00000007fd210000)
 ParOldGen       total 87424K, used 42666K [0x00000007c0000000, 0x00000007c5560000, 0x00000007eaab0000)
  object space 87424K, 48% used [0x00000007c0000000,0x00000007c29aa858,0x00000007c5560000)
 PSPermGen       total 74496K, used 51585K [0x00000007bae00000, 0x00000007bf6c0000, 0x00000007c0000000)
  object space 74496K, 69% used [0x00000007bae00000,0x00000007be0606f8,0x00000007bf6c0000)
}
Event: 769.042 GC heap before
{Heap before GC invocations=31 (full 11):
 PSYoungGen      total 246016K, used 110792K [0x00000007eaab0000, 0x00000007fd210000, 0x0000000800000000)
  eden space 245632K, 45% used [0x00000007eaab0000,0x00000007f16e2188,0x00000007f9a90000)
  from space 384K, 0% used [0x00000007f9a90000,0x00000007f9a90000,0x00000007f9af0000)
  to   space 28416K, 0% used [0x00000007fb650000,0x00000007fb650000,0x00000007fd210000)
 ParOldGen       total 87424K, used 42666K [0x00000007c0000000, 0x00000007c5560000, 0x00000007eaab0000)
  object space 87424K, 48% used [0x00000007c0000000,0x00000007c29aa858,0x00000007c5560000)
 PSPermGen       total 74496K, used 51604K [0x00000007bae00000, 0x00000007bf6c0000, 0x00000007c0000000)
  object space 74496K, 69% used [0x00000007bae00000,0x00000007be0650a8,0x00000007bf6c0000)
Event: 769.057 GC heap after
Heap after GC invocations=31 (full 11):
 PSYoungGen      total 271104K, used 2153K [0x00000007eaab0000, 0x00000007fcf30000, 0x0000000800000000)
  eden space 245632K, 0% used [0x00000007eaab0000,0x00000007eaab0000,0x00000007f9a90000)
  from space 25472K, 8% used [0x00000007fb650000,0x00000007fb86a6f8,0x00000007fcf30000)
  to   space 26944K, 0% used [0x00000007f9a90000,0x00000007f9a90000,0x00000007fb4e0000)
 ParOldGen       total 87424K, used 42666K [0x00000007c0000000, 0x00000007c5560000, 0x00000007eaab0000)
  object space 87424K, 48% used [0x00000007c0000000,0x00000007c29aa858,0x00000007c5560000)
 PSPermGen       total 74496K, used 51604K [0x00000007bae00000, 0x00000007bf6c0000, 0x00000007c0000000)
  object space 74496K, 69% used [0x00000007bae00000,0x00000007be0650a8,0x00000007bf6c0000)
}
Event: 769.057 GC heap before
{Heap before GC invocations=32 (full 12):
 PSYoungGen      total 271104K, used 2153K [0x00000007eaab0000, 0x00000007fcf30000, 0x0000000800000000)
  eden space 245632K, 0% used [0x00000007eaab0000,0x00000007eaab0000,0x00000007f9a90000)
  from space 25472K, 8% used [0x00000007fb650000,0x00000007fb86a6f8,0x00000007fcf30000)
  to   space 26944K, 0% used [0x00000007f9a90000,0x00000007f9a90000,0x00000007fb4e0000)
 ParOldGen       total 87424K, used 42666K [0x00000007c0000000, 0x00000007c5560000, 0x00000007eaab0000)
  object space 87424K, 48% used [0x00000007c0000000,0x00000007c29aa858,0x00000007c5560000)
 PSPermGen       total 74496K, used 51604K [0x00000007bae00000, 0x00000007bf6c0000, 0x00000007c0000000)
  object space 74496K, 69% used [0x00000007bae00000,0x00000007be0650a8,0x00000007bf6c0000)
Event: 769.179 GC heap after
Heap after GC invocations=32 (full 12):
 PSYoungGen      total 271104K, used 0K [0x00000007eaab0000, 0x00000007fcf30000, 0x0000000800000000)
  eden space 245632K, 0% used [0x00000007eaab0000,0x00000007eaab0000,0x00000007f9a90000)
  from space 25472K, 0% used [0x00000007fb650000,0x00000007fb650000,0x00000007fcf30000)
  to   space 26944K, 0% used [0x00000007f9a90000,0x00000007f9a90000,0x00000007fb4e0000)
 ParOldGen       total 87424K, used 42891K [0x00000007c0000000, 0x00000007c5560000, 0x00000007eaab0000)
  object space 87424K, 49% used [0x00000007c0000000,0x00000007c29e2e30,0x00000007c5560000)
 PSPermGen       total 70848K, used 51603K [0x00000007bae00000, 0x00000007bf330000, 0x00000007c0000000)
  object space 70848K, 72% used [0x00000007bae00000,0x00000007be064cc8,0x00000007bf330000)
}

Deoptimization events (10 events):
Event: 808.359 Thread 0x0000000101b62000 Uncommon trap -58 fr.pc 0x000000010636ac64
Event: 808.359 Thread 0x0000000101b62000 Uncommon trap -58 fr.pc 0x000000010636ac64
Event: 808.359 Thread 0x0000000101b62000 Uncommon trap -58 fr.pc 0x000000010636ac64
Event: 808.359 Thread 0x0000000101b62000 Uncommon trap -58 fr.pc 0x000000010636ac64
Event: 808.555 Thread 0x0000000101005000 Uncommon trap -34 fr.pc 0x000000010629a828
Event: 808.671 Thread 0x0000000101005000 Uncommon trap -34 fr.pc 0x0000000106448938
Event: 808.858 Thread 0x0000000101005000 Uncommon trap -34 fr.pc 0x00000001064bf298
Event: 808.925 Thread 0x0000000101005000 Uncommon trap -34 fr.pc 0x00000001064bf298
Event: 808.940 Thread 0x0000000101005000 Uncommon trap -34 fr.pc 0x00000001064bf298
Event: 808.993 Thread 0x0000000101005000 Uncommon trap -34 fr.pc 0x00000001064bf298

Internal exceptions (10 events):
Event: 810.417 Thread 0x0000000101005000 Threw 0x00000007f07d29e8 at /HUDSON/workspace/jdk7u25-2-build-macosx-amd64-product/jdk7u25/hotspot/src/share/vm/prims/nativeLookup.
Event: 810.417 Thread 0x0000000101005000 Threw 0x00000007f07d3708 at /HUDSON/workspace/jdk7u25-2-build-macosx-amd64-product/jdk7u25/hotspot/src/share/vm/prims/nativeLookup.
Event: 810.417 Thread 0x0000000101005000 Threw 0x00000007f07d3df8 at /HUDSON/workspace/jdk7u25-2-build-macosx-amd64-product/jdk7u25/hotspot/src/share/vm/prims/nativeLookup.
Event: 811.085 Thread 0x0000000101005000 Threw 0x00000007f08e4b20 at /HUDSON/workspace/jdk7u25-2-build-macosx-amd64-product/jdk7u25/hotspot/src/share/vm/prims/nativeLookup.
Event: 811.085 Thread 0x0000000101005000 Threw 0x00000007f08e5678 at /HUDSON/workspace/jdk7u25-2-build-macosx-amd64-product/jdk7u25/hotspot/src/share/vm/prims/nativeLookup.
Event: 811.085 Thread 0x0000000101005000 Threw 0x00000007f08e62f8 at /HUDSON/workspace/jdk7u25-2-build-macosx-amd64-product/jdk7u25/hotspot/src/share/vm/prims/nativeLookup.
Event: 811.085 Thread 0x0000000101005000 Threw 0x00000007f08e6ab0 at /HUDSON/workspace/jdk7u25-2-build-macosx-amd64-product/jdk7u25/hotspot/src/share/vm/prims/nativeLookup.
Event: 811.193 Thread 0x0000000101005000 Threw 0x00000007f096c890 at /HUDSON/workspace/jdk7u25-2-build-macosx-amd64-product/jdk7u25/hotspot/src/share/vm/prims/nativeLookup.
Event: 811.193 Thread 0x0000000101005000 Threw 0x00000007f096cf80 at /HUDSON/workspace/jdk7u25-2-build-macosx-amd64-product/jdk7u25/hotspot/src/share/vm/prims/nativeLookup.
Event: 811.750 Thread 0x0000000101d02000 Threw 0x00000007efe29db8 at /HUDSON/workspace/jdk7u25-2-build-macosx-amd64-product/jdk7u25/hotspot/src/share/vm/prims/nativeLookup.

Events (10 events):
Event: 811.284 Executing VM operation: RevokeBias
Event: 811.284 Executing VM operation: RevokeBias done
Event: 811.284 Executing VM operation: RevokeBias
Event: 811.284 Executing VM operation: RevokeBias done
Event: 811.284 Executing VM operation: RevokeBias
Event: 811.284 Executing VM operation: RevokeBias done
Event: 811.285 Thread 0x0000000115e14000 Thread exited: 0x0000000115e14000
Event: 811.288 Thread 0x0000000101869800 flushing nmethod 0x0000000106021a90
Event: 811.288 Thread 0x0000000101869800 flushing nmethod 0x0000000106024310
Event: 811.288 Thread 0x0000000101869800 flushing nmethod 0x0000000106025f50


Dynamic libraries:
0x00000000008d6000 	/System/Library/Frameworks/Cocoa.framework/Versions/A/Cocoa
0x00000000008d6000 	/usr/lib/libSystem.B.dylib
0x00000000008d6000 	/System/Library/Frameworks/CoreServices.framework/Versions/A/CoreServices
0x00000000008d6000 	/usr/lib/libobjc.A.dylib
0x00000000008d6000 	/System/Library/Frameworks/CoreFoundation.framework/Versions/A/CoreFoundation
0x00000000008d6000 	/System/Library/Frameworks/AppKit.framework/Versions/C/AppKit
0x00000000008d6000 	/System/Library/Frameworks/ApplicationServices.framework/Versions/A/ApplicationServices
0x00000000008d6000 	/System/Library/Frameworks/Foundation.framework/Versions/C/Foundation
0x00000000008d6000 	/System/Library/Frameworks/CoreData.framework/Versions/A/CoreData
0x00000000008d6000 	/System/Library/PrivateFrameworks/RemoteViewServices.framework/Versions/A/RemoteViewServices
0x00000000008d6000 	/System/Library/PrivateFrameworks/UIFoundation.framework/Versions/A/UIFoundation
0x00000000008d6000 	/usr/lib/libScreenReader.dylib
0x00000000008d6000 	/System/Library/Frameworks/Accelerate.framework/Versions/A/Accelerate
0x00000000008d6000 	/System/Library/Frameworks/IOSurface.framework/Versions/A/IOSurface
0x00000000008d6000 	/System/Library/Frameworks/AudioToolbox.framework/Versions/A/AudioToolbox
0x00000000008d6000 	/System/Library/Frameworks/AudioUnit.framework/Versions/A/AudioUnit
0x00000000008d6000 	/System/Library/PrivateFrameworks/DataDetectorsCore.framework/Versions/A/DataDetectorsCore
0x00000000008d6000 	/System/Library/PrivateFrameworks/DesktopServicesPriv.framework/Versions/A/DesktopServicesPriv
0x00000000008d6000 	/System/Library/Frameworks/Carbon.framework/Versions/A/Frameworks/HIToolbox.framework/Versions/A/HIToolbox
0x00000000008d6000 	/System/Library/Frameworks/QuartzCore.framework/Versions/A/QuartzCore
0x00000000008d6000 	/System/Library/Frameworks/Security.framework/Versions/A/Security
0x00000000008d6000 	/System/Library/Frameworks/Carbon.framework/Versions/A/Frameworks/SpeechRecognition.framework/Versions/A/SpeechRecognition
0x00000000008d6000 	/usr/lib/libauto.dylib
0x00000000008d6000 	/usr/lib/libicucore.A.dylib
0x00000000008d6000 	/usr/lib/libxml2.2.dylib
0x00000000008d6000 	/usr/lib/libz.1.dylib
0x00000000008d6000 	/System/Library/PrivateFrameworks/CoreUI.framework/Versions/A/CoreUI
0x00000000008d6000 	/System/Library/Frameworks/CoreAudio.framework/Versions/A/CoreAudio
0x00000000008d6000 	/System/Library/Frameworks/DiskArbitration.framework/Versions/A/DiskArbitration
0x00000000008d6000 	/usr/lib/liblangid.dylib
0x00000000008d6000 	/System/Library/PrivateFrameworks/MultitouchSupport.framework/Versions/A/MultitouchSupport
0x00000000008d6000 	/System/Library/Frameworks/IOKit.framework/Versions/A/IOKit
0x00000000008d6000 	/usr/lib/libDiagnosticMessagesClient.dylib
0x00000000008d6000 	/System/Library/PrivateFrameworks/PerformanceAnalysis.framework/Versions/A/PerformanceAnalysis
0x00000000008d6000 	/System/Library/PrivateFrameworks/GenerationalStorage.framework/Versions/A/GenerationalStorage
0x00000000008d6000 	/System/Library/Frameworks/OpenGL.framework/Versions/A/OpenGL
0x00000000008d6000 	/System/Library/PrivateFrameworks/Sharing.framework/Versions/A/Sharing
0x00000000008d6000 	/System/Library/Frameworks/CoreGraphics.framework/Versions/A/CoreGraphics
0x00000000008d6000 	/System/Library/Frameworks/CoreImage.framework/Versions/A/CoreImage
0x00000000008d6000 	/System/Library/Frameworks/CoreText.framework/Versions/A/CoreText
0x00000000008d6000 	/System/Library/Frameworks/ImageIO.framework/Versions/A/ImageIO
0x00000000008d6000 	/System/Library/PrivateFrameworks/Backup.framework/Versions/A/Backup
0x00000000008d6000 	/usr/lib/libextension.dylib
0x00000000008d6000 	/usr/lib/libarchive.2.dylib
0x00000000008d6000 	/System/Library/Frameworks/CFNetwork.framework/Versions/A/CFNetwork
0x00000000008d6000 	/System/Library/Frameworks/SystemConfiguration.framework/Versions/A/SystemConfiguration
0x00000000008d6000 	/usr/lib/libCRFSuite.dylib
0x00000000008d6000 	/usr/lib/libc++.1.dylib
0x00000000008d6000 	/usr/lib/libc++abi.dylib
0x00000000008d6000 	/usr/lib/system/libcache.dylib
0x00000000008d6000 	/usr/lib/system/libcommonCrypto.dylib
0x00000000008d6000 	/usr/lib/system/libcompiler_rt.dylib
0x00000000008d6000 	/usr/lib/system/libcopyfile.dylib
0x00000000008d6000 	/usr/lib/system/libcorecrypto.dylib
0x00000000008d6000 	/usr/lib/system/libdispatch.dylib
0x00000000008d6000 	/usr/lib/system/libdyld.dylib
0x00000000008d6000 	/usr/lib/system/libkeymgr.dylib
0x00000000008d6000 	/usr/lib/system/liblaunch.dylib
0x00000000008d6000 	/usr/lib/system/libmacho.dylib
0x00000000008d6000 	/usr/lib/system/libquarantine.dylib
0x00000000008d6000 	/usr/lib/system/libremovefile.dylib
0x00000000008d6000 	/usr/lib/system/libsystem_asl.dylib
0x00000000008d6000 	/usr/lib/system/libsystem_blocks.dylib
0x00000000008d6000 	/usr/lib/system/libsystem_c.dylib
0x00000000008d6000 	/usr/lib/system/libsystem_configuration.dylib
0x00000000008d6000 	/usr/lib/system/libsystem_coreservices.dylib
0x00000000008d6000 	/usr/lib/system/libsystem_coretls.dylib
0x00000000008d6000 	/usr/lib/system/libsystem_dnssd.dylib
0x00000000008d6000 	/usr/lib/system/libsystem_info.dylib
0x00000000008d6000 	/usr/lib/system/libsystem_kernel.dylib
0x00000000008d6000 	/usr/lib/system/libsystem_m.dylib
0x00000000008d6000 	/usr/lib/system/libsystem_malloc.dylib
0x00000000008d6000 	/usr/lib/system/libsystem_network.dylib
0x00000000008d6000 	/usr/lib/system/libsystem_networkextension.dylib
0x00000000008d6000 	/usr/lib/system/libsystem_notify.dylib
0x00000000008d6000 	/usr/lib/system/libsystem_platform.dylib
0x00000000008d6000 	/usr/lib/system/libsystem_pthread.dylib
0x00000000008d6000 	/usr/lib/system/libsystem_sandbox.dylib
0x00000000008d6000 	/usr/lib/system/libsystem_secinit.dylib
0x00000000008d6000 	/usr/lib/system/libsystem_trace.dylib
0x00000000008d6000 	/usr/lib/system/libunc.dylib
0x00000000008d6000 	/usr/lib/system/libunwind.dylib
0x00000000008d6000 	/usr/lib/system/libxpc.dylib
0x00000000008d6000 	/usr/lib/libenergytrace.dylib
0x00000000008d6000 	/usr/lib/libbsm.0.dylib
0x00000000008d6000 	/usr/lib/system/libkxld.dylib
0x00000000008d6000 	/usr/lib/libxar.1.dylib
0x00000000008d6000 	/usr/lib/libsqlite3.dylib
0x00000000008d6000 	/usr/lib/libpam.2.dylib
0x00000000008d6000 	/usr/lib/libOpenScriptingUtil.dylib
0x00000000008d6000 	/usr/lib/libbz2.1.0.dylib
0x00000000008d6000 	/usr/lib/liblzma.5.dylib
0x00000000008d6000 	/System/Library/Frameworks/CoreServices.framework/Versions/A/Frameworks/FSEvents.framework/Versions/A/FSEvents
0x00000000008d6000 	/System/Library/Frameworks/CoreServices.framework/Versions/A/Frameworks/CarbonCore.framework/Versions/A/CarbonCore
0x00000000008d6000 	/System/Library/Frameworks/CoreServices.framework/Versions/A/Frameworks/Metadata.framework/Versions/A/Metadata
0x00000000008d6000 	/System/Library/Frameworks/CoreServices.framework/Versions/A/Frameworks/OSServices.framework/Versions/A/OSServices
0x00000000008d6000 	/System/Library/Frameworks/CoreServices.framework/Versions/A/Frameworks/SearchKit.framework/Versions/A/SearchKit
0x00000000008d6000 	/System/Library/Frameworks/CoreServices.framework/Versions/A/Frameworks/AE.framework/Versions/A/AE
0x00000000008d6000 	/System/Library/Frameworks/CoreServices.framework/Versions/A/Frameworks/LaunchServices.framework/Versions/A/LaunchServices
0x00000000008d6000 	/System/Library/Frameworks/CoreServices.framework/Versions/A/Frameworks/DictionaryServices.framework/Versions/A/DictionaryServices
0x00000000008d6000 	/System/Library/Frameworks/CoreServices.framework/Versions/A/Frameworks/SharedFileList.framework/Versions/A/SharedFileList
0x00000000008d6000 	/System/Library/Frameworks/NetFS.framework/Versions/A/NetFS
0x00000000008d6000 	/System/Library/PrivateFrameworks/NetAuth.framework/Versions/A/NetAuth
0x00000000008d6000 	/System/Library/PrivateFrameworks/login.framework/Versions/A/Frameworks/loginsupport.framework/Versions/A/loginsupport
0x00000000008d6000 	/System/Library/PrivateFrameworks/TCC.framework/Versions/A/TCC
0x00000000008d6000 	/usr/lib/libmecabra.dylib
0x00000000008d6000 	/System/Library/Frameworks/ApplicationServices.framework/Versions/A/Frameworks/ATS.framework/Versions/A/ATS
0x00000000008d6000 	/System/Library/Frameworks/ApplicationServices.framework/Versions/A/Frameworks/ColorSync.framework/Versions/A/ColorSync
0x00000000008d6000 	/System/Library/Frameworks/ApplicationServices.framework/Versions/A/Frameworks/HIServices.framework/Versions/A/HIServices
0x00000000008d6000 	/System/Library/Frameworks/ApplicationServices.framework/Versions/A/Frameworks/LangAnalysis.framework/Versions/A/LangAnalysis
0x00000000008d6000 	/System/Library/Frameworks/ApplicationServices.framework/Versions/A/Frameworks/PrintCore.framework/Versions/A/PrintCore
0x00000000008d6000 	/System/Library/Frameworks/ApplicationServices.framework/Versions/A/Frameworks/QD.framework/Versions/A/QD
0x00000000008d6000 	/System/Library/Frameworks/ApplicationServices.framework/Versions/A/Frameworks/SpeechSynthesis.framework/Versions/A/SpeechSynthesis
0x00000000008d6000 	/System/Library/Frameworks/Metal.framework/Versions/A/Metal
0x00000000008d6000 	/System/Library/Frameworks/Accelerate.framework/Versions/A/Frameworks/vImage.framework/Versions/A/vImage
0x00000000008d6000 	/System/Library/Frameworks/Accelerate.framework/Versions/A/Frameworks/vecLib.framework/Versions/A/vecLib
0x00000000008d6000 	/System/Library/Frameworks/Accelerate.framework/Versions/A/Frameworks/vecLib.framework/Versions/A/libvDSP.dylib
0x00000000008d6000 	/System/Library/Frameworks/Accelerate.framework/Versions/A/Frameworks/vecLib.framework/Versions/A/libvMisc.dylib
0x00000000008d6000 	/System/Library/Frameworks/Accelerate.framework/Versions/A/Frameworks/vecLib.framework/Versions/A/libLAPACK.dylib
0x00000000008d6000 	/System/Library/Frameworks/Accelerate.framework/Versions/A/Frameworks/vecLib.framework/Versions/A/libBLAS.dylib
0x00000000008d6000 	/System/Library/Frameworks/Accelerate.framework/Versions/A/Frameworks/vecLib.framework/Versions/A/libLinearAlgebra.dylib
0x00000000008d6000 	/System/Library/Frameworks/Accelerate.framework/Versions/A/Frameworks/vecLib.framework/Versions/A/libSparseBLAS.dylib
0x00000000008d6000 	/System/Library/PrivateFrameworks/GPUCompiler.framework/libmetal_timestamp.dylib
0x00000000008d6000 	/System/Library/Frameworks/OpenGL.framework/Versions/A/Libraries/libCoreFSCache.dylib
0x00000000008d6000 	/System/Library/PrivateFrameworks/IOAccelerator.framework/Versions/A/IOAccelerator
0x00000000008d6000 	/System/Library/Frameworks/ApplicationServices.framework/Versions/A/Frameworks/ATS.framework/Versions/A/Resources/libFontParser.dylib
0x00000000008d6000 	/System/Library/Frameworks/ApplicationServices.framework/Versions/A/Frameworks/ATS.framework/Versions/A/Resources/libFontRegistry.dylib
0x00000000008d6000 	/System/Library/PrivateFrameworks/AppleVPA.framework/Versions/A/AppleVPA
0x00000000008d6000 	/System/Library/PrivateFrameworks/AppleJPEG.framework/Versions/A/AppleJPEG
0x00000000008d6000 	/System/Library/Frameworks/ImageIO.framework/Versions/A/Resources/libJPEG.dylib
0x00000000008d6000 	/System/Library/Frameworks/ImageIO.framework/Versions/A/Resources/libTIFF.dylib
0x00000000008d6000 	/System/Library/Frameworks/ImageIO.framework/Versions/A/Resources/libPng.dylib
0x00000000008d6000 	/System/Library/Frameworks/ImageIO.framework/Versions/A/Resources/libGIF.dylib
0x00000000008d6000 	/System/Library/Frameworks/ImageIO.framework/Versions/A/Resources/libJP2.dylib
0x00000000008d6000 	/System/Library/Frameworks/ImageIO.framework/Versions/A/Resources/libRadiance.dylib
0x00000000008d6000 	/System/Library/Frameworks/CoreVideo.framework/Versions/A/CoreVideo
0x00000000008d6000 	/System/Library/Frameworks/OpenGL.framework/Versions/A/Libraries/libGLU.dylib
0x00000000008d6000 	/System/Library/Frameworks/OpenGL.framework/Versions/A/Libraries/libGFXShared.dylib
0x00000000008d6000 	/System/Library/Frameworks/OpenGL.framework/Versions/A/Libraries/libGL.dylib
0x00000000008d6000 	/System/Library/Frameworks/OpenGL.framework/Versions/A/Libraries/libGLImage.dylib
0x00000000008d6000 	/System/Library/Frameworks/OpenGL.framework/Versions/A/Libraries/libCVMSPluginSupport.dylib
0x00000000008d6000 	/System/Library/Frameworks/OpenGL.framework/Versions/A/Libraries/libCoreVMClient.dylib
0x00000000008d6000 	/usr/lib/libcups.2.dylib
0x00000000008d6000 	/System/Library/Frameworks/Kerberos.framework/Versions/A/Kerberos
0x00000000008d6000 	/System/Library/Frameworks/GSS.framework/Versions/A/GSS
0x00000000008d6000 	/usr/lib/libresolv.9.dylib
0x00000000008d6000 	/usr/lib/libiconv.2.dylib
0x00000000008d6000 	/System/Library/PrivateFrameworks/Heimdal.framework/Versions/A/Heimdal
0x00000000008d6000 	/usr/lib/libheimdal-asn1.dylib
0x00000000008d6000 	/System/Library/Frameworks/OpenDirectory.framework/Versions/A/OpenDirectory
0x00000000008d6000 	/System/Library/PrivateFrameworks/CommonAuth.framework/Versions/A/CommonAuth
0x00000000008d6000 	/System/Library/Frameworks/OpenDirectory.framework/Versions/A/Frameworks/CFOpenDirectory.framework/Versions/A/CFOpenDirectory
0x00000000008d6000 	/System/Library/Frameworks/SecurityFoundation.framework/Versions/A/SecurityFoundation
0x00000000008d6000 	/System/Library/PrivateFrameworks/LanguageModeling.framework/Versions/A/LanguageModeling
0x00000000008d6000 	/usr/lib/libmarisa.dylib
0x00000000008d6000 	/usr/lib/libChineseTokenizer.dylib
0x00000000008d6000 	/usr/lib/libcmph.dylib
0x00000000008d6000 	/usr/lib/libcompression.dylib
0x00000000008d6000 	/System/Library/Frameworks/ServiceManagement.framework/Versions/A/ServiceManagement
0x00000000008d6000 	/usr/lib/libxslt.1.dylib
0x00000000008d6000 	/System/Library/Frameworks/Carbon.framework/Versions/A/Frameworks/Ink.framework/Versions/A/Ink
0x00000000008d6000 	/usr/lib/libFosl_dynamic.dylib
0x00000000008d6000 	/System/Library/PrivateFrameworks/FaceCore.framework/Versions/A/FaceCore
0x00000000008d6000 	/System/Library/Frameworks/OpenCL.framework/Versions/A/OpenCL
0x00000000008d6000 	/System/Library/PrivateFrameworks/CrashReporterSupport.framework/Versions/A/CrashReporterSupport
0x00000000008d6000 	/System/Library/PrivateFrameworks/IconServices.framework/Versions/A/IconServices
0x00000000008d6000 	/System/Library/PrivateFrameworks/Apple80211.framework/Versions/A/Apple80211
0x00000000008d6000 	/System/Library/Frameworks/CoreWLAN.framework/Versions/A/CoreWLAN
0x00000000008d6000 	/System/Library/Frameworks/IOBluetooth.framework/Versions/A/IOBluetooth
0x00000000008d6000 	/System/Library/PrivateFrameworks/CoreWiFi.framework/Versions/A/CoreWiFi
0x00000000008d6000 	/System/Library/Frameworks/CoreBluetooth.framework/Versions/A/CoreBluetooth
0x00000000008d6000 	/System/Library/PrivateFrameworks/ChunkingLibrary.framework/Versions/A/ChunkingLibrary
0x00000000008d6000 	/System/Library/PrivateFrameworks/DebugSymbols.framework/Versions/A/DebugSymbols
0x00000000008d6000 	/System/Library/PrivateFrameworks/CoreSymbolication.framework/Versions/A/CoreSymbolication
0x00000000008d6000 	/System/Library/PrivateFrameworks/Symbolication.framework/Versions/A/Symbolication
0x00000000008d6000 	/System/Library/PrivateFrameworks/SpeechRecognitionCore.framework/Versions/A/SpeechRecognitionCore
0x00000001000b8000 	/Applications/exelis/idl85/idlde/plugins/org.eclipse.equinox.launcher.cocoa.macosx.x86_64_1.1.101.v20120109-1504/eclipse_1408.so
0x00000000008d6000 	/System/Library/PrivateFrameworks/CoreServicesInternal.framework/Versions/A/CoreServicesInternal
0x000000010542a000 	/Applications/exelis/idl85/idlde/bin.darwin.x86_64/jre/lib/server/libjvm.dylib
0x00000000008d6000 	/usr/lib/libstdc++.6.dylib
0x0000000100714000 	/Applications/exelis/idl85/idlde/bin.darwin.x86_64/jre/lib/libverify.dylib
0x0000000100721000 	/Applications/exelis/idl85/idlde/bin.darwin.x86_64/jre/lib/libjava.dylib
0x000000010075a000 	/Applications/exelis/idl85/idlde/bin.darwin.x86_64/jre/lib/libzip.dylib
0x000000010d00b000 	/System/Library/Frameworks/JavaVM.framework/Frameworks/JavaRuntimeSupport.framework/JavaRuntimeSupport
0x000000010d026000 	/System/Library/Frameworks/JavaVM.framework/Versions/A/Frameworks/JavaNativeFoundation.framework/Versions/A/JavaNativeFoundation
0x00000001007ec000 	/System/Library/Frameworks/JavaVM.framework/Versions/A/JavaVM
0x00000000008d6000 	/System/Library/Frameworks/Carbon.framework/Versions/A/Carbon
0x000000010d03b000 	/System/Library/PrivateFrameworks/JavaLaunching.framework/Versions/A/JavaLaunching
0x00000000008d6000 	/System/Library/Frameworks/Carbon.framework/Versions/A/Frameworks/CommonPanels.framework/Versions/A/CommonPanels
0x00000000008d6000 	/System/Library/Frameworks/Carbon.framework/Versions/A/Frameworks/Help.framework/Versions/A/Help
0x00000000008d6000 	/System/Library/Frameworks/Carbon.framework/Versions/A/Frameworks/ImageCapture.framework/Versions/A/ImageCapture
0x00000000008d6000 	/System/Library/Frameworks/Carbon.framework/Versions/A/Frameworks/OpenScripting.framework/Versions/A/OpenScripting
0x00000000008d6000 	/System/Library/Frameworks/Carbon.framework/Versions/A/Frameworks/Print.framework/Versions/A/Print
0x00000000008d6000 	/System/Library/Frameworks/Carbon.framework/Versions/A/Frameworks/SecurityHI.framework/Versions/A/SecurityHI
0x00000000008d6000 	/System/Library/CoreServices/RawCamera.bundle/Contents/MacOS/RawCamera
0x00000000008d6000 	/System/Library/PrivateFrameworks/FamilyControls.framework/Versions/A/FamilyControls
0x00000000008d6000 	/System/Library/PrivateFrameworks/CommerceKit.framework/Versions/A/Frameworks/CommerceCore.framework/Versions/A/CommerceCore
0x00000000008d6000 	/System/Library/PrivateFrameworks/SystemAdministration.framework/Versions/A/SystemAdministration
0x00000000008d6000 	/System/Library/PrivateFrameworks/AppContainer.framework/Versions/A/AppContainer
0x00000000008d6000 	/System/Library/PrivateFrameworks/SecCodeWrapper.framework/Versions/A/SecCodeWrapper
0x00000000008d6000 	/System/Library/Frameworks/DirectoryService.framework/Versions/A/DirectoryService
0x00000000008d6000 	/System/Library/PrivateFrameworks/DiskImages.framework/Versions/A/DiskImages
0x00000000008d6000 	/System/Library/PrivateFrameworks/LoginUIKit.framework/Versions/A/Frameworks/LoginUICore.framework/Versions/A/LoginUICore
0x00000000008d6000 	/usr/lib/libCoreStorage.dylib
0x00000000008d6000 	/usr/lib/libcsfde.dylib
0x00000000008d6000 	/usr/lib/libodfde.dylib
0x00000000008d6000 	/System/Library/Frameworks/DiscRecording.framework/Versions/A/DiscRecording
0x000000010e18e000 	/Applications/exelis/idl85/bin/bin.darwin.x86_64/libcurl.4.dylib
0x00000000008d6000 	/System/Library/PrivateFrameworks/MediaKit.framework/Versions/A/MediaKit
0x00000000008d6000 	/System/Library/PrivateFrameworks/ProtectedCloudStorage.framework/Versions/A/ProtectedCloudStorage
0x00000000008d6000 	/System/Library/PrivateFrameworks/EFILogin.framework/Versions/A/EFILogin
0x00000000008d6000 	/usr/lib/libutil.dylib
0x00000000008d6000 	/System/Library/PrivateFrameworks/FindMyDevice.framework/Versions/A/FindMyDevice
0x00000000008d6000 	/System/Library/Frameworks/CoreGraphics.framework/Versions/A/Resources/libRIP.A.dylib
0x00000000008d6000 	/System/Library/Frameworks/Accelerate.framework/Versions/A/Frameworks/vImage.framework/Versions/A/Libraries/libCGInterfaces.dylib
0x00000000008d6000 	/System/Library/Frameworks/CoreGraphics.framework/Versions/A/Resources/libCGXType.A.dylib
0x00000000008d6000 	/System/Library/Frameworks/OpenCL.framework/Versions/A/Libraries/libcldcpuengine.dylib
0x000000010f68f000 	cl_kernels
0x00000000008d6000 	/System/Library/Frameworks/OpenCL.framework/Versions/A/Libraries/ImageFormats/unorm8_bgra.dylib
0x00000000008d6000 	/System/Library/Frameworks/OpenCL.framework/Versions/A/Libraries/ImageFormats/unorm8_rgba.dylib
0x000000010f881000 	/Applications/exelis/idl85/idlde/bin.darwin.x86_64/jre/lib/libnet.dylib
0x000000010f8de000 	/Applications/exelis/idl85/idlde/bin.darwin.x86_64/jre/lib/libnio.dylib
0x000000010f4c2000 	/Users/spencerfaber/.swt/lib/macosx/x86_64/libswt-cocoa-3740.jnilib
0x00000000008d6000 	/System/Library/Frameworks/WebKit.framework/Versions/A/WebKit
0x00000000008d6000 	/System/Library/Frameworks/JavaScriptCore.framework/Versions/A/JavaScriptCore
0x00000000008d6000 	/System/Library/Frameworks/SecurityInterface.framework/Versions/A/SecurityInterface
0x00000000008d6000 	/System/Library/Frameworks/WebKit.framework/Versions/A/Frameworks/WebKitLegacy.framework/Versions/A/WebKitLegacy
0x00000000008d6000 	/System/Library/Frameworks/WebKit.framework/Versions/A/Frameworks/WebCore.framework/Versions/A/WebCore
0x000000010f574000 	/Users/spencerfaber/.swt/lib/macosx/x86_64/libswt-pi-cocoa-3740.jnilib
0x0000000110b21000 	/Applications/exelis/idl85/bin/bin.darwin.x86_64/libidl_ips.8.5.dylib
0x0000000110b7f000 	/Applications/exelis/idl85/bin/bin.darwin.x86_64/libidl.8.5.dylib
0x000000011170c000 	/opt/X11/lib/libfreetype.6.dylib
0x00000001106ee000 	/Applications/exelis/idl85/bin/bin.darwin.x86_64/libMesaGLU6_2.dylib
0x00000001117a5000 	/Applications/exelis/idl85/bin/bin.darwin.x86_64/libMesaGL6_2.dylib
0x000000010f98f000 	/Applications/exelis/idl85/bin/bin.darwin.x86_64/libOSMesa6_2.dylib
0x000000010fada000 	/opt/X11/lib/libXp.6.dylib
0x00000001119e7000 	/Applications/exelis/idl85/bin/bin.darwin.x86_64/libXm.3.0.2.dylib
0x000000010fc99000 	/opt/X11/lib/libXpm.4.dylib
0x0000000110251000 	/opt/X11/lib/libXmu.6.dylib
0x000000010fde0000 	/opt/X11/lib/libXext.6.dylib
0x0000000111df6000 	/opt/X11/lib/libXt.6.dylib
0x000000010fae5000 	/opt/X11/lib/libXinerama.1.dylib
0x000000010fc43000 	/opt/X11/lib/libSM.6.dylib
0x0000000110718000 	/opt/X11/lib/libICE.6.dylib
0x0000000111e55000 	/opt/X11/lib/libX11.6.dylib
0x0000000111f86000 	/opt/X11/lib/libxcb.1.dylib
0x000000010faf9000 	/opt/X11/lib/libXau.6.dylib
0x000000010fcac000 	/opt/X11/lib/libXdmcp.6.dylib
0x000000010f43f000 	/Applications/exelis/idl85/bin/bin.darwin.x86_64/gl_driver.so
0x0000000111fad000 	/opt/X11/lib/libGL.1.dylib
0x000000010f48f000 	/opt/X11/lib/libXplugin.1.dylib
0x000000010f5d7000 	/opt/X11/lib/libglapi.0.dylib
0x000000010f4a7000 	/opt/X11/lib/libXdamage.1.dylib
0x000000010f4ad000 	/opt/X11/lib/libXfixes.3.dylib
0x000000010f4b5000 	/opt/X11/lib/libX11-xcb.1.dylib
0x000000010f62c000 	/opt/X11/lib/libxcb-glx.0.dylib
0x000000010f4b9000 	/opt/X11/lib/libXxf86vm.1.dylib
0x000000010f8ed000 	/usr/lib/libexpat.1.dylib
0x00000000008d6000 	/System/Library/PrivateFrameworks/CloudDocs.framework/Versions/A/CloudDocs
0x00000000008d6000 	/System/Library/PrivateFrameworks/CoreDuet.framework/Versions/A/CoreDuet
0x00000000008d6000 	/System/Library/Frameworks/CloudKit.framework/Versions/A/CloudKit
0x00000000008d6000 	/System/Library/PrivateFrameworks/ProtocolBuffer.framework/Versions/A/ProtocolBuffer
0x00000000008d6000 	/System/Library/PrivateFrameworks/CoreDuetDaemonProtocol.framework/Versions/A/CoreDuetDaemonProtocol
0x00000000008d6000 	/System/Library/PrivateFrameworks/CoreDuetDebugLogging.framework/Versions/A/CoreDuetDebugLogging
0x00000000008d6000 	/System/Library/PrivateFrameworks/MMCS.framework/Versions/A/MMCS
0x00000000008d6000 	/System/Library/Frameworks/CoreLocation.framework/Versions/A/CoreLocation
0x00000000008d6000 	/System/Library/PrivateFrameworks/AssetCacheServices.framework/Versions/A/AssetCacheServices
0x00000000008d6000 	/System/Library/PrivateFrameworks/GeoServices.framework/Versions/A/GeoServices
0x00000000008d6000 	/System/Library/Frameworks/CoreGraphics.framework/Versions/A/Resources/libCGXCoreImage.A.dylib
0x000000010e7aa000 	cl_kernels
0x0000000113100000 	/System/Library/Extensions/AppleIntelBDWGraphicsMTLDriver.bundle/Contents/MacOS/AppleIntelBDWGraphicsMTLDriver
0x00000000008d6000 	/System/Library/Frameworks/OpenGL.framework/Versions/A/Resources/GLEngine.bundle/GLEngine
0x00000000008d6000 	/System/Library/Frameworks/OpenGL.framework/Versions/A/Libraries/libGLProgrammability.dylib
0x0000000118800000 	/System/Library/Extensions/AppleIntelBDWGraphicsGLDriver.bundle/Contents/MacOS/AppleIntelBDWGraphicsGLDriver
0x00000000008d6000 	/System/Library/PrivateFrameworks/GPUSupport.framework/Versions/A/Libraries/libGPUSupportMercury.dylib
0x00000000008d6000 	/System/Library/Frameworks/OpenGL.framework/Versions/A/Resources/GLRendererFloat.bundle/GLRendererFloat
0x000000010e6c5000 	cl_kernels
0x0000000119800000 	/Applications/exelis/idl85/bin/bin.darwin.x86_64/idl_netcdf.so
0x00000001107fe000 	cl_kernels

VM Arguments:
jvm_args: -Dosgi.instance.area.default=@user.home/IDLWorkspace -Dosgi.configuration.area=@user.home/.idl/idlworkbench-config-idl8.5.1_x86_64 -Dosgi.configuration.cascaded=true -Dosgi.checkConfiguration=true -Dosgi.sharedConfiguration.area.readOnly=true -Dorg.eclipse.update.reconcile=false -Declipse.p2.data.area=@config.dir/p2 -XstartOnFirstThread -Xdock:icon=../Resources/idlde.icns -Dorg.eclipse.swt.internal.carbon.smallFonts -Dosgi.sharedConfiguration.area=../../../configuration.darwin.x86_64 -Xms128m -Xmx1024m 
java_command: <unknown>
Launcher Type: generic

Environment Variables:
CLASSPATH=.:/Applications/exelis/idl85/resource/bridges/export/java/javaidlb.jar
PATH=/Applications/exelis/idl85/bin:/Applications/gut-3.1/bin:/Applications/gut-3.1/bin:/opt/local/bin:/opt/local/sbin:/usr/local/bin:/opt/local/bin:/opt/local/sbin:/opt/local/bin:/opt/local/sbin:/usr/local/bin:/usr/bin:/bin:/usr/sbin:/sbin:/opt/X11/bin:/opt/X11/bin
LD_LIBRARY_PATH=/Applications/exelis/idl85/idlde/bin.darwin.x86_64/jre/lib/server:/Applications/exelis/idl85/idlde/bin.darwin.x86_64/jre/lib:
SHELL=/bin/bash
DISPLAY=:0
DYLD_LIBRARY_PATH=/Applications/exelis/idl85/idlde/bin.darwin.x86_64:/Applications/exelis/idl85/bin/bin.darwin.x86_64
DYLD_FALLBACK_LIBRARY_PATH=/Applications/exelis/idl85/idlde/bin.darwin.x86_64/jre/lib/server:/Applications/exelis/idl85/idlde/bin.darwin.x86_64/jre/lib:

Signal Handlers:
SIGSEGV: [libjvm.dylib+0x4a820f], sa_mask[0]=0xfffefeff, sa_flags=0x00000042
SIGBUS: [libjvm.dylib+0x4a820f], sa_mask[0]=0xfffefeff, sa_flags=0x00000042
SIGFPE: [libjvm.dylib+0x3b7495], sa_mask[0]=0xfffefeff, sa_flags=0x00000042
SIGPIPE: SIG_IGN, sa_mask[0]=0x00000000, sa_flags=0x00000002
SIGXFSZ: [libjvm.dylib+0x3b7495], sa_mask[0]=0xfffefeff, sa_flags=0x00000042
SIGILL: [libjvm.dylib+0x3b7495], sa_mask[0]=0xfffefeff, sa_flags=0x00000042
SIGUSR1: SIG_DFL, sa_mask[0]=0x63807efb, sa_flags=0x00000000
SIGUSR2: [libjvm.dylib+0x3b702e], sa_mask[0]=0x00000000, sa_flags=0x00000042
SIGHUP: [libjvm.dylib+0x3b528f], sa_mask[0]=0xfffefeff, sa_flags=0x00000042
SIGINT: [libidl.8.5.dylib+0x403a20], sa_mask[0]=0x00000000, sa_flags=0x00000002
SIGTERM: [libjvm.dylib+0x3b528f], sa_mask[0]=0xfffefeff, sa_flags=0x00000042
SIGQUIT: [libjvm.dylib+0x3b528f], sa_mask[0]=0xfffefeff, sa_flags=0x00000042


---------------  S Y S T E M  ---------------

OS:Bsduname:Darwin 15.3.0 Darwin Kernel Version 15.3.0: Thu Dec 10 18:40:58 PST 2015; root:xnu-3248.30.4~1/RELEASE_X86_64 x86_64
rlimit: STACK 8192k, CORE 0k, NPROC 709, NOFILE 10240, AS infinity
load average:1.67 1.66 1.62

CPU:total 4 (2 cores per cpu, 2 threads per core) family 6 model 61 stepping 4, cmov, cx8, fxsr, mmx, sse, sse2, sse3, ssse3, sse4.1, sse4.2, popcnt, avx, avx2, ht, tsc, tscinvbit

Memory: 4k page, physical 137435104416k(34358776104k free)

/proc/meminfo:


vm_info: Java HotSpot(TM) 64-Bit Server VM (23.25-b01) for bsd-amd64 JRE (1.7.0_25-b15), built on Jun  5 2013 22:26:36 by "java_re" with gcc 4.2.1 (Based on Apple Inc. build 5658) (LLVM build 2336.11.00)

time: Fri Mar 25 09:27:33 2016
elapsed time: 811 seconds

