#
# A fatal error has been detected by the Java Runtime Environment:
#
#  SIGSEGV (0xb) at pc=0x00000001106eb55e, pid=2559, tid=44803
#
# JRE version: 7.0_25-b15
# Java VM: Java HotSpot(TM) 64-Bit Server VM (23.25-b01 mixed mode bsd-amd64 compressed oops)
# Problematic frame:
# C  [libidl.8.5.dylib+0x1b355e]  IDL_GrModelDraw+0x71e
#
# Failed to write core dump. Core dumps have been disabled. To enable core dumping, try "ulimit -c unlimited" before starting Java again
#
# If you would like to submit a bug report, please visit:
#   http://bugreport.sun.com/bugreport/crash.jsp
# The crash happened outside the Java Virtual Machine in native code.
# See problematic frame for where to report the bug.
#

---------------  T H R E A D  ---------------

Current thread (0x0000000102086800):  JavaThread "IDL" [_thread_in_native, id=44803, stack(0x00007000018e5000,0x00007000019e5000)]

siginfo:si_signo=SIGSEGV: si_errno=0, si_code=1 (SEGV_MAPERR), si_addr=0x0000000000000000

Registers:
RAX=0x0000000000000001, RBX=0x0000000000000000, RCX=0x000000013761fbf8, RDX=0x0000000000000000
RSP=0x00007000019db430, RBP=0x00007000019dc040, RSI=0x0000000000000000, RDI=0x0000000000194961
R8 =0x0000000000000000, R9 =0x0000000000007ffa, R10=0x00007fff8d5357ee, R11=0x0000000000000246
R12=0x00007000019dc180, R13=0x0000000110f88230, R14=0x0000000000000018, R15=0x0000000000000000
RIP=0x00000001106eb55e, EFLAGS=0x0000000000010202, ERR=0x0000000000000004
  TRAPNO=0x000000000000000e

Top of Stack: (sp=0x00007000019db430)
0x00007000019db430:   00007000019dc1f8 0000000000000000
0x00007000019db440:   0000000000000000 0000000000000000
0x00007000019db450:   00000001019db4a0 0000000000000000
0x00007000019db460:   0000000000000000 000000014a50f668
0x00007000019db470:   00007000019dc1f8 0000000110f87968
0x00007000019db480:   0000000014c17c30 0000000000000000
0x00007000019db490:   00007000019db4e8 0000000214c17b28
0x00007000019db4a0:   0000000111969750 0000000100a913d0
0x00007000019db4b0:   00000001001a3fc8 0000000000000000
0x00007000019db4c0:   00007000019db510 000000011ccb08e8
0x00007000019db4d0:   000000012d49c238 0000000100001f80
0x00007000019db4e0:   00000001001a3fc8 0000000200000000
0x00007000019db4f0:   ffffffff00000000 0000000100a913d0
0x00007000019db500:   00000001001a4358 0000000000000000
0x00007000019db510:   00007000019db560 0000000110949f04
0x00007000019db520:   00000001001a4358 0000000200000000
0x00007000019db530:   00000001001a4358 00000001001a4eb8
0x00007000019db540:   ffffffff015aa678 0000000100a913d0
0x00007000019db550:   00000001001a4e68 0000000000000001
0x00007000019db560:   00007000019db5b0 0000000110949f04
0x00007000019db570:   00000001001a4e68 0000000100000000
0x00007000019db580:   00007000019db600 00000001109348e9
0x00007000019db590:   ffffffff001a3fc8 0000000110de0570
0x00007000019db5a0:   00000001122e5808 00000000001a43a0
0x00007000019db5b0:   0000000000000001 0000000000000001
0x00007000019db5c0:   00000001122e5808 000000011497a048
0x00007000019db5d0:   00000002122e5808 0000000000000000
0x00007000019db5e0:   00000001001a4358 0000000000000001
0x00007000019db5f0:   00000001370a7db6 0000000110db30b8
0x00007000019db600:   00007000019db680 000000011093488d
0x00007000019db610:   00000001354b36f8 0000000110de0570
0x00007000019db620:   0000000000000268 0000000000000001 

Instructions: (pc=0x00000001106eb55e)
0x00000001106eb53e:   85 1c f4 ff ff 8b 7d ec 48 8b 75 e0 48 8b 55 d8
0x00000001106eb54e:   e8 fd 22 09 00 48 8b 55 a0 48 8b 92 d0 00 00 00
0x00000001106eb55e:   48 8b 12 48 81 e2 20 00 00 00 48 81 fa 00 00 00
0x00000001106eb56e:   00 0f 85 3c 00 00 00 48 8d b5 a0 f4 ff ff c7 85 

Register to memory mapping:

RAX=0x0000000000000001 is an unknown value
RBX=0x0000000000000000 is an unknown value
RCX=0x000000013761fbf8 is an unknown value
RDX=0x0000000000000000 is an unknown value
RSP=0x00007000019db430 is pointing into the stack for thread: 0x0000000102086800
RBP=0x00007000019dc040 is pointing into the stack for thread: 0x0000000102086800
RSI=0x0000000000000000 is an unknown value
RDI=0x0000000000194961 is an unknown value
R8 =0x0000000000000000 is an unknown value
R9 =0x0000000000007ffa is an unknown value
R10=0x00007fff8d5357ee: sigprocmask+0xa in /usr/lib/system/libsystem_kernel.dylib at 0x00007fff8d51d000
R11=0x0000000000000246 is an unknown value
R12=0x00007000019dc180 is pointing into the stack for thread: 0x0000000102086800
R13=0x0000000110f88230: IDL_msg_jmp_env+0 in /Applications/exelis/idl85/bin/bin.darwin.x86_64/libidl.8.5.dylib at 0x0000000110538000
R14=0x0000000000000018 is an unknown value
R15=0x0000000000000000 is an unknown value


Stack: [0x00007000018e5000,0x00007000019e5000],  sp=0x00007000019db430,  free space=985k
Native frames: (J=compiled Java code, j=interpreted, Vv=VM code, C=native code)
C  [libidl.8.5.dylib+0x1b355e]  IDL_GrModelDraw+0x71e
C  [libidl.8.5.dylib+0x4113ff]  IDL_ObjCallMethodEx+0x79f
C  [libidl.8.5.dylib+0x40dbea]  IDL_ObjCallMethod+0x7a
C  [libidl.8.5.dylib+0x1348b1]  igSrcDestObjCallMethod+0x141
C  [libidl.8.5.dylib+0x245bbb]  IDL_GrContainerDraw+0x36b
C  [libidl.8.5.dylib+0x1b3553]  IDL_GrModelDraw+0x713
C  [libidl.8.5.dylib+0x4113ff]  IDL_ObjCallMethodEx+0x79f
C  [libidl.8.5.dylib+0x40dbea]  IDL_ObjCallMethod+0x7a
C  [libidl.8.5.dylib+0x1348b1]  igSrcDestObjCallMethod+0x141
C  [libidl.8.5.dylib+0x245bbb]  IDL_GrContainerDraw+0x36b
C  [libidl.8.5.dylib+0x1b3553]  IDL_GrModelDraw+0x713
C  [libidl.8.5.dylib+0x4113ff]  IDL_ObjCallMethodEx+0x79f
C  [libidl.8.5.dylib+0x40dbea]  IDL_ObjCallMethod+0x7a
C  [libidl.8.5.dylib+0x1348b1]  igSrcDestObjCallMethod+0x141
C  [libidl.8.5.dylib+0x245bbb]  IDL_GrContainerDraw+0x36b
C  [libidl.8.5.dylib+0x1b3553]  IDL_GrModelDraw+0x713
C  [libidl.8.5.dylib+0x4113ff]  IDL_ObjCallMethodEx+0x79f
C  [libidl.8.5.dylib+0x40dbea]  IDL_ObjCallMethod+0x7a
C  [libidl.8.5.dylib+0x1348b1]  igSrcDestObjCallMethod+0x141
C  [libidl.8.5.dylib+0x245bbb]  IDL_GrContainerDraw+0x36b
C  [libidl.8.5.dylib+0x19b8c3]  IDL_GrViewDraw+0x263
C  [libidl.8.5.dylib+0x4113ff]  IDL_ObjCallMethodEx+0x79f
C  [libidl.8.5.dylib+0x40dbea]  IDL_ObjCallMethod+0x7a
C  [libidl.8.5.dylib+0x1348b1]  igSrcDestObjCallMethod+0x141
C  [libidl.8.5.dylib+0x139f0d]  igViewGroupDraw+0x29d
C  [libidl.8.5.dylib+0x139c67]  IDL_grViewGroupDraw+0x27
C  [libidl.8.5.dylib+0x4113ff]  IDL_ObjCallMethodEx+0x79f
C  [libidl.8.5.dylib+0x40dbea]  IDL_ObjCallMethod+0x7a
C  [libidl.8.5.dylib+0x1348b1]  igSrcDestObjCallMethod+0x141
C  [libidl.8.5.dylib+0x245bbb]  IDL_GrContainerDraw+0x36b
C  [libidl.8.5.dylib+0x2fcf9]  IDL_GrSceneDraw+0x1d9
C  [libidl.8.5.dylib+0x322de7]  interpreter+0x87d7
C  [libidl.8.5.dylib+0x444d9b]  IDL_Executive+0xebb
C  [libidl.8.5.dylib+0x3242c4]  IDL_InterpCallFromSysproc+0xe4
C  [libidl.8.5.dylib+0x4114d4]  IDL_ObjCallMethodEx+0x874
C  [libidl.8.5.dylib+0x40dbea]  IDL_ObjCallMethod+0x7a
C  [libidl.8.5.dylib+0x1348b1]  igSrcDestObjCallMethod+0x141
C  [libidl.8.5.dylib+0x131824]  IDL_GrSrcDestDraw+0x4b4
C  [libidl.8.5.dylib+0x322de7]  interpreter+0x87d7
C  [libidl.8.5.dylib+0x444d9b]  IDL_Executive+0xebb
C  [libidl.8.5.dylib+0x3242c4]  IDL_InterpCallFromSysproc+0xe4
C  [libidl.8.5.dylib+0x4114d4]  IDL_ObjCallMethodEx+0x874
C  [libidl.8.5.dylib+0x410b82]  IDL_ObjCallMethodByStringEx+0x1a2
C  [libidl.8.5.dylib+0x411808]  IDL_ObjCallMethodByString+0x48
C  [libidl.8.5.dylib+0x4296d3]  propertySetValueByIdentifier+0xb3
C  [libidl.8.5.dylib+0x42a4df]  IDL_itComponentSetPropByIdentifier+0x3f
C  [libidl.8.5.dylib+0x3faa58]  store_struct+0xa8
C  [libidl.8.5.dylib+0x31c34d]  interpreter+0x1d3d
C  [libidl.8.5.dylib+0x444d9b]  IDL_Executive+0xebb
C  [libidl_ips.8.5.dylib+0x9604]  ips_main+0x284
C  [libidl_ips.8.5.dylib+0xa83c]  IPS_RunClient+0x3c
C  [libidl_ips.8.5.dylib+0x15543]  IPS_Start+0x13
C  [libidl_ips.8.5.dylib+0xb94]  Java_com_rsi_idldt_core_ips_IPS_1Access_IPS_1Start+0x204
j  com.rsi.idldt.core.ips.IPS_Access.IPS_Start([Ljava/lang/String;)V+0
j  com.rsi.idldt.core.ips.IPS_Manager$2.run()V+15
j  java.lang.Thread.run()V+11
v  ~StubRoutines::call_stub
V  [libjvm.dylib+0x28a5c3]
V  [libjvm.dylib+0x28aaa2]
V  [libjvm.dylib+0x28abdc]
V  [libjvm.dylib+0x2c1868]
V  [libjvm.dylib+0x47cbd8]
V  [libjvm.dylib+0x47e0ca]
V  [libjvm.dylib+0x3b95f9]
C  [libsystem_pthread.dylib+0x3c13]  _pthread_body+0x83
C  [libsystem_pthread.dylib+0x3b90]  _pthread_body+0x0
C  [libsystem_pthread.dylib+0x1375]  thread_start+0xd

Java frames: (J=compiled Java code, j=interpreted, Vv=VM code)
j  com.rsi.idldt.core.ips.IPS_Access.IPS_Start([Ljava/lang/String;)V+0
j  com.rsi.idldt.core.ips.IPS_Manager$2.run()V+15
j  java.lang.Thread.run()V+11
v  ~StubRoutines::call_stub

---------------  P R O C E S S  ---------------

Java Threads: ( => current thread )
  0x000000015c147800 JavaThread "Thread-6240" [_thread_in_native, id=1938111, stack(0x0000700002eb0000,0x0000700002fb0000)]
  0x0000000114982000 JavaThread "HighTraffic" [_thread_blocked, id=1939015, stack(0x0000700002dad000,0x0000700002ead000)]
  0x0000000116e1d800 JavaThread "Worker-65" [_thread_blocked, id=1634419, stack(0x0000700002a21000,0x0000700002b21000)]
  0x00000001163c2800 JavaThread "Worker-64" [_thread_blocked, id=1635903, stack(0x0000700002caa000,0x0000700002daa000)]
  0x0000000116804800 JavaThread "Worker-63" [_thread_blocked, id=1622643, stack(0x0000700001f83000,0x0000700002083000)]
  0x000000011a5be000 JavaThread "Worker-62" [_thread_blocked, id=1575467, stack(0x0000700001d7a000,0x0000700001e7a000)]
  0x000000011a636800 JavaThread "Worker-61" [_thread_blocked, id=1574227, stack(0x00007000016df000,0x00007000017df000)]
  0x000000011638f800 JavaThread "Worker-60" [_thread_blocked, id=1572291, stack(0x0000700000014000,0x0000700000114000)]
  0x0000000116029000 JavaThread "Worker-58" [_thread_blocked, id=1515523, stack(0x0000700002106000,0x0000700002206000)]
  0x0000000100bb9000 JavaThread "Worker-48" [_thread_blocked, id=1439551, stack(0x00007000019e8000,0x0000700001ae8000)]
  0x000000011a1ec000 JavaThread "[ThreadPool Manager] - Idle Thread" daemon [_thread_blocked, id=38923, stack(0x0000700002ba7000,0x0000700002ca7000)]
  0x00000001017f7800 JavaThread "Timer-2" daemon [_thread_blocked, id=66863, stack(0x000070000291e000,0x0000700002a1e000)]
  0x00000001027c7800 JavaThread "Timer-1" daemon [_thread_blocked, id=64267, stack(0x000070000281b000,0x000070000291b000)]
  0x0000000100e39800 JavaThread "Thread-12" [_thread_in_native, id=61699, stack(0x0000700002718000,0x0000700002818000)]
  0x0000000100a1a000 JavaThread "IDLDT DOM Worker-3" [_thread_blocked, id=59139, stack(0x0000700002615000,0x0000700002715000)]
  0x0000000115193000 JavaThread "IDLDT DOM Worker-2" [_thread_blocked, id=58883, stack(0x0000700002512000,0x0000700002612000)]
  0x0000000115192800 JavaThread "IDLDT DOM Worker-1" [_thread_blocked, id=58627, stack(0x000070000240f000,0x000070000250f000)]
  0x0000000115191800 JavaThread "IDLDT DOM Worker-0" [_thread_blocked, id=57871, stack(0x000070000230c000,0x000070000240c000)]
  0x000000011515e000 JavaThread "Timer-0" daemon [_thread_blocked, id=58127, stack(0x0000700002209000,0x0000700002309000)]
=>0x0000000102086800 JavaThread "IDL" [_thread_in_native, id=44803, stack(0x00007000018e5000,0x00007000019e5000)]
  0x000000010250f000 JavaThread "IDLToJava Broker" daemon [_thread_blocked, id=44547, stack(0x00007000012d3000,0x00007000013d3000)]
  0x0000000104995000 JavaThread "Provisioning Event Dispatcher" daemon [_thread_blocked, id=41987, stack(0x00007000017e2000,0x00007000018e2000)]
  0x00000001008c9000 JavaThread "Bundle File Closer" daemon [_thread_blocked, id=41479, stack(0x00007000015dc000,0x00007000016dc000)]
  0x00000001008dd800 JavaThread "Worker-JM" [_thread_blocked, id=41231, stack(0x00007000014d9000,0x00007000015d9000)]
  0x0000000102164800 JavaThread "[Timer] - Main Queue Handler" daemon [_thread_blocked, id=40963, stack(0x00007000013d6000,0x00007000014d6000)]
  0x00000001020be000 JavaThread "Framework Event Dispatcher" daemon [_thread_blocked, id=40459, stack(0x00007000011d0000,0x00007000012d0000)]
  0x000000010492c000 JavaThread "Start Level Event Dispatcher" daemon [_thread_blocked, id=40195, stack(0x00007000010cd000,0x00007000011cd000)]
  0x0000000104952800 JavaThread "State Data Manager" daemon [_thread_blocked, id=39695, stack(0x0000700000fca000,0x00007000010ca000)]
  0x00000001048cf000 JavaThread "Framework Active Thread" [_thread_blocked, id=39943, stack(0x0000700000ec7000,0x0000700000fc7000)]
  0x0000000102065800 JavaThread "Service Thread" daemon [_thread_blocked, id=24579, stack(0x0000700000c3e000,0x0000700000d3e000)]
  0x0000000102064800 JavaThread "C2 CompilerThread1" daemon [_thread_blocked, id=24323, stack(0x0000700000b3b000,0x0000700000c3b000)]
  0x0000000101012800 JavaThread "C2 CompilerThread0" daemon [_thread_blocked, id=24067, stack(0x0000700000a38000,0x0000700000b38000)]
  0x000000010205b000 JavaThread "Signal Dispatcher" daemon [_thread_blocked, id=23563, stack(0x0000700000935000,0x0000700000a35000)]
  0x0000000102049800 JavaThread "Finalizer" daemon [_thread_blocked, id=23043, stack(0x0000700000832000,0x0000700000932000)]
  0x0000000102038000 JavaThread "Reference Handler" daemon [_thread_blocked, id=22787, stack(0x000070000072f000,0x000070000082f000)]
  0x0000000104815000 JavaThread "main" [_thread_in_native, id=1295, stack(0x00007fff5f400000,0x00007fff5fc00000)]

Other Threads:
  0x0000000101012000 VMThread [stack: 0x000070000062c000,0x000070000072c000] [id=22531]
  0x000000010204a000 WatcherThread [stack: 0x0000700000d41000,0x0000700000e41000] [id=24835]

VM state:not at safepoint (normal execution)

VM Mutex/Monitor currently owned by a thread: None

Heap
 PSYoungGen      total 129856K, used 21665K [0x00000007eaab0000, 0x00000007f7730000, 0x0000000800000000)
  eden space 129664K, 16% used [0x00000007eaab0000,0x00000007ebfd86d0,0x00000007f2950000)
  from space 192K, 0% used [0x00000007f7070000,0x00000007f7070000,0x00000007f70a0000)
  to   space 3584K, 0% used [0x00000007f73b0000,0x00000007f73b0000,0x00000007f7730000)
 ParOldGen       total 87424K, used 39890K [0x00000007c0000000, 0x00000007c5560000, 0x00000007eaab0000)
  object space 87424K, 45% used [0x00000007c0000000,0x00000007c26f48c0,0x00000007c5560000)
 PSPermGen       total 49792K, used 49504K [0x00000007bae00000, 0x00000007bdea0000, 0x00000007c0000000)
  object space 49792K, 99% used [0x00000007bae00000,0x00000007bde582d0,0x00000007bdea0000)

Card table byte_map: [0x00000001045a1000,0x00000001047cb000] byte_map_base: 0x00000001007ca000

Polling page: 0x0000000100751000

Code Cache  [0x00000001061f2000, 0x0000000106a72000, 0x00000001091f2000)
 total_blobs=2688 nmethods=2155 adapters=483 free_code_cache=40588Kb largest_free_block=41433600

Compilation events (10 events):
Event: 10015.005 Thread 0x0000000101012800 2362             java.util.ArrayList::rangeCheck (22 bytes)
Event: 10015.006 Thread 0x0000000102064800 2363             java.util.ArrayList::get (11 bytes)
Event: 10015.007 Thread 0x0000000101012800 nmethod 2362 0x00000001068e6490 code [0x00000001068e65e0, 0x00000001068e66f8]
Event: 10015.007 Thread 0x0000000102064800 nmethod 2363 0x0000000106a463d0 code [0x0000000106a46540, 0x0000000106a46698]
Event: 10015.008 Thread 0x0000000101012800 2364             org.eclipse.jface.text.TextPresentation::createWindowRelativeRange (108 bytes)
Event: 10015.010 Thread 0x0000000101012800 nmethod 2364 0x0000000106a45f90 code [0x0000000106a460e0, 0x0000000106a46228]
Event: 10015.056 Thread 0x0000000102064800 2365             org.eclipse.jface.text.ListLineTracker::getLineOffset (98 bytes)
Event: 10015.059 Thread 0x0000000102064800 nmethod 2365 0x0000000106a457d0 code [0x0000000106a45960, 0x0000000106a45c08]
Event: 10015.077 Thread 0x0000000101012800 2366             org.eclipse.ui.internal.presentations.defaultpresentation.DefaultTabItem::escapeAmpersands (57 bytes)
Event: 10015.081 Thread 0x0000000101012800 nmethod 2366 0x0000000106a18890 code [0x0000000106a18a20, 0x0000000106a18ce8]

GC Heap History (10 events):
Event: 9947.188 GC heap before
{Heap before GC invocations=324 (full 146):
 PSYoungGen      total 142784K, used 2003K [0x00000007eaab0000, 0x00000007f7be0000, 0x0000000800000000)
  eden space 140736K, 0% used [0x00000007eaab0000,0x00000007eaab0000,0x00000007f3420000)
  from space 2048K, 97% used [0x00000007f79e0000,0x00000007f7bd4eb0,0x00000007f7be0000)
  to   space 3456K, 0% used [0x00000007f7520000,0x00000007f7520000,0x00000007f7880000)
 ParOldGen       total 87424K, used 40244K [0x00000007c0000000, 0x00000007c5560000, 0x00000007eaab0000)
  object space 87424K, 46% used [0x00000007c0000000,0x00000007c274d080,0x00000007c5560000)
 PSPermGen       total 49792K, used 49488K [0x00000007bae00000, 0x00000007bdea0000, 0x00000007c0000000)
  object space 49792K, 99% used [0x00000007bae00000,0x00000007bde54050,0x00000007bdea0000)
Event: 9947.295 GC heap after
Heap after GC invocations=324 (full 146):
 PSYoungGen      total 142784K, used 0K [0x00000007eaab0000, 0x00000007f7be0000, 0x0000000800000000)
  eden space 140736K, 0% used [0x00000007eaab0000,0x00000007eaab0000,0x00000007f3420000)
  from space 2048K, 0% used [0x00000007f79e0000,0x00000007f79e0000,0x00000007f7be0000)
  to   space 3456K, 0% used [0x00000007f7520000,0x00000007f7520000,0x00000007f7880000)
 ParOldGen       total 87424K, used 39741K [0x00000007c0000000, 0x00000007c5560000, 0x00000007eaab0000)
  object space 87424K, 45% used [0x00000007c0000000,0x00000007c26cf688,0x00000007c5560000)
 PSPermGen       total 49792K, used 49488K [0x00000007bae00000, 0x00000007bdea0000, 0x00000007c0000000)
  object space 49792K, 99% used [0x00000007bae00000,0x00000007bde54010,0x00000007bdea0000)
}
Event: 9983.827 GC heap before
{Heap before GC invocations=325 (full 146):
 PSYoungGen      total 142784K, used 140725K [0x00000007eaab0000, 0x00000007f7be0000, 0x0000000800000000)
  eden space 140736K, 99% used [0x00000007eaab0000,0x00000007f341d620,0x00000007f3420000)
  from space 2048K, 0% used [0x00000007f79e0000,0x00000007f79e0000,0x00000007f7be0000)
  to   space 3456K, 0% used [0x00000007f7520000,0x00000007f7520000,0x00000007f7880000)
 ParOldGen       total 87424K, used 39741K [0x00000007c0000000, 0x00000007c5560000, 0x00000007eaab0000)
  object space 87424K, 45% used [0x00000007c0000000,0x00000007c26cf688,0x00000007c5560000)
 PSPermGen       total 49792K, used 49489K [0x00000007bae00000, 0x00000007bdea0000, 0x00000007c0000000)
  object space 49792K, 99% used [0x00000007bae00000,0x00000007bde54468,0x00000007bdea0000)
Event: 9983.832 GC heap after
Heap after GC invocations=325 (full 146):
 PSYoungGen      total 137088K, used 2022K [0x00000007eaab0000, 0x00000007f79f0000, 0x0000000800000000)
  eden space 135040K, 0% used [0x00000007eaab0000,0x00000007eaab0000,0x00000007f2e90000)
  from space 2048K, 98% used [0x00000007f7520000,0x00000007f7719940,0x00000007f7720000)
  to   space 2880K, 0% used [0x00000007f7720000,0x00000007f7720000,0x00000007f79f0000)
 ParOldGen       total 87424K, used 39741K [0x00000007c0000000, 0x00000007c5560000, 0x00000007eaab0000)
  object space 87424K, 45% used [0x00000007c0000000,0x00000007c26cf688,0x00000007c5560000)
 PSPermGen       total 49792K, used 49489K [0x00000007bae00000, 0x00000007bdea0000, 0x00000007c0000000)
  object space 49792K, 99% used [0x00000007bae00000,0x00000007bde54468,0x00000007bdea0000)
}
Event: 9989.097 GC heap before
{Heap before GC invocations=326 (full 146):
 PSYoungGen      total 137088K, used 137051K [0x00000007eaab0000, 0x00000007f79f0000, 0x0000000800000000)
  eden space 135040K, 99% used [0x00000007eaab0000,0x00000007f2e8d658,0x00000007f2e90000)
  from space 2048K, 98% used [0x00000007f7520000,0x00000007f7719940,0x00000007f7720000)
  to   space 2880K, 0% used [0x00000007f7720000,0x00000007f7720000,0x00000007f79f0000)
 ParOldGen       total 87424K, used 39741K [0x00000007c0000000, 0x00000007c5560000, 0x00000007eaab0000)
  object space 87424K, 45% used [0x00000007c0000000,0x00000007c26cf688,0x00000007c5560000)
 PSPermGen       total 49792K, used 49489K [0x00000007bae00000, 0x00000007bdea0000, 0x00000007c0000000)
  object space 49792K, 99% used [0x00000007bae00000,0x00000007bde54468,0x00000007bdea0000)
Event: 9989.100 GC heap after
Heap after GC invocations=326 (full 146):
 PSYoungGen      total 129856K, used 160K [0x00000007eaab0000, 0x00000007f7750000, 0x0000000800000000)
  eden space 129664K, 0% used [0x00000007eaab0000,0x00000007eaab0000,0x00000007f2950000)
  from space 192K, 83% used [0x00000007f7720000,0x00000007f7748000,0x00000007f7750000)
  to   space 3520K, 0% used [0x00000007f7070000,0x00000007f7070000,0x00000007f73e0000)
 ParOldGen       total 87424K, used 41600K [0x00000007c0000000, 0x00000007c5560000, 0x00000007eaab0000)
  object space 87424K, 47% used [0x00000007c0000000,0x00000007c28a0080,0x00000007c5560000)
 PSPermGen       total 49792K, used 49489K [0x00000007bae00000, 0x00000007bdea0000, 0x00000007c0000000)
  object space 49792K, 99% used [0x00000007bae00000,0x00000007bde54468,0x00000007bdea0000)
}
Event: 10008.963 GC heap before
{Heap before GC invocations=327 (full 146):
 PSYoungGen      total 129856K, used 34183K [0x00000007eaab0000, 0x00000007f7750000, 0x0000000800000000)
  eden space 129664K, 26% used [0x00000007eaab0000,0x00000007ecbe9cd0,0x00000007f2950000)
  from space 192K, 83% used [0x00000007f7720000,0x00000007f7748000,0x00000007f7750000)
  to   space 3520K, 0% used [0x00000007f7070000,0x00000007f7070000,0x00000007f73e0000)
 ParOldGen       total 87424K, used 41600K [0x00000007c0000000, 0x00000007c5560000, 0x00000007eaab0000)
  object space 87424K, 47% used [0x00000007c0000000,0x00000007c28a0080,0x00000007c5560000)
 PSPermGen       total 49792K, used 49492K [0x00000007bae00000, 0x00000007bdea0000, 0x00000007c0000000)
  object space 49792K, 99% used [0x00000007bae00000,0x00000007bde55020,0x00000007bdea0000)
Event: 10008.967 GC heap after
Heap after GC invocations=327 (full 146):
 PSYoungGen      total 129856K, used 192K [0x00000007eaab0000, 0x00000007f7730000, 0x0000000800000000)
  eden space 129664K, 0% used [0x00000007eaab0000,0x00000007eaab0000,0x00000007f2950000)
  from space 192K, 100% used [0x00000007f7070000,0x00000007f70a0000,0x00000007f70a0000)
  to   space 3584K, 0% used [0x00000007f73b0000,0x00000007f73b0000,0x00000007f7730000)
 ParOldGen       total 87424K, used 41632K [0x00000007c0000000, 0x00000007c5560000, 0x00000007eaab0000)
  object space 87424K, 47% used [0x00000007c0000000,0x00000007c28a8080,0x00000007c5560000)
 PSPermGen       total 49792K, used 49492K [0x00000007bae00000, 0x00000007bdea0000, 0x00000007c0000000)
  object space 49792K, 99% used [0x00000007bae00000,0x00000007bde55020,0x00000007bdea0000)
}
Event: 10008.967 GC heap before
{Heap before GC invocations=328 (full 147):
 PSYoungGen      total 129856K, used 192K [0x00000007eaab0000, 0x00000007f7730000, 0x0000000800000000)
  eden space 129664K, 0% used [0x00000007eaab0000,0x00000007eaab0000,0x00000007f2950000)
  from space 192K, 100% used [0x00000007f7070000,0x00000007f70a0000,0x00000007f70a0000)
  to   space 3584K, 0% used [0x00000007f73b0000,0x00000007f73b0000,0x00000007f7730000)
 ParOldGen       total 87424K, used 41632K [0x00000007c0000000, 0x00000007c5560000, 0x00000007eaab0000)
  object space 87424K, 47% used [0x00000007c0000000,0x00000007c28a8080,0x00000007c5560000)
 PSPermGen       total 49792K, used 49492K [0x00000007bae00000, 0x00000007bdea0000, 0x00000007c0000000)
  object space 49792K, 99% used [0x00000007bae00000,0x00000007bde55020,0x00000007bdea0000)
Event: 10009.104 GC heap after
Heap after GC invocations=328 (full 147):
 PSYoungGen      total 129856K, used 0K [0x00000007eaab0000, 0x00000007f7730000, 0x0000000800000000)
  eden space 129664K, 0% used [0x00000007eaab0000,0x00000007eaab0000,0x00000007f2950000)
  from space 192K, 0% used [0x00000007f7070000,0x00000007f7070000,0x00000007f70a0000)
  to   space 3584K, 0% used [0x00000007f73b0000,0x00000007f73b0000,0x00000007f7730000)
 ParOldGen       total 87424K, used 39890K [0x00000007c0000000, 0x00000007c5560000, 0x00000007eaab0000)
  object space 87424K, 45% used [0x00000007c0000000,0x00000007c26f48c0,0x00000007c5560000)
 PSPermGen       total 49792K, used 49492K [0x00000007bae00000, 0x00000007bdea0000, 0x00000007c0000000)
  object space 49792K, 99% used [0x00000007bae00000,0x00000007bde55020,0x00000007bdea0000)
}

Deoptimization events (10 events):
Event: 7897.034 Thread 0x0000000104815000 Uncommon trap -58 fr.pc 0x00000001068e6618
Event: 7897.034 Thread 0x0000000104815000 Uncommon trap -58 fr.pc 0x00000001068e6618
Event: 7897.040 Thread 0x0000000104815000 Uncommon trap -83 fr.pc 0x00000001066e8880
Event: 8062.426 Thread 0x0000000104815000 Uncommon trap -58 fr.pc 0x000000010691a57c
Event: 8342.275 Thread 0x0000000104815000 Uncommon trap 198 fr.pc 0x00000001069c1470
Event: 8358.123 Thread 0x0000000104815000 Uncommon trap -12 fr.pc 0x0000000106a1aea0
Event: 8834.780 Thread 0x0000000116029000 Uncommon trap -12 fr.pc 0x0000000106a01518
Event: 9859.918 Thread 0x0000000114c01800 Uncommon trap -34 fr.pc 0x000000010650d21c
Event: 9910.734 Thread 0x000000011a636800 Uncommon trap -34 fr.pc 0x0000000106311fdc
Event: 9910.759 Thread 0x000000011a636800 Uncommon trap -34 fr.pc 0x00000001067f07b4

Internal exceptions (10 events):
Event: 10014.954 Thread 0x0000000104815000 Threw 0x00000007eb341ba0 at /HUDSON/workspace/jdk7u25-2-build-macosx-amd64-product/jdk7u25/hotspot/src/share/vm/prims/nativeLookup.
Event: 10014.956 Thread 0x0000000104815000 Threw 0x00000007eb342e88 at /HUDSON/workspace/jdk7u25-2-build-macosx-amd64-product/jdk7u25/hotspot/src/share/vm/prims/nativeLookup.
Event: 10014.959 Thread 0x0000000104815000 Threw 0x00000007eb43ebd8 at /HUDSON/workspace/jdk7u25-2-build-macosx-amd64-product/jdk7u25/hotspot/src/share/vm/prims/nativeLookup.
Event: 10014.960 Thread 0x0000000104815000 Threw 0x00000007eb43f3c8 at /HUDSON/workspace/jdk7u25-2-build-macosx-amd64-product/jdk7u25/hotspot/src/share/vm/prims/nativeLookup.
Event: 10015.096 Thread 0x0000000104815000 Threw 0x00000007ebe20bc8 at /HUDSON/workspace/jdk7u25-2-build-macosx-amd64-product/jdk7u25/hotspot/src/share/vm/prims/nativeLookup.
Event: 10015.097 Thread 0x0000000104815000 Threw 0x00000007ebe21870 at /HUDSON/workspace/jdk7u25-2-build-macosx-amd64-product/jdk7u25/hotspot/src/share/vm/prims/nativeLookup.
Event: 10015.097 Thread 0x0000000104815000 Threw 0x00000007ebe22690 at /HUDSON/workspace/jdk7u25-2-build-macosx-amd64-product/jdk7u25/hotspot/src/share/vm/prims/nativeLookup.
Event: 10015.097 Thread 0x0000000104815000 Threw 0x00000007ebe22e80 at /HUDSON/workspace/jdk7u25-2-build-macosx-amd64-product/jdk7u25/hotspot/src/share/vm/prims/nativeLookup.
Event: 10015.354 Thread 0x0000000116029000 Threw 0x00000007ebf32318 at /HUDSON/workspace/jdk7u25-2-build-macosx-amd64-product/jdk7u25/hotspot/src/share/vm/prims/nativeLookup.
Event: 10015.355 Thread 0x0000000116029000 Threw 0x00000007ebf36d18 at /HUDSON/workspace/jdk7u25-2-build-macosx-amd64-product/jdk7u25/hotspot/src/share/vm/prims/nativeLookup.

Events (10 events):
Event: 10015.034 Thread 0x00000001025f6800 Thread added: 0x00000001025f6800
Event: 10015.034 Executing VM operation: RevokeBias
Event: 10015.035 Executing VM operation: RevokeBias done
Event: 10015.035 Executing VM operation: RevokeBias
Event: 10015.035 Executing VM operation: RevokeBias done
Event: 10015.035 Executing VM operation: RevokeBias
Event: 10015.035 Executing VM operation: RevokeBias done
Event: 10015.035 Thread 0x00000001025f6800 Thread exited: 0x00000001025f6800
Event: 10015.122 Thread 0x0000000100c8b800 Thread added: 0x0000000100c8b800
Event: 10015.122 Thread 0x0000000100c8b800 Thread exited: 0x0000000100c8b800


Dynamic libraries:
0x0000000008344000 	/System/Library/Frameworks/Cocoa.framework/Versions/A/Cocoa
0x0000000008344000 	/usr/lib/libSystem.B.dylib
0x0000000008344000 	/System/Library/Frameworks/CoreServices.framework/Versions/A/CoreServices
0x0000000008344000 	/usr/lib/libobjc.A.dylib
0x0000000008344000 	/System/Library/Frameworks/CoreFoundation.framework/Versions/A/CoreFoundation
0x0000000008344000 	/System/Library/Frameworks/AppKit.framework/Versions/C/AppKit
0x0000000008344000 	/System/Library/Frameworks/ApplicationServices.framework/Versions/A/ApplicationServices
0x0000000008344000 	/System/Library/Frameworks/Foundation.framework/Versions/C/Foundation
0x0000000008344000 	/System/Library/Frameworks/CoreData.framework/Versions/A/CoreData
0x0000000008344000 	/System/Library/PrivateFrameworks/RemoteViewServices.framework/Versions/A/RemoteViewServices
0x0000000008344000 	/System/Library/PrivateFrameworks/UIFoundation.framework/Versions/A/UIFoundation
0x0000000008344000 	/usr/lib/libScreenReader.dylib
0x0000000008344000 	/System/Library/Frameworks/Accelerate.framework/Versions/A/Accelerate
0x0000000008344000 	/System/Library/Frameworks/IOSurface.framework/Versions/A/IOSurface
0x0000000008344000 	/System/Library/Frameworks/AudioToolbox.framework/Versions/A/AudioToolbox
0x0000000008344000 	/System/Library/Frameworks/AudioUnit.framework/Versions/A/AudioUnit
0x0000000008344000 	/System/Library/PrivateFrameworks/DataDetectorsCore.framework/Versions/A/DataDetectorsCore
0x0000000008344000 	/System/Library/PrivateFrameworks/DesktopServicesPriv.framework/Versions/A/DesktopServicesPriv
0x0000000008344000 	/System/Library/Frameworks/Carbon.framework/Versions/A/Frameworks/HIToolbox.framework/Versions/A/HIToolbox
0x0000000008344000 	/System/Library/Frameworks/QuartzCore.framework/Versions/A/QuartzCore
0x0000000008344000 	/System/Library/Frameworks/Security.framework/Versions/A/Security
0x0000000008344000 	/System/Library/Frameworks/Carbon.framework/Versions/A/Frameworks/SpeechRecognition.framework/Versions/A/SpeechRecognition
0x0000000008344000 	/usr/lib/libauto.dylib
0x0000000008344000 	/usr/lib/libicucore.A.dylib
0x0000000008344000 	/usr/lib/libxml2.2.dylib
0x0000000008344000 	/usr/lib/libz.1.dylib
0x0000000008344000 	/System/Library/PrivateFrameworks/CoreUI.framework/Versions/A/CoreUI
0x0000000008344000 	/System/Library/Frameworks/CoreAudio.framework/Versions/A/CoreAudio
0x0000000008344000 	/System/Library/Frameworks/DiskArbitration.framework/Versions/A/DiskArbitration
0x0000000008344000 	/usr/lib/liblangid.dylib
0x0000000008344000 	/System/Library/PrivateFrameworks/MultitouchSupport.framework/Versions/A/MultitouchSupport
0x0000000008344000 	/System/Library/Frameworks/IOKit.framework/Versions/A/IOKit
0x0000000008344000 	/usr/lib/libDiagnosticMessagesClient.dylib
0x0000000008344000 	/System/Library/PrivateFrameworks/PerformanceAnalysis.framework/Versions/A/PerformanceAnalysis
0x0000000008344000 	/System/Library/PrivateFrameworks/GenerationalStorage.framework/Versions/A/GenerationalStorage
0x0000000008344000 	/System/Library/Frameworks/OpenGL.framework/Versions/A/OpenGL
0x0000000008344000 	/System/Library/PrivateFrameworks/Sharing.framework/Versions/A/Sharing
0x0000000008344000 	/System/Library/Frameworks/CoreGraphics.framework/Versions/A/CoreGraphics
0x0000000008344000 	/System/Library/Frameworks/CoreImage.framework/Versions/A/CoreImage
0x0000000008344000 	/System/Library/Frameworks/CoreText.framework/Versions/A/CoreText
0x0000000008344000 	/System/Library/Frameworks/ImageIO.framework/Versions/A/ImageIO
0x0000000008344000 	/System/Library/PrivateFrameworks/Backup.framework/Versions/A/Backup
0x0000000008344000 	/usr/lib/libextension.dylib
0x0000000008344000 	/usr/lib/libarchive.2.dylib
0x0000000008344000 	/System/Library/Frameworks/CFNetwork.framework/Versions/A/CFNetwork
0x0000000008344000 	/System/Library/Frameworks/SystemConfiguration.framework/Versions/A/SystemConfiguration
0x0000000008344000 	/usr/lib/libCRFSuite.dylib
0x0000000008344000 	/usr/lib/libc++.1.dylib
0x0000000008344000 	/usr/lib/libc++abi.dylib
0x0000000008344000 	/usr/lib/system/libcache.dylib
0x0000000008344000 	/usr/lib/system/libcommonCrypto.dylib
0x0000000008344000 	/usr/lib/system/libcompiler_rt.dylib
0x0000000008344000 	/usr/lib/system/libcopyfile.dylib
0x0000000008344000 	/usr/lib/system/libcorecrypto.dylib
0x0000000008344000 	/usr/lib/system/libdispatch.dylib
0x0000000008344000 	/usr/lib/system/libdyld.dylib
0x0000000008344000 	/usr/lib/system/libkeymgr.dylib
0x0000000008344000 	/usr/lib/system/liblaunch.dylib
0x0000000008344000 	/usr/lib/system/libmacho.dylib
0x0000000008344000 	/usr/lib/system/libquarantine.dylib
0x0000000008344000 	/usr/lib/system/libremovefile.dylib
0x0000000008344000 	/usr/lib/system/libsystem_asl.dylib
0x0000000008344000 	/usr/lib/system/libsystem_blocks.dylib
0x0000000008344000 	/usr/lib/system/libsystem_c.dylib
0x0000000008344000 	/usr/lib/system/libsystem_configuration.dylib
0x0000000008344000 	/usr/lib/system/libsystem_coreservices.dylib
0x0000000008344000 	/usr/lib/system/libsystem_coretls.dylib
0x0000000008344000 	/usr/lib/system/libsystem_dnssd.dylib
0x0000000008344000 	/usr/lib/system/libsystem_info.dylib
0x0000000008344000 	/usr/lib/system/libsystem_kernel.dylib
0x0000000008344000 	/usr/lib/system/libsystem_m.dylib
0x0000000008344000 	/usr/lib/system/libsystem_malloc.dylib
0x0000000008344000 	/usr/lib/system/libsystem_network.dylib
0x0000000008344000 	/usr/lib/system/libsystem_networkextension.dylib
0x0000000008344000 	/usr/lib/system/libsystem_notify.dylib
0x0000000008344000 	/usr/lib/system/libsystem_platform.dylib
0x0000000008344000 	/usr/lib/system/libsystem_pthread.dylib
0x0000000008344000 	/usr/lib/system/libsystem_sandbox.dylib
0x0000000008344000 	/usr/lib/system/libsystem_secinit.dylib
0x0000000008344000 	/usr/lib/system/libsystem_trace.dylib
0x0000000008344000 	/usr/lib/system/libunc.dylib
0x0000000008344000 	/usr/lib/system/libunwind.dylib
0x0000000008344000 	/usr/lib/system/libxpc.dylib
0x0000000008344000 	/usr/lib/libenergytrace.dylib
0x0000000008344000 	/usr/lib/libbsm.0.dylib
0x0000000008344000 	/usr/lib/system/libkxld.dylib
0x0000000008344000 	/usr/lib/libxar.1.dylib
0x0000000008344000 	/usr/lib/libsqlite3.dylib
0x0000000008344000 	/usr/lib/libpam.2.dylib
0x0000000008344000 	/usr/lib/libOpenScriptingUtil.dylib
0x0000000008344000 	/usr/lib/libbz2.1.0.dylib
0x0000000008344000 	/usr/lib/liblzma.5.dylib
0x0000000008344000 	/System/Library/Frameworks/CoreServices.framework/Versions/A/Frameworks/FSEvents.framework/Versions/A/FSEvents
0x0000000008344000 	/System/Library/Frameworks/CoreServices.framework/Versions/A/Frameworks/CarbonCore.framework/Versions/A/CarbonCore
0x0000000008344000 	/System/Library/Frameworks/CoreServices.framework/Versions/A/Frameworks/Metadata.framework/Versions/A/Metadata
0x0000000008344000 	/System/Library/Frameworks/CoreServices.framework/Versions/A/Frameworks/OSServices.framework/Versions/A/OSServices
0x0000000008344000 	/System/Library/Frameworks/CoreServices.framework/Versions/A/Frameworks/SearchKit.framework/Versions/A/SearchKit
0x0000000008344000 	/System/Library/Frameworks/CoreServices.framework/Versions/A/Frameworks/AE.framework/Versions/A/AE
0x0000000008344000 	/System/Library/Frameworks/CoreServices.framework/Versions/A/Frameworks/LaunchServices.framework/Versions/A/LaunchServices
0x0000000008344000 	/System/Library/Frameworks/CoreServices.framework/Versions/A/Frameworks/DictionaryServices.framework/Versions/A/DictionaryServices
0x0000000008344000 	/System/Library/Frameworks/CoreServices.framework/Versions/A/Frameworks/SharedFileList.framework/Versions/A/SharedFileList
0x0000000008344000 	/System/Library/Frameworks/NetFS.framework/Versions/A/NetFS
0x0000000008344000 	/System/Library/PrivateFrameworks/NetAuth.framework/Versions/A/NetAuth
0x0000000008344000 	/System/Library/PrivateFrameworks/login.framework/Versions/A/Frameworks/loginsupport.framework/Versions/A/loginsupport
0x0000000008344000 	/System/Library/PrivateFrameworks/TCC.framework/Versions/A/TCC
0x0000000008344000 	/usr/lib/libmecabra.dylib
0x0000000008344000 	/System/Library/Frameworks/ApplicationServices.framework/Versions/A/Frameworks/ATS.framework/Versions/A/ATS
0x0000000008344000 	/System/Library/Frameworks/ApplicationServices.framework/Versions/A/Frameworks/ColorSync.framework/Versions/A/ColorSync
0x0000000008344000 	/System/Library/Frameworks/ApplicationServices.framework/Versions/A/Frameworks/HIServices.framework/Versions/A/HIServices
0x0000000008344000 	/System/Library/Frameworks/ApplicationServices.framework/Versions/A/Frameworks/LangAnalysis.framework/Versions/A/LangAnalysis
0x0000000008344000 	/System/Library/Frameworks/ApplicationServices.framework/Versions/A/Frameworks/PrintCore.framework/Versions/A/PrintCore
0x0000000008344000 	/System/Library/Frameworks/ApplicationServices.framework/Versions/A/Frameworks/QD.framework/Versions/A/QD
0x0000000008344000 	/System/Library/Frameworks/ApplicationServices.framework/Versions/A/Frameworks/SpeechSynthesis.framework/Versions/A/SpeechSynthesis
0x0000000008344000 	/System/Library/Frameworks/Metal.framework/Versions/A/Metal
0x0000000008344000 	/System/Library/Frameworks/Accelerate.framework/Versions/A/Frameworks/vImage.framework/Versions/A/vImage
0x0000000008344000 	/System/Library/Frameworks/Accelerate.framework/Versions/A/Frameworks/vecLib.framework/Versions/A/vecLib
0x0000000008344000 	/System/Library/Frameworks/Accelerate.framework/Versions/A/Frameworks/vecLib.framework/Versions/A/libvDSP.dylib
0x0000000008344000 	/System/Library/Frameworks/Accelerate.framework/Versions/A/Frameworks/vecLib.framework/Versions/A/libvMisc.dylib
0x0000000008344000 	/System/Library/Frameworks/Accelerate.framework/Versions/A/Frameworks/vecLib.framework/Versions/A/libLAPACK.dylib
0x0000000008344000 	/System/Library/Frameworks/Accelerate.framework/Versions/A/Frameworks/vecLib.framework/Versions/A/libBLAS.dylib
0x0000000008344000 	/System/Library/Frameworks/Accelerate.framework/Versions/A/Frameworks/vecLib.framework/Versions/A/libLinearAlgebra.dylib
0x0000000008344000 	/System/Library/Frameworks/Accelerate.framework/Versions/A/Frameworks/vecLib.framework/Versions/A/libSparseBLAS.dylib
0x0000000008344000 	/System/Library/PrivateFrameworks/GPUCompiler.framework/libmetal_timestamp.dylib
0x0000000008344000 	/System/Library/Frameworks/OpenGL.framework/Versions/A/Libraries/libCoreFSCache.dylib
0x0000000008344000 	/System/Library/PrivateFrameworks/IOAccelerator.framework/Versions/A/IOAccelerator
0x0000000008344000 	/System/Library/Frameworks/ApplicationServices.framework/Versions/A/Frameworks/ATS.framework/Versions/A/Resources/libFontParser.dylib
0x0000000008344000 	/System/Library/Frameworks/ApplicationServices.framework/Versions/A/Frameworks/ATS.framework/Versions/A/Resources/libFontRegistry.dylib
0x0000000008344000 	/System/Library/PrivateFrameworks/AppleVPA.framework/Versions/A/AppleVPA
0x0000000008344000 	/System/Library/PrivateFrameworks/AppleJPEG.framework/Versions/A/AppleJPEG
0x0000000008344000 	/System/Library/Frameworks/ImageIO.framework/Versions/A/Resources/libJPEG.dylib
0x0000000008344000 	/System/Library/Frameworks/ImageIO.framework/Versions/A/Resources/libTIFF.dylib
0x0000000008344000 	/System/Library/Frameworks/ImageIO.framework/Versions/A/Resources/libPng.dylib
0x0000000008344000 	/System/Library/Frameworks/ImageIO.framework/Versions/A/Resources/libGIF.dylib
0x0000000008344000 	/System/Library/Frameworks/ImageIO.framework/Versions/A/Resources/libJP2.dylib
0x0000000008344000 	/System/Library/Frameworks/ImageIO.framework/Versions/A/Resources/libRadiance.dylib
0x0000000008344000 	/System/Library/Frameworks/CoreVideo.framework/Versions/A/CoreVideo
0x0000000008344000 	/System/Library/Frameworks/OpenGL.framework/Versions/A/Libraries/libGLU.dylib
0x0000000008344000 	/System/Library/Frameworks/OpenGL.framework/Versions/A/Libraries/libGFXShared.dylib
0x0000000008344000 	/System/Library/Frameworks/OpenGL.framework/Versions/A/Libraries/libGL.dylib
0x0000000008344000 	/System/Library/Frameworks/OpenGL.framework/Versions/A/Libraries/libGLImage.dylib
0x0000000008344000 	/System/Library/Frameworks/OpenGL.framework/Versions/A/Libraries/libCVMSPluginSupport.dylib
0x0000000008344000 	/System/Library/Frameworks/OpenGL.framework/Versions/A/Libraries/libCoreVMClient.dylib
0x0000000008344000 	/usr/lib/libcups.2.dylib
0x0000000008344000 	/System/Library/Frameworks/Kerberos.framework/Versions/A/Kerberos
0x0000000008344000 	/System/Library/Frameworks/GSS.framework/Versions/A/GSS
0x0000000008344000 	/usr/lib/libresolv.9.dylib
0x0000000008344000 	/usr/lib/libiconv.2.dylib
0x0000000008344000 	/System/Library/PrivateFrameworks/Heimdal.framework/Versions/A/Heimdal
0x0000000008344000 	/usr/lib/libheimdal-asn1.dylib
0x0000000008344000 	/System/Library/Frameworks/OpenDirectory.framework/Versions/A/OpenDirectory
0x0000000008344000 	/System/Library/PrivateFrameworks/CommonAuth.framework/Versions/A/CommonAuth
0x0000000008344000 	/System/Library/Frameworks/OpenDirectory.framework/Versions/A/Frameworks/CFOpenDirectory.framework/Versions/A/CFOpenDirectory
0x0000000008344000 	/System/Library/Frameworks/SecurityFoundation.framework/Versions/A/SecurityFoundation
0x0000000008344000 	/System/Library/PrivateFrameworks/LanguageModeling.framework/Versions/A/LanguageModeling
0x0000000008344000 	/usr/lib/libmarisa.dylib
0x0000000008344000 	/usr/lib/libChineseTokenizer.dylib
0x0000000008344000 	/usr/lib/libcmph.dylib
0x0000000008344000 	/usr/lib/libcompression.dylib
0x0000000008344000 	/System/Library/Frameworks/ServiceManagement.framework/Versions/A/ServiceManagement
0x0000000008344000 	/usr/lib/libxslt.1.dylib
0x0000000008344000 	/System/Library/Frameworks/Carbon.framework/Versions/A/Frameworks/Ink.framework/Versions/A/Ink
0x0000000008344000 	/usr/lib/libFosl_dynamic.dylib
0x0000000008344000 	/System/Library/PrivateFrameworks/FaceCore.framework/Versions/A/FaceCore
0x0000000008344000 	/System/Library/Frameworks/OpenCL.framework/Versions/A/OpenCL
0x0000000008344000 	/System/Library/PrivateFrameworks/CrashReporterSupport.framework/Versions/A/CrashReporterSupport
0x0000000008344000 	/System/Library/PrivateFrameworks/IconServices.framework/Versions/A/IconServices
0x0000000008344000 	/System/Library/PrivateFrameworks/Apple80211.framework/Versions/A/Apple80211
0x0000000008344000 	/System/Library/Frameworks/CoreWLAN.framework/Versions/A/CoreWLAN
0x0000000008344000 	/System/Library/Frameworks/IOBluetooth.framework/Versions/A/IOBluetooth
0x0000000008344000 	/System/Library/PrivateFrameworks/CoreWiFi.framework/Versions/A/CoreWiFi
0x0000000008344000 	/System/Library/Frameworks/CoreBluetooth.framework/Versions/A/CoreBluetooth
0x0000000008344000 	/System/Library/PrivateFrameworks/ChunkingLibrary.framework/Versions/A/ChunkingLibrary
0x0000000008344000 	/System/Library/PrivateFrameworks/DebugSymbols.framework/Versions/A/DebugSymbols
0x0000000008344000 	/System/Library/PrivateFrameworks/CoreSymbolication.framework/Versions/A/CoreSymbolication
0x0000000008344000 	/System/Library/PrivateFrameworks/Symbolication.framework/Versions/A/Symbolication
0x0000000008344000 	/System/Library/PrivateFrameworks/SpeechRecognitionCore.framework/Versions/A/SpeechRecognitionCore
0x00000001000b8000 	/Applications/exelis/idl85/idlde/plugins/org.eclipse.equinox.launcher.cocoa.macosx.x86_64_1.1.101.v20120109-1504/eclipse_1408.so
0x0000000008344000 	/System/Library/PrivateFrameworks/CoreServicesInternal.framework/Versions/A/CoreServicesInternal
0x0000000105749000 	/Applications/exelis/idl85/idlde/bin.darwin.x86_64/jre/lib/server/libjvm.dylib
0x0000000008344000 	/usr/lib/libstdc++.6.dylib
0x0000000100714000 	/Applications/exelis/idl85/idlde/bin.darwin.x86_64/jre/lib/libverify.dylib
0x0000000100721000 	/Applications/exelis/idl85/idlde/bin.darwin.x86_64/jre/lib/libjava.dylib
0x000000010075a000 	/Applications/exelis/idl85/idlde/bin.darwin.x86_64/jre/lib/libzip.dylib
0x000000010d020000 	/System/Library/Frameworks/JavaVM.framework/Frameworks/JavaRuntimeSupport.framework/JavaRuntimeSupport
0x00000001047eb000 	/System/Library/Frameworks/JavaVM.framework/Versions/A/Frameworks/JavaNativeFoundation.framework/Versions/A/JavaNativeFoundation
0x00000001007ec000 	/System/Library/Frameworks/JavaVM.framework/Versions/A/JavaVM
0x0000000008344000 	/System/Library/Frameworks/Carbon.framework/Versions/A/Carbon
0x000000010d03b000 	/System/Library/PrivateFrameworks/JavaLaunching.framework/Versions/A/JavaLaunching
0x0000000008344000 	/System/Library/Frameworks/Carbon.framework/Versions/A/Frameworks/CommonPanels.framework/Versions/A/CommonPanels
0x0000000008344000 	/System/Library/Frameworks/Carbon.framework/Versions/A/Frameworks/Help.framework/Versions/A/Help
0x0000000008344000 	/System/Library/Frameworks/Carbon.framework/Versions/A/Frameworks/ImageCapture.framework/Versions/A/ImageCapture
0x0000000008344000 	/System/Library/Frameworks/Carbon.framework/Versions/A/Frameworks/OpenScripting.framework/Versions/A/OpenScripting
0x0000000008344000 	/System/Library/Frameworks/Carbon.framework/Versions/A/Frameworks/Print.framework/Versions/A/Print
0x0000000008344000 	/System/Library/Frameworks/Carbon.framework/Versions/A/Frameworks/SecurityHI.framework/Versions/A/SecurityHI
0x0000000008344000 	/System/Library/CoreServices/RawCamera.bundle/Contents/MacOS/RawCamera
0x0000000008344000 	/System/Library/PrivateFrameworks/FamilyControls.framework/Versions/A/FamilyControls
0x0000000008344000 	/System/Library/PrivateFrameworks/CommerceKit.framework/Versions/A/Frameworks/CommerceCore.framework/Versions/A/CommerceCore
0x0000000008344000 	/System/Library/PrivateFrameworks/SystemAdministration.framework/Versions/A/SystemAdministration
0x0000000008344000 	/System/Library/PrivateFrameworks/AppContainer.framework/Versions/A/AppContainer
0x0000000008344000 	/System/Library/PrivateFrameworks/SecCodeWrapper.framework/Versions/A/SecCodeWrapper
0x0000000008344000 	/System/Library/Frameworks/DirectoryService.framework/Versions/A/DirectoryService
0x0000000008344000 	/System/Library/PrivateFrameworks/DiskImages.framework/Versions/A/DiskImages
0x0000000008344000 	/System/Library/PrivateFrameworks/LoginUIKit.framework/Versions/A/Frameworks/LoginUICore.framework/Versions/A/LoginUICore
0x0000000008344000 	/usr/lib/libCoreStorage.dylib
0x0000000008344000 	/usr/lib/libcsfde.dylib
0x0000000008344000 	/usr/lib/libodfde.dylib
0x0000000008344000 	/System/Library/Frameworks/DiscRecording.framework/Versions/A/DiscRecording
0x000000010e18e000 	/Applications/exelis/idl85/bin/bin.darwin.x86_64/libcurl.4.dylib
0x0000000008344000 	/System/Library/PrivateFrameworks/MediaKit.framework/Versions/A/MediaKit
0x0000000008344000 	/System/Library/PrivateFrameworks/ProtectedCloudStorage.framework/Versions/A/ProtectedCloudStorage
0x0000000008344000 	/System/Library/PrivateFrameworks/EFILogin.framework/Versions/A/EFILogin
0x0000000008344000 	/usr/lib/libutil.dylib
0x0000000008344000 	/System/Library/PrivateFrameworks/FindMyDevice.framework/Versions/A/FindMyDevice
0x0000000008344000 	/System/Library/Frameworks/CoreGraphics.framework/Versions/A/Resources/libRIP.A.dylib
0x0000000008344000 	/System/Library/Frameworks/Accelerate.framework/Versions/A/Frameworks/vImage.framework/Versions/A/Libraries/libCGInterfaces.dylib
0x0000000008344000 	/System/Library/Frameworks/CoreGraphics.framework/Versions/A/Resources/libCGXType.A.dylib
0x0000000008344000 	/System/Library/Frameworks/OpenCL.framework/Versions/A/Libraries/libcldcpuengine.dylib
0x000000010f68f000 	cl_kernels
0x0000000008344000 	/System/Library/Frameworks/OpenCL.framework/Versions/A/Libraries/ImageFormats/unorm8_bgra.dylib
0x0000000008344000 	/System/Library/Frameworks/OpenCL.framework/Versions/A/Libraries/ImageFormats/unorm8_rgba.dylib
0x000000010f881000 	/Applications/exelis/idl85/idlde/bin.darwin.x86_64/jre/lib/libnet.dylib
0x000000010f8de000 	/Applications/exelis/idl85/idlde/bin.darwin.x86_64/jre/lib/libnio.dylib
0x000000010f925000 	/Users/spencerfaber/.swt/lib/macosx/x86_64/libswt-cocoa-3740.jnilib
0x0000000008344000 	/System/Library/Frameworks/WebKit.framework/Versions/A/WebKit
0x0000000008344000 	/System/Library/Frameworks/JavaScriptCore.framework/Versions/A/JavaScriptCore
0x0000000008344000 	/System/Library/Frameworks/SecurityInterface.framework/Versions/A/SecurityInterface
0x0000000008344000 	/System/Library/Frameworks/WebKit.framework/Versions/A/Frameworks/WebKitLegacy.framework/Versions/A/WebKitLegacy
0x0000000008344000 	/System/Library/Frameworks/WebKit.framework/Versions/A/Frameworks/WebCore.framework/Versions/A/WebCore
0x000000010f972000 	/Users/spencerfaber/.swt/lib/macosx/x86_64/libswt-pi-cocoa-3740.jnilib
0x00000001102a2000 	/Applications/exelis/idl85/bin/bin.darwin.x86_64/libidl_ips.8.5.dylib
0x0000000110538000 	/Applications/exelis/idl85/bin/bin.darwin.x86_64/libidl.8.5.dylib
0x00000001110c5000 	/opt/X11/lib/libfreetype.6.dylib
0x000000010fb7e000 	/Applications/exelis/idl85/bin/bin.darwin.x86_64/libMesaGLU6_2.dylib
0x000000011115b000 	/Applications/exelis/idl85/bin/bin.darwin.x86_64/libMesaGL6_2.dylib
0x000000010fb39000 	/Applications/exelis/idl85/bin/bin.darwin.x86_64/libOSMesa6_2.dylib
0x000000010fb43000 	/opt/X11/lib/libXp.6.dylib
0x000000011139d000 	/Applications/exelis/idl85/bin/bin.darwin.x86_64/libXm.3.0.2.dylib
0x000000010fbc1000 	/opt/X11/lib/libXpm.4.dylib
0x000000010fbd4000 	/opt/X11/lib/libXmu.6.dylib
0x00000001100fd000 	/opt/X11/lib/libXext.6.dylib
0x00000001117ac000 	/opt/X11/lib/libXt.6.dylib
0x000000010fba8000 	/opt/X11/lib/libXinerama.1.dylib
0x000000010fbef000 	/opt/X11/lib/libSM.6.dylib
0x0000000110110000 	/opt/X11/lib/libICE.6.dylib
0x000000011180a000 	/opt/X11/lib/libX11.6.dylib
0x000000011012d000 	/opt/X11/lib/libxcb.1.dylib
0x000000010fbae000 	/opt/X11/lib/libXau.6.dylib
0x0000000110197000 	/opt/X11/lib/libXdmcp.6.dylib
0x000000011193b000 	/Applications/exelis/idl85/bin/bin.darwin.x86_64/gl_driver.so
0x0000000111b48000 	/opt/X11/lib/libGL.1.dylib
0x000000010f32e000 	/opt/X11/lib/libXplugin.1.dylib
0x000000010f346000 	/opt/X11/lib/libX11-xcb.1.dylib
0x0000000008344000 	/System/Library/PrivateFrameworks/CloudDocs.framework/Versions/A/CloudDocs
0x0000000008344000 	/System/Library/PrivateFrameworks/CoreDuet.framework/Versions/A/CoreDuet
0x0000000008344000 	/System/Library/Frameworks/CloudKit.framework/Versions/A/CloudKit
0x0000000008344000 	/System/Library/PrivateFrameworks/ProtocolBuffer.framework/Versions/A/ProtocolBuffer
0x0000000008344000 	/System/Library/PrivateFrameworks/CoreDuetDaemonProtocol.framework/Versions/A/CoreDuetDaemonProtocol
0x0000000008344000 	/System/Library/PrivateFrameworks/CoreDuetDebugLogging.framework/Versions/A/CoreDuetDebugLogging
0x0000000008344000 	/System/Library/PrivateFrameworks/MMCS.framework/Versions/A/MMCS
0x0000000008344000 	/System/Library/Frameworks/CoreLocation.framework/Versions/A/CoreLocation
0x0000000008344000 	/System/Library/PrivateFrameworks/AssetCacheServices.framework/Versions/A/AssetCacheServices
0x0000000008344000 	/System/Library/PrivateFrameworks/GeoServices.framework/Versions/A/GeoServices
0x0000000008344000 	/System/Library/Frameworks/CoreGraphics.framework/Versions/A/Resources/libCGXCoreImage.A.dylib
0x000000010e8f7000 	cl_kernels
0x00000001146e1000 	/System/Library/Extensions/AppleIntelBDWGraphicsMTLDriver.bundle/Contents/MacOS/AppleIntelBDWGraphicsMTLDriver
0x0000000008344000 	/System/Library/Frameworks/OpenGL.framework/Versions/A/Resources/GLEngine.bundle/GLEngine
0x0000000008344000 	/System/Library/Frameworks/OpenGL.framework/Versions/A/Libraries/libGLProgrammability.dylib
0x0000000118000000 	/System/Library/Extensions/AppleIntelBDWGraphicsGLDriver.bundle/Contents/MacOS/AppleIntelBDWGraphicsGLDriver
0x0000000008344000 	/System/Library/PrivateFrameworks/GPUSupport.framework/Versions/A/Libraries/libGPUSupportMercury.dylib
0x0000000008344000 	/System/Library/Frameworks/OpenGL.framework/Versions/A/Resources/GLRendererFloat.bundle/GLRendererFloat
0x000000010e497000 	cl_kernels
0x000000011a800000 	/Applications/exelis/idl85/bin/bin.darwin.x86_64/idl_netcdf.so
0x0000000008344000 	/System/Library/PrivateFrameworks/DataDetectors.framework/Versions/A/DataDetectors
0x0000000008344000 	/System/Library/Frameworks/AddressBook.framework/Versions/A/AddressBook
0x0000000008344000 	/System/Library/Frameworks/Quartz.framework/Versions/A/Quartz
0x0000000008344000 	/System/Library/PrivateFrameworks/ContactsPersistence.framework/Versions/A/ContactsPersistence
0x0000000008344000 	/System/Library/PrivateFrameworks/ContactsFoundation.framework/Versions/A/ContactsFoundation
0x0000000008344000 	/System/Library/PrivateFrameworks/vCard.framework/Versions/A/vCard
0x0000000008344000 	/System/Library/PrivateFrameworks/IntlPreferences.framework/Versions/A/IntlPreferences
0x0000000008344000 	/System/Library/PrivateFrameworks/ToneLibrary.framework/Versions/A/ToneLibrary
0x0000000008344000 	/System/Library/PrivateFrameworks/ToneKit.framework/Versions/A/ToneKit
0x0000000008344000 	/System/Library/PrivateFrameworks/ApplePushService.framework/Versions/A/ApplePushService
0x0000000008344000 	/System/Library/PrivateFrameworks/PhoneNumbers.framework/Versions/A/PhoneNumbers
0x0000000008344000 	/System/Library/PrivateFrameworks/ViewBridge.framework/Versions/A/ViewBridge
0x0000000008344000 	/System/Library/Frameworks/LDAP.framework/Versions/A/LDAP
0x0000000008344000 	/System/Library/Frameworks/AVFoundation.framework/Versions/A/AVFoundation
0x0000000008344000 	/System/Library/Frameworks/AVFoundation.framework/Versions/A/Resources/libAVFAudio.dylib
0x0000000008344000 	/System/Library/Frameworks/CoreMedia.framework/Versions/A/CoreMedia
0x0000000008344000 	/System/Library/Frameworks/MediaToolbox.framework/Versions/A/MediaToolbox
0x0000000008344000 	/System/Library/Frameworks/VideoToolbox.framework/Versions/A/VideoToolbox
0x0000000008344000 	/System/Library/Frameworks/CoreMediaIO.framework/Versions/A/CoreMediaIO
0x0000000008344000 	/usr/lib/libspindump.dylib
0x0000000008344000 	/System/Library/PrivateFrameworks/CoreAVCHD.framework/Versions/A/CoreAVCHD
0x0000000008344000 	/System/Library/Frameworks/MediaAccessibility.framework/Versions/A/MediaAccessibility
0x0000000008344000 	/System/Library/PrivateFrameworks/Mangrove.framework/Versions/A/Mangrove
0x0000000008344000 	/System/Library/PrivateFrameworks/CoreAUC.framework/Versions/A/CoreAUC
0x0000000008344000 	/System/Library/PrivateFrameworks/AppleVA.framework/Versions/A/AppleVA
0x0000000008344000 	/System/Library/PrivateFrameworks/XPCService.framework/Versions/A/XPCService
0x0000000008344000 	/System/Library/PrivateFrameworks/AppSandbox.framework/Versions/A/AppSandbox
0x0000000008344000 	/usr/lib/libsandbox.1.dylib
0x0000000008344000 	/usr/lib/libMatch.1.dylib
0x0000000008344000 	/System/Library/PrivateFrameworks/CoreDaemon.framework/Versions/B/CoreDaemon
0x0000000008344000 	/usr/lib/libcrypto.0.9.8.dylib
0x0000000008344000 	/System/Library/PrivateFrameworks/AppleSRP.framework/Versions/A/AppleSRP
0x0000000008344000 	/System/Library/PrivateFrameworks/TrustEvaluationAgent.framework/Versions/A/TrustEvaluationAgent
0x0000000008344000 	/System/Library/Frameworks/Quartz.framework/Versions/A/Frameworks/QuartzComposer.framework/Versions/A/QuartzComposer
0x0000000008344000 	/System/Library/Frameworks/Quartz.framework/Versions/A/Frameworks/PDFKit.framework/Versions/A/PDFKit
0x0000000008344000 	/System/Library/Frameworks/Quartz.framework/Versions/A/Frameworks/QuartzFilters.framework/Versions/A/QuartzFilters
0x0000000008344000 	/System/Library/Frameworks/Quartz.framework/Versions/A/Frameworks/ImageKit.framework/Versions/A/ImageKit
0x0000000008344000 	/System/Library/Frameworks/Quartz.framework/Versions/A/Frameworks/QuickLookUI.framework/Versions/A/QuickLookUI
0x0000000008344000 	/System/Library/Frameworks/QTKit.framework/Versions/A/QTKit
0x0000000008344000 	/System/Library/PrivateFrameworks/AppleSystemInfo.framework/Versions/A/AppleSystemInfo
0x0000000008344000 	/System/Library/PrivateFrameworks/CoreMediaAuthoring.framework/Versions/A/CoreMediaAuthoring
0x0000000008344000 	/System/Library/PrivateFrameworks/CorePDF.framework/Versions/A/CorePDF
0x0000000008344000 	/System/Library/Frameworks/QuickLook.framework/Versions/A/QuickLook
0x0000000008344000 	/System/Library/PrivateFrameworks/DisplayServices.framework/Versions/A/DisplayServices
0x0000000008344000 	/System/Library/Frameworks/ImageCaptureCore.framework/Versions/A/ImageCaptureCore
0x0000000008344000 	/System/Library/PrivateFrameworks/SafariServices.framework/Versions/A/SafariServices
0x0000000008344000 	/usr/lib/libsasl2.2.dylib
0x000000011dfcc000 	cl_kernels
0x0000000008344000 	/System/Library/PrivateFrameworks/FinderKit.framework/Versions/A/FinderKit
0x0000000008344000 	/System/Library/PrivateFrameworks/Bom.framework/Versions/A/Bom
0x0000000008344000 	/System/Library/PrivateFrameworks/Suggestions.framework/Versions/A/Suggestions
0x0000000008344000 	/System/Library/PrivateFrameworks/AppleFSCompression.framework/Versions/A/AppleFSCompression
0x0000000008344000 	/System/Library/PrivateFrameworks/PlugInKit.framework/Versions/A/PlugInKit
0x0000000133260000 	/System/Library/Filesystems/NetFSPlugins/smb.bundle/Contents/MacOS/smb
0x0000000008344000 	/System/Library/PrivateFrameworks/SMBClient.framework/Versions/A/SMBClient
0x0000000008344000 	/System/Library/PrivateFrameworks/DCERPC.framework/Versions/A/DCERPC
0x0000000008344000 	/System/Library/PrivateFrameworks/KerberosHelper.framework/Versions/A/KerberosHelper
0x0000000008344000 	/System/Library/PrivateFrameworks/CacheDelete.framework/Versions/A/CacheDelete
0x0000000139866000 	/System/Library/Frameworks/Security.framework/PlugIns/csparser.bundle/Contents/MacOS/csparser
0x000000013c938000 	/System/Library/PrivateFrameworks/Lookup.framework/Lookup

VM Arguments:
jvm_args: -Dosgi.instance.area.default=@user.home/IDLWorkspace -Dosgi.configuration.area=@user.home/.idl/idlworkbench-config-idl8.5.1_x86_64 -Dosgi.configuration.cascaded=true -Dosgi.checkConfiguration=true -Dosgi.sharedConfiguration.area.readOnly=true -Dorg.eclipse.update.reconcile=false -Declipse.p2.data.area=@config.dir/p2 -XstartOnFirstThread -Xdock:icon=../Resources/idlde.icns -Dorg.eclipse.swt.internal.carbon.smallFonts -Dosgi.sharedConfiguration.area=../../../configuration.darwin.x86_64 -Xms128m -Xmx1024m 
java_command: <unknown>
Launcher Type: generic

Environment Variables:
CLASSPATH=.:/Applications/exelis/idl85/resource/bridges/export/java/javaidlb.jar
PATH=/Applications/exelis/idl85/bin:/usr/bin:/bin:/usr/sbin:/sbin
LD_LIBRARY_PATH=/Applications/exelis/idl85/idlde/bin.darwin.x86_64/jre/lib/server:/Applications/exelis/idl85/idlde/bin.darwin.x86_64/jre/lib:
SHELL=/bin/bash
DISPLAY=/private/tmp/com.apple.launchd.q3HAkUqMKB/org.macports:0
DYLD_LIBRARY_PATH=/Applications/exelis/idl85/idlde/bin.darwin.x86_64:/Applications/exelis/idl85/bin/bin.darwin.x86_64
DYLD_FALLBACK_LIBRARY_PATH=/Applications/exelis/idl85/idlde/bin.darwin.x86_64/jre/lib/server:/Applications/exelis/idl85/idlde/bin.darwin.x86_64/jre/lib:

Signal Handlers:
SIGSEGV: [libjvm.dylib+0x4a820f], sa_mask[0]=0xfffefeff, sa_flags=0x00000042
SIGBUS: [libjvm.dylib+0x4a820f], sa_mask[0]=0xfffefeff, sa_flags=0x00000042
SIGFPE: [libjvm.dylib+0x3b7495], sa_mask[0]=0xfffefeff, sa_flags=0x00000042
SIGPIPE: SIG_IGN, sa_mask[0]=0x00000000, sa_flags=0x00000002
SIGXFSZ: [libjvm.dylib+0x3b7495], sa_mask[0]=0xfffefeff, sa_flags=0x00000042
SIGILL: [libjvm.dylib+0x3b7495], sa_mask[0]=0xfffefeff, sa_flags=0x00000042
SIGUSR1: SIG_DFL, sa_mask[0]=0x00000000, sa_flags=0x00000000
SIGUSR2: [libjvm.dylib+0x3b702e], sa_mask[0]=0x00000000, sa_flags=0x00000042
SIGHUP: [libjvm.dylib+0x3b528f], sa_mask[0]=0xfffefeff, sa_flags=0x00000042
SIGINT: [libidl.8.5.dylib+0x403a20], sa_mask[0]=0x00000000, sa_flags=0x00000002
SIGTERM: [libjvm.dylib+0x3b528f], sa_mask[0]=0xfffefeff, sa_flags=0x00000042
SIGQUIT: [libjvm.dylib+0x3b528f], sa_mask[0]=0xfffefeff, sa_flags=0x00000042


---------------  S Y S T E M  ---------------

OS:Bsduname:Darwin 15.3.0 Darwin Kernel Version 15.3.0: Thu Dec 10 18:40:58 PST 2015; root:xnu-3248.30.4~1/RELEASE_X86_64 x86_64
rlimit: STACK 8192k, CORE 0k, NPROC 709, NOFILE 10240, AS infinity
load average:2.54 1.83 1.61

CPU:total 4 (2 cores per cpu, 2 threads per core) family 6 model 61 stepping 4, cmov, cx8, fxsr, mmx, sse, sse2, sse3, ssse3, sse4.1, sse4.2, popcnt, avx, avx2, ht, tsc, tscinvbit

Memory: 4k page, physical 137438863908k(34359715977k free)

/proc/meminfo:


vm_info: Java HotSpot(TM) 64-Bit Server VM (23.25-b01) for bsd-amd64 JRE (1.7.0_25-b15), built on Jun  5 2013 22:26:36 by "java_re" with gcc 4.2.1 (Based on Apple Inc. build 5658) (LLVM build 2336.11.00)

time: Tue Mar 15 21:12:32 2016
elapsed time: 10015 seconds

