#
# A fatal error has been detected by the Java Runtime Environment:
#
#  SIGSEGV (0xb) at pc=0x00000001108e855e, pid=1786, tid=44035
#
# JRE version: 7.0_25-b15
# Java VM: Java HotSpot(TM) 64-Bit Server VM (23.25-b01 mixed mode bsd-amd64 compressed oops)
# Problematic frame:
# C  [libidl.8.5.dylib+0x1b355e]  IDL_GrModelDraw+0x71e
#
# Failed to write core dump. Core dumps have been disabled. To enable core dumping, try "ulimit -c unlimited" before starting Java again
#
# If you would like to submit a bug report, please visit:
#   http://bugreport.sun.com/bugreport/crash.jsp
# The crash happened outside the Java Virtual Machine in native code.
# See problematic frame for where to report the bug.
#

---------------  T H R E A D  ---------------

Current thread (0x0000000102186800):  JavaThread "IDL" [_thread_in_native, id=44035, stack(0x00007000018e5000,0x00007000019e5000)]

siginfo:si_signo=SIGSEGV: si_errno=0, si_code=1 (SEGV_MAPERR), si_addr=0x0000000000000000

Registers:
RAX=0x0000000000000001, RBX=0x0000000000000000, RCX=0x000000012318b948, RDX=0x0000000000000000
RSP=0x00007000019dc890, RBP=0x00007000019dd4a0, RSI=0x0000000000000000, RDI=0x0000000000053e9a
R8 =0x0000000000000000, R9 =0x0000000000007ffa, R10=0x00007fff8d5357ee, R11=0x0000000000000246
R12=0x00007000019dd5e0, R13=0x0000000111185230, R14=0x0000000000000018, R15=0x0000000000000000
RIP=0x00000001108e855e, EFLAGS=0x0000000000010202, ERR=0x0000000000000004
  TRAPNO=0x000000000000000e

Top of Stack: (sp=0x00007000019dc890)
0x00007000019dc890:   00007000019dd658 0000000000000000
0x00007000019dc8a0:   0000000000000000 78652f7300000000
0x00007000019dc8b0:   6c64692f73696c65 00000000652f3538
0x00007000019dc8c0:   0000000000000000 000000012b7bbb58
0x00007000019dc8d0:   00007000019dd658 0000000111184968
0x00007000019dc8e0:   000000002f35386c 0000000000000000
0x00007000019dc8f0:   00007000019dc948 0000000270412f3a
0x00007000019dc900:   00000001100b1750 64692f73696c6578
0x00007000019dc910:   6d6178652f35386c 636f642f73656c70
0x00007000019dc920:   2f3a6d6f6369642f 000000012ad44bd8
0x00007000019dc930:   000000011cee0f68 386c64692f73696c
0x00007000019dc940:   0000000200000000 0000000200000000
0x00007000019dc950:   2f3a6f695f656c69 746163696c707041
0x00007000019dc960:   6578652f736e6f69 386c64692f73696c
0x00007000019dc970:   6c706d6178652f35 692f636f642f7365
0x00007000019dc980:   70412f3a6567616d 6f69746163696c70
0x00007000019dc990:   696c6578652f736e 2f35386c64692f73
0x00007000019dc9a0:   73656c706d617865 6f74692f636f642f
0x00007000019dc9b0:   7070412f3a736c6f 6e6f69746163696c
0x00007000019dc9c0:   73696c6578652f73 652f35386c64692f
0x00007000019dc9d0:   2f73656c706d6178 676e616c2f636f64
0x00007000019dc9e0:   70412f3a65676175 6f69746163696c70
0x00007000019dc9f0:   696c6578652f736e 2f35386c64692f73
0x00007000019dca00:   73656c706d617865 6a626f2f636f642f
0x00007000019dca10:   70412f3a73746365 6f69746163696c70
0x00007000019dca20:   696c6578652f736e 2f35386c64692f73
0x00007000019dca30:   73656c706d617865 6f6c702f636f642f
0x00007000019dca40:   696c7070412f3a74 2f736e6f69746163
0x00007000019dca50:   692f73696c657865 6178652f35386c64
0x00007000019dca60:   6f642f73656c706d 412f3a6664732f63
0x00007000019dca70:   69746163696c7070 6c6578652f736e6f
0x00007000019dca80:   35386c64692f7369 656c706d6178652f 

Instructions: (pc=0x00000001108e855e)
0x00000001108e853e:   85 1c f4 ff ff 8b 7d ec 48 8b 75 e0 48 8b 55 d8
0x00000001108e854e:   e8 fd 22 09 00 48 8b 55 a0 48 8b 92 d0 00 00 00
0x00000001108e855e:   48 8b 12 48 81 e2 20 00 00 00 48 81 fa 00 00 00
0x00000001108e856e:   00 0f 85 3c 00 00 00 48 8d b5 a0 f4 ff ff c7 85 

Register to memory mapping:

RAX=0x0000000000000001 is an unknown value
RBX=0x0000000000000000 is an unknown value
RCX=0x000000012318b948 is an unknown value
RDX=0x0000000000000000 is an unknown value
RSP=0x00007000019dc890 is pointing into the stack for thread: 0x0000000102186800
RBP=0x00007000019dd4a0 is pointing into the stack for thread: 0x0000000102186800
RSI=0x0000000000000000 is an unknown value
RDI=0x0000000000053e9a is an unknown value
R8 =0x0000000000000000 is an unknown value
R9 =0x0000000000007ffa is an unknown value
R10=0x00007fff8d5357ee: sigprocmask+0xa in /usr/lib/system/libsystem_kernel.dylib at 0x00007fff8d51d000
R11=0x0000000000000246 is an unknown value
R12=0x00007000019dd5e0 is pointing into the stack for thread: 0x0000000102186800
R13=0x0000000111185230: IDL_msg_jmp_env+0 in /Applications/exelis/idl85/bin/bin.darwin.x86_64/libidl.8.5.dylib at 0x0000000110735000
R14=0x0000000000000018 is an unknown value
R15=0x0000000000000000 is an unknown value


Stack: [0x00007000018e5000,0x00007000019e5000],  sp=0x00007000019dc890,  free space=990k
Native frames: (J=compiled Java code, j=interpreted, Vv=VM code, C=native code)
C  [libidl.8.5.dylib+0x1b355e]  IDL_GrModelDraw+0x71e
C  [libidl.8.5.dylib+0x4113ff]  IDL_ObjCallMethodEx+0x79f
C  [libidl.8.5.dylib+0x40dbea]  IDL_ObjCallMethod+0x7a
C  [libidl.8.5.dylib+0x1348b1]  igSrcDestObjCallMethod+0x141
C  [libidl.8.5.dylib+0x245bbb]  IDL_GrContainerDraw+0x36b
C  [libidl.8.5.dylib+0x1b3553]  IDL_GrModelDraw+0x713
C  [libidl.8.5.dylib+0x4113ff]  IDL_ObjCallMethodEx+0x79f
C  [libidl.8.5.dylib+0x40dbea]  IDL_ObjCallMethod+0x7a
C  [libidl.8.5.dylib+0x1348b1]  igSrcDestObjCallMethod+0x141
C  [libidl.8.5.dylib+0x245bbb]  IDL_GrContainerDraw+0x36b
C  [libidl.8.5.dylib+0x1b3553]  IDL_GrModelDraw+0x713
C  [libidl.8.5.dylib+0x4113ff]  IDL_ObjCallMethodEx+0x79f
C  [libidl.8.5.dylib+0x40dbea]  IDL_ObjCallMethod+0x7a
C  [libidl.8.5.dylib+0x1348b1]  igSrcDestObjCallMethod+0x141
C  [libidl.8.5.dylib+0x245bbb]  IDL_GrContainerDraw+0x36b
C  [libidl.8.5.dylib+0x1b3553]  IDL_GrModelDraw+0x713
C  [libidl.8.5.dylib+0x4113ff]  IDL_ObjCallMethodEx+0x79f
C  [libidl.8.5.dylib+0x40dbea]  IDL_ObjCallMethod+0x7a
C  [libidl.8.5.dylib+0x1348b1]  igSrcDestObjCallMethod+0x141
C  [libidl.8.5.dylib+0x245bbb]  IDL_GrContainerDraw+0x36b
C  [libidl.8.5.dylib+0x19b8c3]  IDL_GrViewDraw+0x263
C  [libidl.8.5.dylib+0x4113ff]  IDL_ObjCallMethodEx+0x79f
C  [libidl.8.5.dylib+0x40dbea]  IDL_ObjCallMethod+0x7a
C  [libidl.8.5.dylib+0x1348b1]  igSrcDestObjCallMethod+0x141
C  [libidl.8.5.dylib+0x139f0d]  igViewGroupDraw+0x29d
C  [libidl.8.5.dylib+0x139c67]  IDL_grViewGroupDraw+0x27
C  [libidl.8.5.dylib+0x4113ff]  IDL_ObjCallMethodEx+0x79f
C  [libidl.8.5.dylib+0x40dbea]  IDL_ObjCallMethod+0x7a
C  [libidl.8.5.dylib+0x1348b1]  igSrcDestObjCallMethod+0x141
C  [libidl.8.5.dylib+0x245bbb]  IDL_GrContainerDraw+0x36b
C  [libidl.8.5.dylib+0x2fcf9]  IDL_GrSceneDraw+0x1d9
C  [libidl.8.5.dylib+0x322de7]  interpreter+0x87d7
C  [libidl.8.5.dylib+0x444d9b]  IDL_Executive+0xebb
C  [libidl.8.5.dylib+0x3242c4]  IDL_InterpCallFromSysproc+0xe4
C  [libidl.8.5.dylib+0x4114d4]  IDL_ObjCallMethodEx+0x874
C  [libidl.8.5.dylib+0x40dbea]  IDL_ObjCallMethod+0x7a
C  [libidl.8.5.dylib+0x1348b1]  igSrcDestObjCallMethod+0x141
C  [libidl.8.5.dylib+0x131824]  IDL_GrSrcDestDraw+0x4b4
C  [libidl.8.5.dylib+0x322de7]  interpreter+0x87d7
C  [libidl.8.5.dylib+0x444d9b]  IDL_Executive+0xebb
C  [libidl_ips.8.5.dylib+0x9604]  ips_main+0x284
C  [libidl_ips.8.5.dylib+0xa83c]  IPS_RunClient+0x3c
C  [libidl_ips.8.5.dylib+0x15543]  IPS_Start+0x13
C  [libidl_ips.8.5.dylib+0xb94]  Java_com_rsi_idldt_core_ips_IPS_1Access_IPS_1Start+0x204
j  com.rsi.idldt.core.ips.IPS_Access.IPS_Start([Ljava/lang/String;)V+0
j  com.rsi.idldt.core.ips.IPS_Manager$2.run()V+15
j  java.lang.Thread.run()V+11
v  ~StubRoutines::call_stub
V  [libjvm.dylib+0x28a5c3]
V  [libjvm.dylib+0x28aaa2]
V  [libjvm.dylib+0x28abdc]
V  [libjvm.dylib+0x2c1868]
V  [libjvm.dylib+0x47cbd8]
V  [libjvm.dylib+0x47e0ca]
V  [libjvm.dylib+0x3b95f9]
C  [libsystem_pthread.dylib+0x3c13]  _pthread_body+0x83
C  [libsystem_pthread.dylib+0x3b90]  _pthread_body+0x0
C  [libsystem_pthread.dylib+0x1375]  thread_start+0xd

Java frames: (J=compiled Java code, j=interpreted, Vv=VM code)
j  com.rsi.idldt.core.ips.IPS_Access.IPS_Start([Ljava/lang/String;)V+0
j  com.rsi.idldt.core.ips.IPS_Manager$2.run()V+15
j  java.lang.Thread.run()V+11
v  ~StubRoutines::call_stub

---------------  P R O C E S S  ---------------

Java Threads: ( => current thread )
  0x0000000119915800 JavaThread "Thread-3584" [_thread_in_native, id=1192659, stack(0x0000700002fb3000,0x00007000030b3000)]
  0x0000000112908000 JavaThread "HighTraffic" [_thread_blocked, id=1186103, stack(0x0000700002dad000,0x0000700002ead000)]
  0x0000000125f05800 JavaThread "Worker-109" [_thread_blocked, id=1073739, stack(0x0000700002eb0000,0x0000700002fb0000)]
  0x0000000125f94000 JavaThread "Worker-107" [_thread_blocked, id=958007, stack(0x0000700001e80000,0x0000700001f80000)]
  0x000000011949a800 JavaThread "Worker-106" [_thread_blocked, id=947283, stack(0x0000700002a21000,0x0000700002b21000)]
  0x000000012581f800 JavaThread "Worker-105" [_thread_blocked, id=925707, stack(0x000070000291e000,0x0000700002a1e000)]
  0x0000000118817000 JavaThread "Worker-104" [_thread_blocked, id=875759, stack(0x000070000281b000,0x000070000291b000)]
  0x0000000104995000 JavaThread "Worker-103" [_thread_blocked, id=926991, stack(0x0000700000097000,0x0000700000197000)]
  0x0000000102117000 JavaThread "Worker-92" [_thread_blocked, id=731651, stack(0x0000700002003000,0x0000700002103000)]
  0x0000000102655000 JavaThread "[ThreadPool Manager] - Idle Thread" daemon [_thread_blocked, id=38443, stack(0x0000700002caa000,0x0000700002daa000)]
  0x00000001013b3000 JavaThread "Timer-2" daemon [_thread_blocked, id=67843, stack(0x0000700002ba7000,0x0000700002ca7000)]
  0x0000000104aae800 JavaThread "Timer-1" daemon [_thread_blocked, id=65807, stack(0x0000700002718000,0x0000700002818000)]
  0x00000001128a9800 JavaThread "Thread-11" [_thread_in_native, id=61699, stack(0x0000700002615000,0x0000700002715000)]
  0x000000010149a800 JavaThread "IDLDT DOM Worker-3" [_thread_blocked, id=58639, stack(0x0000700002512000,0x0000700002612000)]
  0x0000000101465800 JavaThread "IDLDT DOM Worker-2" [_thread_blocked, id=58895, stack(0x000070000240f000,0x000070000250f000)]
  0x0000000101553000 JavaThread "IDLDT DOM Worker-1" [_thread_blocked, id=59195, stack(0x000070000230c000,0x000070000240c000)]
  0x0000000101409800 JavaThread "IDLDT DOM Worker-0" [_thread_blocked, id=54807, stack(0x0000700002209000,0x0000700002309000)]
  0x0000000104b5e000 JavaThread "Timer-0" daemon [_thread_blocked, id=55311, stack(0x0000700002106000,0x0000700002206000)]
=>0x0000000102186800 JavaThread "IDL" [_thread_in_native, id=44035, stack(0x00007000018e5000,0x00007000019e5000)]
  0x0000000102181000 JavaThread "IDLToJava Broker" daemon [_thread_blocked, id=43779, stack(0x00007000012d3000,0x00007000013d3000)]
  0x000000010216d000 JavaThread "Provisioning Event Dispatcher" daemon [_thread_blocked, id=41219, stack(0x00007000017e2000,0x00007000018e2000)]
  0x00000001049bf800 JavaThread "Bundle File Closer" daemon [_thread_blocked, id=40707, stack(0x00007000015dc000,0x00007000016dc000)]
  0x0000000104916800 JavaThread "Worker-JM" [_thread_blocked, id=40451, stack(0x00007000014d9000,0x00007000015d9000)]
  0x0000000104913000 JavaThread "[Timer] - Main Queue Handler" daemon [_thread_blocked, id=40195, stack(0x00007000013d6000,0x00007000014d6000)]
  0x000000010217f800 JavaThread "Framework Event Dispatcher" daemon [_thread_blocked, id=39691, stack(0x00007000011d0000,0x00007000012d0000)]
  0x00000001048bb000 JavaThread "Start Level Event Dispatcher" daemon [_thread_blocked, id=39427, stack(0x00007000010cd000,0x00007000011cd000)]
  0x00000001048ba800 JavaThread "State Data Manager" daemon [_thread_blocked, id=38927, stack(0x0000700000fca000,0x00007000010ca000)]
  0x000000010487a800 JavaThread "Framework Active Thread" [_thread_blocked, id=39175, stack(0x0000700000ec7000,0x0000700000fc7000)]
  0x00000001020b5000 JavaThread "Service Thread" daemon [_thread_blocked, id=25091, stack(0x0000700000c3e000,0x0000700000d3e000)]
  0x00000001020b4000 JavaThread "C2 CompilerThread1" daemon [_thread_blocked, id=24835, stack(0x0000700000b3b000,0x0000700000c3b000)]
  0x00000001020aa800 JavaThread "C2 CompilerThread0" daemon [_thread_blocked, id=24579, stack(0x0000700000a38000,0x0000700000b38000)]
  0x0000000100834000 JavaThread "Signal Dispatcher" daemon [_thread_blocked, id=24075, stack(0x0000700000935000,0x0000700000a35000)]
  0x000000010081c800 JavaThread "Finalizer" daemon [_thread_blocked, id=23555, stack(0x0000700000832000,0x0000700000932000)]
  0x0000000104800000 JavaThread "Reference Handler" daemon [_thread_blocked, id=23299, stack(0x000070000072f000,0x000070000082f000)]
  0x0000000102058000 JavaThread "main" [_thread_in_native, id=1295, stack(0x00007fff5f400000,0x00007fff5fc00000)]

Other Threads:
  0x0000000102099800 VMThread [stack: 0x000070000062c000,0x000070000072c000] [id=23043]
  0x000000010209a800 WatcherThread [stack: 0x0000700000d41000,0x0000700000e41000] [id=25347]

VM state:not at safepoint (normal execution)

VM Mutex/Monitor currently owned by a thread: None

Heap
 PSYoungGen      total 328128K, used 6154K [0x00000007eaab0000, 0x00000007fef90000, 0x0000000800000000)
  eden space 326144K, 1% used [0x00000007eaab0000,0x00000007eb0b2888,0x00000007fe930000)
  from space 1984K, 0% used [0x00000007fe9c0000,0x00000007fe9c0000,0x00000007febb0000)
  to   space 3264K, 0% used [0x00000007fec60000,0x00000007fec60000,0x00000007fef90000)
 ParOldGen       total 87424K, used 38967K [0x00000007c0000000, 0x00000007c5560000, 0x00000007eaab0000)
  object space 87424K, 44% used [0x00000007c0000000,0x00000007c260dfc0,0x00000007c5560000)
 PSPermGen       total 49856K, used 49555K [0x00000007bae00000, 0x00000007bdeb0000, 0x00000007c0000000)
  object space 49856K, 99% used [0x00000007bae00000,0x00000007bde64c08,0x00000007bdeb0000)

Card table byte_map: [0x00000001045a1000,0x00000001047cb000] byte_map_base: 0x00000001007ca000

Polling page: 0x0000000100751000

Code Cache  [0x00000001061f2000, 0x0000000106a52000, 0x00000001091f2000)
 total_blobs=2652 nmethods=2118 adapters=483 free_code_cache=40708Kb largest_free_block=41570560

Compilation events (10 events):
Event: 11098.614 Thread 0x00000001020b4000 2309             com.rsi.idldt.core.ips.debugmodel.IDLDebugElement::<init> (11 bytes)
Event: 11098.614 Thread 0x00000001020aa800 2310             com.rsi.idldt.core.ips.debugmodel.IDLDebugElement::setDebugTarget (6 bytes)
Event: 11098.614 Thread 0x00000001020aa800 nmethod 2310 0x0000000106a23a90 code [0x0000000106a23bc0, 0x0000000106a23c38]
Event: 11098.614 Thread 0x00000001020b4000 nmethod 2309 0x0000000106a23890 code [0x0000000106a239c0, 0x0000000106a23a38]
Event: 11098.618 Thread 0x00000001020b4000 2311   !         com.rsi.idldt.core.ips.IPS_Manager::get (39 bytes)
Event: 11098.618 Thread 0x00000001020b4000 nmethod 2311 0x0000000106a23650 code [0x0000000106a23780, 0x0000000106a237f8]
Event: 11098.619 Thread 0x00000001020aa800 2312             com.rsi.idldt.core.ips.debugmodel.IDLValue::getType (5 bytes)
Event: 11098.620 Thread 0x00000001020aa800 nmethod 2312 0x0000000106a23450 code [0x0000000106a23580, 0x0000000106a235d8]
Event: 11098.627 Thread 0x00000001020b4000 2313             com.rsi.idldt.core.ips.IPS_Manager::getDebugTarget (5 bytes)
Event: 11098.627 Thread 0x00000001020b4000 nmethod 2313 0x0000000106a23250 code [0x0000000106a23380, 0x0000000106a233f8]

GC Heap History (10 events):
Event: 10967.481 GC heap before
{Heap before GC invocations=346 (full 167):
 PSYoungGen      total 328256K, used 2048K [0x00000007eaab0000, 0x00000007ff0f0000, 0x0000000800000000)
  eden space 326144K, 0% used [0x00000007eaab0000,0x00000007eaab0000,0x00000007fe930000)
  from space 2112K, 96% used [0x00000007fec30000,0x00000007fee30010,0x00000007fee40000)
  to   space 2752K, 0% used [0x00000007fee40000,0x00000007fee40000,0x00000007ff0f0000)
 ParOldGen       total 87424K, used 38803K [0x00000007c0000000, 0x00000007c5560000, 0x00000007eaab0000)
  object space 87424K, 44% used [0x00000007c0000000,0x00000007c25e4df8,0x00000007c5560000)
 PSPermGen       total 49856K, used 49541K [0x00000007bae00000, 0x00000007bdeb0000, 0x00000007c0000000)
  object space 49856K, 99% used [0x00000007bae00000,0x00000007bde61600,0x00000007bdeb0000)
Event: 10967.611 GC heap after
Heap after GC invocations=346 (full 167):
 PSYoungGen      total 328256K, used 0K [0x00000007eaab0000, 0x00000007ff0f0000, 0x0000000800000000)
  eden space 326144K, 0% used [0x00000007eaab0000,0x00000007eaab0000,0x00000007fe930000)
  from space 2112K, 0% used [0x00000007fec30000,0x00000007fec30000,0x00000007fee40000)
  to   space 2752K, 0% used [0x00000007fee40000,0x00000007fee40000,0x00000007ff0f0000)
 ParOldGen       total 87424K, used 38920K [0x00000007c0000000, 0x00000007c5560000, 0x00000007eaab0000)
  object space 87424K, 44% used [0x00000007c0000000,0x00000007c26022d0,0x00000007c5560000)
 PSPermGen       total 49856K, used 49541K [0x00000007bae00000, 0x00000007bdeb0000, 0x00000007c0000000)
  object space 49856K, 99% used [0x00000007bae00000,0x00000007bde61600,0x00000007bdeb0000)
}
Event: 11030.052 GC heap before
{Heap before GC invocations=347 (full 167):
 PSYoungGen      total 328256K, used 161009K [0x00000007eaab0000, 0x00000007ff0f0000, 0x0000000800000000)
  eden space 326144K, 49% used [0x00000007eaab0000,0x00000007f47ec448,0x00000007fe930000)
  from space 2112K, 0% used [0x00000007fec30000,0x00000007fec30000,0x00000007fee40000)
  to   space 2752K, 0% used [0x00000007fee40000,0x00000007fee40000,0x00000007ff0f0000)
 ParOldGen       total 87424K, used 38920K [0x00000007c0000000, 0x00000007c5560000, 0x00000007eaab0000)
  object space 87424K, 44% used [0x00000007c0000000,0x00000007c26022d0,0x00000007c5560000)
 PSPermGen       total 49856K, used 49545K [0x00000007bae00000, 0x00000007bdeb0000, 0x00000007c0000000)
  object space 49856K, 99% used [0x00000007bae00000,0x00000007bde62768,0x00000007bdeb0000)
Event: 11030.057 GC heap after
Heap after GC invocations=347 (full 167):
 PSYoungGen      total 328192K, used 2030K [0x00000007eaab0000, 0x00000007ff040000, 0x0000000800000000)
  eden space 326144K, 0% used [0x00000007eaab0000,0x00000007eaab0000,0x00000007fe930000)
  from space 2048K, 99% used [0x00000007fee40000,0x00000007ff03bad0,0x00000007ff040000)
  to   space 3328K, 0% used [0x00000007fe9c0000,0x00000007fe9c0000,0x00000007fed00000)
 ParOldGen       total 87424K, used 38920K [0x00000007c0000000, 0x00000007c5560000, 0x00000007eaab0000)
  object space 87424K, 44% used [0x00000007c0000000,0x00000007c26022d0,0x00000007c5560000)
 PSPermGen       total 49856K, used 49545K [0x00000007bae00000, 0x00000007bdeb0000, 0x00000007c0000000)
  object space 49856K, 99% used [0x00000007bae00000,0x00000007bde62768,0x00000007bdeb0000)
}
Event: 11030.057 GC heap before
{Heap before GC invocations=348 (full 168):
 PSYoungGen      total 328192K, used 2030K [0x00000007eaab0000, 0x00000007ff040000, 0x0000000800000000)
  eden space 326144K, 0% used [0x00000007eaab0000,0x00000007eaab0000,0x00000007fe930000)
  from space 2048K, 99% used [0x00000007fee40000,0x00000007ff03bad0,0x00000007ff040000)
  to   space 3328K, 0% used [0x00000007fe9c0000,0x00000007fe9c0000,0x00000007fed00000)
 ParOldGen       total 87424K, used 38920K [0x00000007c0000000, 0x00000007c5560000, 0x00000007eaab0000)
  object space 87424K, 44% used [0x00000007c0000000,0x00000007c26022d0,0x00000007c5560000)
 PSPermGen       total 49856K, used 49545K [0x00000007bae00000, 0x00000007bdeb0000, 0x00000007c0000000)
  object space 49856K, 99% used [0x00000007bae00000,0x00000007bde62768,0x00000007bdeb0000)
Event: 11030.189 GC heap after
Heap after GC invocations=348 (full 168):
 PSYoungGen      total 328192K, used 0K [0x00000007eaab0000, 0x00000007ff040000, 0x0000000800000000)
  eden space 326144K, 0% used [0x00000007eaab0000,0x00000007eaab0000,0x00000007fe930000)
  from space 2048K, 0% used [0x00000007fee40000,0x00000007fee40000,0x00000007ff040000)
  to   space 3328K, 0% used [0x00000007fe9c0000,0x00000007fe9c0000,0x00000007fed00000)
 ParOldGen       total 87424K, used 38903K [0x00000007c0000000, 0x00000007c5560000, 0x00000007eaab0000)
  object space 87424K, 44% used [0x00000007c0000000,0x00000007c25fde30,0x00000007c5560000)
 PSPermGen       total 49856K, used 49545K [0x00000007bae00000, 0x00000007bdeb0000, 0x00000007c0000000)
  object space 49856K, 99% used [0x00000007bae00000,0x00000007bde62768,0x00000007bdeb0000)
}
Event: 11097.595 GC heap before
{Heap before GC invocations=349 (full 168):
 PSYoungGen      total 328192K, used 265461K [0x00000007eaab0000, 0x00000007ff040000, 0x0000000800000000)
  eden space 326144K, 81% used [0x00000007eaab0000,0x00000007faded7f0,0x00000007fe930000)
  from space 2048K, 0% used [0x00000007fee40000,0x00000007fee40000,0x00000007ff040000)
  to   space 3328K, 0% used [0x00000007fe9c0000,0x00000007fe9c0000,0x00000007fed00000)
 ParOldGen       total 87424K, used 38903K [0x00000007c0000000, 0x00000007c5560000, 0x00000007eaab0000)
  object space 87424K, 44% used [0x00000007c0000000,0x00000007c25fde30,0x00000007c5560000)
 PSPermGen       total 49856K, used 49548K [0x00000007bae00000, 0x00000007bdeb0000, 0x00000007c0000000)
  object space 49856K, 99% used [0x00000007bae00000,0x00000007bde63080,0x00000007bdeb0000)
Event: 11097.600 GC heap after
Heap after GC invocations=349 (full 168):
 PSYoungGen      total 328128K, used 1966K [0x00000007eaab0000, 0x00000007fef90000, 0x0000000800000000)
  eden space 326144K, 0% used [0x00000007eaab0000,0x00000007eaab0000,0x00000007fe930000)
  from space 1984K, 99% used [0x00000007fe9c0000,0x00000007febabae8,0x00000007febb0000)
  to   space 3264K, 0% used [0x00000007fec60000,0x00000007fec60000,0x00000007fef90000)
 ParOldGen       total 87424K, used 38903K [0x00000007c0000000, 0x00000007c5560000, 0x00000007eaab0000)
  object space 87424K, 44% used [0x00000007c0000000,0x00000007c25fde30,0x00000007c5560000)
 PSPermGen       total 49856K, used 49548K [0x00000007bae00000, 0x00000007bdeb0000, 0x00000007c0000000)
  object space 49856K, 99% used [0x00000007bae00000,0x00000007bde63080,0x00000007bdeb0000)
}
Event: 11097.600 GC heap before
{Heap before GC invocations=350 (full 169):
 PSYoungGen      total 328128K, used 1966K [0x00000007eaab0000, 0x00000007fef90000, 0x0000000800000000)
  eden space 326144K, 0% used [0x00000007eaab0000,0x00000007eaab0000,0x00000007fe930000)
  from space 1984K, 99% used [0x00000007fe9c0000,0x00000007febabae8,0x00000007febb0000)
  to   space 3264K, 0% used [0x00000007fec60000,0x00000007fec60000,0x00000007fef90000)
 ParOldGen       total 87424K, used 38903K [0x00000007c0000000, 0x00000007c5560000, 0x00000007eaab0000)
  object space 87424K, 44% used [0x00000007c0000000,0x00000007c25fde30,0x00000007c5560000)
 PSPermGen       total 49856K, used 49548K [0x00000007bae00000, 0x00000007bdeb0000, 0x00000007c0000000)
  object space 49856K, 99% used [0x00000007bae00000,0x00000007bde63080,0x00000007bdeb0000)
Event: 11097.719 GC heap after
Heap after GC invocations=350 (full 169):
 PSYoungGen      total 328128K, used 0K [0x00000007eaab0000, 0x00000007fef90000, 0x0000000800000000)
  eden space 326144K, 0% used [0x00000007eaab0000,0x00000007eaab0000,0x00000007fe930000)
  from space 1984K, 0% used [0x00000007fe9c0000,0x00000007fe9c0000,0x00000007febb0000)
  to   space 3264K, 0% used [0x00000007fec60000,0x00000007fec60000,0x00000007fef90000)
 ParOldGen       total 87424K, used 38967K [0x00000007c0000000, 0x00000007c5560000, 0x00000007eaab0000)
  object space 87424K, 44% used [0x00000007c0000000,0x00000007c260dfc0,0x00000007c5560000)
 PSPermGen       total 49856K, used 49548K [0x00000007bae00000, 0x00000007bdeb0000, 0x00000007c0000000)
  object space 49856K, 99% used [0x00000007bae00000,0x00000007bde63060,0x00000007bdeb0000)
}

Deoptimization events (10 events):
Event: 9752.478 Thread 0x0000000119012800 Uncommon trap -34 fr.pc 0x0000000106810518
Event: 9752.478 Thread 0x0000000119012800 Uncommon trap -34 fr.pc 0x00000001067ee6d4
Event: 9804.385 Thread 0x0000000102058000 Uncommon trap -34 fr.pc 0x00000001068ce2c8
Event: 10251.909 Thread 0x0000000102058000 Uncommon trap -34 fr.pc 0x00000001068ce2c8
Event: 10652.539 Thread 0x0000000102058000 Uncommon trap -83 fr.pc 0x000000010689377c
Event: 10661.510 Thread 0x000000011949a800 Uncommon trap -34 fr.pc 0x0000000106340c84
Event: 10661.510 Thread 0x000000011949a800 Uncommon trap -34 fr.pc 0x0000000106340c84
Event: 10661.510 Thread 0x000000011949a800 Uncommon trap -34 fr.pc 0x0000000106340c84
Event: 10661.510 Thread 0x000000011949a800 Uncommon trap -34 fr.pc 0x0000000106340c84
Event: 10897.579 Thread 0x0000000102058000 Uncommon trap -34 fr.pc 0x00000001068ce2c8

Internal exceptions (10 events):
Event: 11096.662 Thread 0x0000000112908000 Threw 0x00000007f48f9fb8 at /HUDSON/workspace/jdk7u25-2-build-macosx-amd64-product/jdk7u25/hotspot/src/share/vm/prims/jvm.cpp:2915
Event: 11096.679 Thread 0x0000000112908000 Threw 0x00000007f48fa138 at /HUDSON/workspace/jdk7u25-2-build-macosx-amd64-product/jdk7u25/hotspot/src/share/vm/prims/jvm.cpp:2957
Event: 11096.679 Thread 0x0000000112908000 Threw 0x00000007f48fa2b8 at /HUDSON/workspace/jdk7u25-2-build-macosx-amd64-product/jdk7u25/hotspot/src/share/vm/prims/jvm.cpp:2915
Event: 11096.695 Thread 0x0000000112908000 Threw 0x00000007f48fa438 at /HUDSON/workspace/jdk7u25-2-build-macosx-amd64-product/jdk7u25/hotspot/src/share/vm/prims/jvm.cpp:2957
Event: 11096.695 Thread 0x0000000112908000 Threw 0x00000007f48fa5b8 at /HUDSON/workspace/jdk7u25-2-build-macosx-amd64-product/jdk7u25/hotspot/src/share/vm/prims/jvm.cpp:2915
Event: 11096.712 Thread 0x0000000112908000 Threw 0x00000007f48fa738 at /HUDSON/workspace/jdk7u25-2-build-macosx-amd64-product/jdk7u25/hotspot/src/share/vm/prims/jvm.cpp:2957
Event: 11096.712 Thread 0x0000000112908000 Threw 0x00000007f48fa8b8 at /HUDSON/workspace/jdk7u25-2-build-macosx-amd64-product/jdk7u25/hotspot/src/share/vm/prims/jvm.cpp:2915
Event: 11096.729 Thread 0x0000000112908000 Threw 0x00000007f48faa38 at /HUDSON/workspace/jdk7u25-2-build-macosx-amd64-product/jdk7u25/hotspot/src/share/vm/prims/jvm.cpp:2957
Event: 11096.729 Thread 0x0000000112908000 Threw 0x00000007f48fabb8 at /HUDSON/workspace/jdk7u25-2-build-macosx-amd64-product/jdk7u25/hotspot/src/share/vm/prims/jvm.cpp:2915
Event: 11098.646 Thread 0x0000000125f05800 Threw 0x00000007eb087e88 at /HUDSON/workspace/jdk7u25-2-build-macosx-amd64-product/jdk7u25/hotspot/src/share/vm/prims/nativeLookup.

Events (10 events):
Event: 11096.178 Executing VM operation: RevokeBias
Event: 11096.179 Executing VM operation: RevokeBias done
Event: 11096.179 Thread 0x0000000125c51000 Thread exited: 0x0000000125c51000
Event: 11097.595 Executing VM operation: ParallelGCSystemGC
Event: 11097.719 Executing VM operation: ParallelGCSystemGC done
Event: 11097.719 Thread 0x0000000118966800 Thread added: 0x0000000118966800
Event: 11097.719 Thread 0x0000000118966800 Thread exited: 0x0000000118966800
Event: 11098.584 Thread 0x0000000119915800 Thread added: 0x0000000119915800
Event: 11098.629 Executing VM operation: RevokeBias
Event: 11098.630 Executing VM operation: RevokeBias done


Dynamic libraries:
0x0000000008344000 	/System/Library/Frameworks/Cocoa.framework/Versions/A/Cocoa
0x0000000008344000 	/usr/lib/libSystem.B.dylib
0x0000000008344000 	/System/Library/Frameworks/CoreServices.framework/Versions/A/CoreServices
0x0000000008344000 	/usr/lib/libobjc.A.dylib
0x0000000008344000 	/System/Library/Frameworks/CoreFoundation.framework/Versions/A/CoreFoundation
0x0000000008344000 	/System/Library/Frameworks/AppKit.framework/Versions/C/AppKit
0x0000000008344000 	/System/Library/Frameworks/ApplicationServices.framework/Versions/A/ApplicationServices
0x0000000008344000 	/System/Library/Frameworks/Foundation.framework/Versions/C/Foundation
0x0000000008344000 	/System/Library/Frameworks/CoreData.framework/Versions/A/CoreData
0x0000000008344000 	/System/Library/PrivateFrameworks/RemoteViewServices.framework/Versions/A/RemoteViewServices
0x0000000008344000 	/System/Library/PrivateFrameworks/UIFoundation.framework/Versions/A/UIFoundation
0x0000000008344000 	/usr/lib/libScreenReader.dylib
0x0000000008344000 	/System/Library/Frameworks/Accelerate.framework/Versions/A/Accelerate
0x0000000008344000 	/System/Library/Frameworks/IOSurface.framework/Versions/A/IOSurface
0x0000000008344000 	/System/Library/Frameworks/AudioToolbox.framework/Versions/A/AudioToolbox
0x0000000008344000 	/System/Library/Frameworks/AudioUnit.framework/Versions/A/AudioUnit
0x0000000008344000 	/System/Library/PrivateFrameworks/DataDetectorsCore.framework/Versions/A/DataDetectorsCore
0x0000000008344000 	/System/Library/PrivateFrameworks/DesktopServicesPriv.framework/Versions/A/DesktopServicesPriv
0x0000000008344000 	/System/Library/Frameworks/Carbon.framework/Versions/A/Frameworks/HIToolbox.framework/Versions/A/HIToolbox
0x0000000008344000 	/System/Library/Frameworks/QuartzCore.framework/Versions/A/QuartzCore
0x0000000008344000 	/System/Library/Frameworks/Security.framework/Versions/A/Security
0x0000000008344000 	/System/Library/Frameworks/Carbon.framework/Versions/A/Frameworks/SpeechRecognition.framework/Versions/A/SpeechRecognition
0x0000000008344000 	/usr/lib/libauto.dylib
0x0000000008344000 	/usr/lib/libicucore.A.dylib
0x0000000008344000 	/usr/lib/libxml2.2.dylib
0x0000000008344000 	/usr/lib/libz.1.dylib
0x0000000008344000 	/System/Library/PrivateFrameworks/CoreUI.framework/Versions/A/CoreUI
0x0000000008344000 	/System/Library/Frameworks/CoreAudio.framework/Versions/A/CoreAudio
0x0000000008344000 	/System/Library/Frameworks/DiskArbitration.framework/Versions/A/DiskArbitration
0x0000000008344000 	/usr/lib/liblangid.dylib
0x0000000008344000 	/System/Library/PrivateFrameworks/MultitouchSupport.framework/Versions/A/MultitouchSupport
0x0000000008344000 	/System/Library/Frameworks/IOKit.framework/Versions/A/IOKit
0x0000000008344000 	/usr/lib/libDiagnosticMessagesClient.dylib
0x0000000008344000 	/System/Library/PrivateFrameworks/PerformanceAnalysis.framework/Versions/A/PerformanceAnalysis
0x0000000008344000 	/System/Library/PrivateFrameworks/GenerationalStorage.framework/Versions/A/GenerationalStorage
0x0000000008344000 	/System/Library/Frameworks/OpenGL.framework/Versions/A/OpenGL
0x0000000008344000 	/System/Library/PrivateFrameworks/Sharing.framework/Versions/A/Sharing
0x0000000008344000 	/System/Library/Frameworks/CoreGraphics.framework/Versions/A/CoreGraphics
0x0000000008344000 	/System/Library/Frameworks/CoreImage.framework/Versions/A/CoreImage
0x0000000008344000 	/System/Library/Frameworks/CoreText.framework/Versions/A/CoreText
0x0000000008344000 	/System/Library/Frameworks/ImageIO.framework/Versions/A/ImageIO
0x0000000008344000 	/System/Library/PrivateFrameworks/Backup.framework/Versions/A/Backup
0x0000000008344000 	/usr/lib/libextension.dylib
0x0000000008344000 	/usr/lib/libarchive.2.dylib
0x0000000008344000 	/System/Library/Frameworks/CFNetwork.framework/Versions/A/CFNetwork
0x0000000008344000 	/System/Library/Frameworks/SystemConfiguration.framework/Versions/A/SystemConfiguration
0x0000000008344000 	/usr/lib/libCRFSuite.dylib
0x0000000008344000 	/usr/lib/libc++.1.dylib
0x0000000008344000 	/usr/lib/libc++abi.dylib
0x0000000008344000 	/usr/lib/system/libcache.dylib
0x0000000008344000 	/usr/lib/system/libcommonCrypto.dylib
0x0000000008344000 	/usr/lib/system/libcompiler_rt.dylib
0x0000000008344000 	/usr/lib/system/libcopyfile.dylib
0x0000000008344000 	/usr/lib/system/libcorecrypto.dylib
0x0000000008344000 	/usr/lib/system/libdispatch.dylib
0x0000000008344000 	/usr/lib/system/libdyld.dylib
0x0000000008344000 	/usr/lib/system/libkeymgr.dylib
0x0000000008344000 	/usr/lib/system/liblaunch.dylib
0x0000000008344000 	/usr/lib/system/libmacho.dylib
0x0000000008344000 	/usr/lib/system/libquarantine.dylib
0x0000000008344000 	/usr/lib/system/libremovefile.dylib
0x0000000008344000 	/usr/lib/system/libsystem_asl.dylib
0x0000000008344000 	/usr/lib/system/libsystem_blocks.dylib
0x0000000008344000 	/usr/lib/system/libsystem_c.dylib
0x0000000008344000 	/usr/lib/system/libsystem_configuration.dylib
0x0000000008344000 	/usr/lib/system/libsystem_coreservices.dylib
0x0000000008344000 	/usr/lib/system/libsystem_coretls.dylib
0x0000000008344000 	/usr/lib/system/libsystem_dnssd.dylib
0x0000000008344000 	/usr/lib/system/libsystem_info.dylib
0x0000000008344000 	/usr/lib/system/libsystem_kernel.dylib
0x0000000008344000 	/usr/lib/system/libsystem_m.dylib
0x0000000008344000 	/usr/lib/system/libsystem_malloc.dylib
0x0000000008344000 	/usr/lib/system/libsystem_network.dylib
0x0000000008344000 	/usr/lib/system/libsystem_networkextension.dylib
0x0000000008344000 	/usr/lib/system/libsystem_notify.dylib
0x0000000008344000 	/usr/lib/system/libsystem_platform.dylib
0x0000000008344000 	/usr/lib/system/libsystem_pthread.dylib
0x0000000008344000 	/usr/lib/system/libsystem_sandbox.dylib
0x0000000008344000 	/usr/lib/system/libsystem_secinit.dylib
0x0000000008344000 	/usr/lib/system/libsystem_trace.dylib
0x0000000008344000 	/usr/lib/system/libunc.dylib
0x0000000008344000 	/usr/lib/system/libunwind.dylib
0x0000000008344000 	/usr/lib/system/libxpc.dylib
0x0000000008344000 	/usr/lib/libenergytrace.dylib
0x0000000008344000 	/usr/lib/libbsm.0.dylib
0x0000000008344000 	/usr/lib/system/libkxld.dylib
0x0000000008344000 	/usr/lib/libxar.1.dylib
0x0000000008344000 	/usr/lib/libsqlite3.dylib
0x0000000008344000 	/usr/lib/libpam.2.dylib
0x0000000008344000 	/usr/lib/libOpenScriptingUtil.dylib
0x0000000008344000 	/usr/lib/libbz2.1.0.dylib
0x0000000008344000 	/usr/lib/liblzma.5.dylib
0x0000000008344000 	/System/Library/Frameworks/CoreServices.framework/Versions/A/Frameworks/FSEvents.framework/Versions/A/FSEvents
0x0000000008344000 	/System/Library/Frameworks/CoreServices.framework/Versions/A/Frameworks/CarbonCore.framework/Versions/A/CarbonCore
0x0000000008344000 	/System/Library/Frameworks/CoreServices.framework/Versions/A/Frameworks/Metadata.framework/Versions/A/Metadata
0x0000000008344000 	/System/Library/Frameworks/CoreServices.framework/Versions/A/Frameworks/OSServices.framework/Versions/A/OSServices
0x0000000008344000 	/System/Library/Frameworks/CoreServices.framework/Versions/A/Frameworks/SearchKit.framework/Versions/A/SearchKit
0x0000000008344000 	/System/Library/Frameworks/CoreServices.framework/Versions/A/Frameworks/AE.framework/Versions/A/AE
0x0000000008344000 	/System/Library/Frameworks/CoreServices.framework/Versions/A/Frameworks/LaunchServices.framework/Versions/A/LaunchServices
0x0000000008344000 	/System/Library/Frameworks/CoreServices.framework/Versions/A/Frameworks/DictionaryServices.framework/Versions/A/DictionaryServices
0x0000000008344000 	/System/Library/Frameworks/CoreServices.framework/Versions/A/Frameworks/SharedFileList.framework/Versions/A/SharedFileList
0x0000000008344000 	/System/Library/Frameworks/NetFS.framework/Versions/A/NetFS
0x0000000008344000 	/System/Library/PrivateFrameworks/NetAuth.framework/Versions/A/NetAuth
0x0000000008344000 	/System/Library/PrivateFrameworks/login.framework/Versions/A/Frameworks/loginsupport.framework/Versions/A/loginsupport
0x0000000008344000 	/System/Library/PrivateFrameworks/TCC.framework/Versions/A/TCC
0x0000000008344000 	/usr/lib/libmecabra.dylib
0x0000000008344000 	/System/Library/Frameworks/ApplicationServices.framework/Versions/A/Frameworks/ATS.framework/Versions/A/ATS
0x0000000008344000 	/System/Library/Frameworks/ApplicationServices.framework/Versions/A/Frameworks/ColorSync.framework/Versions/A/ColorSync
0x0000000008344000 	/System/Library/Frameworks/ApplicationServices.framework/Versions/A/Frameworks/HIServices.framework/Versions/A/HIServices
0x0000000008344000 	/System/Library/Frameworks/ApplicationServices.framework/Versions/A/Frameworks/LangAnalysis.framework/Versions/A/LangAnalysis
0x0000000008344000 	/System/Library/Frameworks/ApplicationServices.framework/Versions/A/Frameworks/PrintCore.framework/Versions/A/PrintCore
0x0000000008344000 	/System/Library/Frameworks/ApplicationServices.framework/Versions/A/Frameworks/QD.framework/Versions/A/QD
0x0000000008344000 	/System/Library/Frameworks/ApplicationServices.framework/Versions/A/Frameworks/SpeechSynthesis.framework/Versions/A/SpeechSynthesis
0x0000000008344000 	/System/Library/Frameworks/Metal.framework/Versions/A/Metal
0x0000000008344000 	/System/Library/Frameworks/Accelerate.framework/Versions/A/Frameworks/vImage.framework/Versions/A/vImage
0x0000000008344000 	/System/Library/Frameworks/Accelerate.framework/Versions/A/Frameworks/vecLib.framework/Versions/A/vecLib
0x0000000008344000 	/System/Library/Frameworks/Accelerate.framework/Versions/A/Frameworks/vecLib.framework/Versions/A/libvDSP.dylib
0x0000000008344000 	/System/Library/Frameworks/Accelerate.framework/Versions/A/Frameworks/vecLib.framework/Versions/A/libvMisc.dylib
0x0000000008344000 	/System/Library/Frameworks/Accelerate.framework/Versions/A/Frameworks/vecLib.framework/Versions/A/libLAPACK.dylib
0x0000000008344000 	/System/Library/Frameworks/Accelerate.framework/Versions/A/Frameworks/vecLib.framework/Versions/A/libBLAS.dylib
0x0000000008344000 	/System/Library/Frameworks/Accelerate.framework/Versions/A/Frameworks/vecLib.framework/Versions/A/libLinearAlgebra.dylib
0x0000000008344000 	/System/Library/Frameworks/Accelerate.framework/Versions/A/Frameworks/vecLib.framework/Versions/A/libSparseBLAS.dylib
0x0000000008344000 	/System/Library/PrivateFrameworks/GPUCompiler.framework/libmetal_timestamp.dylib
0x0000000008344000 	/System/Library/Frameworks/OpenGL.framework/Versions/A/Libraries/libCoreFSCache.dylib
0x0000000008344000 	/System/Library/PrivateFrameworks/IOAccelerator.framework/Versions/A/IOAccelerator
0x0000000008344000 	/System/Library/Frameworks/ApplicationServices.framework/Versions/A/Frameworks/ATS.framework/Versions/A/Resources/libFontParser.dylib
0x0000000008344000 	/System/Library/Frameworks/ApplicationServices.framework/Versions/A/Frameworks/ATS.framework/Versions/A/Resources/libFontRegistry.dylib
0x0000000008344000 	/System/Library/PrivateFrameworks/AppleVPA.framework/Versions/A/AppleVPA
0x0000000008344000 	/System/Library/PrivateFrameworks/AppleJPEG.framework/Versions/A/AppleJPEG
0x0000000008344000 	/System/Library/Frameworks/ImageIO.framework/Versions/A/Resources/libJPEG.dylib
0x0000000008344000 	/System/Library/Frameworks/ImageIO.framework/Versions/A/Resources/libTIFF.dylib
0x0000000008344000 	/System/Library/Frameworks/ImageIO.framework/Versions/A/Resources/libPng.dylib
0x0000000008344000 	/System/Library/Frameworks/ImageIO.framework/Versions/A/Resources/libGIF.dylib
0x0000000008344000 	/System/Library/Frameworks/ImageIO.framework/Versions/A/Resources/libJP2.dylib
0x0000000008344000 	/System/Library/Frameworks/ImageIO.framework/Versions/A/Resources/libRadiance.dylib
0x0000000008344000 	/System/Library/Frameworks/CoreVideo.framework/Versions/A/CoreVideo
0x0000000008344000 	/System/Library/Frameworks/OpenGL.framework/Versions/A/Libraries/libGLU.dylib
0x0000000008344000 	/System/Library/Frameworks/OpenGL.framework/Versions/A/Libraries/libGFXShared.dylib
0x0000000008344000 	/System/Library/Frameworks/OpenGL.framework/Versions/A/Libraries/libGL.dylib
0x0000000008344000 	/System/Library/Frameworks/OpenGL.framework/Versions/A/Libraries/libGLImage.dylib
0x0000000008344000 	/System/Library/Frameworks/OpenGL.framework/Versions/A/Libraries/libCVMSPluginSupport.dylib
0x0000000008344000 	/System/Library/Frameworks/OpenGL.framework/Versions/A/Libraries/libCoreVMClient.dylib
0x0000000008344000 	/usr/lib/libcups.2.dylib
0x0000000008344000 	/System/Library/Frameworks/Kerberos.framework/Versions/A/Kerberos
0x0000000008344000 	/System/Library/Frameworks/GSS.framework/Versions/A/GSS
0x0000000008344000 	/usr/lib/libresolv.9.dylib
0x0000000008344000 	/usr/lib/libiconv.2.dylib
0x0000000008344000 	/System/Library/PrivateFrameworks/Heimdal.framework/Versions/A/Heimdal
0x0000000008344000 	/usr/lib/libheimdal-asn1.dylib
0x0000000008344000 	/System/Library/Frameworks/OpenDirectory.framework/Versions/A/OpenDirectory
0x0000000008344000 	/System/Library/PrivateFrameworks/CommonAuth.framework/Versions/A/CommonAuth
0x0000000008344000 	/System/Library/Frameworks/OpenDirectory.framework/Versions/A/Frameworks/CFOpenDirectory.framework/Versions/A/CFOpenDirectory
0x0000000008344000 	/System/Library/Frameworks/SecurityFoundation.framework/Versions/A/SecurityFoundation
0x0000000008344000 	/System/Library/PrivateFrameworks/LanguageModeling.framework/Versions/A/LanguageModeling
0x0000000008344000 	/usr/lib/libmarisa.dylib
0x0000000008344000 	/usr/lib/libChineseTokenizer.dylib
0x0000000008344000 	/usr/lib/libcmph.dylib
0x0000000008344000 	/usr/lib/libcompression.dylib
0x0000000008344000 	/System/Library/Frameworks/ServiceManagement.framework/Versions/A/ServiceManagement
0x0000000008344000 	/usr/lib/libxslt.1.dylib
0x0000000008344000 	/System/Library/Frameworks/Carbon.framework/Versions/A/Frameworks/Ink.framework/Versions/A/Ink
0x0000000008344000 	/usr/lib/libFosl_dynamic.dylib
0x0000000008344000 	/System/Library/PrivateFrameworks/FaceCore.framework/Versions/A/FaceCore
0x0000000008344000 	/System/Library/Frameworks/OpenCL.framework/Versions/A/OpenCL
0x0000000008344000 	/System/Library/PrivateFrameworks/CrashReporterSupport.framework/Versions/A/CrashReporterSupport
0x0000000008344000 	/System/Library/PrivateFrameworks/IconServices.framework/Versions/A/IconServices
0x0000000008344000 	/System/Library/PrivateFrameworks/Apple80211.framework/Versions/A/Apple80211
0x0000000008344000 	/System/Library/Frameworks/CoreWLAN.framework/Versions/A/CoreWLAN
0x0000000008344000 	/System/Library/Frameworks/IOBluetooth.framework/Versions/A/IOBluetooth
0x0000000008344000 	/System/Library/PrivateFrameworks/CoreWiFi.framework/Versions/A/CoreWiFi
0x0000000008344000 	/System/Library/Frameworks/CoreBluetooth.framework/Versions/A/CoreBluetooth
0x0000000008344000 	/System/Library/PrivateFrameworks/ChunkingLibrary.framework/Versions/A/ChunkingLibrary
0x0000000008344000 	/System/Library/PrivateFrameworks/DebugSymbols.framework/Versions/A/DebugSymbols
0x0000000008344000 	/System/Library/PrivateFrameworks/CoreSymbolication.framework/Versions/A/CoreSymbolication
0x0000000008344000 	/System/Library/PrivateFrameworks/Symbolication.framework/Versions/A/Symbolication
0x0000000008344000 	/System/Library/PrivateFrameworks/SpeechRecognitionCore.framework/Versions/A/SpeechRecognitionCore
0x00000001000b8000 	/Applications/exelis/idl85/idlde/plugins/org.eclipse.equinox.launcher.cocoa.macosx.x86_64_1.1.101.v20120109-1504/eclipse_1408.so
0x0000000008344000 	/System/Library/PrivateFrameworks/CoreServicesInternal.framework/Versions/A/CoreServicesInternal
0x0000000105749000 	/Applications/exelis/idl85/idlde/bin.darwin.x86_64/jre/lib/server/libjvm.dylib
0x0000000008344000 	/usr/lib/libstdc++.6.dylib
0x0000000100714000 	/Applications/exelis/idl85/idlde/bin.darwin.x86_64/jre/lib/libverify.dylib
0x0000000100721000 	/Applications/exelis/idl85/idlde/bin.darwin.x86_64/jre/lib/libjava.dylib
0x000000010075a000 	/Applications/exelis/idl85/idlde/bin.darwin.x86_64/jre/lib/libzip.dylib
0x000000010d020000 	/System/Library/Frameworks/JavaVM.framework/Frameworks/JavaRuntimeSupport.framework/JavaRuntimeSupport
0x00000001047eb000 	/System/Library/Frameworks/JavaVM.framework/Versions/A/Frameworks/JavaNativeFoundation.framework/Versions/A/JavaNativeFoundation
0x00000001007ec000 	/System/Library/Frameworks/JavaVM.framework/Versions/A/JavaVM
0x0000000008344000 	/System/Library/Frameworks/Carbon.framework/Versions/A/Carbon
0x000000010d03b000 	/System/Library/PrivateFrameworks/JavaLaunching.framework/Versions/A/JavaLaunching
0x0000000008344000 	/System/Library/Frameworks/Carbon.framework/Versions/A/Frameworks/CommonPanels.framework/Versions/A/CommonPanels
0x0000000008344000 	/System/Library/Frameworks/Carbon.framework/Versions/A/Frameworks/Help.framework/Versions/A/Help
0x0000000008344000 	/System/Library/Frameworks/Carbon.framework/Versions/A/Frameworks/ImageCapture.framework/Versions/A/ImageCapture
0x0000000008344000 	/System/Library/Frameworks/Carbon.framework/Versions/A/Frameworks/OpenScripting.framework/Versions/A/OpenScripting
0x0000000008344000 	/System/Library/Frameworks/Carbon.framework/Versions/A/Frameworks/Print.framework/Versions/A/Print
0x0000000008344000 	/System/Library/Frameworks/Carbon.framework/Versions/A/Frameworks/SecurityHI.framework/Versions/A/SecurityHI
0x0000000008344000 	/System/Library/CoreServices/RawCamera.bundle/Contents/MacOS/RawCamera
0x0000000008344000 	/System/Library/PrivateFrameworks/FamilyControls.framework/Versions/A/FamilyControls
0x0000000008344000 	/System/Library/PrivateFrameworks/CommerceKit.framework/Versions/A/Frameworks/CommerceCore.framework/Versions/A/CommerceCore
0x0000000008344000 	/System/Library/PrivateFrameworks/SystemAdministration.framework/Versions/A/SystemAdministration
0x0000000008344000 	/System/Library/PrivateFrameworks/AppContainer.framework/Versions/A/AppContainer
0x0000000008344000 	/System/Library/PrivateFrameworks/SecCodeWrapper.framework/Versions/A/SecCodeWrapper
0x0000000008344000 	/System/Library/Frameworks/DirectoryService.framework/Versions/A/DirectoryService
0x0000000008344000 	/System/Library/PrivateFrameworks/DiskImages.framework/Versions/A/DiskImages
0x0000000008344000 	/System/Library/PrivateFrameworks/LoginUIKit.framework/Versions/A/Frameworks/LoginUICore.framework/Versions/A/LoginUICore
0x0000000008344000 	/usr/lib/libCoreStorage.dylib
0x0000000008344000 	/usr/lib/libcsfde.dylib
0x0000000008344000 	/usr/lib/libodfde.dylib
0x0000000008344000 	/System/Library/Frameworks/DiscRecording.framework/Versions/A/DiscRecording
0x000000010e18e000 	/Applications/exelis/idl85/bin/bin.darwin.x86_64/libcurl.4.dylib
0x0000000008344000 	/System/Library/PrivateFrameworks/MediaKit.framework/Versions/A/MediaKit
0x0000000008344000 	/System/Library/PrivateFrameworks/ProtectedCloudStorage.framework/Versions/A/ProtectedCloudStorage
0x0000000008344000 	/System/Library/PrivateFrameworks/EFILogin.framework/Versions/A/EFILogin
0x0000000008344000 	/usr/lib/libutil.dylib
0x0000000008344000 	/System/Library/PrivateFrameworks/FindMyDevice.framework/Versions/A/FindMyDevice
0x0000000008344000 	/System/Library/Frameworks/CoreGraphics.framework/Versions/A/Resources/libRIP.A.dylib
0x0000000008344000 	/System/Library/Frameworks/Accelerate.framework/Versions/A/Frameworks/vImage.framework/Versions/A/Libraries/libCGInterfaces.dylib
0x0000000008344000 	/System/Library/Frameworks/CoreGraphics.framework/Versions/A/Resources/libCGXType.A.dylib
0x0000000008344000 	/System/Library/Frameworks/OpenCL.framework/Versions/A/Libraries/libcldcpuengine.dylib
0x000000010f68f000 	cl_kernels
0x0000000008344000 	/System/Library/Frameworks/OpenCL.framework/Versions/A/Libraries/ImageFormats/unorm8_bgra.dylib
0x0000000008344000 	/System/Library/Frameworks/OpenCL.framework/Versions/A/Libraries/ImageFormats/unorm8_rgba.dylib
0x000000010f881000 	/Applications/exelis/idl85/idlde/bin.darwin.x86_64/jre/lib/libnet.dylib
0x000000010f8de000 	/Applications/exelis/idl85/idlde/bin.darwin.x86_64/jre/lib/libnio.dylib
0x000000010f4d2000 	/Users/spencerfaber/.swt/lib/macosx/x86_64/libswt-cocoa-3740.jnilib
0x0000000008344000 	/System/Library/Frameworks/WebKit.framework/Versions/A/WebKit
0x0000000008344000 	/System/Library/Frameworks/JavaScriptCore.framework/Versions/A/JavaScriptCore
0x0000000008344000 	/System/Library/Frameworks/SecurityInterface.framework/Versions/A/SecurityInterface
0x0000000008344000 	/System/Library/Frameworks/WebKit.framework/Versions/A/Frameworks/WebKitLegacy.framework/Versions/A/WebKitLegacy
0x0000000008344000 	/System/Library/Frameworks/WebKit.framework/Versions/A/Frameworks/WebCore.framework/Versions/A/WebCore
0x000000010f62b000 	/Users/spencerfaber/.swt/lib/macosx/x86_64/libswt-pi-cocoa-3740.jnilib
0x000000011023c000 	/Applications/exelis/idl85/bin/bin.darwin.x86_64/libidl_ips.8.5.dylib
0x0000000110735000 	/Applications/exelis/idl85/bin/bin.darwin.x86_64/libidl.8.5.dylib
0x000000011029a000 	/opt/X11/lib/libfreetype.6.dylib
0x000000010fc59000 	/Applications/exelis/idl85/bin/bin.darwin.x86_64/libMesaGLU6_2.dylib
0x00000001112c2000 	/Applications/exelis/idl85/bin/bin.darwin.x86_64/libMesaGL6_2.dylib
0x000000010fc83000 	/Applications/exelis/idl85/bin/bin.darwin.x86_64/libOSMesa6_2.dylib
0x000000010fc8d000 	/opt/X11/lib/libXp.6.dylib
0x0000000111504000 	/Applications/exelis/idl85/bin/bin.darwin.x86_64/libXm.3.0.2.dylib
0x000000010fc98000 	/opt/X11/lib/libXpm.4.dylib
0x000000010fcc0000 	/opt/X11/lib/libXmu.6.dylib
0x000000010fcdb000 	/opt/X11/lib/libXext.6.dylib
0x00000001103bf000 	/opt/X11/lib/libXt.6.dylib
0x000000010fafa000 	/opt/X11/lib/libXinerama.1.dylib
0x000000010fcab000 	/opt/X11/lib/libSM.6.dylib
0x000000010ff00000 	/opt/X11/lib/libICE.6.dylib
0x0000000111913000 	/opt/X11/lib/libX11.6.dylib
0x000000010ff1d000 	/opt/X11/lib/libxcb.1.dylib
0x000000010fc00000 	/opt/X11/lib/libXau.6.dylib
0x000000010fcee000 	/opt/X11/lib/libXdmcp.6.dylib
0x0000000110083000 	/Applications/exelis/idl85/bin/bin.darwin.x86_64/gl_driver.so
0x0000000112224000 	/opt/X11/lib/libGL.1.dylib
0x000000010f3b1000 	/opt/X11/lib/libXplugin.1.dylib
0x000000010f3c9000 	/opt/X11/lib/libX11-xcb.1.dylib
0x0000000008344000 	/System/Library/PrivateFrameworks/CloudDocs.framework/Versions/A/CloudDocs
0x0000000008344000 	/System/Library/PrivateFrameworks/CoreDuet.framework/Versions/A/CoreDuet
0x0000000008344000 	/System/Library/Frameworks/CloudKit.framework/Versions/A/CloudKit
0x0000000008344000 	/System/Library/PrivateFrameworks/ProtocolBuffer.framework/Versions/A/ProtocolBuffer
0x0000000008344000 	/System/Library/PrivateFrameworks/CoreDuetDaemonProtocol.framework/Versions/A/CoreDuetDaemonProtocol
0x0000000008344000 	/System/Library/PrivateFrameworks/CoreDuetDebugLogging.framework/Versions/A/CoreDuetDebugLogging
0x0000000008344000 	/System/Library/PrivateFrameworks/MMCS.framework/Versions/A/MMCS
0x0000000008344000 	/System/Library/Frameworks/CoreLocation.framework/Versions/A/CoreLocation
0x0000000008344000 	/System/Library/PrivateFrameworks/AssetCacheServices.framework/Versions/A/AssetCacheServices
0x0000000008344000 	/System/Library/PrivateFrameworks/GeoServices.framework/Versions/A/GeoServices
0x0000000008344000 	/System/Library/Frameworks/CoreGraphics.framework/Versions/A/Resources/libCGXCoreImage.A.dylib
0x000000010e5e5000 	cl_kernels
0x0000000111fe5000 	/System/Library/Extensions/AppleIntelBDWGraphicsMTLDriver.bundle/Contents/MacOS/AppleIntelBDWGraphicsMTLDriver
0x0000000008344000 	/System/Library/Frameworks/OpenGL.framework/Versions/A/Resources/GLEngine.bundle/GLEngine
0x0000000008344000 	/System/Library/Frameworks/OpenGL.framework/Versions/A/Libraries/libGLProgrammability.dylib
0x0000000116800000 	/System/Library/Extensions/AppleIntelBDWGraphicsGLDriver.bundle/Contents/MacOS/AppleIntelBDWGraphicsGLDriver
0x0000000008344000 	/System/Library/PrivateFrameworks/GPUSupport.framework/Versions/A/Libraries/libGPUSupportMercury.dylib
0x0000000008344000 	/System/Library/Frameworks/OpenGL.framework/Versions/A/Resources/GLRendererFloat.bundle/GLRendererFloat
0x000000010e40d000 	cl_kernels
0x000000011a619000 	/Applications/exelis/idl85/bin/bin.darwin.x86_64/idl_netcdf.so
0x0000000111d46000 	cl_kernels

VM Arguments:
jvm_args: -Dosgi.instance.area.default=@user.home/IDLWorkspace -Dosgi.configuration.area=@user.home/.idl/idlworkbench-config-idl8.5.1_x86_64 -Dosgi.configuration.cascaded=true -Dosgi.checkConfiguration=true -Dosgi.sharedConfiguration.area.readOnly=true -Dorg.eclipse.update.reconcile=false -Declipse.p2.data.area=@config.dir/p2 -XstartOnFirstThread -Xdock:icon=../Resources/idlde.icns -Dorg.eclipse.swt.internal.carbon.smallFonts -Dosgi.sharedConfiguration.area=../../../configuration.darwin.x86_64 -Xms128m -Xmx1024m 
java_command: <unknown>
Launcher Type: generic

Environment Variables:
CLASSPATH=.:/Applications/exelis/idl85/resource/bridges/export/java/javaidlb.jar
PATH=/Applications/exelis/idl85/bin:/usr/bin:/bin:/usr/sbin:/sbin
LD_LIBRARY_PATH=/Applications/exelis/idl85/idlde/bin.darwin.x86_64/jre/lib/server:/Applications/exelis/idl85/idlde/bin.darwin.x86_64/jre/lib:
SHELL=/bin/bash
DISPLAY=/private/tmp/com.apple.launchd.q3HAkUqMKB/org.macports:0
DYLD_LIBRARY_PATH=/Applications/exelis/idl85/idlde/bin.darwin.x86_64:/Applications/exelis/idl85/bin/bin.darwin.x86_64
DYLD_FALLBACK_LIBRARY_PATH=/Applications/exelis/idl85/idlde/bin.darwin.x86_64/jre/lib/server:/Applications/exelis/idl85/idlde/bin.darwin.x86_64/jre/lib:

Signal Handlers:
SIGSEGV: [libjvm.dylib+0x4a820f], sa_mask[0]=0xfffefeff, sa_flags=0x00000042
SIGBUS: [libjvm.dylib+0x4a820f], sa_mask[0]=0xfffefeff, sa_flags=0x00000042
SIGFPE: [libjvm.dylib+0x3b7495], sa_mask[0]=0xfffefeff, sa_flags=0x00000042
SIGPIPE: SIG_IGN, sa_mask[0]=0x00000000, sa_flags=0x00000002
SIGXFSZ: [libjvm.dylib+0x3b7495], sa_mask[0]=0xfffefeff, sa_flags=0x00000042
SIGILL: [libjvm.dylib+0x3b7495], sa_mask[0]=0xfffefeff, sa_flags=0x00000042
SIGUSR1: SIG_DFL, sa_mask[0]=0x00000000, sa_flags=0x00000000
SIGUSR2: [libjvm.dylib+0x3b702e], sa_mask[0]=0x00000000, sa_flags=0x00000042
SIGHUP: [libjvm.dylib+0x3b528f], sa_mask[0]=0xfffefeff, sa_flags=0x00000042
SIGINT: [libidl.8.5.dylib+0x403a20], sa_mask[0]=0x00000000, sa_flags=0x00000002
SIGTERM: [libjvm.dylib+0x3b528f], sa_mask[0]=0xfffefeff, sa_flags=0x00000042
SIGQUIT: [libjvm.dylib+0x3b528f], sa_mask[0]=0xfffefeff, sa_flags=0x00000042


---------------  S Y S T E M  ---------------

OS:Bsduname:Darwin 15.3.0 Darwin Kernel Version 15.3.0: Thu Dec 10 18:40:58 PST 2015; root:xnu-3248.30.4~1/RELEASE_X86_64 x86_64
rlimit: STACK 8192k, CORE 0k, NPROC 709, NOFILE 10240, AS infinity
load average:1.64 1.49 1.42

CPU:total 4 (2 cores per cpu, 2 threads per core) family 6 model 61 stepping 4, cmov, cx8, fxsr, mmx, sse, sse2, sse3, ssse3, sse4.1, sse4.2, popcnt, avx, avx2, ht, tsc, tscinvbit

Memory: 4k page, physical 137434927172k(34358731793k free)

/proc/meminfo:


vm_info: Java HotSpot(TM) 64-Bit Server VM (23.25-b01) for bsd-amd64 JRE (1.7.0_25-b15), built on Jun  5 2013 22:26:36 by "java_re" with gcc 4.2.1 (Based on Apple Inc. build 5658) (LLVM build 2336.11.00)

time: Tue Mar 15 13:40:52 2016
elapsed time: 11098 seconds

