#
# A fatal error has been detected by the Java Runtime Environment:
#
#  SIGSEGV (0xb) at pc=0x000000011079c55e, pid=1438, tid=45059
#
# JRE version: 7.0_25-b15
# Java VM: Java HotSpot(TM) 64-Bit Server VM (23.25-b01 mixed mode bsd-amd64 compressed oops)
# Problematic frame:
# C  [libidl.8.5.dylib+0x1b355e]  IDL_GrModelDraw+0x71e
#
# Failed to write core dump. Core dumps have been disabled. To enable core dumping, try "ulimit -c unlimited" before starting Java again
#
# If you would like to submit a bug report, please visit:
#   http://bugreport.sun.com/bugreport/crash.jsp
# The crash happened outside the Java Virtual Machine in native code.
# See problematic frame for where to report the bug.
#

---------------  T H R E A D  ---------------

Current thread (0x000000010297e000):  JavaThread "IDL" [_thread_in_native, id=45059, stack(0x0000700001968000,0x0000700001a68000)]

siginfo:si_signo=SIGSEGV: si_errno=0, si_code=1 (SEGV_MAPERR), si_addr=0x0000000000000000

Registers:
RAX=0x0000000000000001, RBX=0x0000000000000000, RCX=0x000000018402c588, RDX=0x0000000000000000
RSP=0x0000700001a5e860, RBP=0x0000700001a5f470, RSI=0x0000000000000000, RDI=0x0000000001ae1a1e
R8 =0x0000000000000000, R9 =0x0000000000007ffa, R10=0x00007fff851e27ee, R11=0x0000000000000246
R12=0x0000700001a5f5b0, R13=0x0000000111039230, R14=0x0000000000000018, R15=0x0000000000000000
RIP=0x000000011079c55e, EFLAGS=0x0000000000010206, ERR=0x0000000000000004
  TRAPNO=0x000000000000000e

Top of Stack: (sp=0x0000700001a5e860)
0x0000700001a5e860:   0000700001a5f628 0000000000000000
0x0000700001a5e870:   0000000000000000 0000000100000000
0x0000700001a5e880:   0000000000000000 0000000000000000
0x0000700001a5e890:   0000000000000000 000000011bb90438
0x0000700001a5e8a0:   0000700001a5f628 0000000111038968
0x0000700001a5e8b0:   0000000000000000 0000000000000000
0x0000700001a5e8c0:   0000700001a5e918 0000000200000000
0x0000700001a5e8d0:   000000011005d750 000000011bf0d918
0x0000700001a5e8e0:   0000000112ae1298 01ae1a1e01a5f7a0
0x0000700001a5e8f0:   0000700001a5ea30 000000011ac3b3c8
0x0000700001a5e900:   000000011b5a5618 0000000000000000
0x0000700001a5e910:   0000000100000000 0000000200000000
0x0000700001a5e920:   0000000200000000 0000000101e39ef8
0x0000700001a5e930:   0000000000000000 000000011c4ef5c8
0x0000700001a5e940:   01ae1a1e01ae157a 00000001109f6bea
0x0000700001a5e950:   0000000900000008 0000000000000011
0x0000700001a5e960:   0000700001a5f7a0 0000700001a5ea30
0x0000700001a5e970:   0000700001a5e900 0000700001a5e960
0x0000700001a5e980:   0000000111039230 0000000000000002
0x0000700001a5e990:   0000700001a5f8e8 000000011071d854
0x0000700001a5e9a0:   0000000110c77bad 0000037f00001fa0
0x0000700001a5e9b0:   0000700000000004 0000000100000004
0x0000700001a5e9c0:   0000000000000018 0000000000000000
0x0000700001a5e9d0:   000000011beece08 00000001109e959f
0x0000700001a5e9e0:   0000000112a9b008 000000011beece08
0x0000700001a5e9f0:   0000000112aded78 0000000b00000057
0x0000700001a5ea00:   430097b7fffc6065 0000000000000000
0x0000700001a5ea10:   0000700001a5f860 0000000111039230
0x0000700001a5ea20:   0000000000000018 0000000000000000
0x0000700001a5ea30:   0000700001a5eb00 000000011082ebbb
0x0000700001a5ea40:   0000700001a5f8d8 0000000000000000
0x0000700001a5ea50:   0000000000000000 0000000000000000 

Instructions: (pc=0x000000011079c55e)
0x000000011079c53e:   85 1c f4 ff ff 8b 7d ec 48 8b 75 e0 48 8b 55 d8
0x000000011079c54e:   e8 fd 22 09 00 48 8b 55 a0 48 8b 92 d0 00 00 00
0x000000011079c55e:   48 8b 12 48 81 e2 20 00 00 00 48 81 fa 00 00 00
0x000000011079c56e:   00 0f 85 3c 00 00 00 48 8d b5 a0 f4 ff ff c7 85 

Register to memory mapping:

RAX=0x0000000000000001 is an unknown value
RBX=0x0000000000000000 is an unknown value
RCX=0x000000018402c588 is an unknown value
RDX=0x0000000000000000 is an unknown value
RSP=0x0000700001a5e860 is pointing into the stack for thread: 0x000000010297e000
RBP=0x0000700001a5f470 is pointing into the stack for thread: 0x000000010297e000
RSI=0x0000000000000000 is an unknown value
RDI=0x0000000001ae1a1e is an unknown value
R8 =0x0000000000000000 is an unknown value
R9 =0x0000000000007ffa is an unknown value
R10=0x00007fff851e27ee: sigprocmask+0xa in /usr/lib/system/libsystem_kernel.dylib at 0x00007fff851ca000
R11=0x0000000000000246 is an unknown value
R12=0x0000700001a5f5b0 is pointing into the stack for thread: 0x000000010297e000
R13=0x0000000111039230: IDL_msg_jmp_env+0 in /Applications/exelis/idl85/bin/bin.darwin.x86_64/libidl.8.5.dylib at 0x00000001105e9000
R14=0x0000000000000018 is an unknown value
R15=0x0000000000000000 is an unknown value


Stack: [0x0000700001968000,0x0000700001a68000],  sp=0x0000700001a5e860,  free space=986k
Native frames: (J=compiled Java code, j=interpreted, Vv=VM code, C=native code)
C  [libidl.8.5.dylib+0x1b355e]  IDL_GrModelDraw+0x71e
C  [libidl.8.5.dylib+0x4113ff]  IDL_ObjCallMethodEx+0x79f
C  [libidl.8.5.dylib+0x40dbea]  IDL_ObjCallMethod+0x7a
C  [libidl.8.5.dylib+0x1348b1]  igSrcDestObjCallMethod+0x141
C  [libidl.8.5.dylib+0x245bbb]  IDL_GrContainerDraw+0x36b
C  [libidl.8.5.dylib+0x1b3553]  IDL_GrModelDraw+0x713
C  [libidl.8.5.dylib+0x4113ff]  IDL_ObjCallMethodEx+0x79f
C  [libidl.8.5.dylib+0x40dbea]  IDL_ObjCallMethod+0x7a
C  [libidl.8.5.dylib+0x1348b1]  igSrcDestObjCallMethod+0x141
C  [libidl.8.5.dylib+0x245bbb]  IDL_GrContainerDraw+0x36b
C  [libidl.8.5.dylib+0x1b3553]  IDL_GrModelDraw+0x713
C  [libidl.8.5.dylib+0x4113ff]  IDL_ObjCallMethodEx+0x79f
C  [libidl.8.5.dylib+0x40dbea]  IDL_ObjCallMethod+0x7a
C  [libidl.8.5.dylib+0x1348b1]  igSrcDestObjCallMethod+0x141
C  [libidl.8.5.dylib+0x245bbb]  IDL_GrContainerDraw+0x36b
C  [libidl.8.5.dylib+0x1b3553]  IDL_GrModelDraw+0x713
C  [libidl.8.5.dylib+0x4113ff]  IDL_ObjCallMethodEx+0x79f
C  [libidl.8.5.dylib+0x40dbea]  IDL_ObjCallMethod+0x7a
C  [libidl.8.5.dylib+0x1348b1]  igSrcDestObjCallMethod+0x141
C  [libidl.8.5.dylib+0x245bbb]  IDL_GrContainerDraw+0x36b
C  [libidl.8.5.dylib+0x19b8c3]  IDL_GrViewDraw+0x263
C  [libidl.8.5.dylib+0x4113ff]  IDL_ObjCallMethodEx+0x79f
C  [libidl.8.5.dylib+0x40dbea]  IDL_ObjCallMethod+0x7a
C  [libidl.8.5.dylib+0x1348b1]  igSrcDestObjCallMethod+0x141
C  [libidl.8.5.dylib+0x139f0d]  igViewGroupDraw+0x29d
C  [libidl.8.5.dylib+0x139c67]  IDL_grViewGroupDraw+0x27
C  [libidl.8.5.dylib+0x4113ff]  IDL_ObjCallMethodEx+0x79f
C  [libidl.8.5.dylib+0x40dbea]  IDL_ObjCallMethod+0x7a
C  [libidl.8.5.dylib+0x1348b1]  igSrcDestObjCallMethod+0x141
C  [libidl.8.5.dylib+0x245bbb]  IDL_GrContainerDraw+0x36b
C  [libidl.8.5.dylib+0x2fcf9]  IDL_GrSceneDraw+0x1d9
C  [libidl.8.5.dylib+0x322de7]  interpreter+0x87d7
C  [libidl.8.5.dylib+0x444d9b]  IDL_Executive+0xebb
C  [libidl.8.5.dylib+0x3242c4]  IDL_InterpCallFromSysproc+0xe4
C  [libidl.8.5.dylib+0x4114d4]  IDL_ObjCallMethodEx+0x874
C  [libidl.8.5.dylib+0x40dbea]  IDL_ObjCallMethod+0x7a
C  [libidl.8.5.dylib+0x1348b1]  igSrcDestObjCallMethod+0x141
C  [libidl.8.5.dylib+0x131824]  IDL_GrSrcDestDraw+0x4b4
C  [libidl.8.5.dylib+0x322de7]  interpreter+0x87d7
C  [libidl.8.5.dylib+0x444d9b]  IDL_Executive+0xebb
C  [libidl.8.5.dylib+0x3242c4]  IDL_InterpCallFromSysproc+0xe4
C  [libidl.8.5.dylib+0x4114d4]  IDL_ObjCallMethodEx+0x874
C  [libidl.8.5.dylib+0x410b82]  IDL_ObjCallMethodByStringEx+0x1a2
C  [libidl.8.5.dylib+0x411808]  IDL_ObjCallMethodByString+0x48
C  [libidl.8.5.dylib+0x424b60]  idl_itWindowCallNotify+0x1b0
C  [libidl.8.5.dylib+0x4249a2]  IDL_itWindowOnMouseDown+0x22
C  [libidl.8.5.dylib+0x322de7]  interpreter+0x87d7
C  [libidl.8.5.dylib+0x444d9b]  IDL_Executive+0xebb
C  [libidl_ips.8.5.dylib+0x9604]  ips_main+0x284
C  [libidl_ips.8.5.dylib+0xa83c]  IPS_RunClient+0x3c
C  [libidl_ips.8.5.dylib+0x15543]  IPS_Start+0x13
C  [libidl_ips.8.5.dylib+0xb94]  Java_com_rsi_idldt_core_ips_IPS_1Access_IPS_1Start+0x204
j  com.rsi.idldt.core.ips.IPS_Access.IPS_Start([Ljava/lang/String;)V+0
j  com.rsi.idldt.core.ips.IPS_Manager$2.run()V+15
j  java.lang.Thread.run()V+11
v  ~StubRoutines::call_stub
V  [libjvm.dylib+0x28a5c3]
V  [libjvm.dylib+0x28aaa2]
V  [libjvm.dylib+0x28abdc]
V  [libjvm.dylib+0x2c1868]
V  [libjvm.dylib+0x47cbd8]
V  [libjvm.dylib+0x47e0ca]
V  [libjvm.dylib+0x3b95f9]
C  [libsystem_pthread.dylib+0x3c13]  _pthread_body+0x83
C  [libsystem_pthread.dylib+0x3b90]  _pthread_body+0x0
C  [libsystem_pthread.dylib+0x1375]  thread_start+0xd

Java frames: (J=compiled Java code, j=interpreted, Vv=VM code)
j  com.rsi.idldt.core.ips.IPS_Access.IPS_Start([Ljava/lang/String;)V+0
j  com.rsi.idldt.core.ips.IPS_Manager$2.run()V+15
j  java.lang.Thread.run()V+11
v  ~StubRoutines::call_stub

---------------  P R O C E S S  ---------------

Java Threads: ( => current thread )
  0x000000017e358800 JavaThread "Thread-1147" [_thread_in_native, id=613515, stack(0x0000700002fb6000,0x00007000030b6000)]
  0x0000000159775800 JavaThread "HighTraffic" [_thread_blocked, id=604507, stack(0x0000700000014000,0x0000700000114000)]
  0x0000000116f77000 JavaThread "Worker-40" [_thread_blocked, id=576515, stack(0x0000700002dad000,0x0000700002ead000)]
  0x0000000116f7e000 JavaThread "Worker-39" [_thread_blocked, id=562955, stack(0x000070000238f000,0x000070000248f000)]
  0x0000000116af6800 JavaThread "Worker-38" [_thread_blocked, id=561167, stack(0x0000700002003000,0x0000700002103000)]
  0x0000000116ef9800 JavaThread "Worker-37" [_thread_blocked, id=495375, stack(0x0000700002106000,0x0000700002206000)]
  0x0000000116443800 JavaThread "Worker-36" [_thread_in_native, id=433479, stack(0x0000700002eb3000,0x0000700002fb3000)]
  0x0000000116951800 JavaThread "Worker-26" [_thread_blocked, id=274191, stack(0x0000700001dfd000,0x0000700001efd000)]
  0x00000001135cc000 JavaThread "Worker-11" [_thread_blocked, id=28747, stack(0x000070000228c000,0x000070000238c000)]
  0x0000000113113000 JavaThread "[ThreadPool Manager] - Idle Thread" daemon [_thread_blocked, id=69719, stack(0x0000700002caa000,0x0000700002daa000)]
  0x0000000102ee1000 JavaThread "Timer-2" daemon [_thread_blocked, id=64011, stack(0x0000700002ba7000,0x0000700002ca7000)]
  0x0000000100943800 JavaThread "Timer-1" daemon [_thread_blocked, id=63755, stack(0x0000700002aa4000,0x0000700002ba4000)]
  0x0000000113147000 JavaThread "Thread-12" [_thread_in_native, id=62487, stack(0x00007000029a1000,0x0000700002aa1000)]
  0x0000000102dbb000 JavaThread "IDLDT DOM Worker-3" [_thread_blocked, id=61187, stack(0x000070000289e000,0x000070000299e000)]
  0x0000000102db7000 JavaThread "IDLDT DOM Worker-2" [_thread_blocked, id=60931, stack(0x000070000279b000,0x000070000289b000)]
  0x0000000102ef0800 JavaThread "IDLDT DOM Worker-1" [_thread_blocked, id=60675, stack(0x0000700002698000,0x0000700002798000)]
  0x000000010285e800 JavaThread "IDLDT DOM Worker-0" [_thread_blocked, id=60435, stack(0x0000700002595000,0x0000700002695000)]
  0x0000000102dcf000 JavaThread "Timer-0" daemon [_thread_blocked, id=59675, stack(0x0000700002492000,0x0000700002592000)]
=>0x000000010297e000 JavaThread "IDL" [_thread_in_native, id=45059, stack(0x0000700001968000,0x0000700001a68000)]
  0x0000000102bc1000 JavaThread "IDLToJava Broker" daemon [_thread_blocked, id=44803, stack(0x0000700001356000,0x0000700001456000)]
  0x00000001019ca000 JavaThread "Provisioning Event Dispatcher" daemon [_thread_blocked, id=42243, stack(0x0000700001865000,0x0000700001965000)]
  0x0000000102a1e000 JavaThread "Bundle File Closer" daemon [_thread_blocked, id=41731, stack(0x000070000165f000,0x000070000175f000)]
  0x00000001008ae000 JavaThread "Worker-JM" [_thread_blocked, id=41475, stack(0x000070000155c000,0x000070000165c000)]
  0x000000010196e000 JavaThread "[Timer] - Main Queue Handler" daemon [_thread_blocked, id=41219, stack(0x0000700001459000,0x0000700001559000)]
  0x0000000101962800 JavaThread "Framework Event Dispatcher" daemon [_thread_blocked, id=40715, stack(0x0000700001253000,0x0000700001353000)]
  0x0000000101953000 JavaThread "Start Level Event Dispatcher" daemon [_thread_blocked, id=40451, stack(0x0000700001150000,0x0000700001250000)]
  0x0000000101952000 JavaThread "State Data Manager" daemon [_thread_blocked, id=39951, stack(0x000070000104d000,0x000070000114d000)]
  0x0000000101957800 JavaThread "Framework Active Thread" [_thread_blocked, id=40199, stack(0x0000700000f4a000,0x000070000104a000)]
  0x0000000101843000 JavaThread "Service Thread" daemon [_thread_blocked, id=25603, stack(0x0000700000cc1000,0x0000700000dc1000)]
  0x0000000102839000 JavaThread "C2 CompilerThread1" daemon [_thread_blocked, id=25347, stack(0x0000700000bbe000,0x0000700000cbe000)]
  0x0000000101842000 JavaThread "C2 CompilerThread0" daemon [_thread_blocked, id=25091, stack(0x0000700000abb000,0x0000700000bbb000)]
  0x000000010183f000 JavaThread "Signal Dispatcher" daemon [_thread_blocked, id=24587, stack(0x00007000009b8000,0x0000700000ab8000)]
  0x0000000102831800 JavaThread "Finalizer" daemon [_thread_blocked, id=24067, stack(0x00007000008b5000,0x00007000009b5000)]
  0x0000000101826800 JavaThread "Reference Handler" daemon [_thread_blocked, id=23811, stack(0x00007000007b2000,0x00007000008b2000)]
  0x000000010280c000 JavaThread "main" [_thread_in_Java, id=1295, stack(0x00007fff5f400000,0x00007fff5fc00000)]

Other Threads:
  0x0000000101821000 VMThread [stack: 0x00007000006af000,0x00007000007af000] [id=23555]
  0x0000000102848000 WatcherThread [stack: 0x0000700000dc4000,0x0000700000ec4000] [id=25859]

VM state:not at safepoint (normal execution)

VM Mutex/Monitor currently owned by a thread: None

Heap
 PSYoungGen      total 346048K, used 165801K [0x00000007eaab0000, 0x0000000800000000, 0x0000000800000000)
  eden space 342528K, 48% used [0x00000007eaab0000,0x00000007f4c9a668,0x00000007ff930000)
  from space 3520K, 0% used [0x00000007ffc90000,0x00000007ffc90000,0x0000000800000000)
  to   space 3456K, 0% used [0x00000007ff930000,0x00000007ff930000,0x00000007ffc90000)
 ParOldGen       total 87424K, used 40903K [0x00000007c0000000, 0x00000007c5560000, 0x00000007eaab0000)
  object space 87424K, 46% used [0x00000007c0000000,0x00000007c27f1dc8,0x00000007c5560000)
 PSPermGen       total 52288K, used 52260K [0x00000007bae00000, 0x00000007be110000, 0x00000007c0000000)
  object space 52288K, 99% used [0x00000007bae00000,0x00000007be109070,0x00000007be110000)

Card table byte_map: [0x0000000109013000,0x000000010923d000] byte_map_base: 0x000000010523c000

Polling page: 0x0000000100751000

Code Cache  [0x0000000105f53000, 0x0000000106693000, 0x0000000108f53000)
 total_blobs=2365 nmethods=1823 adapters=491 free_code_cache=41881Kb largest_free_block=42778560

Compilation events (10 events):
Event: 5713.256 Thread 0x0000000101842000 2019             org.eclipse.jface.text.rules.RuleBasedScanner::setRange (124 bytes)
Event: 5713.275 Thread 0x0000000101842000 nmethod 2019 0x0000000106679ed0 code [0x000000010667a140, 0x000000010667b090]
Event: 5719.456 Thread 0x0000000102839000 2020             org.eclipse.jface.viewers.TreeSelection::equals (105 bytes)
Event: 5719.465 Thread 0x0000000102839000 nmethod 2020 0x0000000106166d50 code [0x0000000106166f00, 0x0000000106167588]
Event: 5721.625 Thread 0x0000000101842000 2021             java.util.ArrayList$SubList$1::hasNext (20 bytes)
Event: 5721.625 Thread 0x0000000101842000 nmethod 2021 0x0000000106629190 code [0x00000001066292c0, 0x0000000106629358]
Event: 5721.633 Thread 0x0000000102839000 2022             java.util.ArrayList$SubList$1::next (79 bytes)
Event: 5721.633 Thread 0x0000000101842000 2023             java.util.ArrayList$SubList$1::checkForComodification (26 bytes)
Event: 5721.634 Thread 0x0000000101842000 nmethod 2023 0x0000000106166a90 code [0x0000000106166be0, 0x0000000106166c98]
Event: 5721.634 Thread 0x0000000102839000 nmethod 2022 0x0000000106166690 code [0x00000001061667e0, 0x0000000106166918]

GC Heap History (10 events):
Event: 5564.909 GC heap before
{Heap before GC invocations=186 (full 88):
 PSYoungGen      total 345856K, used 1944K [0x00000007eaab0000, 0x0000000800000000, 0x0000000800000000)
  eden space 342080K, 0% used [0x00000007eaab0000,0x00000007eaab0000,0x00000007ff8c0000)
  from space 3776K, 51% used [0x00000007ffc50000,0x00000007ffe36218,0x0000000800000000)
  to   space 3648K, 0% used [0x00000007ff8c0000,0x00000007ff8c0000,0x00000007ffc50000)
 ParOldGen       total 87424K, used 40827K [0x00000007c0000000, 0x00000007c5560000, 0x00000007eaab0000)
  object space 87424K, 46% used [0x00000007c0000000,0x00000007c27def20,0x00000007c5560000)
 PSPermGen       total 52288K, used 52250K [0x00000007bae00000, 0x00000007be110000, 0x00000007c0000000)
  object space 52288K, 99% used [0x00000007bae00000,0x00000007be106a60,0x00000007be110000)
Event: 5565.020 GC heap after
Heap after GC invocations=186 (full 88):
 PSYoungGen      total 345856K, used 0K [0x00000007eaab0000, 0x0000000800000000, 0x0000000800000000)
  eden space 342080K, 0% used [0x00000007eaab0000,0x00000007eaab0000,0x00000007ff8c0000)
  from space 3776K, 0% used [0x00000007ffc50000,0x00000007ffc50000,0x0000000800000000)
  to   space 3648K, 0% used [0x00000007ff8c0000,0x00000007ff8c0000,0x00000007ffc50000)
 ParOldGen       total 87424K, used 40764K [0x00000007c0000000, 0x00000007c5560000, 0x00000007eaab0000)
  object space 87424K, 46% used [0x00000007c0000000,0x00000007c27cf1a8,0x00000007c5560000)
 PSPermGen       total 52288K, used 52250K [0x00000007bae00000, 0x00000007be110000, 0x00000007c0000000)
  object space 52288K, 99% used [0x00000007bae00000,0x00000007be106a60,0x00000007be110000)
}
Event: 5631.173 GC heap before
{Heap before GC invocations=187 (full 88):
 PSYoungGen      total 345856K, used 309155K [0x00000007eaab0000, 0x0000000800000000, 0x0000000800000000)
  eden space 342080K, 90% used [0x00000007eaab0000,0x00000007fd898fc8,0x00000007ff8c0000)
  from space 3776K, 0% used [0x00000007ffc50000,0x00000007ffc50000,0x0000000800000000)
  to   space 3648K, 0% used [0x00000007ff8c0000,0x00000007ff8c0000,0x00000007ffc50000)
 ParOldGen       total 87424K, used 40764K [0x00000007c0000000, 0x00000007c5560000, 0x00000007eaab0000)
  object space 87424K, 46% used [0x00000007c0000000,0x00000007c27cf1a8,0x00000007c5560000)
 PSPermGen       total 52288K, used 52251K [0x00000007bae00000, 0x00000007be110000, 0x00000007c0000000)
  object space 52288K, 99% used [0x00000007bae00000,0x00000007be106fd0,0x00000007be110000)
Event: 5631.178 GC heap after
Heap after GC invocations=187 (full 88):
 PSYoungGen      total 345728K, used 2239K [0x00000007eaab0000, 0x0000000800000000, 0x0000000800000000)
  eden space 342080K, 0% used [0x00000007eaab0000,0x00000007eaab0000,0x00000007ff8c0000)
  from space 3648K, 61% used [0x00000007ff8c0000,0x00000007ffaefe30,0x00000007ffc50000)
  to   space 3520K, 0% used [0x00000007ffc90000,0x00000007ffc90000,0x0000000800000000)
 ParOldGen       total 87424K, used 40764K [0x00000007c0000000, 0x00000007c5560000, 0x00000007eaab0000)
  object space 87424K, 46% used [0x00000007c0000000,0x00000007c27cf1a8,0x00000007c5560000)
 PSPermGen       total 52288K, used 52251K [0x00000007bae00000, 0x00000007be110000, 0x00000007c0000000)
  object space 52288K, 99% used [0x00000007bae00000,0x00000007be106fd0,0x00000007be110000)
}
Event: 5631.178 GC heap before
{Heap before GC invocations=188 (full 89):
 PSYoungGen      total 345728K, used 2239K [0x00000007eaab0000, 0x0000000800000000, 0x0000000800000000)
  eden space 342080K, 0% used [0x00000007eaab0000,0x00000007eaab0000,0x00000007ff8c0000)
  from space 3648K, 61% used [0x00000007ff8c0000,0x00000007ffaefe30,0x00000007ffc50000)
  to   space 3520K, 0% used [0x00000007ffc90000,0x00000007ffc90000,0x0000000800000000)
 ParOldGen       total 87424K, used 40764K [0x00000007c0000000, 0x00000007c5560000, 0x00000007eaab0000)
  object space 87424K, 46% used [0x00000007c0000000,0x00000007c27cf1a8,0x00000007c5560000)
 PSPermGen       total 52288K, used 52251K [0x00000007bae00000, 0x00000007be110000, 0x00000007c0000000)
  object space 52288K, 99% used [0x00000007bae00000,0x00000007be106fd0,0x00000007be110000)
Event: 5631.285 GC heap after
Heap after GC invocations=188 (full 89):
 PSYoungGen      total 345728K, used 0K [0x00000007eaab0000, 0x0000000800000000, 0x0000000800000000)
  eden space 342080K, 0% used [0x00000007eaab0000,0x00000007eaab0000,0x00000007ff8c0000)
  from space 3648K, 0% used [0x00000007ff8c0000,0x00000007ff8c0000,0x00000007ffc50000)
  to   space 3520K, 0% used [0x00000007ffc90000,0x00000007ffc90000,0x0000000800000000)
 ParOldGen       total 87424K, used 40881K [0x00000007c0000000, 0x00000007c5560000, 0x00000007eaab0000)
  object space 87424K, 46% used [0x00000007c0000000,0x00000007c27ec598,0x00000007c5560000)
 PSPermGen       total 52288K, used 52251K [0x00000007bae00000, 0x00000007be110000, 0x00000007c0000000)
  object space 52288K, 99% used [0x00000007bae00000,0x00000007be106fd0,0x00000007be110000)
}
Event: 5691.175 GC heap before
{Heap before GC invocations=189 (full 89):
 PSYoungGen      total 345728K, used 215387K [0x00000007eaab0000, 0x0000000800000000, 0x0000000800000000)
  eden space 342080K, 62% used [0x00000007eaab0000,0x00000007f7d06d88,0x00000007ff8c0000)
  from space 3648K, 0% used [0x00000007ff8c0000,0x00000007ff8c0000,0x00000007ffc50000)
  to   space 3520K, 0% used [0x00000007ffc90000,0x00000007ffc90000,0x0000000800000000)
 ParOldGen       total 87424K, used 40881K [0x00000007c0000000, 0x00000007c5560000, 0x00000007eaab0000)
  object space 87424K, 46% used [0x00000007c0000000,0x00000007c27ec598,0x00000007c5560000)
 PSPermGen       total 52288K, used 52256K [0x00000007bae00000, 0x00000007be110000, 0x00000007c0000000)
  object space 52288K, 99% used [0x00000007bae00000,0x00000007be108068,0x00000007be110000)
Event: 5691.180 GC heap after
Heap after GC invocations=189 (full 89):
 PSYoungGen      total 346048K, used 2028K [0x00000007eaab0000, 0x0000000800000000, 0x0000000800000000)
  eden space 342528K, 0% used [0x00000007eaab0000,0x00000007eaab0000,0x00000007ff930000)
  from space 3520K, 57% used [0x00000007ffc90000,0x00000007ffe8b248,0x0000000800000000)
  to   space 3456K, 0% used [0x00000007ff930000,0x00000007ff930000,0x00000007ffc90000)
 ParOldGen       total 87424K, used 40881K [0x00000007c0000000, 0x00000007c5560000, 0x00000007eaab0000)
  object space 87424K, 46% used [0x00000007c0000000,0x00000007c27ec598,0x00000007c5560000)
 PSPermGen       total 52288K, used 52256K [0x00000007bae00000, 0x00000007be110000, 0x00000007c0000000)
  object space 52288K, 99% used [0x00000007bae00000,0x00000007be108068,0x00000007be110000)
}
Event: 5691.180 GC heap before
{Heap before GC invocations=190 (full 90):
 PSYoungGen      total 346048K, used 2028K [0x00000007eaab0000, 0x0000000800000000, 0x0000000800000000)
  eden space 342528K, 0% used [0x00000007eaab0000,0x00000007eaab0000,0x00000007ff930000)
  from space 3520K, 57% used [0x00000007ffc90000,0x00000007ffe8b248,0x0000000800000000)
  to   space 3456K, 0% used [0x00000007ff930000,0x00000007ff930000,0x00000007ffc90000)
 ParOldGen       total 87424K, used 40881K [0x00000007c0000000, 0x00000007c5560000, 0x00000007eaab0000)
  object space 87424K, 46% used [0x00000007c0000000,0x00000007c27ec598,0x00000007c5560000)
 PSPermGen       total 52288K, used 52256K [0x00000007bae00000, 0x00000007be110000, 0x00000007c0000000)
  object space 52288K, 99% used [0x00000007bae00000,0x00000007be108068,0x00000007be110000)
Event: 5691.291 GC heap after
Heap after GC invocations=190 (full 90):
 PSYoungGen      total 346048K, used 0K [0x00000007eaab0000, 0x0000000800000000, 0x0000000800000000)
  eden space 342528K, 0% used [0x00000007eaab0000,0x00000007eaab0000,0x00000007ff930000)
  from space 3520K, 0% used [0x00000007ffc90000,0x00000007ffc90000,0x0000000800000000)
  to   space 3456K, 0% used [0x00000007ff930000,0x00000007ff930000,0x00000007ffc90000)
 ParOldGen       total 87424K, used 40903K [0x00000007c0000000, 0x00000007c5560000, 0x00000007eaab0000)
  object space 87424K, 46% used [0x00000007c0000000,0x00000007c27f1dc8,0x00000007c5560000)
 PSPermGen       total 52288K, used 52256K [0x00000007bae00000, 0x00000007be110000, 0x00000007c0000000)
  object space 52288K, 99% used [0x00000007bae00000,0x00000007be108068,0x00000007be110000)
}

Deoptimization events (10 events):
Event: 4806.455 Thread 0x000000010280c000 Uncommon trap -83 fr.pc 0x00000001065cd5d4
Event: 4806.456 Thread 0x000000010280c000 Uncommon trap -34 fr.pc 0x00000001065dad1c
Event: 4806.456 Thread 0x000000010280c000 Uncommon trap -34 fr.pc 0x0000000106608ee4
Event: 4806.473 Thread 0x000000010280c000 Uncommon trap -83 fr.pc 0x00000001065d3e44
Event: 5284.650 Thread 0x000000010280c000 Uncommon trap -34 fr.pc 0x0000000106635930
Event: 5284.650 Thread 0x000000010280c000 Uncommon trap -34 fr.pc 0x0000000106635930
Event: 5685.306 Thread 0x000000010280c000 Uncommon trap -58 fr.pc 0x00000001063d7ad4
Event: 5685.310 Thread 0x000000010280c000 Uncommon trap -58 fr.pc 0x00000001063d7ad4
Event: 5685.334 Thread 0x000000010280c000 Uncommon trap -58 fr.pc 0x00000001063d7ad4
Event: 5685.335 Thread 0x000000010280c000 Uncommon trap -58 fr.pc 0x00000001063d7ad4

Internal exceptions (10 events):
Event: 5719.145 Thread 0x0000000159775800 Threw 0x00000007f38fbc20 at /HUDSON/workspace/jdk7u25-2-build-macosx-amd64-product/jdk7u25/hotspot/src/share/vm/prims/jvm.cpp:2957
Event: 5719.162 Thread 0x0000000159775800 Threw 0x00000007f38fbdc8 at /HUDSON/workspace/jdk7u25-2-build-macosx-amd64-product/jdk7u25/hotspot/src/share/vm/prims/jvm.cpp:2957
Event: 5719.179 Thread 0x0000000159775800 Threw 0x00000007f38fbf70 at /HUDSON/workspace/jdk7u25-2-build-macosx-amd64-product/jdk7u25/hotspot/src/share/vm/prims/jvm.cpp:2957
Event: 5719.462 Thread 0x0000000116f7e000 Threw 0x00000007ee8b6508 at /HUDSON/workspace/jdk7u25-2-build-macosx-amd64-product/jdk7u25/hotspot/src/share/vm/prims/nativeLookup.
Event: 5719.866 Thread 0x00000001135cc000 Threw 0x00000007f3d7f410 at /HUDSON/workspace/jdk7u25-2-build-macosx-amd64-product/jdk7u25/hotspot/src/share/vm/prims/nativeLookup.
Event: 5719.866 Thread 0x00000001135cc000 Threw 0x00000007f3d83050 at /HUDSON/workspace/jdk7u25-2-build-macosx-amd64-product/jdk7u25/hotspot/src/share/vm/prims/nativeLookup.
Event: 5720.071 Thread 0x000000010280c000 Threw 0x00000007f3cde128 at /HUDSON/workspace/jdk7u25-2-build-macosx-amd64-product/jdk7u25/hotspot/src/share/vm/prims/nativeLookup.
Event: 5720.071 Thread 0x000000010280c000 Threw 0x00000007f3cdeb80 at /HUDSON/workspace/jdk7u25-2-build-macosx-amd64-product/jdk7u25/hotspot/src/share/vm/prims/nativeLookup.
Event: 5720.071 Thread 0x000000010280c000 Threw 0x00000007f3cdf700 at /HUDSON/workspace/jdk7u25-2-build-macosx-amd64-product/jdk7u25/hotspot/src/share/vm/prims/nativeLookup.
Event: 5720.071 Thread 0x000000010280c000 Threw 0x00000007f3cdfdb8 at /HUDSON/workspace/jdk7u25-2-build-macosx-amd64-product/jdk7u25/hotspot/src/share/vm/prims/nativeLookup.

Events (10 events):
Event: 5720.266 Executing VM operation: RevokeBias done
Event: 5720.272 Executing VM operation: RevokeBias
Event: 5720.272 Executing VM operation: RevokeBias done
Event: 5720.415 Thread 0x0000000159661800 Thread added: 0x0000000159661800
Event: 5720.415 Executing VM operation: RevokeBias
Event: 5720.415 Executing VM operation: RevokeBias done
Event: 5720.415 Thread 0x0000000159661800 Thread exited: 0x0000000159661800
Event: 5720.866 Thread 0x000000017e358800 Thread added: 0x000000017e358800
Event: 5721.637 Executing VM operation: RevokeBias
Event: 5721.637 Executing VM operation: RevokeBias done


Dynamic libraries:
0x0000000003903000 	/System/Library/Frameworks/Cocoa.framework/Versions/A/Cocoa
0x0000000003903000 	/usr/lib/libSystem.B.dylib
0x0000000003903000 	/System/Library/Frameworks/CoreServices.framework/Versions/A/CoreServices
0x0000000003903000 	/usr/lib/libobjc.A.dylib
0x0000000003903000 	/System/Library/Frameworks/CoreFoundation.framework/Versions/A/CoreFoundation
0x0000000003903000 	/System/Library/Frameworks/AppKit.framework/Versions/C/AppKit
0x0000000003903000 	/System/Library/Frameworks/ApplicationServices.framework/Versions/A/ApplicationServices
0x0000000003903000 	/System/Library/Frameworks/Foundation.framework/Versions/C/Foundation
0x0000000003903000 	/System/Library/Frameworks/CoreData.framework/Versions/A/CoreData
0x0000000003903000 	/System/Library/PrivateFrameworks/RemoteViewServices.framework/Versions/A/RemoteViewServices
0x0000000003903000 	/System/Library/PrivateFrameworks/UIFoundation.framework/Versions/A/UIFoundation
0x0000000003903000 	/usr/lib/libScreenReader.dylib
0x0000000003903000 	/System/Library/Frameworks/Accelerate.framework/Versions/A/Accelerate
0x0000000003903000 	/System/Library/Frameworks/IOSurface.framework/Versions/A/IOSurface
0x0000000003903000 	/System/Library/Frameworks/AudioToolbox.framework/Versions/A/AudioToolbox
0x0000000003903000 	/System/Library/Frameworks/AudioUnit.framework/Versions/A/AudioUnit
0x0000000003903000 	/System/Library/PrivateFrameworks/DataDetectorsCore.framework/Versions/A/DataDetectorsCore
0x0000000003903000 	/System/Library/PrivateFrameworks/DesktopServicesPriv.framework/Versions/A/DesktopServicesPriv
0x0000000003903000 	/System/Library/Frameworks/Carbon.framework/Versions/A/Frameworks/HIToolbox.framework/Versions/A/HIToolbox
0x0000000003903000 	/System/Library/Frameworks/QuartzCore.framework/Versions/A/QuartzCore
0x0000000003903000 	/System/Library/Frameworks/Security.framework/Versions/A/Security
0x0000000003903000 	/System/Library/Frameworks/Carbon.framework/Versions/A/Frameworks/SpeechRecognition.framework/Versions/A/SpeechRecognition
0x0000000003903000 	/usr/lib/libauto.dylib
0x0000000003903000 	/usr/lib/libicucore.A.dylib
0x0000000003903000 	/usr/lib/libxml2.2.dylib
0x0000000003903000 	/usr/lib/libz.1.dylib
0x0000000003903000 	/System/Library/PrivateFrameworks/CoreUI.framework/Versions/A/CoreUI
0x0000000003903000 	/System/Library/Frameworks/CoreAudio.framework/Versions/A/CoreAudio
0x0000000003903000 	/System/Library/Frameworks/DiskArbitration.framework/Versions/A/DiskArbitration
0x0000000003903000 	/usr/lib/liblangid.dylib
0x0000000003903000 	/System/Library/PrivateFrameworks/MultitouchSupport.framework/Versions/A/MultitouchSupport
0x0000000003903000 	/System/Library/Frameworks/IOKit.framework/Versions/A/IOKit
0x0000000003903000 	/usr/lib/libDiagnosticMessagesClient.dylib
0x0000000003903000 	/System/Library/PrivateFrameworks/PerformanceAnalysis.framework/Versions/A/PerformanceAnalysis
0x0000000003903000 	/System/Library/PrivateFrameworks/GenerationalStorage.framework/Versions/A/GenerationalStorage
0x0000000003903000 	/System/Library/Frameworks/OpenGL.framework/Versions/A/OpenGL
0x0000000003903000 	/System/Library/PrivateFrameworks/Sharing.framework/Versions/A/Sharing
0x0000000003903000 	/System/Library/Frameworks/CoreGraphics.framework/Versions/A/CoreGraphics
0x0000000003903000 	/System/Library/Frameworks/CoreImage.framework/Versions/A/CoreImage
0x0000000003903000 	/System/Library/Frameworks/CoreText.framework/Versions/A/CoreText
0x0000000003903000 	/System/Library/Frameworks/ImageIO.framework/Versions/A/ImageIO
0x0000000003903000 	/System/Library/PrivateFrameworks/Backup.framework/Versions/A/Backup
0x0000000003903000 	/usr/lib/libextension.dylib
0x0000000003903000 	/usr/lib/libarchive.2.dylib
0x0000000003903000 	/System/Library/Frameworks/CFNetwork.framework/Versions/A/CFNetwork
0x0000000003903000 	/System/Library/Frameworks/SystemConfiguration.framework/Versions/A/SystemConfiguration
0x0000000003903000 	/usr/lib/libCRFSuite.dylib
0x0000000003903000 	/usr/lib/libc++.1.dylib
0x0000000003903000 	/usr/lib/libc++abi.dylib
0x0000000003903000 	/usr/lib/system/libcache.dylib
0x0000000003903000 	/usr/lib/system/libcommonCrypto.dylib
0x0000000003903000 	/usr/lib/system/libcompiler_rt.dylib
0x0000000003903000 	/usr/lib/system/libcopyfile.dylib
0x0000000003903000 	/usr/lib/system/libcorecrypto.dylib
0x0000000003903000 	/usr/lib/system/libdispatch.dylib
0x0000000003903000 	/usr/lib/system/libdyld.dylib
0x0000000003903000 	/usr/lib/system/libkeymgr.dylib
0x0000000003903000 	/usr/lib/system/liblaunch.dylib
0x0000000003903000 	/usr/lib/system/libmacho.dylib
0x0000000003903000 	/usr/lib/system/libquarantine.dylib
0x0000000003903000 	/usr/lib/system/libremovefile.dylib
0x0000000003903000 	/usr/lib/system/libsystem_asl.dylib
0x0000000003903000 	/usr/lib/system/libsystem_blocks.dylib
0x0000000003903000 	/usr/lib/system/libsystem_c.dylib
0x0000000003903000 	/usr/lib/system/libsystem_configuration.dylib
0x0000000003903000 	/usr/lib/system/libsystem_coreservices.dylib
0x0000000003903000 	/usr/lib/system/libsystem_coretls.dylib
0x0000000003903000 	/usr/lib/system/libsystem_dnssd.dylib
0x0000000003903000 	/usr/lib/system/libsystem_info.dylib
0x0000000003903000 	/usr/lib/system/libsystem_kernel.dylib
0x0000000003903000 	/usr/lib/system/libsystem_m.dylib
0x0000000003903000 	/usr/lib/system/libsystem_malloc.dylib
0x0000000003903000 	/usr/lib/system/libsystem_network.dylib
0x0000000003903000 	/usr/lib/system/libsystem_networkextension.dylib
0x0000000003903000 	/usr/lib/system/libsystem_notify.dylib
0x0000000003903000 	/usr/lib/system/libsystem_platform.dylib
0x0000000003903000 	/usr/lib/system/libsystem_pthread.dylib
0x0000000003903000 	/usr/lib/system/libsystem_sandbox.dylib
0x0000000003903000 	/usr/lib/system/libsystem_secinit.dylib
0x0000000003903000 	/usr/lib/system/libsystem_trace.dylib
0x0000000003903000 	/usr/lib/system/libunc.dylib
0x0000000003903000 	/usr/lib/system/libunwind.dylib
0x0000000003903000 	/usr/lib/system/libxpc.dylib
0x0000000003903000 	/usr/lib/libenergytrace.dylib
0x0000000003903000 	/usr/lib/libbsm.0.dylib
0x0000000003903000 	/usr/lib/system/libkxld.dylib
0x0000000003903000 	/usr/lib/libxar.1.dylib
0x0000000003903000 	/usr/lib/libsqlite3.dylib
0x0000000003903000 	/usr/lib/libpam.2.dylib
0x0000000003903000 	/usr/lib/libOpenScriptingUtil.dylib
0x0000000003903000 	/usr/lib/libbz2.1.0.dylib
0x0000000003903000 	/usr/lib/liblzma.5.dylib
0x0000000003903000 	/System/Library/Frameworks/CoreServices.framework/Versions/A/Frameworks/FSEvents.framework/Versions/A/FSEvents
0x0000000003903000 	/System/Library/Frameworks/CoreServices.framework/Versions/A/Frameworks/CarbonCore.framework/Versions/A/CarbonCore
0x0000000003903000 	/System/Library/Frameworks/CoreServices.framework/Versions/A/Frameworks/Metadata.framework/Versions/A/Metadata
0x0000000003903000 	/System/Library/Frameworks/CoreServices.framework/Versions/A/Frameworks/OSServices.framework/Versions/A/OSServices
0x0000000003903000 	/System/Library/Frameworks/CoreServices.framework/Versions/A/Frameworks/SearchKit.framework/Versions/A/SearchKit
0x0000000003903000 	/System/Library/Frameworks/CoreServices.framework/Versions/A/Frameworks/AE.framework/Versions/A/AE
0x0000000003903000 	/System/Library/Frameworks/CoreServices.framework/Versions/A/Frameworks/LaunchServices.framework/Versions/A/LaunchServices
0x0000000003903000 	/System/Library/Frameworks/CoreServices.framework/Versions/A/Frameworks/DictionaryServices.framework/Versions/A/DictionaryServices
0x0000000003903000 	/System/Library/Frameworks/CoreServices.framework/Versions/A/Frameworks/SharedFileList.framework/Versions/A/SharedFileList
0x0000000003903000 	/System/Library/Frameworks/NetFS.framework/Versions/A/NetFS
0x0000000003903000 	/System/Library/PrivateFrameworks/NetAuth.framework/Versions/A/NetAuth
0x0000000003903000 	/System/Library/PrivateFrameworks/login.framework/Versions/A/Frameworks/loginsupport.framework/Versions/A/loginsupport
0x0000000003903000 	/System/Library/PrivateFrameworks/TCC.framework/Versions/A/TCC
0x0000000003903000 	/usr/lib/libmecabra.dylib
0x0000000003903000 	/System/Library/Frameworks/ApplicationServices.framework/Versions/A/Frameworks/ATS.framework/Versions/A/ATS
0x0000000003903000 	/System/Library/Frameworks/ApplicationServices.framework/Versions/A/Frameworks/ColorSync.framework/Versions/A/ColorSync
0x0000000003903000 	/System/Library/Frameworks/ApplicationServices.framework/Versions/A/Frameworks/HIServices.framework/Versions/A/HIServices
0x0000000003903000 	/System/Library/Frameworks/ApplicationServices.framework/Versions/A/Frameworks/LangAnalysis.framework/Versions/A/LangAnalysis
0x0000000003903000 	/System/Library/Frameworks/ApplicationServices.framework/Versions/A/Frameworks/PrintCore.framework/Versions/A/PrintCore
0x0000000003903000 	/System/Library/Frameworks/ApplicationServices.framework/Versions/A/Frameworks/QD.framework/Versions/A/QD
0x0000000003903000 	/System/Library/Frameworks/ApplicationServices.framework/Versions/A/Frameworks/SpeechSynthesis.framework/Versions/A/SpeechSynthesis
0x0000000003903000 	/System/Library/Frameworks/Metal.framework/Versions/A/Metal
0x0000000003903000 	/System/Library/Frameworks/Accelerate.framework/Versions/A/Frameworks/vImage.framework/Versions/A/vImage
0x0000000003903000 	/System/Library/Frameworks/Accelerate.framework/Versions/A/Frameworks/vecLib.framework/Versions/A/vecLib
0x0000000003903000 	/System/Library/Frameworks/Accelerate.framework/Versions/A/Frameworks/vecLib.framework/Versions/A/libvDSP.dylib
0x0000000003903000 	/System/Library/Frameworks/Accelerate.framework/Versions/A/Frameworks/vecLib.framework/Versions/A/libvMisc.dylib
0x0000000003903000 	/System/Library/Frameworks/Accelerate.framework/Versions/A/Frameworks/vecLib.framework/Versions/A/libLAPACK.dylib
0x0000000003903000 	/System/Library/Frameworks/Accelerate.framework/Versions/A/Frameworks/vecLib.framework/Versions/A/libBLAS.dylib
0x0000000003903000 	/System/Library/Frameworks/Accelerate.framework/Versions/A/Frameworks/vecLib.framework/Versions/A/libLinearAlgebra.dylib
0x0000000003903000 	/System/Library/Frameworks/Accelerate.framework/Versions/A/Frameworks/vecLib.framework/Versions/A/libSparseBLAS.dylib
0x0000000003903000 	/System/Library/PrivateFrameworks/GPUCompiler.framework/libmetal_timestamp.dylib
0x0000000003903000 	/System/Library/Frameworks/OpenGL.framework/Versions/A/Libraries/libCoreFSCache.dylib
0x0000000003903000 	/System/Library/PrivateFrameworks/IOAccelerator.framework/Versions/A/IOAccelerator
0x0000000003903000 	/System/Library/Frameworks/ApplicationServices.framework/Versions/A/Frameworks/ATS.framework/Versions/A/Resources/libFontParser.dylib
0x0000000003903000 	/System/Library/Frameworks/ApplicationServices.framework/Versions/A/Frameworks/ATS.framework/Versions/A/Resources/libFontRegistry.dylib
0x0000000003903000 	/System/Library/PrivateFrameworks/AppleVPA.framework/Versions/A/AppleVPA
0x0000000003903000 	/System/Library/PrivateFrameworks/AppleJPEG.framework/Versions/A/AppleJPEG
0x0000000003903000 	/System/Library/Frameworks/ImageIO.framework/Versions/A/Resources/libJPEG.dylib
0x0000000003903000 	/System/Library/Frameworks/ImageIO.framework/Versions/A/Resources/libTIFF.dylib
0x0000000003903000 	/System/Library/Frameworks/ImageIO.framework/Versions/A/Resources/libPng.dylib
0x0000000003903000 	/System/Library/Frameworks/ImageIO.framework/Versions/A/Resources/libGIF.dylib
0x0000000003903000 	/System/Library/Frameworks/ImageIO.framework/Versions/A/Resources/libJP2.dylib
0x0000000003903000 	/System/Library/Frameworks/ImageIO.framework/Versions/A/Resources/libRadiance.dylib
0x0000000003903000 	/System/Library/Frameworks/CoreVideo.framework/Versions/A/CoreVideo
0x0000000003903000 	/System/Library/Frameworks/OpenGL.framework/Versions/A/Libraries/libGLU.dylib
0x0000000003903000 	/System/Library/Frameworks/OpenGL.framework/Versions/A/Libraries/libGFXShared.dylib
0x0000000003903000 	/System/Library/Frameworks/OpenGL.framework/Versions/A/Libraries/libGL.dylib
0x0000000003903000 	/System/Library/Frameworks/OpenGL.framework/Versions/A/Libraries/libGLImage.dylib
0x0000000003903000 	/System/Library/Frameworks/OpenGL.framework/Versions/A/Libraries/libCVMSPluginSupport.dylib
0x0000000003903000 	/System/Library/Frameworks/OpenGL.framework/Versions/A/Libraries/libCoreVMClient.dylib
0x0000000003903000 	/usr/lib/libcups.2.dylib
0x0000000003903000 	/System/Library/Frameworks/Kerberos.framework/Versions/A/Kerberos
0x0000000003903000 	/System/Library/Frameworks/GSS.framework/Versions/A/GSS
0x0000000003903000 	/usr/lib/libresolv.9.dylib
0x0000000003903000 	/usr/lib/libiconv.2.dylib
0x0000000003903000 	/System/Library/PrivateFrameworks/Heimdal.framework/Versions/A/Heimdal
0x0000000003903000 	/usr/lib/libheimdal-asn1.dylib
0x0000000003903000 	/System/Library/Frameworks/OpenDirectory.framework/Versions/A/OpenDirectory
0x0000000003903000 	/System/Library/PrivateFrameworks/CommonAuth.framework/Versions/A/CommonAuth
0x0000000003903000 	/System/Library/Frameworks/OpenDirectory.framework/Versions/A/Frameworks/CFOpenDirectory.framework/Versions/A/CFOpenDirectory
0x0000000003903000 	/System/Library/Frameworks/SecurityFoundation.framework/Versions/A/SecurityFoundation
0x0000000003903000 	/System/Library/PrivateFrameworks/LanguageModeling.framework/Versions/A/LanguageModeling
0x0000000003903000 	/usr/lib/libmarisa.dylib
0x0000000003903000 	/usr/lib/libChineseTokenizer.dylib
0x0000000003903000 	/usr/lib/libcmph.dylib
0x0000000003903000 	/usr/lib/libcompression.dylib
0x0000000003903000 	/System/Library/Frameworks/ServiceManagement.framework/Versions/A/ServiceManagement
0x0000000003903000 	/usr/lib/libxslt.1.dylib
0x0000000003903000 	/System/Library/Frameworks/Carbon.framework/Versions/A/Frameworks/Ink.framework/Versions/A/Ink
0x0000000003903000 	/usr/lib/libFosl_dynamic.dylib
0x0000000003903000 	/System/Library/PrivateFrameworks/FaceCore.framework/Versions/A/FaceCore
0x0000000003903000 	/System/Library/Frameworks/OpenCL.framework/Versions/A/OpenCL
0x0000000003903000 	/System/Library/PrivateFrameworks/CrashReporterSupport.framework/Versions/A/CrashReporterSupport
0x0000000003903000 	/System/Library/PrivateFrameworks/IconServices.framework/Versions/A/IconServices
0x0000000003903000 	/System/Library/PrivateFrameworks/Apple80211.framework/Versions/A/Apple80211
0x0000000003903000 	/System/Library/Frameworks/CoreWLAN.framework/Versions/A/CoreWLAN
0x0000000003903000 	/System/Library/Frameworks/IOBluetooth.framework/Versions/A/IOBluetooth
0x0000000003903000 	/System/Library/PrivateFrameworks/CoreWiFi.framework/Versions/A/CoreWiFi
0x0000000003903000 	/System/Library/Frameworks/CoreBluetooth.framework/Versions/A/CoreBluetooth
0x0000000003903000 	/System/Library/PrivateFrameworks/ChunkingLibrary.framework/Versions/A/ChunkingLibrary
0x0000000003903000 	/System/Library/PrivateFrameworks/DebugSymbols.framework/Versions/A/DebugSymbols
0x0000000003903000 	/System/Library/PrivateFrameworks/CoreSymbolication.framework/Versions/A/CoreSymbolication
0x0000000003903000 	/System/Library/PrivateFrameworks/Symbolication.framework/Versions/A/Symbolication
0x0000000003903000 	/System/Library/PrivateFrameworks/SpeechRecognitionCore.framework/Versions/A/SpeechRecognitionCore
0x00000001000b8000 	/Applications/exelis/idl85/idlde/plugins/org.eclipse.equinox.launcher.cocoa.macosx.x86_64_1.1.101.v20120109-1504/eclipse_1408.so
0x0000000003903000 	/System/Library/PrivateFrameworks/CoreServicesInternal.framework/Versions/A/CoreServicesInternal
0x00000001054aa000 	/Applications/exelis/idl85/idlde/bin.darwin.x86_64/jre/lib/server/libjvm.dylib
0x0000000003903000 	/usr/lib/libstdc++.6.dylib
0x0000000100714000 	/Applications/exelis/idl85/idlde/bin.darwin.x86_64/jre/lib/libverify.dylib
0x0000000100721000 	/Applications/exelis/idl85/idlde/bin.darwin.x86_64/jre/lib/libjava.dylib
0x000000010075a000 	/Applications/exelis/idl85/idlde/bin.darwin.x86_64/jre/lib/libzip.dylib
0x000000010d08b000 	/System/Library/Frameworks/JavaVM.framework/Frameworks/JavaRuntimeSupport.framework/JavaRuntimeSupport
0x000000010d0a6000 	/System/Library/Frameworks/JavaVM.framework/Versions/A/Frameworks/JavaNativeFoundation.framework/Versions/A/JavaNativeFoundation
0x00000001007ec000 	/System/Library/Frameworks/JavaVM.framework/Versions/A/JavaVM
0x0000000003903000 	/System/Library/Frameworks/Carbon.framework/Versions/A/Carbon
0x000000010d0bb000 	/System/Library/PrivateFrameworks/JavaLaunching.framework/Versions/A/JavaLaunching
0x0000000003903000 	/System/Library/Frameworks/Carbon.framework/Versions/A/Frameworks/CommonPanels.framework/Versions/A/CommonPanels
0x0000000003903000 	/System/Library/Frameworks/Carbon.framework/Versions/A/Frameworks/Help.framework/Versions/A/Help
0x0000000003903000 	/System/Library/Frameworks/Carbon.framework/Versions/A/Frameworks/ImageCapture.framework/Versions/A/ImageCapture
0x0000000003903000 	/System/Library/Frameworks/Carbon.framework/Versions/A/Frameworks/OpenScripting.framework/Versions/A/OpenScripting
0x0000000003903000 	/System/Library/Frameworks/Carbon.framework/Versions/A/Frameworks/Print.framework/Versions/A/Print
0x0000000003903000 	/System/Library/Frameworks/Carbon.framework/Versions/A/Frameworks/SecurityHI.framework/Versions/A/SecurityHI
0x0000000003903000 	/System/Library/CoreServices/RawCamera.bundle/Contents/MacOS/RawCamera
0x0000000003903000 	/System/Library/PrivateFrameworks/FamilyControls.framework/Versions/A/FamilyControls
0x0000000003903000 	/System/Library/PrivateFrameworks/CommerceKit.framework/Versions/A/Frameworks/CommerceCore.framework/Versions/A/CommerceCore
0x0000000003903000 	/System/Library/PrivateFrameworks/SystemAdministration.framework/Versions/A/SystemAdministration
0x0000000003903000 	/System/Library/PrivateFrameworks/AppContainer.framework/Versions/A/AppContainer
0x0000000003903000 	/System/Library/PrivateFrameworks/SecCodeWrapper.framework/Versions/A/SecCodeWrapper
0x0000000003903000 	/System/Library/Frameworks/DirectoryService.framework/Versions/A/DirectoryService
0x0000000003903000 	/System/Library/PrivateFrameworks/DiskImages.framework/Versions/A/DiskImages
0x0000000003903000 	/System/Library/PrivateFrameworks/LoginUIKit.framework/Versions/A/Frameworks/LoginUICore.framework/Versions/A/LoginUICore
0x0000000003903000 	/usr/lib/libCoreStorage.dylib
0x0000000003903000 	/usr/lib/libcsfde.dylib
0x0000000003903000 	/usr/lib/libodfde.dylib
0x0000000003903000 	/System/Library/Frameworks/DiscRecording.framework/Versions/A/DiscRecording
0x000000010e20e000 	/Applications/exelis/idl85/bin/bin.darwin.x86_64/libcurl.4.dylib
0x0000000003903000 	/System/Library/PrivateFrameworks/MediaKit.framework/Versions/A/MediaKit
0x0000000003903000 	/System/Library/PrivateFrameworks/ProtectedCloudStorage.framework/Versions/A/ProtectedCloudStorage
0x0000000003903000 	/System/Library/PrivateFrameworks/EFILogin.framework/Versions/A/EFILogin
0x0000000003903000 	/usr/lib/libutil.dylib
0x0000000003903000 	/System/Library/PrivateFrameworks/FindMyDevice.framework/Versions/A/FindMyDevice
0x0000000003903000 	/System/Library/Frameworks/CoreGraphics.framework/Versions/A/Resources/libRIP.A.dylib
0x0000000003903000 	/System/Library/Frameworks/Accelerate.framework/Versions/A/Frameworks/vImage.framework/Versions/A/Libraries/libCGInterfaces.dylib
0x0000000003903000 	/System/Library/Frameworks/CoreGraphics.framework/Versions/A/Resources/libCGXType.A.dylib
0x0000000003903000 	/System/Library/Frameworks/OpenCL.framework/Versions/A/Libraries/libcldcpuengine.dylib
0x000000010f70f000 	cl_kernels
0x0000000003903000 	/System/Library/Frameworks/OpenCL.framework/Versions/A/Libraries/ImageFormats/unorm8_bgra.dylib
0x0000000003903000 	/System/Library/Frameworks/OpenCL.framework/Versions/A/Libraries/ImageFormats/unorm8_rgba.dylib
0x000000010f901000 	/Applications/exelis/idl85/idlde/bin.darwin.x86_64/jre/lib/libnet.dylib
0x000000010f95e000 	/Applications/exelis/idl85/idlde/bin.darwin.x86_64/jre/lib/libnio.dylib
0x000000010f68f000 	/Users/spencerfaber/.swt/lib/macosx/x86_64/libswt-cocoa-3740.jnilib
0x0000000003903000 	/System/Library/Frameworks/WebKit.framework/Versions/A/WebKit
0x0000000003903000 	/System/Library/Frameworks/JavaScriptCore.framework/Versions/A/JavaScriptCore
0x0000000003903000 	/System/Library/Frameworks/SecurityInterface.framework/Versions/A/SecurityInterface
0x0000000003903000 	/System/Library/Frameworks/WebKit.framework/Versions/A/Frameworks/WebKitLegacy.framework/Versions/A/WebKitLegacy
0x0000000003903000 	/System/Library/Frameworks/WebKit.framework/Versions/A/Frameworks/WebCore.framework/Versions/A/WebCore
0x000000010f711000 	/Users/spencerfaber/.swt/lib/macosx/x86_64/libswt-pi-cocoa-3740.jnilib
0x0000000110189000 	/Applications/exelis/idl85/bin/bin.darwin.x86_64/libidl_ips.8.5.dylib
0x00000001105e9000 	/Applications/exelis/idl85/bin/bin.darwin.x86_64/libidl.8.5.dylib
0x0000000111176000 	/opt/X11/lib/libfreetype.6.dylib
0x000000010fb8a000 	/Applications/exelis/idl85/bin/bin.darwin.x86_64/libMesaGLU6_2.dylib
0x000000011120f000 	/Applications/exelis/idl85/bin/bin.darwin.x86_64/libMesaGL6_2.dylib
0x000000010fb79000 	/Applications/exelis/idl85/bin/bin.darwin.x86_64/libOSMesa6_2.dylib
0x000000010fbb4000 	/opt/X11/lib/libXp.6.dylib
0x00000001116c9000 	/Applications/exelis/idl85/bin/bin.darwin.x86_64/libXm.3.0.2.dylib
0x000000010fbbf000 	/opt/X11/lib/libXpm.4.dylib
0x0000000110014000 	/opt/X11/lib/libXmu.6.dylib
0x000000010fbd6000 	/opt/X11/lib/libXext.6.dylib
0x0000000111ad8000 	/opt/X11/lib/libXt.6.dylib
0x000000010fb67000 	/opt/X11/lib/libXinerama.1.dylib
0x00000001101e7000 	/opt/X11/lib/libSM.6.dylib
0x000000011022a000 	/opt/X11/lib/libICE.6.dylib
0x0000000111b37000 	/opt/X11/lib/libX11.6.dylib
0x0000000111c68000 	/opt/X11/lib/libxcb.1.dylib
0x00000001101f1000 	/opt/X11/lib/libXau.6.dylib
0x00000001101f7000 	/opt/X11/lib/libXdmcp.6.dylib
0x000000011002f000 	/Applications/exelis/idl85/bin/bin.darwin.x86_64/gl_driver.so
0x0000000112303000 	/opt/X11/lib/libGL.1.dylib
0x000000010f5ca000 	/opt/X11/lib/libXplugin.1.dylib
0x000000011010c000 	/opt/X11/lib/libglapi.0.dylib
0x000000010f52f000 	/opt/X11/lib/libXdamage.1.dylib
0x000000010f535000 	/opt/X11/lib/libXfixes.3.dylib
0x000000010f5e2000 	/opt/X11/lib/libX11-xcb.1.dylib
0x000000010f4d6000 	/opt/X11/lib/libxcb-glx.0.dylib
0x000000010f4f2000 	/opt/X11/lib/libXxf86vm.1.dylib
0x000000010f4f9000 	/usr/lib/libexpat.1.dylib
0x0000000003903000 	/System/Library/PrivateFrameworks/CloudDocs.framework/Versions/A/CloudDocs
0x0000000003903000 	/System/Library/PrivateFrameworks/CoreDuet.framework/Versions/A/CoreDuet
0x0000000003903000 	/System/Library/Frameworks/CloudKit.framework/Versions/A/CloudKit
0x0000000003903000 	/System/Library/PrivateFrameworks/ProtocolBuffer.framework/Versions/A/ProtocolBuffer
0x0000000003903000 	/System/Library/PrivateFrameworks/CoreDuetDaemonProtocol.framework/Versions/A/CoreDuetDaemonProtocol
0x0000000003903000 	/System/Library/PrivateFrameworks/CoreDuetDebugLogging.framework/Versions/A/CoreDuetDebugLogging
0x0000000003903000 	/System/Library/PrivateFrameworks/MMCS.framework/Versions/A/MMCS
0x0000000003903000 	/System/Library/Frameworks/CoreLocation.framework/Versions/A/CoreLocation
0x0000000003903000 	/System/Library/PrivateFrameworks/AssetCacheServices.framework/Versions/A/AssetCacheServices
0x0000000003903000 	/System/Library/PrivateFrameworks/GeoServices.framework/Versions/A/GeoServices
0x0000000003903000 	/System/Library/Frameworks/CoreGraphics.framework/Versions/A/Resources/libCGXCoreImage.A.dylib
0x000000010e5b2000 	cl_kernels
0x0000000111492000 	/System/Library/Extensions/AppleIntelBDWGraphicsMTLDriver.bundle/Contents/MacOS/AppleIntelBDWGraphicsMTLDriver
0x0000000003903000 	/System/Library/Frameworks/OpenGL.framework/Versions/A/Resources/GLEngine.bundle/GLEngine
0x0000000003903000 	/System/Library/Frameworks/OpenGL.framework/Versions/A/Libraries/libGLProgrammability.dylib
0x0000000118800000 	/System/Library/Extensions/AppleIntelBDWGraphicsGLDriver.bundle/Contents/MacOS/AppleIntelBDWGraphicsGLDriver
0x0000000003903000 	/System/Library/PrivateFrameworks/GPUSupport.framework/Versions/A/Libraries/libGPUSupportMercury.dylib
0x0000000003903000 	/System/Library/Frameworks/OpenGL.framework/Versions/A/Resources/GLRendererFloat.bundle/GLRendererFloat
0x000000010e6d9000 	cl_kernels
0x000000011ade6000 	/Applications/exelis/idl85/bin/bin.darwin.x86_64/idl_netcdf.so
0x000000010f472000 	cl_kernels

VM Arguments:
jvm_args: -Dosgi.instance.area.default=@user.home/IDLWorkspace -Dosgi.configuration.area=@user.home/.idl/idlworkbench-config-idl8.5.1_x86_64 -Dosgi.configuration.cascaded=true -Dosgi.checkConfiguration=true -Dosgi.sharedConfiguration.area.readOnly=true -Dorg.eclipse.update.reconcile=false -Declipse.p2.data.area=@config.dir/p2 -XstartOnFirstThread -Xdock:icon=../Resources/idlde.icns -Dorg.eclipse.swt.internal.carbon.smallFonts -Dosgi.sharedConfiguration.area=../../../configuration.darwin.x86_64 -Xms128m -Xmx1024m 
java_command: <unknown>
Launcher Type: generic

Environment Variables:
CLASSPATH=.:/Applications/exelis/idl85/resource/bridges/export/java/javaidlb.jar
PATH=/Applications/exelis/idl85/bin:/Applications/gut-3.1/bin:/Applications/gut-3.1/bin:/opt/local/bin:/opt/local/sbin:/usr/local/bin:/opt/local/bin:/opt/local/sbin:/opt/local/bin:/opt/local/sbin:/usr/local/bin:/usr/bin:/bin:/usr/sbin:/sbin:/opt/X11/bin:/opt/X11/bin
LD_LIBRARY_PATH=/Applications/exelis/idl85/idlde/bin.darwin.x86_64/jre/lib/server:/Applications/exelis/idl85/idlde/bin.darwin.x86_64/jre/lib:
SHELL=/bin/bash
DISPLAY=:0
DYLD_LIBRARY_PATH=/Applications/exelis/idl85/idlde/bin.darwin.x86_64:/Applications/exelis/idl85/bin/bin.darwin.x86_64
DYLD_FALLBACK_LIBRARY_PATH=/Applications/exelis/idl85/idlde/bin.darwin.x86_64/jre/lib/server:/Applications/exelis/idl85/idlde/bin.darwin.x86_64/jre/lib:

Signal Handlers:
SIGSEGV: [libjvm.dylib+0x4a820f], sa_mask[0]=0xfffefeff, sa_flags=0x00000042
SIGBUS: [libjvm.dylib+0x4a820f], sa_mask[0]=0xfffefeff, sa_flags=0x00000042
SIGFPE: [libjvm.dylib+0x3b7495], sa_mask[0]=0xfffefeff, sa_flags=0x00000042
SIGPIPE: SIG_IGN, sa_mask[0]=0x00000000, sa_flags=0x00000002
SIGXFSZ: [libjvm.dylib+0x3b7495], sa_mask[0]=0xfffefeff, sa_flags=0x00000042
SIGILL: [libjvm.dylib+0x3b7495], sa_mask[0]=0xfffefeff, sa_flags=0x00000042
SIGUSR1: SIG_DFL, sa_mask[0]=0x63807efb, sa_flags=0x00000000
SIGUSR2: [libjvm.dylib+0x3b702e], sa_mask[0]=0x00000000, sa_flags=0x00000042
SIGHUP: [libjvm.dylib+0x3b528f], sa_mask[0]=0xfffefeff, sa_flags=0x00000042
SIGINT: [libidl.8.5.dylib+0x403a20], sa_mask[0]=0x00000000, sa_flags=0x00000002
SIGTERM: [libjvm.dylib+0x3b528f], sa_mask[0]=0xfffefeff, sa_flags=0x00000042
SIGQUIT: [libjvm.dylib+0x3b528f], sa_mask[0]=0xfffefeff, sa_flags=0x00000042


---------------  S Y S T E M  ---------------

OS:Bsduname:Darwin 15.3.0 Darwin Kernel Version 15.3.0: Thu Dec 10 18:40:58 PST 2015; root:xnu-3248.30.4~1/RELEASE_X86_64 x86_64
rlimit: STACK 8192k, CORE 0k, NPROC 709, NOFILE 10240, AS infinity
load average:1.93 1.61 1.47

CPU:total 4 (2 cores per cpu, 2 threads per core) family 6 model 61 stepping 4, cmov, cx8, fxsr, mmx, sse, sse2, sse3, ssse3, sse4.1, sse4.2, popcnt, avx, avx2, ht, tsc, tscinvbit

Memory: 4k page, physical 137438755508k(34359688877k free)

/proc/meminfo:


vm_info: Java HotSpot(TM) 64-Bit Server VM (23.25-b01) for bsd-amd64 JRE (1.7.0_25-b15), built on Jun  5 2013 22:26:36 by "java_re" with gcc 4.2.1 (Based on Apple Inc. build 5658) (LLVM build 2336.11.00)

time: Tue Mar 29 19:14:55 2016
elapsed time: 5721 seconds

