#
# A fatal error has been detected by the Java Runtime Environment:
#
#  SIGSEGV (0xb) at pc=0x00007fff8edbf14a, pid=1911, tid=44291
#
# JRE version: 7.0_25-b15
# Java VM: Java HotSpot(TM) 64-Bit Server VM (23.25-b01 mixed mode bsd-amd64 compressed oops)
# Problematic frame:
# C  [libsystem_platform.dylib+0x214a]  longjmp+0x2
#
# Failed to write core dump. Core dumps have been disabled. To enable core dumping, try "ulimit -c unlimited" before starting Java again
#
# If you would like to submit a bug report, please visit:
#   http://bugreport.sun.com/bugreport/crash.jsp
# The crash happened outside the Java Virtual Machine in native code.
# See problematic frame for where to report the bug.
#

---------------  T H R E A D  ---------------

Current thread (0x0000000101c90000):  JavaThread "IDL" [_thread_in_native, id=44291, stack(0x00007000018e5000,0x00007000019e5000)]

siginfo:si_signo=SIGSEGV: si_errno=0, si_code=1 (SEGV_MAPERR), si_addr=0x0000000000000050

Registers:
RAX=0x0000000000000001, RBX=0x0000000000000000, RCX=0x0000000000000000, RDX=0x0000000100652158
RSP=0x00007000019e40a8, RBP=0x00007000019e41c0, RSI=0x0000000000000002, RDI=0x0000000000000000
R8 =0x00000000fffffffc, R9 =0x0000000100652118, R10=0x00000000ffffffff, R11=0xffffffff00000000
R12=0x0000000115219c18, R13=0x0000000000000070, R14=0x00000001111ef0b0, R15=0x0000000102c3cc30
RIP=0x00007fff8edbf14a, EFLAGS=0x0000000000010202, ERR=0x0000000000000004
  TRAPNO=0x000000000000000e

Top of Stack: (sp=0x00007000019e40a8)
0x00007000019e40a8:   0000000000000002 0000000000000000
0x00007000019e40b8:   0000000110c21f57 000000030000002c
0x00007000019e40c8:   0000000000000001 0000000100000000
0x00007000019e40d8:   fffffffffffffffe 0000000000000002
0x00007000019e40e8:   00000000480ea410 0000000100000000
0x00007000019e40f8:   0000000200000000 0000000000000000
0x00007000019e4108:   0000002c02b37615 00000001111ef0d0
0x00007000019e4118:   0000000110eb10ed 00000000151bd2d8
0x00007000019e4128:   0000000100000001 00000000000ea2f0
0x00007000019e4138:   01000001480ea380 fffffffffffffffe
0x00007000019e4148:   0000000000000002 000000011521a718
0x00007000019e4158:   000000011521a7c0 0000000100643238
0x00007000019e4168:   0000000100000000 0000000100000000
0x00007000019e4178:   0000000000000001 0000000115219c18
0x00007000019e4188:   0000000200000002 000000000000002c
0x00007000019e4198:   0000000110eb10ed 00000001a58ce533
0x00007000019e41a8:   0000000100000001 00000001111ef0b0
0x00007000019e41b8:   0000000202c3cc30 00007000019e4250
0x00007000019e41c8:   0000000110c23481 0000000000000000
0x00007000019e41d8:   00007000019e43f0 0000000000000000
0x00007000019e41e8:   0000000000000000 00000001111ef0b0
0x00007000019e41f8:   0000000000000000 00000001111ef0b0
0x00007000019e4208:   0000000000000000 0000000000000000
0x00007000019e4218:   00007000019e43f0 0000000000000000
0x00007000019e4228:   0000000000000002 ffffff5f00000000
0x00007000019e4238:   0000000000000000 00007000019e43f0
0x00007000019e4248:   0000000102c51770 00007000019e4430
0x00007000019e4258:   0000000110c23eaa 0000000100000000
0x00007000019e4268:   00007000019e43f0 0000700000000000
0x00007000019e4278:   0000000000000000 0000000000000000
0x00007000019e4288:   0000000000000000 00007000019e43f0
0x00007000019e4298:   0000000002c31938 0000000200000000 

Instructions: (pc=0x00007fff8edbf14a)
0x00007fff8edbf12a:   47 58 48 83 c4 28 e9 43 00 00 00 0f 1f 00 83 7f
0x00007fff8edbf13a:   54 00 0f 85 06 00 00 00 e9 2b 00 00 00 90 57 56
0x00007fff8edbf14a:   ff 77 50 48 c7 c7 03 00 00 00 48 89 e6 48 31 d2
0x00007fff8edbf15a:   e8 dd 43 00 00 48 8b 7c 24 10 8b 7f 58 e8 09 2d 

Register to memory mapping:

RAX=0x0000000000000001 is an unknown value
RBX=0x0000000000000000 is an unknown value
RCX=0x0000000000000000 is an unknown value
RDX=0x0000000100652158 is an unknown value
RSP=0x00007000019e40a8 is pointing into the stack for thread: 0x0000000101c90000
RBP=0x00007000019e41c0 is pointing into the stack for thread: 0x0000000101c90000
RSI=0x0000000000000002 is an unknown value
RDI=0x0000000000000000 is an unknown value
R8 =0x00000000fffffffc is an unknown value
R9 =0x0000000100652118 is an unknown value
R10=0x00000000ffffffff is an unknown value
R11=0xffffffff00000000 is an unknown value
R12=0x0000000115219c18 is an unknown value
R13=0x0000000000000070 is an unknown value
R14=0x00000001111ef0b0: output_message.default_errstate+0 in /Applications/exelis/idl85/bin/bin.darwin.x86_64/libidl.8.5.dylib at 0x0000000110809000
R15=0x0000000102c3cc30 is an unknown value


Stack: [0x00007000018e5000,0x00007000019e5000],  sp=0x00007000019e40a8,  free space=1020k
Native frames: (J=compiled Java code, j=interpreted, Vv=VM code, C=native code)
C  [libsystem_platform.dylib+0x214a]  longjmp+0x2
C  [libidl.8.5.dylib+0x41a481]  output_message+0xb1
C  [libidl.8.5.dylib+0x41aeaa]  IDL_MessageSyscode2+0x1aa
C  [libidl.8.5.dylib+0x2bf399]  IDL_Delvar+0x189
C  [libidl.8.5.dylib+0x2cfe38]  return_user_proc+0x218
C  [libidl.8.5.dylib+0x2d003e]  return_all+0x5e
C  [libidl.8.5.dylib+0x4449e2]  IDL_Executive+0xb02
C  [libidl_ips.8.5.dylib+0x9604]  ips_main+0x284
C  [libidl_ips.8.5.dylib+0xa83c]  IPS_RunClient+0x3c
C  [libidl_ips.8.5.dylib+0x15543]  IPS_Start+0x13
C  [libidl_ips.8.5.dylib+0xb94]  Java_com_rsi_idldt_core_ips_IPS_1Access_IPS_1Start+0x204
j  com.rsi.idldt.core.ips.IPS_Access.IPS_Start([Ljava/lang/String;)V+0
j  com.rsi.idldt.core.ips.IPS_Manager$2.run()V+15
j  java.lang.Thread.run()V+11
v  ~StubRoutines::call_stub
V  [libjvm.dylib+0x28a5c3]
V  [libjvm.dylib+0x28aaa2]
V  [libjvm.dylib+0x28abdc]
V  [libjvm.dylib+0x2c1868]
V  [libjvm.dylib+0x47cbd8]
V  [libjvm.dylib+0x47e0ca]
V  [libjvm.dylib+0x3b95f9]
C  [libsystem_pthread.dylib+0x3c13]  _pthread_body+0x83
C  [libsystem_pthread.dylib+0x3b90]  _pthread_body+0x0
C  [libsystem_pthread.dylib+0x1375]  thread_start+0xd

Java frames: (J=compiled Java code, j=interpreted, Vv=VM code)
j  com.rsi.idldt.core.ips.IPS_Access.IPS_Start([Ljava/lang/String;)V+0
j  com.rsi.idldt.core.ips.IPS_Manager$2.run()V+15
j  java.lang.Thread.run()V+11
v  ~StubRoutines::call_stub

---------------  P R O C E S S  ---------------

Java Threads: ( => current thread )
  0x000000013f82a800 JavaThread "Thread-439" [_thread_in_native, id=270407, stack(0x00007000019e8000,0x0000700001ae8000)]
  0x00000001482c0000 JavaThread "HighTraffic" [_thread_blocked, id=260599, stack(0x0000700002fb3000,0x00007000030b3000)]
  0x00000001150be800 JavaThread "Worker-18" [_thread_blocked, id=232627, stack(0x0000700002eb0000,0x0000700002fb0000)]
  0x0000000101b06800 JavaThread "Worker-17" [_thread_blocked, id=226319, stack(0x0000700002dad000,0x0000700002ead000)]
  0x00000001015d5800 JavaThread "Worker-16" [_thread_blocked, id=221967, stack(0x0000700002083000,0x0000700002183000)]
  0x00000001019c0000 JavaThread "Worker-15" [_thread_blocked, id=192327, stack(0x0000700001d7a000,0x0000700001e7a000)]
  0x0000000115d83000 JavaThread "Worker-13" [_thread_blocked, id=111375, stack(0x0000700002189000,0x0000700002289000)]
  0x0000000101a90000 JavaThread "Worker-11" [_thread_blocked, id=98371, stack(0x0000700001f80000,0x0000700002080000)]
  0x0000000101b22000 JavaThread "Worker-10" [_thread_blocked, id=82835, stack(0x0000700001e7d000,0x0000700001f7d000)]
  0x000000010129a000 JavaThread "Worker-7" [_thread_blocked, id=78631, stack(0x0000700002caa000,0x0000700002daa000)]
  0x000000011919a000 JavaThread "[ThreadPool Manager] - Idle Thread" daemon [_thread_blocked, id=38695, stack(0x0000700002ba7000,0x0000700002ca7000)]
  0x0000000101cae800 JavaThread "Timer-2" daemon [_thread_blocked, id=63511, stack(0x0000700002aa4000,0x0000700002ba4000)]
  0x00000001014f1000 JavaThread "Timer-1" daemon [_thread_blocked, id=66615, stack(0x00007000029a1000,0x0000700002aa1000)]
  0x000000010146d000 JavaThread "Thread-11" [_thread_in_native, id=61443, stack(0x000070000281b000,0x000070000291b000)]
  0x0000000100d25000 JavaThread "IDLDT DOM Worker-3" [_thread_blocked, id=59907, stack(0x0000700002718000,0x0000700002818000)]
  0x0000000100a4c800 JavaThread "IDLDT DOM Worker-2" [_thread_blocked, id=59651, stack(0x0000700002615000,0x0000700002715000)]
  0x000000010187c000 JavaThread "IDLDT DOM Worker-1" [_thread_blocked, id=58895, stack(0x0000700002512000,0x0000700002612000)]
  0x0000000101b7f000 JavaThread "IDLDT DOM Worker-0" [_thread_blocked, id=59167, stack(0x000070000240f000,0x000070000250f000)]
  0x00000001019f3000 JavaThread "Timer-0" daemon [_thread_blocked, id=59431, stack(0x000070000230c000,0x000070000240c000)]
=>0x0000000101c90000 JavaThread "IDL" [_thread_in_native, id=44291, stack(0x00007000018e5000,0x00007000019e5000)]
  0x00000001018e1800 JavaThread "IDLToJava Broker" daemon [_thread_blocked, id=44035, stack(0x00007000012d3000,0x00007000013d3000)]
  0x0000000101989800 JavaThread "Provisioning Event Dispatcher" daemon [_thread_blocked, id=41731, stack(0x00007000017e2000,0x00007000018e2000)]
  0x0000000101172800 JavaThread "Bundle File Closer" daemon [_thread_blocked, id=41219, stack(0x00007000015dc000,0x00007000016dc000)]
  0x00000001018fe000 JavaThread "Worker-JM" [_thread_blocked, id=40963, stack(0x00007000014d9000,0x00007000015d9000)]
  0x00000001008a3000 JavaThread "[Timer] - Main Queue Handler" daemon [_thread_blocked, id=40707, stack(0x00007000013d6000,0x00007000014d6000)]
  0x00000001018a6000 JavaThread "Framework Event Dispatcher" daemon [_thread_blocked, id=40203, stack(0x00007000011d0000,0x00007000012d0000)]
  0x00000001018cb000 JavaThread "Start Level Event Dispatcher" daemon [_thread_blocked, id=39939, stack(0x00007000010cd000,0x00007000011cd000)]
  0x00000001018a5800 JavaThread "State Data Manager" daemon [_thread_blocked, id=39439, stack(0x0000700000fca000,0x00007000010ca000)]
  0x00000001018bd800 JavaThread "Framework Active Thread" [_thread_blocked, id=39687, stack(0x0000700000ec7000,0x0000700000fc7000)]
  0x0000000101845800 JavaThread "Service Thread" daemon [_thread_blocked, id=25347, stack(0x0000700000cc1000,0x0000700000dc1000)]
  0x00000001010a9800 JavaThread "C2 CompilerThread1" daemon [_thread_blocked, id=25091, stack(0x0000700000bbe000,0x0000700000cbe000)]
  0x00000001010ac800 JavaThread "C2 CompilerThread0" daemon [_thread_blocked, id=24835, stack(0x0000700000abb000,0x0000700000bbb000)]
  0x00000001010a9000 JavaThread "Signal Dispatcher" daemon [_thread_blocked, id=24331, stack(0x00007000009b8000,0x0000700000ab8000)]
  0x000000010109c800 JavaThread "Finalizer" daemon [_thread_blocked, id=23811, stack(0x00007000008b5000,0x00007000009b5000)]
  0x000000010109b800 JavaThread "Reference Handler" daemon [_thread_blocked, id=23555, stack(0x00007000007b2000,0x00007000008b2000)]
  0x0000000101844000 JavaThread "main" [_thread_in_native, id=1295, stack(0x00007fff5f400000,0x00007fff5fc00000)]

Other Threads:
  0x0000000101099000 VMThread [stack: 0x00007000006af000,0x00007000007af000] [id=23299]
  0x00000001010ae000 WatcherThread [stack: 0x0000700000dc4000,0x0000700000ec4000] [id=25603]

VM state:not at safepoint (normal execution)

VM Mutex/Monitor currently owned by a thread: None

Heap
 PSYoungGen      total 309696K, used 177224K [0x00000007eaab0000, 0x00000007fe9c0000, 0x0000000800000000)
  eden space 309120K, 57% used [0x00000007eaab0000,0x00000007f57c23b0,0x00000007fd890000)
  from space 576K, 0% used [0x00000007fe930000,0x00000007fe930000,0x00000007fe9c0000)
  to   space 8256K, 0% used [0x00000007fd9a0000,0x00000007fd9a0000,0x00000007fe1b0000)
 ParOldGen       total 87424K, used 37079K [0x00000007c0000000, 0x00000007c5560000, 0x00000007eaab0000)
  object space 87424K, 42% used [0x00000007c0000000,0x00000007c2435e78,0x00000007c5560000)
 PSPermGen       total 53504K, used 52083K [0x00000007bae00000, 0x00000007be240000, 0x00000007c0000000)
  object space 53504K, 97% used [0x00000007bae00000,0x00000007be0dcf10,0x00000007be240000)

Card table byte_map: [0x0000000108f93000,0x00000001091bd000] byte_map_base: 0x00000001051bc000

Polling page: 0x0000000100751000

Code Cache  [0x0000000105ed3000, 0x0000000106573000, 0x0000000108ed3000)
 total_blobs=2240 nmethods=1699 adapters=490 free_code_cache=42449Kb largest_free_block=43390592

Compilation events (10 events):
Event: 1856.467 Thread 0x00000001010a9800 1868             org.eclipse.swt.custom.DefaultContent::indexLines (115 bytes)
Event: 1856.469 Thread 0x00000001010a9800 nmethod 1868 0x00000001064c0cd0 code [0x00000001064c0e40, 0x00000001064c1028]
Event: 1857.540 Thread 0x00000001010ac800 1869             org.eclipse.swt.widgets.MenuItem::updateText (348 bytes)
Event: 1857.541 Thread 0x00000001010a9800 1870             org.eclipse.core.internal.registry.ReferenceMap::get (48 bytes)
Event: 1857.554 Thread 0x00000001010a9800 nmethod 1870 0x0000000106546d90 code [0x0000000106546f60, 0x0000000106547bd8]
Event: 1857.567 Thread 0x00000001010ac800 nmethod 1869 0x0000000106568210 code [0x0000000106568560, 0x0000000106569730]
Event: 1879.696 Thread 0x00000001010a9800 1871             org.eclipse.jface.text.source.projection.ProjectionSummary::removeSummaries (157 bytes)
Event: 1879.702 Thread 0x00000001010a9800 nmethod 1871 0x00000001065675d0 code [0x00000001065677c0, 0x0000000106567cc0]
Event: 1890.324 Thread 0x00000001010ac800 1872   !         org.eclipse.ui.internal.ActionPresentation::setActionSets (516 bytes)
Event: 1890.347 Thread 0x00000001010ac800 nmethod 1872 0x000000010656e750 code [0x000000010656ea20, 0x000000010656fdd0]

GC Heap History (10 events):
Event: 1818.248 GC heap before
{Heap before GC invocations=64 (full 26):
 PSYoungGen      total 326208K, used 41021K [0x00000007eaab0000, 0x00000007ff9a0000, 0x0000000800000000)
  eden space 323776K, 12% used [0x00000007eaab0000,0x00000007ed2bf470,0x00000007fe6e0000)
  from space 2432K, 0% used [0x00000007fe6e0000,0x00000007fe6e0000,0x00000007fe940000)
  to   space 9600K, 0% used [0x00000007ff040000,0x00000007ff040000,0x00000007ff9a0000)
 ParOldGen       total 87424K, used 37030K [0x00000007c0000000, 0x00000007c5560000, 0x00000007eaab0000)
  object space 87424K, 42% used [0x00000007c0000000,0x00000007c24298a8,0x00000007c5560000)
 PSPermGen       total 54016K, used 52064K [0x00000007bae00000, 0x00000007be2c0000, 0x00000007c0000000)
  object space 54016K, 96% used [0x00000007bae00000,0x00000007be0d82f8,0x00000007be2c0000)
Event: 1818.251 GC heap after
Heap after GC invocations=64 (full 26):
 PSYoungGen      total 332736K, used 224K [0x00000007eaab0000, 0x00000007ff900000, 0x0000000800000000)
  eden space 323776K, 0% used [0x00000007eaab0000,0x00000007eaab0000,0x00000007fe6e0000)
  from space 8960K, 2% used [0x00000007ff040000,0x00000007ff078000,0x00000007ff900000)
  to   space 9280K, 0% used [0x00000007fe6e0000,0x00000007fe6e0000,0x00000007feff0000)
 ParOldGen       total 87424K, used 37030K [0x00000007c0000000, 0x00000007c5560000, 0x00000007eaab0000)
  object space 87424K, 42% used [0x00000007c0000000,0x00000007c24298a8,0x00000007c5560000)
 PSPermGen       total 54016K, used 52064K [0x00000007bae00000, 0x00000007be2c0000, 0x00000007c0000000)
  object space 54016K, 96% used [0x00000007bae00000,0x00000007be0d82f8,0x00000007be2c0000)
}
Event: 1818.251 GC heap before
{Heap before GC invocations=65 (full 27):
 PSYoungGen      total 332736K, used 224K [0x00000007eaab0000, 0x00000007ff900000, 0x0000000800000000)
  eden space 323776K, 0% used [0x00000007eaab0000,0x00000007eaab0000,0x00000007fe6e0000)
  from space 8960K, 2% used [0x00000007ff040000,0x00000007ff078000,0x00000007ff900000)
  to   space 9280K, 0% used [0x00000007fe6e0000,0x00000007fe6e0000,0x00000007feff0000)
 ParOldGen       total 87424K, used 37030K [0x00000007c0000000, 0x00000007c5560000, 0x00000007eaab0000)
  object space 87424K, 42% used [0x00000007c0000000,0x00000007c24298a8,0x00000007c5560000)
 PSPermGen       total 54016K, used 52064K [0x00000007bae00000, 0x00000007be2c0000, 0x00000007c0000000)
  object space 54016K, 96% used [0x00000007bae00000,0x00000007be0d82f8,0x00000007be2c0000)
Event: 1818.367 GC heap after
Heap after GC invocations=65 (full 27):
 PSYoungGen      total 332736K, used 0K [0x00000007eaab0000, 0x00000007ff900000, 0x0000000800000000)
  eden space 323776K, 0% used [0x00000007eaab0000,0x00000007eaab0000,0x00000007fe6e0000)
  from space 8960K, 0% used [0x00000007ff040000,0x00000007ff040000,0x00000007ff900000)
  to   space 9280K, 0% used [0x00000007fe6e0000,0x00000007fe6e0000,0x00000007feff0000)
 ParOldGen       total 87424K, used 36963K [0x00000007c0000000, 0x00000007c5560000, 0x00000007eaab0000)
  object space 87424K, 42% used [0x00000007c0000000,0x00000007c2418c50,0x00000007c5560000)
 PSPermGen       total 54016K, used 52064K [0x00000007bae00000, 0x00000007be2c0000, 0x00000007c0000000)
  object space 54016K, 96% used [0x00000007bae00000,0x00000007be0d8278,0x00000007be2c0000)
}
Event: 1847.310 GC heap before
{Heap before GC invocations=66 (full 27):
 PSYoungGen      total 332736K, used 323776K [0x00000007eaab0000, 0x00000007ff900000, 0x0000000800000000)
  eden space 323776K, 100% used [0x00000007eaab0000,0x00000007fe6e0000,0x00000007fe6e0000)
  from space 8960K, 0% used [0x00000007ff040000,0x00000007ff040000,0x00000007ff900000)
  to   space 9280K, 0% used [0x00000007fe6e0000,0x00000007fe6e0000,0x00000007feff0000)
 ParOldGen       total 87424K, used 36963K [0x00000007c0000000, 0x00000007c5560000, 0x00000007eaab0000)
  object space 87424K, 42% used [0x00000007c0000000,0x00000007c2418c50,0x00000007c5560000)
 PSPermGen       total 54016K, used 52077K [0x00000007bae00000, 0x00000007be2c0000, 0x00000007c0000000)
  object space 54016K, 96% used [0x00000007bae00000,0x00000007be0db528,0x00000007be2c0000)
Event: 1847.315 GC heap after
Heap after GC invocations=66 (full 27):
 PSYoungGen      total 311488K, used 2365K [0x00000007eaab0000, 0x00000007ff050000, 0x0000000800000000)
  eden space 309120K, 0% used [0x00000007eaab0000,0x00000007eaab0000,0x00000007fd890000)
  from space 2368K, 99% used [0x00000007fe6e0000,0x00000007fe92f5b8,0x00000007fe930000)
  to   space 7296K, 0% used [0x00000007fe930000,0x00000007fe930000,0x00000007ff050000)
 ParOldGen       total 87424K, used 36963K [0x00000007c0000000, 0x00000007c5560000, 0x00000007eaab0000)
  object space 87424K, 42% used [0x00000007c0000000,0x00000007c2418c50,0x00000007c5560000)
 PSPermGen       total 54016K, used 52077K [0x00000007bae00000, 0x00000007be2c0000, 0x00000007c0000000)
  object space 54016K, 96% used [0x00000007bae00000,0x00000007be0db528,0x00000007be2c0000)
}
Event: 1878.250 GC heap before
{Heap before GC invocations=67 (full 27):
 PSYoungGen      total 311488K, used 31009K [0x00000007eaab0000, 0x00000007ff050000, 0x0000000800000000)
  eden space 309120K, 9% used [0x00000007eaab0000,0x00000007ec6a8ef0,0x00000007fd890000)
  from space 2368K, 99% used [0x00000007fe6e0000,0x00000007fe92f5b8,0x00000007fe930000)
  to   space 7296K, 0% used [0x00000007fe930000,0x00000007fe930000,0x00000007ff050000)
 ParOldGen       total 87424K, used 36963K [0x00000007c0000000, 0x00000007c5560000, 0x00000007eaab0000)
  object space 87424K, 42% used [0x00000007c0000000,0x00000007c2418c50,0x00000007c5560000)
 PSPermGen       total 54016K, used 52079K [0x00000007bae00000, 0x00000007be2c0000, 0x00000007c0000000)
  object space 54016K, 96% used [0x00000007bae00000,0x00000007be0dbd20,0x00000007be2c0000)
Event: 1878.255 GC heap after
Heap after GC invocations=67 (full 27):
 PSYoungGen      total 309696K, used 522K [0x00000007eaab0000, 0x00000007fe9c0000, 0x0000000800000000)
  eden space 309120K, 0% used [0x00000007eaab0000,0x00000007eaab0000,0x00000007fd890000)
  from space 576K, 90% used [0x00000007fe930000,0x00000007fe9b2b10,0x00000007fe9c0000)
  to   space 8256K, 0% used [0x00000007fd9a0000,0x00000007fd9a0000,0x00000007fe1b0000)
 ParOldGen       total 87424K, used 38664K [0x00000007c0000000, 0x00000007c5560000, 0x00000007eaab0000)
  object space 87424K, 44% used [0x00000007c0000000,0x00000007c25c2000,0x00000007c5560000)
 PSPermGen       total 54016K, used 52079K [0x00000007bae00000, 0x00000007be2c0000, 0x00000007c0000000)
  object space 54016K, 96% used [0x00000007bae00000,0x00000007be0dbd20,0x00000007be2c0000)
}
Event: 1878.255 GC heap before
{Heap before GC invocations=68 (full 28):
 PSYoungGen      total 309696K, used 522K [0x00000007eaab0000, 0x00000007fe9c0000, 0x0000000800000000)
  eden space 309120K, 0% used [0x00000007eaab0000,0x00000007eaab0000,0x00000007fd890000)
  from space 576K, 90% used [0x00000007fe930000,0x00000007fe9b2b10,0x00000007fe9c0000)
  to   space 8256K, 0% used [0x00000007fd9a0000,0x00000007fd9a0000,0x00000007fe1b0000)
 ParOldGen       total 87424K, used 38664K [0x00000007c0000000, 0x00000007c5560000, 0x00000007eaab0000)
  object space 87424K, 44% used [0x00000007c0000000,0x00000007c25c2000,0x00000007c5560000)
 PSPermGen       total 54016K, used 52079K [0x00000007bae00000, 0x00000007be2c0000, 0x00000007c0000000)
  object space 54016K, 96% used [0x00000007bae00000,0x00000007be0dbd20,0x00000007be2c0000)
Event: 1878.385 GC heap after
Heap after GC invocations=68 (full 28):
 PSYoungGen      total 309696K, used 0K [0x00000007eaab0000, 0x00000007fe9c0000, 0x0000000800000000)
  eden space 309120K, 0% used [0x00000007eaab0000,0x00000007eaab0000,0x00000007fd890000)
  from space 576K, 0% used [0x00000007fe930000,0x00000007fe930000,0x00000007fe9c0000)
  to   space 8256K, 0% used [0x00000007fd9a0000,0x00000007fd9a0000,0x00000007fe1b0000)
 ParOldGen       total 87424K, used 37079K [0x00000007c0000000, 0x00000007c5560000, 0x00000007eaab0000)
  object space 87424K, 42% used [0x00000007c0000000,0x00000007c2435e78,0x00000007c5560000)
 PSPermGen       total 53504K, used 52079K [0x00000007bae00000, 0x00000007be240000, 0x00000007c0000000)
  object space 53504K, 97% used [0x00000007bae00000,0x00000007be0dbc60,0x00000007be240000)
}

Deoptimization events (10 events):
Event: 1271.307 Thread 0x0000000101844000 Uncommon trap -34 fr.pc 0x00000001064c0cdc
Event: 1373.284 Thread 0x0000000101844000 Uncommon trap -58 fr.pc 0x00000001060fec70
Event: 1386.892 Thread 0x0000000101844000 Uncommon trap -34 fr.pc 0x000000010647b794
Event: 1410.010 Thread 0x0000000101844000 Uncommon trap 26 fr.pc 0x0000000105f55868
Event: 1446.163 Thread 0x0000000101844000 Uncommon trap -34 fr.pc 0x000000010647b794
Event: 1687.695 Thread 0x0000000101844000 Uncommon trap -34 fr.pc 0x000000010647b794
Event: 1796.104 Thread 0x0000000101844000 Uncommon trap -12 fr.pc 0x000000010654e634
Event: 1819.856 Thread 0x0000000101844000 Uncommon trap -34 fr.pc 0x000000010647b794
Event: 1924.400 Thread 0x00000001019c0000 Uncommon trap -83 fr.pc 0x00000001063de2e0
Event: 1925.428 Thread 0x0000000101844000 Uncommon trap -83 fr.pc 0x0000000106535f20

Internal exceptions (10 events):
Event: 1924.337 Thread 0x0000000101844000 Threw 0x00000007f234b878 at /HUDSON/workspace/jdk7u25-2-build-macosx-amd64-product/jdk7u25/hotspot/src/share/vm/prims/nativeLookup.
Event: 1924.364 Thread 0x0000000101c90000 Threw 0x00000007efeceae0 at /HUDSON/workspace/jdk7u25-2-build-macosx-amd64-product/jdk7u25/hotspot/src/share/vm/prims/nativeLookup.
Event: 1924.463 Thread 0x0000000101844000 Threw 0x00000007f24b99d0 at /HUDSON/workspace/jdk7u25-2-build-macosx-amd64-product/jdk7u25/hotspot/src/share/vm/prims/nativeLookup.
Event: 1924.463 Thread 0x0000000101844000 Threw 0x00000007f24ba300 at /HUDSON/workspace/jdk7u25-2-build-macosx-amd64-product/jdk7u25/hotspot/src/share/vm/prims/nativeLookup.
Event: 1924.766 Thread 0x0000000101b22000 Threw 0x00000007f10e6688 at /HUDSON/workspace/jdk7u25-2-build-macosx-amd64-product/jdk7u25/hotspot/src/share/vm/prims/nativeLookup.
Event: 1925.324 Thread 0x00000001015d5800 Threw 0x00000007ead72c20 at /HUDSON/workspace/jdk7u25-2-build-macosx-amd64-product/jdk7u25/hotspot/src/share/vm/prims/nativeLookup.
Event: 1925.428 Thread 0x0000000101844000 Implicit null exception at 0x0000000106535829 to 0x0000000106535f15
Event: 1926.163 Thread 0x0000000101844000 Threw 0x00000007f4021ca8 at /HUDSON/workspace/jdk7u25-2-build-macosx-amd64-product/jdk7u25/hotspot/src/share/vm/prims/nativeLookup.
Event: 1926.163 Thread 0x0000000101844000 Threw 0x00000007f4022928 at /HUDSON/workspace/jdk7u25-2-build-macosx-amd64-product/jdk7u25/hotspot/src/share/vm/prims/nativeLookup.
Event: 1926.163 Thread 0x0000000101844000 Threw 0x00000007f40230e0 at /HUDSON/workspace/jdk7u25-2-build-macosx-amd64-product/jdk7u25/hotspot/src/share/vm/prims/nativeLookup.

Events (10 events):
Event: 1925.437 Executing VM operation: RevokeBias done
Event: 1925.439 Executing VM operation: BulkRevokeBias
Event: 1925.439 Executing VM operation: BulkRevokeBias done
Event: 1925.439 Executing VM operation: RevokeBias
Event: 1925.439 Executing VM operation: RevokeBias done
Event: 1927.060 Thread 0x00000001190b5800 Thread added: 0x00000001190b5800
Event: 1927.090 Executing VM operation: RevokeBias
Event: 1927.090 Executing VM operation: RevokeBias done
Event: 1927.090 Thread 0x00000001190b5800 Thread exited: 0x00000001190b5800
Event: 1927.275 Thread 0x000000013f82a800 Thread added: 0x000000013f82a800


Dynamic libraries:
0x00000000008d6000 	/System/Library/Frameworks/Cocoa.framework/Versions/A/Cocoa
0x00000000008d6000 	/usr/lib/libSystem.B.dylib
0x00000000008d6000 	/System/Library/Frameworks/CoreServices.framework/Versions/A/CoreServices
0x00000000008d6000 	/usr/lib/libobjc.A.dylib
0x00000000008d6000 	/System/Library/Frameworks/CoreFoundation.framework/Versions/A/CoreFoundation
0x00000000008d6000 	/System/Library/Frameworks/AppKit.framework/Versions/C/AppKit
0x00000000008d6000 	/System/Library/Frameworks/ApplicationServices.framework/Versions/A/ApplicationServices
0x00000000008d6000 	/System/Library/Frameworks/Foundation.framework/Versions/C/Foundation
0x00000000008d6000 	/System/Library/Frameworks/CoreData.framework/Versions/A/CoreData
0x00000000008d6000 	/System/Library/PrivateFrameworks/RemoteViewServices.framework/Versions/A/RemoteViewServices
0x00000000008d6000 	/System/Library/PrivateFrameworks/UIFoundation.framework/Versions/A/UIFoundation
0x00000000008d6000 	/usr/lib/libScreenReader.dylib
0x00000000008d6000 	/System/Library/Frameworks/Accelerate.framework/Versions/A/Accelerate
0x00000000008d6000 	/System/Library/Frameworks/IOSurface.framework/Versions/A/IOSurface
0x00000000008d6000 	/System/Library/Frameworks/AudioToolbox.framework/Versions/A/AudioToolbox
0x00000000008d6000 	/System/Library/Frameworks/AudioUnit.framework/Versions/A/AudioUnit
0x00000000008d6000 	/System/Library/PrivateFrameworks/DataDetectorsCore.framework/Versions/A/DataDetectorsCore
0x00000000008d6000 	/System/Library/PrivateFrameworks/DesktopServicesPriv.framework/Versions/A/DesktopServicesPriv
0x00000000008d6000 	/System/Library/Frameworks/Carbon.framework/Versions/A/Frameworks/HIToolbox.framework/Versions/A/HIToolbox
0x00000000008d6000 	/System/Library/Frameworks/QuartzCore.framework/Versions/A/QuartzCore
0x00000000008d6000 	/System/Library/Frameworks/Security.framework/Versions/A/Security
0x00000000008d6000 	/System/Library/Frameworks/Carbon.framework/Versions/A/Frameworks/SpeechRecognition.framework/Versions/A/SpeechRecognition
0x00000000008d6000 	/usr/lib/libauto.dylib
0x00000000008d6000 	/usr/lib/libicucore.A.dylib
0x00000000008d6000 	/usr/lib/libxml2.2.dylib
0x00000000008d6000 	/usr/lib/libz.1.dylib
0x00000000008d6000 	/System/Library/PrivateFrameworks/CoreUI.framework/Versions/A/CoreUI
0x00000000008d6000 	/System/Library/Frameworks/CoreAudio.framework/Versions/A/CoreAudio
0x00000000008d6000 	/System/Library/Frameworks/DiskArbitration.framework/Versions/A/DiskArbitration
0x00000000008d6000 	/usr/lib/liblangid.dylib
0x00000000008d6000 	/System/Library/PrivateFrameworks/MultitouchSupport.framework/Versions/A/MultitouchSupport
0x00000000008d6000 	/System/Library/Frameworks/IOKit.framework/Versions/A/IOKit
0x00000000008d6000 	/usr/lib/libDiagnosticMessagesClient.dylib
0x00000000008d6000 	/System/Library/PrivateFrameworks/PerformanceAnalysis.framework/Versions/A/PerformanceAnalysis
0x00000000008d6000 	/System/Library/PrivateFrameworks/GenerationalStorage.framework/Versions/A/GenerationalStorage
0x00000000008d6000 	/System/Library/Frameworks/OpenGL.framework/Versions/A/OpenGL
0x00000000008d6000 	/System/Library/PrivateFrameworks/Sharing.framework/Versions/A/Sharing
0x00000000008d6000 	/System/Library/Frameworks/CoreGraphics.framework/Versions/A/CoreGraphics
0x00000000008d6000 	/System/Library/Frameworks/CoreImage.framework/Versions/A/CoreImage
0x00000000008d6000 	/System/Library/Frameworks/CoreText.framework/Versions/A/CoreText
0x00000000008d6000 	/System/Library/Frameworks/ImageIO.framework/Versions/A/ImageIO
0x00000000008d6000 	/System/Library/PrivateFrameworks/Backup.framework/Versions/A/Backup
0x00000000008d6000 	/usr/lib/libextension.dylib
0x00000000008d6000 	/usr/lib/libarchive.2.dylib
0x00000000008d6000 	/System/Library/Frameworks/CFNetwork.framework/Versions/A/CFNetwork
0x00000000008d6000 	/System/Library/Frameworks/SystemConfiguration.framework/Versions/A/SystemConfiguration
0x00000000008d6000 	/usr/lib/libCRFSuite.dylib
0x00000000008d6000 	/usr/lib/libc++.1.dylib
0x00000000008d6000 	/usr/lib/libc++abi.dylib
0x00000000008d6000 	/usr/lib/system/libcache.dylib
0x00000000008d6000 	/usr/lib/system/libcommonCrypto.dylib
0x00000000008d6000 	/usr/lib/system/libcompiler_rt.dylib
0x00000000008d6000 	/usr/lib/system/libcopyfile.dylib
0x00000000008d6000 	/usr/lib/system/libcorecrypto.dylib
0x00000000008d6000 	/usr/lib/system/libdispatch.dylib
0x00000000008d6000 	/usr/lib/system/libdyld.dylib
0x00000000008d6000 	/usr/lib/system/libkeymgr.dylib
0x00000000008d6000 	/usr/lib/system/liblaunch.dylib
0x00000000008d6000 	/usr/lib/system/libmacho.dylib
0x00000000008d6000 	/usr/lib/system/libquarantine.dylib
0x00000000008d6000 	/usr/lib/system/libremovefile.dylib
0x00000000008d6000 	/usr/lib/system/libsystem_asl.dylib
0x00000000008d6000 	/usr/lib/system/libsystem_blocks.dylib
0x00000000008d6000 	/usr/lib/system/libsystem_c.dylib
0x00000000008d6000 	/usr/lib/system/libsystem_configuration.dylib
0x00000000008d6000 	/usr/lib/system/libsystem_coreservices.dylib
0x00000000008d6000 	/usr/lib/system/libsystem_coretls.dylib
0x00000000008d6000 	/usr/lib/system/libsystem_dnssd.dylib
0x00000000008d6000 	/usr/lib/system/libsystem_info.dylib
0x00000000008d6000 	/usr/lib/system/libsystem_kernel.dylib
0x00000000008d6000 	/usr/lib/system/libsystem_m.dylib
0x00000000008d6000 	/usr/lib/system/libsystem_malloc.dylib
0x00000000008d6000 	/usr/lib/system/libsystem_network.dylib
0x00000000008d6000 	/usr/lib/system/libsystem_networkextension.dylib
0x00000000008d6000 	/usr/lib/system/libsystem_notify.dylib
0x00000000008d6000 	/usr/lib/system/libsystem_platform.dylib
0x00000000008d6000 	/usr/lib/system/libsystem_pthread.dylib
0x00000000008d6000 	/usr/lib/system/libsystem_sandbox.dylib
0x00000000008d6000 	/usr/lib/system/libsystem_secinit.dylib
0x00000000008d6000 	/usr/lib/system/libsystem_trace.dylib
0x00000000008d6000 	/usr/lib/system/libunc.dylib
0x00000000008d6000 	/usr/lib/system/libunwind.dylib
0x00000000008d6000 	/usr/lib/system/libxpc.dylib
0x00000000008d6000 	/usr/lib/libenergytrace.dylib
0x00000000008d6000 	/usr/lib/libbsm.0.dylib
0x00000000008d6000 	/usr/lib/system/libkxld.dylib
0x00000000008d6000 	/usr/lib/libxar.1.dylib
0x00000000008d6000 	/usr/lib/libsqlite3.dylib
0x00000000008d6000 	/usr/lib/libpam.2.dylib
0x00000000008d6000 	/usr/lib/libOpenScriptingUtil.dylib
0x00000000008d6000 	/usr/lib/libbz2.1.0.dylib
0x00000000008d6000 	/usr/lib/liblzma.5.dylib
0x00000000008d6000 	/System/Library/Frameworks/CoreServices.framework/Versions/A/Frameworks/FSEvents.framework/Versions/A/FSEvents
0x00000000008d6000 	/System/Library/Frameworks/CoreServices.framework/Versions/A/Frameworks/CarbonCore.framework/Versions/A/CarbonCore
0x00000000008d6000 	/System/Library/Frameworks/CoreServices.framework/Versions/A/Frameworks/Metadata.framework/Versions/A/Metadata
0x00000000008d6000 	/System/Library/Frameworks/CoreServices.framework/Versions/A/Frameworks/OSServices.framework/Versions/A/OSServices
0x00000000008d6000 	/System/Library/Frameworks/CoreServices.framework/Versions/A/Frameworks/SearchKit.framework/Versions/A/SearchKit
0x00000000008d6000 	/System/Library/Frameworks/CoreServices.framework/Versions/A/Frameworks/AE.framework/Versions/A/AE
0x00000000008d6000 	/System/Library/Frameworks/CoreServices.framework/Versions/A/Frameworks/LaunchServices.framework/Versions/A/LaunchServices
0x00000000008d6000 	/System/Library/Frameworks/CoreServices.framework/Versions/A/Frameworks/DictionaryServices.framework/Versions/A/DictionaryServices
0x00000000008d6000 	/System/Library/Frameworks/CoreServices.framework/Versions/A/Frameworks/SharedFileList.framework/Versions/A/SharedFileList
0x00000000008d6000 	/System/Library/Frameworks/NetFS.framework/Versions/A/NetFS
0x00000000008d6000 	/System/Library/PrivateFrameworks/NetAuth.framework/Versions/A/NetAuth
0x00000000008d6000 	/System/Library/PrivateFrameworks/login.framework/Versions/A/Frameworks/loginsupport.framework/Versions/A/loginsupport
0x00000000008d6000 	/System/Library/PrivateFrameworks/TCC.framework/Versions/A/TCC
0x00000000008d6000 	/usr/lib/libmecabra.dylib
0x00000000008d6000 	/System/Library/Frameworks/ApplicationServices.framework/Versions/A/Frameworks/ATS.framework/Versions/A/ATS
0x00000000008d6000 	/System/Library/Frameworks/ApplicationServices.framework/Versions/A/Frameworks/ColorSync.framework/Versions/A/ColorSync
0x00000000008d6000 	/System/Library/Frameworks/ApplicationServices.framework/Versions/A/Frameworks/HIServices.framework/Versions/A/HIServices
0x00000000008d6000 	/System/Library/Frameworks/ApplicationServices.framework/Versions/A/Frameworks/LangAnalysis.framework/Versions/A/LangAnalysis
0x00000000008d6000 	/System/Library/Frameworks/ApplicationServices.framework/Versions/A/Frameworks/PrintCore.framework/Versions/A/PrintCore
0x00000000008d6000 	/System/Library/Frameworks/ApplicationServices.framework/Versions/A/Frameworks/QD.framework/Versions/A/QD
0x00000000008d6000 	/System/Library/Frameworks/ApplicationServices.framework/Versions/A/Frameworks/SpeechSynthesis.framework/Versions/A/SpeechSynthesis
0x00000000008d6000 	/System/Library/Frameworks/Metal.framework/Versions/A/Metal
0x00000000008d6000 	/System/Library/Frameworks/Accelerate.framework/Versions/A/Frameworks/vImage.framework/Versions/A/vImage
0x00000000008d6000 	/System/Library/Frameworks/Accelerate.framework/Versions/A/Frameworks/vecLib.framework/Versions/A/vecLib
0x00000000008d6000 	/System/Library/Frameworks/Accelerate.framework/Versions/A/Frameworks/vecLib.framework/Versions/A/libvDSP.dylib
0x00000000008d6000 	/System/Library/Frameworks/Accelerate.framework/Versions/A/Frameworks/vecLib.framework/Versions/A/libvMisc.dylib
0x00000000008d6000 	/System/Library/Frameworks/Accelerate.framework/Versions/A/Frameworks/vecLib.framework/Versions/A/libLAPACK.dylib
0x00000000008d6000 	/System/Library/Frameworks/Accelerate.framework/Versions/A/Frameworks/vecLib.framework/Versions/A/libBLAS.dylib
0x00000000008d6000 	/System/Library/Frameworks/Accelerate.framework/Versions/A/Frameworks/vecLib.framework/Versions/A/libLinearAlgebra.dylib
0x00000000008d6000 	/System/Library/Frameworks/Accelerate.framework/Versions/A/Frameworks/vecLib.framework/Versions/A/libSparseBLAS.dylib
0x00000000008d6000 	/System/Library/PrivateFrameworks/GPUCompiler.framework/libmetal_timestamp.dylib
0x00000000008d6000 	/System/Library/Frameworks/OpenGL.framework/Versions/A/Libraries/libCoreFSCache.dylib
0x00000000008d6000 	/System/Library/PrivateFrameworks/IOAccelerator.framework/Versions/A/IOAccelerator
0x00000000008d6000 	/System/Library/Frameworks/ApplicationServices.framework/Versions/A/Frameworks/ATS.framework/Versions/A/Resources/libFontParser.dylib
0x00000000008d6000 	/System/Library/Frameworks/ApplicationServices.framework/Versions/A/Frameworks/ATS.framework/Versions/A/Resources/libFontRegistry.dylib
0x00000000008d6000 	/System/Library/PrivateFrameworks/AppleVPA.framework/Versions/A/AppleVPA
0x00000000008d6000 	/System/Library/PrivateFrameworks/AppleJPEG.framework/Versions/A/AppleJPEG
0x00000000008d6000 	/System/Library/Frameworks/ImageIO.framework/Versions/A/Resources/libJPEG.dylib
0x00000000008d6000 	/System/Library/Frameworks/ImageIO.framework/Versions/A/Resources/libTIFF.dylib
0x00000000008d6000 	/System/Library/Frameworks/ImageIO.framework/Versions/A/Resources/libPng.dylib
0x00000000008d6000 	/System/Library/Frameworks/ImageIO.framework/Versions/A/Resources/libGIF.dylib
0x00000000008d6000 	/System/Library/Frameworks/ImageIO.framework/Versions/A/Resources/libJP2.dylib
0x00000000008d6000 	/System/Library/Frameworks/ImageIO.framework/Versions/A/Resources/libRadiance.dylib
0x00000000008d6000 	/System/Library/Frameworks/CoreVideo.framework/Versions/A/CoreVideo
0x00000000008d6000 	/System/Library/Frameworks/OpenGL.framework/Versions/A/Libraries/libGLU.dylib
0x00000000008d6000 	/System/Library/Frameworks/OpenGL.framework/Versions/A/Libraries/libGFXShared.dylib
0x00000000008d6000 	/System/Library/Frameworks/OpenGL.framework/Versions/A/Libraries/libGL.dylib
0x00000000008d6000 	/System/Library/Frameworks/OpenGL.framework/Versions/A/Libraries/libGLImage.dylib
0x00000000008d6000 	/System/Library/Frameworks/OpenGL.framework/Versions/A/Libraries/libCVMSPluginSupport.dylib
0x00000000008d6000 	/System/Library/Frameworks/OpenGL.framework/Versions/A/Libraries/libCoreVMClient.dylib
0x00000000008d6000 	/usr/lib/libcups.2.dylib
0x00000000008d6000 	/System/Library/Frameworks/Kerberos.framework/Versions/A/Kerberos
0x00000000008d6000 	/System/Library/Frameworks/GSS.framework/Versions/A/GSS
0x00000000008d6000 	/usr/lib/libresolv.9.dylib
0x00000000008d6000 	/usr/lib/libiconv.2.dylib
0x00000000008d6000 	/System/Library/PrivateFrameworks/Heimdal.framework/Versions/A/Heimdal
0x00000000008d6000 	/usr/lib/libheimdal-asn1.dylib
0x00000000008d6000 	/System/Library/Frameworks/OpenDirectory.framework/Versions/A/OpenDirectory
0x00000000008d6000 	/System/Library/PrivateFrameworks/CommonAuth.framework/Versions/A/CommonAuth
0x00000000008d6000 	/System/Library/Frameworks/OpenDirectory.framework/Versions/A/Frameworks/CFOpenDirectory.framework/Versions/A/CFOpenDirectory
0x00000000008d6000 	/System/Library/Frameworks/SecurityFoundation.framework/Versions/A/SecurityFoundation
0x00000000008d6000 	/System/Library/PrivateFrameworks/LanguageModeling.framework/Versions/A/LanguageModeling
0x00000000008d6000 	/usr/lib/libmarisa.dylib
0x00000000008d6000 	/usr/lib/libChineseTokenizer.dylib
0x00000000008d6000 	/usr/lib/libcmph.dylib
0x00000000008d6000 	/usr/lib/libcompression.dylib
0x00000000008d6000 	/System/Library/Frameworks/ServiceManagement.framework/Versions/A/ServiceManagement
0x00000000008d6000 	/usr/lib/libxslt.1.dylib
0x00000000008d6000 	/System/Library/Frameworks/Carbon.framework/Versions/A/Frameworks/Ink.framework/Versions/A/Ink
0x00000000008d6000 	/usr/lib/libFosl_dynamic.dylib
0x00000000008d6000 	/System/Library/PrivateFrameworks/FaceCore.framework/Versions/A/FaceCore
0x00000000008d6000 	/System/Library/Frameworks/OpenCL.framework/Versions/A/OpenCL
0x00000000008d6000 	/System/Library/PrivateFrameworks/CrashReporterSupport.framework/Versions/A/CrashReporterSupport
0x00000000008d6000 	/System/Library/PrivateFrameworks/IconServices.framework/Versions/A/IconServices
0x00000000008d6000 	/System/Library/PrivateFrameworks/Apple80211.framework/Versions/A/Apple80211
0x00000000008d6000 	/System/Library/Frameworks/CoreWLAN.framework/Versions/A/CoreWLAN
0x00000000008d6000 	/System/Library/Frameworks/IOBluetooth.framework/Versions/A/IOBluetooth
0x00000000008d6000 	/System/Library/PrivateFrameworks/CoreWiFi.framework/Versions/A/CoreWiFi
0x00000000008d6000 	/System/Library/Frameworks/CoreBluetooth.framework/Versions/A/CoreBluetooth
0x00000000008d6000 	/System/Library/PrivateFrameworks/ChunkingLibrary.framework/Versions/A/ChunkingLibrary
0x00000000008d6000 	/System/Library/PrivateFrameworks/DebugSymbols.framework/Versions/A/DebugSymbols
0x00000000008d6000 	/System/Library/PrivateFrameworks/CoreSymbolication.framework/Versions/A/CoreSymbolication
0x00000000008d6000 	/System/Library/PrivateFrameworks/Symbolication.framework/Versions/A/Symbolication
0x00000000008d6000 	/System/Library/PrivateFrameworks/SpeechRecognitionCore.framework/Versions/A/SpeechRecognitionCore
0x00000001000b8000 	/Applications/exelis/idl85/idlde/plugins/org.eclipse.equinox.launcher.cocoa.macosx.x86_64_1.1.101.v20120109-1504/eclipse_1408.so
0x00000000008d6000 	/System/Library/PrivateFrameworks/CoreServicesInternal.framework/Versions/A/CoreServicesInternal
0x000000010542a000 	/Applications/exelis/idl85/idlde/bin.darwin.x86_64/jre/lib/server/libjvm.dylib
0x00000000008d6000 	/usr/lib/libstdc++.6.dylib
0x0000000100714000 	/Applications/exelis/idl85/idlde/bin.darwin.x86_64/jre/lib/libverify.dylib
0x0000000100721000 	/Applications/exelis/idl85/idlde/bin.darwin.x86_64/jre/lib/libjava.dylib
0x000000010075a000 	/Applications/exelis/idl85/idlde/bin.darwin.x86_64/jre/lib/libzip.dylib
0x000000010d00b000 	/System/Library/Frameworks/JavaVM.framework/Frameworks/JavaRuntimeSupport.framework/JavaRuntimeSupport
0x000000010d026000 	/System/Library/Frameworks/JavaVM.framework/Versions/A/Frameworks/JavaNativeFoundation.framework/Versions/A/JavaNativeFoundation
0x00000001007ec000 	/System/Library/Frameworks/JavaVM.framework/Versions/A/JavaVM
0x00000000008d6000 	/System/Library/Frameworks/Carbon.framework/Versions/A/Carbon
0x000000010d03b000 	/System/Library/PrivateFrameworks/JavaLaunching.framework/Versions/A/JavaLaunching
0x00000000008d6000 	/System/Library/Frameworks/Carbon.framework/Versions/A/Frameworks/CommonPanels.framework/Versions/A/CommonPanels
0x00000000008d6000 	/System/Library/Frameworks/Carbon.framework/Versions/A/Frameworks/Help.framework/Versions/A/Help
0x00000000008d6000 	/System/Library/Frameworks/Carbon.framework/Versions/A/Frameworks/ImageCapture.framework/Versions/A/ImageCapture
0x00000000008d6000 	/System/Library/Frameworks/Carbon.framework/Versions/A/Frameworks/OpenScripting.framework/Versions/A/OpenScripting
0x00000000008d6000 	/System/Library/Frameworks/Carbon.framework/Versions/A/Frameworks/Print.framework/Versions/A/Print
0x00000000008d6000 	/System/Library/Frameworks/Carbon.framework/Versions/A/Frameworks/SecurityHI.framework/Versions/A/SecurityHI
0x00000000008d6000 	/System/Library/CoreServices/RawCamera.bundle/Contents/MacOS/RawCamera
0x00000000008d6000 	/System/Library/PrivateFrameworks/FamilyControls.framework/Versions/A/FamilyControls
0x00000000008d6000 	/System/Library/PrivateFrameworks/CommerceKit.framework/Versions/A/Frameworks/CommerceCore.framework/Versions/A/CommerceCore
0x00000000008d6000 	/System/Library/PrivateFrameworks/SystemAdministration.framework/Versions/A/SystemAdministration
0x00000000008d6000 	/System/Library/PrivateFrameworks/AppContainer.framework/Versions/A/AppContainer
0x00000000008d6000 	/System/Library/PrivateFrameworks/SecCodeWrapper.framework/Versions/A/SecCodeWrapper
0x00000000008d6000 	/System/Library/Frameworks/DirectoryService.framework/Versions/A/DirectoryService
0x00000000008d6000 	/System/Library/PrivateFrameworks/DiskImages.framework/Versions/A/DiskImages
0x00000000008d6000 	/System/Library/PrivateFrameworks/LoginUIKit.framework/Versions/A/Frameworks/LoginUICore.framework/Versions/A/LoginUICore
0x00000000008d6000 	/usr/lib/libCoreStorage.dylib
0x00000000008d6000 	/usr/lib/libcsfde.dylib
0x00000000008d6000 	/usr/lib/libodfde.dylib
0x00000000008d6000 	/System/Library/Frameworks/DiscRecording.framework/Versions/A/DiscRecording
0x000000010e18e000 	/Applications/exelis/idl85/bin/bin.darwin.x86_64/libcurl.4.dylib
0x00000000008d6000 	/System/Library/PrivateFrameworks/MediaKit.framework/Versions/A/MediaKit
0x00000000008d6000 	/System/Library/PrivateFrameworks/ProtectedCloudStorage.framework/Versions/A/ProtectedCloudStorage
0x00000000008d6000 	/System/Library/PrivateFrameworks/EFILogin.framework/Versions/A/EFILogin
0x00000000008d6000 	/usr/lib/libutil.dylib
0x00000000008d6000 	/System/Library/PrivateFrameworks/FindMyDevice.framework/Versions/A/FindMyDevice
0x00000000008d6000 	/System/Library/Frameworks/CoreGraphics.framework/Versions/A/Resources/libRIP.A.dylib
0x00000000008d6000 	/System/Library/Frameworks/Accelerate.framework/Versions/A/Frameworks/vImage.framework/Versions/A/Libraries/libCGInterfaces.dylib
0x00000000008d6000 	/System/Library/Frameworks/CoreGraphics.framework/Versions/A/Resources/libCGXType.A.dylib
0x00000000008d6000 	/System/Library/Frameworks/OpenCL.framework/Versions/A/Libraries/libcldcpuengine.dylib
0x000000010f68f000 	cl_kernels
0x00000000008d6000 	/System/Library/Frameworks/OpenCL.framework/Versions/A/Libraries/ImageFormats/unorm8_bgra.dylib
0x00000000008d6000 	/System/Library/Frameworks/OpenCL.framework/Versions/A/Libraries/ImageFormats/unorm8_rgba.dylib
0x000000010f881000 	/Applications/exelis/idl85/idlde/bin.darwin.x86_64/jre/lib/libnet.dylib
0x000000010f8de000 	/Applications/exelis/idl85/idlde/bin.darwin.x86_64/jre/lib/libnio.dylib
0x000000010f3ea000 	/Users/spencerfaber/.swt/lib/macosx/x86_64/libswt-cocoa-3740.jnilib
0x00000000008d6000 	/System/Library/Frameworks/WebKit.framework/Versions/A/WebKit
0x00000000008d6000 	/System/Library/Frameworks/JavaScriptCore.framework/Versions/A/JavaScriptCore
0x00000000008d6000 	/System/Library/Frameworks/SecurityInterface.framework/Versions/A/SecurityInterface
0x00000000008d6000 	/System/Library/Frameworks/WebKit.framework/Versions/A/Frameworks/WebKitLegacy.framework/Versions/A/WebKitLegacy
0x00000000008d6000 	/System/Library/Frameworks/WebKit.framework/Versions/A/Frameworks/WebCore.framework/Versions/A/WebCore
0x000000010f437000 	/Users/spencerfaber/.swt/lib/macosx/x86_64/libswt-pi-cocoa-3740.jnilib
0x000000010fefc000 	/Applications/exelis/idl85/bin/bin.darwin.x86_64/libidl_ips.8.5.dylib
0x0000000110809000 	/Applications/exelis/idl85/bin/bin.darwin.x86_64/libidl.8.5.dylib
0x0000000110100000 	/opt/X11/lib/libfreetype.6.dylib
0x000000010fbc1000 	/Applications/exelis/idl85/bin/bin.darwin.x86_64/libMesaGLU6_2.dylib
0x0000000111396000 	/Applications/exelis/idl85/bin/bin.darwin.x86_64/libMesaGL6_2.dylib
0x000000010fa5b000 	/Applications/exelis/idl85/bin/bin.darwin.x86_64/libOSMesa6_2.dylib
0x000000010fa65000 	/opt/X11/lib/libXp.6.dylib
0x00000001115d8000 	/Applications/exelis/idl85/bin/bin.darwin.x86_64/libXm.3.0.2.dylib
0x000000010fb09000 	/opt/X11/lib/libXpm.4.dylib
0x000000010fbf8000 	/opt/X11/lib/libXmu.6.dylib
0x000000010fb1c000 	/opt/X11/lib/libXext.6.dylib
0x000000010ff5a000 	/opt/X11/lib/libXt.6.dylib
0x000000010fc13000 	/opt/X11/lib/libXinerama.1.dylib
0x000000010fc19000 	/opt/X11/lib/libSM.6.dylib
0x000000010fc27000 	/opt/X11/lib/libICE.6.dylib
0x00000001119e7000 	/opt/X11/lib/libX11.6.dylib
0x000000010fc61000 	/opt/X11/lib/libxcb.1.dylib
0x000000010fc44000 	/opt/X11/lib/libXau.6.dylib
0x000000010fc4a000 	/opt/X11/lib/libXdmcp.6.dylib
0x000000010f38c000 	/Applications/exelis/idl85/bin/bin.darwin.x86_64/gl_driver.so
0x00000001123f9000 	/opt/X11/lib/libGL.1.dylib
0x000000010fb2f000 	/opt/X11/lib/libXplugin.1.dylib
0x000000010fe00000 	/opt/X11/lib/libglapi.0.dylib
0x000000010f2a1000 	/opt/X11/lib/libXdamage.1.dylib
0x000000010f357000 	/opt/X11/lib/libXfixes.3.dylib
0x000000010f34e000 	/opt/X11/lib/libX11-xcb.1.dylib
0x000000010fb47000 	/opt/X11/lib/libxcb-glx.0.dylib
0x000000010f3dc000 	/opt/X11/lib/libXxf86vm.1.dylib
0x000000010fc88000 	/usr/lib/libexpat.1.dylib
0x00000000008d6000 	/System/Library/PrivateFrameworks/CloudDocs.framework/Versions/A/CloudDocs
0x00000000008d6000 	/System/Library/PrivateFrameworks/CoreDuet.framework/Versions/A/CoreDuet
0x00000000008d6000 	/System/Library/Frameworks/CloudKit.framework/Versions/A/CloudKit
0x00000000008d6000 	/System/Library/PrivateFrameworks/ProtocolBuffer.framework/Versions/A/ProtocolBuffer
0x00000000008d6000 	/System/Library/PrivateFrameworks/CoreDuetDaemonProtocol.framework/Versions/A/CoreDuetDaemonProtocol
0x00000000008d6000 	/System/Library/PrivateFrameworks/CoreDuetDebugLogging.framework/Versions/A/CoreDuetDebugLogging
0x00000000008d6000 	/System/Library/PrivateFrameworks/MMCS.framework/Versions/A/MMCS
0x00000000008d6000 	/System/Library/Frameworks/CoreLocation.framework/Versions/A/CoreLocation
0x00000000008d6000 	/System/Library/PrivateFrameworks/AssetCacheServices.framework/Versions/A/AssetCacheServices
0x00000000008d6000 	/System/Library/PrivateFrameworks/GeoServices.framework/Versions/A/GeoServices
0x00000000008d6000 	/System/Library/Frameworks/CoreGraphics.framework/Versions/A/Resources/libCGXCoreImage.A.dylib
0x000000010e62d000 	cl_kernels
0x0000000111b18000 	/System/Library/Extensions/AppleIntelBDWGraphicsMTLDriver.bundle/Contents/MacOS/AppleIntelBDWGraphicsMTLDriver
0x00000000008d6000 	/System/Library/Frameworks/OpenGL.framework/Versions/A/Resources/GLEngine.bundle/GLEngine
0x00000000008d6000 	/System/Library/Frameworks/OpenGL.framework/Versions/A/Libraries/libGLProgrammability.dylib
0x0000000117000000 	/System/Library/Extensions/AppleIntelBDWGraphicsGLDriver.bundle/Contents/MacOS/AppleIntelBDWGraphicsGLDriver
0x00000000008d6000 	/System/Library/PrivateFrameworks/GPUSupport.framework/Versions/A/Libraries/libGPUSupportMercury.dylib
0x00000000008d6000 	/System/Library/Frameworks/OpenGL.framework/Versions/A/Resources/GLRendererFloat.bundle/GLRendererFloat
0x000000010e433000 	cl_kernels
0x000000011c236000 	/Applications/exelis/idl85/bin/bin.darwin.x86_64/idl_netcdf.so
0x000000010f299000 	cl_kernels

VM Arguments:
jvm_args: -Dosgi.instance.area.default=@user.home/IDLWorkspace -Dosgi.configuration.area=@user.home/.idl/idlworkbench-config-idl8.5.1_x86_64 -Dosgi.configuration.cascaded=true -Dosgi.checkConfiguration=true -Dosgi.sharedConfiguration.area.readOnly=true -Dorg.eclipse.update.reconcile=false -Declipse.p2.data.area=@config.dir/p2 -XstartOnFirstThread -Xdock:icon=../Resources/idlde.icns -Dorg.eclipse.swt.internal.carbon.smallFonts -Dosgi.sharedConfiguration.area=../../../configuration.darwin.x86_64 -Xms128m -Xmx1024m 
java_command: <unknown>
Launcher Type: generic

Environment Variables:
CLASSPATH=.:/Applications/exelis/idl85/resource/bridges/export/java/javaidlb.jar
PATH=/Applications/exelis/idl85/bin:/Applications/gut-3.1/bin:/Applications/gut-3.1/bin:/opt/local/bin:/opt/local/sbin:/usr/local/bin:/opt/local/bin:/opt/local/sbin:/opt/local/bin:/opt/local/sbin:/usr/local/bin:/usr/bin:/bin:/usr/sbin:/sbin:/opt/X11/bin:/opt/X11/bin
LD_LIBRARY_PATH=/Applications/exelis/idl85/idlde/bin.darwin.x86_64/jre/lib/server:/Applications/exelis/idl85/idlde/bin.darwin.x86_64/jre/lib:
SHELL=/bin/bash
DISPLAY=:0
DYLD_LIBRARY_PATH=/Applications/exelis/idl85/idlde/bin.darwin.x86_64:/Applications/exelis/idl85/bin/bin.darwin.x86_64
DYLD_FALLBACK_LIBRARY_PATH=/Applications/exelis/idl85/idlde/bin.darwin.x86_64/jre/lib/server:/Applications/exelis/idl85/idlde/bin.darwin.x86_64/jre/lib:

Signal Handlers:
SIGSEGV: [libjvm.dylib+0x4a820f], sa_mask[0]=0xfffefeff, sa_flags=0x00000042
SIGBUS: [libjvm.dylib+0x4a820f], sa_mask[0]=0xfffefeff, sa_flags=0x00000042
SIGFPE: [libjvm.dylib+0x3b7495], sa_mask[0]=0xfffefeff, sa_flags=0x00000042
SIGPIPE: SIG_IGN, sa_mask[0]=0x00000000, sa_flags=0x00000002
SIGXFSZ: [libjvm.dylib+0x3b7495], sa_mask[0]=0xfffefeff, sa_flags=0x00000042
SIGILL: [libjvm.dylib+0x3b7495], sa_mask[0]=0xfffefeff, sa_flags=0x00000042
SIGUSR1: SIG_DFL, sa_mask[0]=0x63807efb, sa_flags=0x00000000
SIGUSR2: [libjvm.dylib+0x3b702e], sa_mask[0]=0x00000000, sa_flags=0x00000042
SIGHUP: [libjvm.dylib+0x3b528f], sa_mask[0]=0xfffefeff, sa_flags=0x00000042
SIGINT: [libidl.8.5.dylib+0x403a20], sa_mask[0]=0x00000000, sa_flags=0x00000002
SIGTERM: [libjvm.dylib+0x3b528f], sa_mask[0]=0xfffefeff, sa_flags=0x00000042
SIGQUIT: [libjvm.dylib+0x3b528f], sa_mask[0]=0xfffefeff, sa_flags=0x00000042


---------------  S Y S T E M  ---------------

OS:Bsduname:Darwin 15.3.0 Darwin Kernel Version 15.3.0: Thu Dec 10 18:40:58 PST 2015; root:xnu-3248.30.4~1/RELEASE_X86_64 x86_64
rlimit: STACK 8192k, CORE 0k, NPROC 709, NOFILE 10240, AS infinity
load average:1.87 1.69 1.61

CPU:total 4 (2 cores per cpu, 2 threads per core) family 6 model 61 stepping 4, cmov, cx8, fxsr, mmx, sse, sse2, sse3, ssse3, sse4.1, sse4.2, popcnt, avx, avx2, ht, tsc, tscinvbit

Memory: 4k page, physical 137438813660k(34359703415k free)

/proc/meminfo:


vm_info: Java HotSpot(TM) 64-Bit Server VM (23.25-b01) for bsd-amd64 JRE (1.7.0_25-b15), built on Jun  5 2013 22:26:36 by "java_re" with gcc 4.2.1 (Based on Apple Inc. build 5658) (LLVM build 2336.11.00)

time: Fri Mar 25 13:54:39 2016
elapsed time: 1927 seconds

