#
# A fatal error has been detected by the Java Runtime Environment:
#
#  SIGSEGV (0xb) at pc=0x00007fff910d22f1, pid=49594, tid=44803
#
# JRE version: 7.0_25-b15
# Java VM: Java HotSpot(TM) 64-Bit Server VM (23.25-b01 mixed mode bsd-amd64 compressed oops)
# Problematic frame:
# C  [libsystem_c.dylib+0x5c2f1]  strstr+0x2a
#
# Failed to write core dump. Core dumps have been disabled. To enable core dumping, try "ulimit -c unlimited" before starting Java again
#
# If you would like to submit a bug report, please visit:
#   http://bugreport.sun.com/bugreport/crash.jsp
# The crash happened outside the Java Virtual Machine in native code.
# See problematic frame for where to report the bug.
#

---------------  T H R E A D  ---------------

Current thread (0x0000000100d44800):  JavaThread "IDL" [_thread_in_native, id=44803, stack(0x0000700001968000,0x0000700001a68000)]

siginfo:si_signo=SIGSEGV: si_errno=0, si_code=1 (SEGV_MAPERR), si_addr=0x0000000000000000

Registers:
RAX=0x0000000000000013, RBX=0x0000000000000000, RCX=0x0000000000000007, RDX=0x000000010f28f7c7
RSP=0x0000700001a62130, RBP=0x0000700001a62160, RSI=0x0000000000000400, RDI=0x0000000000000009
R8 =0x0000700001a624a0, R9 =0x0000000000000001, R10=0x0000000101c30ed0, R11=0x0000000110209e00
R12=0x00007fff73fc2070, R13=0x0000000000000047, R14=0x000000010f28f7c7, R15=0x0000000000000013
RIP=0x00007fff910d22f1, EFLAGS=0x0000000000010212, ERR=0x0000000000000004
  TRAPNO=0x000000000000000e

Top of Stack: (sp=0x0000700001a62130)
0x0000700001a62130:   0000000000000000 0000000000000000
0x0000700001a62140:   00007fff73fc2070 0000000000000000
0x0000700001a62150:   000000010f28f7c6 0000000112d43608
0x0000700001a62160:   0000700001a621a0 000000010f24bfce
0x0000700001a62170:   0000000000000000 0000000000000000
0x0000700001a62180:   00007fff73fc2070 0000000112d43608
0x0000700001a62190:   0000000112d43904 0000000112d43608
0x0000700001a621a0:   0000700001a62490 000000010f24c302
0x0000700001a621b0:   0000000700000002 0000700001a62e10
0x0000700001a621c0:   0000000111155c60 ffffff020000ce00
0x0000700001a621d0:   00ff000000000000 ffffffffffffffff
0x0000700001a621e0:   6e616d74696c6469 726f74616c757069
0x0000700001a621f0:   0000000000000000 0000000000000000
0x0000700001a62200:   0000000000000000 0000000000000000
0x0000700001a62210:   0000000000000000 0000000472656d69
0x0000700001a62220:   0000700001a62d30 0000700001a63230
0x0000700001a62230:   0000000300000001 7500db64fec7d967
0x0000700001a62240:   0000700001a62ce0 0000000110b82af8
0x0000700001a62250:   0000700001a642f0 0000000101a623f8
0x0000700001a62260:   0000700001a622a0 0000002d00000000
0x0000700001a62270:   000000000000002c 0000000300000000
0x0000700001a62280:   0000000110f479c0 00000000000000e8
0x0000700001a62290:   0000000000000000 0000000110e1c2a2
0x0000700001a622a0:   0000000110e10f5e 0000000111155c60
0x0000700001a622b0:   0000700001a642f0 ffffff9c00000001
0x0000700001a622c0:   0000000000000000 ffffff021a8d30b0
0x0000700001a622d0:   0000700001a62300 0000000110b8b496
0x0000700001a622e0:   0000700001a62320 0000000100000000
0x0000700001a622f0:   0000700001a642f0 ffffff02ffffff9c
0x0000700001a62300:   0000003000000030 0000000701a62350
0x0000700001a62310:   0000700001a62250 0000700001a62e10
0x0000700001a62320:   0000000200000007 ffffff0200000001 

Instructions: (pc=0x00007fff910d22f1)
0x00007fff910d22d1:   41 54 53 50 49 89 f6 48 89 fb 45 8a 2e 45 84 ed
0x00007fff910d22e1:   74 49 49 ff c6 4c 89 f7 e8 96 92 02 00 49 89 c7
0x00007fff910d22f1:   8a 03 45 31 e4 84 c0 74 35 48 ff c3 45 0f b6 ed
0x00007fff910d2301:   45 31 e4 0f b6 c0 44 39 e8 75 12 48 89 df 4c 89 

Register to memory mapping:

RAX=0x0000000000000013 is an unknown value
RBX=0x0000000000000000 is an unknown value
RCX=0x0000000000000007 is an unknown value
RDX=0x000000010f28f7c7: GLD_WindowPos+0x10c7 in /Applications/exelis/idl85/bin/bin.darwin.x86_64/gl_driver.so at 0x000000010f24a000
RSP=0x0000700001a62130 is pointing into the stack for thread: 0x0000000100d44800
RBP=0x0000700001a62160 is pointing into the stack for thread: 0x0000000100d44800
RSI=0x0000000000000400 is an unknown value
RDI=0x0000000000000009 is an unknown value
R8 =0x0000700001a624a0 is pointing into the stack for thread: 0x0000000100d44800
R9 =0x0000000000000001 is an unknown value
R10=0x0000000101c30ed0 is an unknown value
R11=0x0000000110209e00 is an unknown value
R12=0x00007fff73fc2070: __stack_chk_guard+0 in /usr/lib/system/libsystem_c.dylib at 0x00007fff91076000
R13=0x0000000000000047 is an unknown value
R14=0x000000010f28f7c7: GLD_WindowPos+0x10c7 in /Applications/exelis/idl85/bin/bin.darwin.x86_64/gl_driver.so at 0x000000010f24a000
R15=0x0000000000000013 is an unknown value


Stack: [0x0000700001968000,0x0000700001a68000],  sp=0x0000700001a62130,  free space=1000k
Native frames: (J=compiled Java code, j=interpreted, Vv=VM code, C=native code)
C  [libsystem_c.dylib+0x5c2f1]  strstr+0x2a
C  [gl_driver.so+0x1fce]  IsExtensionSupported+0x3e
C  [gl_driver.so+0x2302]  GL_QueryExtensions+0x162
C  [gl_driver.so+0x1a89]  AGLMakeCurrent+0xb9
C  [gl_driver.so+0x1b5e]  AGLAcquireDC+0xe
C  [libidl.8.5.dylib+0x133fc8]  igSrcDestAcquireReleaseDC+0xa8
C  [libidl.8.5.dylib+0x1344f8]  igSrcDestBeginDraw+0x3a8
C  [libidl.8.5.dylib+0x131662]  IDL_GrSrcDestDraw+0x2f2
C  [libidl.8.5.dylib+0x4113ff]  IDL_ObjCallMethodEx+0x79f
C  [libidl.8.5.dylib+0x410b82]  IDL_ObjCallMethodByStringEx+0x1a2
C  [libidl.8.5.dylib+0x411808]  IDL_ObjCallMethodByString+0x48
C  [libidl.8.5.dylib+0x425032]  IDL_itWindowOnExpose+0x1e2
C  [libidl.8.5.dylib+0x322de7]  interpreter+0x87d7
C  [libidl.8.5.dylib+0x444d9b]  IDL_Executive+0xebb
C  [libidl.8.5.dylib+0x3242c4]  IDL_InterpCallFromSysproc+0xe4
C  [libidl.8.5.dylib+0x4114d4]  IDL_ObjCallMethodEx+0x874
C  [libidl.8.5.dylib+0x40dbea]  IDL_ObjCallMethod+0x7a
C  [libidl.8.5.dylib+0x4118d9]  IDL_ObjNew+0xc9
C  [libidl.8.5.dylib+0x322e32]  interpreter+0x8822
C  [libidl.8.5.dylib+0x444d9b]  IDL_Executive+0xebb
C  [libidl_ips.8.5.dylib+0x9604]  ips_main+0x284
C  [libidl_ips.8.5.dylib+0xa83c]  IPS_RunClient+0x3c
C  [libidl_ips.8.5.dylib+0x15543]  IPS_Start+0x13
C  [libidl_ips.8.5.dylib+0xb94]  Java_com_rsi_idldt_core_ips_IPS_1Access_IPS_1Start+0x204
j  com.rsi.idldt.core.ips.IPS_Access.IPS_Start([Ljava/lang/String;)V+0
j  com.rsi.idldt.core.ips.IPS_Manager$2.run()V+15
j  java.lang.Thread.run()V+11
v  ~StubRoutines::call_stub
V  [libjvm.dylib+0x28a5c3]
V  [libjvm.dylib+0x28aaa2]
V  [libjvm.dylib+0x28abdc]
V  [libjvm.dylib+0x2c1868]
V  [libjvm.dylib+0x47cbd8]
V  [libjvm.dylib+0x47e0ca]
V  [libjvm.dylib+0x3b95f9]
C  [libsystem_pthread.dylib+0x3c13]  _pthread_body+0x83
C  [libsystem_pthread.dylib+0x3b90]  _pthread_body+0x0
C  [libsystem_pthread.dylib+0x1375]  thread_start+0xd

Java frames: (J=compiled Java code, j=interpreted, Vv=VM code)
j  com.rsi.idldt.core.ips.IPS_Access.IPS_Start([Ljava/lang/String;)V+0
j  com.rsi.idldt.core.ips.IPS_Manager$2.run()V+15
j  java.lang.Thread.run()V+11
v  ~StubRoutines::call_stub

---------------  P R O C E S S  ---------------

Java Threads: ( => current thread )
  0x0000000178050800 JavaThread "HighTraffic" [_thread_blocked, id=795495, stack(0x0000700002189000,0x0000700002289000)]
  0x0000000119cbd800 JavaThread "Worker-77" [_thread_blocked, id=684607, stack(0x0000700002caa000,0x0000700002daa000)]
  0x0000000113b04800 JavaThread "Worker-76" [_thread_blocked, id=672655, stack(0x0000700002086000,0x0000700002186000)]
  0x000000011abad000 JavaThread "Worker-75" [_thread_blocked, id=662291, stack(0x0000700001f83000,0x0000700002083000)]
  0x000000010206a000 JavaThread "Worker-74" [_thread_blocked, id=662139, stack(0x0000700001a6b000,0x0000700001b6b000)]
  0x0000000119b5f800 JavaThread "Worker-72" [_thread_blocked, id=647427, stack(0x000070000238f000,0x000070000248f000)]
  0x000000012e24d000 JavaThread "Worker-71" [_thread_blocked, id=647211, stack(0x000070000228c000,0x000070000238c000)]
  0x0000000112e12800 JavaThread "Worker-68" [_thread_blocked, id=570515, stack(0x0000700001762000,0x0000700001862000)]
  0x00000001198e5800 JavaThread "Worker-66" [_thread_blocked, id=551883, stack(0x0000700001e80000,0x0000700001f80000)]
  0x000000011982e800 JavaThread "[ThreadPool Manager] - Idle Thread" daemon [_thread_blocked, id=75987, stack(0x0000700002dad000,0x0000700002ead000)]
  0x000000010216c800 JavaThread "Timer-2" daemon [_thread_blocked, id=64267, stack(0x0000700002ba7000,0x0000700002ca7000)]
  0x000000010217e000 JavaThread "Timer-1" daemon [_thread_blocked, id=65815, stack(0x0000700002aa4000,0x0000700002ba4000)]
  0x0000000101124800 JavaThread "Thread-11" [_thread_in_native, id=62211, stack(0x00007000029a1000,0x0000700002aa1000)]
  0x00000001138fe800 JavaThread "IDLDT DOM Worker-3" [_thread_blocked, id=60675, stack(0x000070000289e000,0x000070000299e000)]
  0x0000000101d98000 JavaThread "IDLDT DOM Worker-2" [_thread_blocked, id=60419, stack(0x000070000279b000,0x000070000289b000)]
  0x00000001019d8800 JavaThread "IDLDT DOM Worker-1" [_thread_blocked, id=60163, stack(0x0000700002698000,0x0000700002798000)]
  0x0000000100e68000 JavaThread "IDLDT DOM Worker-0" [_thread_blocked, id=59407, stack(0x0000700002595000,0x0000700002695000)]
  0x0000000112923800 JavaThread "Timer-0" daemon [_thread_blocked, id=59679, stack(0x0000700002492000,0x0000700002592000)]
=>0x0000000100d44800 JavaThread "IDL" [_thread_in_native, id=44803, stack(0x0000700001968000,0x0000700001a68000)]
  0x0000000100882000 JavaThread "IDLToJava Broker" daemon [_thread_blocked, id=44547, stack(0x0000700001356000,0x0000700001456000)]
  0x0000000101aa6800 JavaThread "Provisioning Event Dispatcher" daemon [_thread_blocked, id=41987, stack(0x0000700001865000,0x0000700001965000)]
  0x0000000101a83800 JavaThread "Bundle File Closer" daemon [_thread_blocked, id=41475, stack(0x000070000165f000,0x000070000175f000)]
  0x00000001009f4000 JavaThread "Worker-JM" [_thread_blocked, id=41219, stack(0x000070000155c000,0x000070000165c000)]
  0x00000001009e4800 JavaThread "[Timer] - Main Queue Handler" daemon [_thread_blocked, id=40963, stack(0x0000700001459000,0x0000700001559000)]
  0x0000000101908000 JavaThread "Framework Event Dispatcher" daemon [_thread_blocked, id=40459, stack(0x0000700001253000,0x0000700001353000)]
  0x0000000100960800 JavaThread "Start Level Event Dispatcher" daemon [_thread_blocked, id=40195, stack(0x0000700001150000,0x0000700001250000)]
  0x000000010095d000 JavaThread "State Data Manager" daemon [_thread_blocked, id=39695, stack(0x000070000104d000,0x000070000114d000)]
  0x00000001008f9000 JavaThread "Framework Active Thread" [_thread_blocked, id=39943, stack(0x0000700000f4a000,0x000070000104a000)]
  0x000000010085d800 JavaThread "Service Thread" daemon [_thread_blocked, id=24835, stack(0x0000700000cc1000,0x0000700000dc1000)]
  0x000000010085d000 JavaThread "C2 CompilerThread1" daemon [_thread_blocked, id=24579, stack(0x0000700000bbe000,0x0000700000cbe000)]
  0x000000010085c000 JavaThread "C2 CompilerThread0" daemon [_thread_blocked, id=24323, stack(0x0000700000abb000,0x0000700000bbb000)]
  0x0000000101885800 JavaThread "Signal Dispatcher" daemon [_thread_blocked, id=23819, stack(0x00007000009b8000,0x0000700000ab8000)]
  0x0000000101854800 JavaThread "Finalizer" daemon [_thread_blocked, id=23299, stack(0x00007000008b5000,0x00007000009b5000)]
  0x000000010084b800 JavaThread "Reference Handler" daemon [_thread_blocked, id=23043, stack(0x00007000007b2000,0x00007000008b2000)]
  0x0000000100820000 JavaThread "main" [_thread_in_native, id=1295, stack(0x00007fff5f400000,0x00007fff5fc00000)]

Other Threads:
  0x0000000100849000 VMThread [stack: 0x00007000006af000,0x00007000007af000] [id=22787]
  0x0000000100866800 WatcherThread [stack: 0x0000700000dc4000,0x0000700000ec4000] [id=25091]

VM state:not at safepoint (normal execution)

VM Mutex/Monitor currently owned by a thread: None

Heap
 PSYoungGen      total 39424K, used 35731K [0x00000007eaab0000, 0x00000007ed550000, 0x0000000800000000)
  eden space 37568K, 90% used [0x00000007eaab0000,0x00000007ecbc6940,0x00000007ecf60000)
  from space 1856K, 99% used [0x00000007ecf60000,0x00000007ed12e538,0x00000007ed130000)
  to   space 3136K, 0% used [0x00000007ed240000,0x00000007ed240000,0x00000007ed550000)
 ParOldGen       total 87424K, used 44727K [0x00000007c0000000, 0x00000007c5560000, 0x00000007eaab0000)
  object space 87424K, 51% used [0x00000007c0000000,0x00000007c2badc20,0x00000007c5560000)
 PSPermGen       total 52800K, used 52523K [0x00000007bae00000, 0x00000007be190000, 0x00000007c0000000)
  object space 52800K, 99% used [0x00000007bae00000,0x00000007be14acf8,0x00000007be190000)

Card table byte_map: [0x0000000108f93000,0x00000001091bd000] byte_map_base: 0x00000001051bc000

Polling page: 0x0000000100751000

Code Cache  [0x0000000105ed3000, 0x0000000106663000, 0x0000000108ed3000)
 total_blobs=2502 nmethods=1961 adapters=491 free_code_cache=41502Kb largest_free_block=42405504

Compilation events (10 events):
Event: 15961.346 Thread 0x000000010085d000 2157             java.lang.Class::getMethod0 (97 bytes)
Event: 15961.403 Thread 0x000000010085d000 nmethod 2157 0x000000010665ef10 code [0x000000010665f300, 0x0000000106660558]
Event: 15961.458 Thread 0x000000010085c000 2158             org.eclipse.ui.internal.cocoa.ArrangeWindowsHandler::isEnabled (45 bytes)
Event: 15961.465 Thread 0x000000010085c000 nmethod 2158 0x000000010665e890 code [0x000000010665ea20, 0x000000010665ec70]
Event: 15978.623 Thread 0x000000010085d000 2159             sun.misc.FloatingDecimal::countBits (80 bytes)
Event: 15978.626 Thread 0x000000010085d000 nmethod 2159 0x0000000106647f10 code [0x0000000106648040, 0x0000000106648138]
Event: 16058.160 Thread 0x000000010085d000 2160             org.eclipse.core.commands.contexts.ContextManager::fireContextManagerChanged (48 bytes)
Event: 16058.162 Thread 0x000000010085d000 nmethod 2160 0x000000010665e390 code [0x000000010665e500, 0x000000010665e6d8]
Event: 16119.408 Thread 0x000000010085c000 2161             org.eclipse.ui.internal.editors.quickdiff.CompositeRevertAction::getEnabledAction (40 bytes)
Event: 16119.409 Thread 0x000000010085c000 nmethod 2161 0x00000001065e9dd0 code [0x00000001065e9f20, 0x00000001065ea078]

GC Heap History (10 events):
Event: 16100.224 GC heap before
{Heap before GC invocations=567 (full 176):
 PSYoungGen      total 40896K, used 38240K [0x00000007eaab0000, 0x00000007ed550000, 0x0000000800000000)
  eden space 38080K, 100% used [0x00000007eaab0000,0x00000007ecfe0000,0x00000007ecfe0000)
  from space 2816K, 5% used [0x00000007ed290000,0x00000007ed2b8000,0x00000007ed550000)
  to   space 2752K, 0% used [0x00000007ecfe0000,0x00000007ecfe0000,0x00000007ed290000)
 ParOldGen       total 87424K, used 41581K [0x00000007c0000000, 0x00000007c5560000, 0x00000007eaab0000)
  object space 87424K, 47% used [0x00000007c0000000,0x00000007c289b4f0,0x00000007c5560000)
 PSPermGen       total 52800K, used 52522K [0x00000007bae00000, 0x00000007be190000, 0x00000007c0000000)
  object space 52800K, 99% used [0x00000007bae00000,0x00000007be14aac8,0x00000007be190000)
Event: 16100.228 GC heap after
Heap after GC invocations=567 (full 176):
 PSYoungGen      total 40832K, used 318K [0x00000007eaab0000, 0x00000007ed550000, 0x0000000800000000)
  eden space 38080K, 0% used [0x00000007eaab0000,0x00000007eaab0000,0x00000007ecfe0000)
  from space 2752K, 11% used [0x00000007ecfe0000,0x00000007ed02f978,0x00000007ed290000)
  to   space 2688K, 0% used [0x00000007ed2b0000,0x00000007ed2b0000,0x00000007ed550000)
 ParOldGen       total 87424K, used 41597K [0x00000007c0000000, 0x00000007c5560000, 0x00000007eaab0000)
  object space 87424K, 47% used [0x00000007c0000000,0x00000007c289f4f0,0x00000007c5560000)
 PSPermGen       total 52800K, used 52522K [0x00000007bae00000, 0x00000007be190000, 0x00000007c0000000)
  object space 52800K, 99% used [0x00000007bae00000,0x00000007be14aac8,0x00000007be190000)
}
Event: 16100.994 GC heap before
{Heap before GC invocations=568 (full 176):
 PSYoungGen      total 40832K, used 38398K [0x00000007eaab0000, 0x00000007ed550000, 0x0000000800000000)
  eden space 38080K, 100% used [0x00000007eaab0000,0x00000007ecfe0000,0x00000007ecfe0000)
  from space 2752K, 11% used [0x00000007ecfe0000,0x00000007ed02f978,0x00000007ed290000)
  to   space 2688K, 0% used [0x00000007ed2b0000,0x00000007ed2b0000,0x00000007ed550000)
 ParOldGen       total 87424K, used 41597K [0x00000007c0000000, 0x00000007c5560000, 0x00000007eaab0000)
  object space 87424K, 47% used [0x00000007c0000000,0x00000007c289f4f0,0x00000007c5560000)
 PSPermGen       total 52800K, used 52522K [0x00000007bae00000, 0x00000007be190000, 0x00000007c0000000)
  object space 52800K, 99% used [0x00000007bae00000,0x00000007be14aac8,0x00000007be190000)
Event: 16100.999 GC heap after
Heap after GC invocations=568 (full 176):
 PSYoungGen      total 39808K, used 2663K [0x00000007eaab0000, 0x00000007ed550000, 0x0000000800000000)
  eden space 37120K, 0% used [0x00000007eaab0000,0x00000007eaab0000,0x00000007ecef0000)
  from space 2688K, 99% used [0x00000007ed2b0000,0x00000007ed549e60,0x00000007ed550000)
  to   space 3264K, 0% used [0x00000007ecef0000,0x00000007ecef0000,0x00000007ed220000)
 ParOldGen       total 87424K, used 41845K [0x00000007c0000000, 0x00000007c5560000, 0x00000007eaab0000)
  object space 87424K, 47% used [0x00000007c0000000,0x00000007c28dd4f0,0x00000007c5560000)
 PSPermGen       total 52800K, used 52522K [0x00000007bae00000, 0x00000007be190000, 0x00000007c0000000)
  object space 52800K, 99% used [0x00000007bae00000,0x00000007be14aac8,0x00000007be190000)
}
Event: 16104.257 GC heap before
{Heap before GC invocations=569 (full 176):
 PSYoungGen      total 39808K, used 39768K [0x00000007eaab0000, 0x00000007ed550000, 0x0000000800000000)
  eden space 37120K, 99% used [0x00000007eaab0000,0x00000007eceec4a0,0x00000007ecef0000)
  from space 2688K, 99% used [0x00000007ed2b0000,0x00000007ed549e60,0x00000007ed550000)
  to   space 3264K, 0% used [0x00000007ecef0000,0x00000007ecef0000,0x00000007ed220000)
 ParOldGen       total 87424K, used 41845K [0x00000007c0000000, 0x00000007c5560000, 0x00000007eaab0000)
  object space 87424K, 47% used [0x00000007c0000000,0x00000007c28dd4f0,0x00000007c5560000)
 PSPermGen       total 52800K, used 52523K [0x00000007bae00000, 0x00000007be190000, 0x00000007c0000000)
  object space 52800K, 99% used [0x00000007bae00000,0x00000007be14acd8,0x00000007be190000)
Event: 16104.262 GC heap after
Heap after GC invocations=569 (full 176):
 PSYoungGen      total 40384K, used 697K [0x00000007eaab0000, 0x00000007ed550000, 0x0000000800000000)
  eden space 37120K, 0% used [0x00000007eaab0000,0x00000007eaab0000,0x00000007ecef0000)
  from space 3264K, 21% used [0x00000007ecef0000,0x00000007ecf9e430,0x00000007ed220000)
  to   space 3072K, 0% used [0x00000007ed250000,0x00000007ed250000,0x00000007ed550000)
 ParOldGen       total 87424K, used 44149K [0x00000007c0000000, 0x00000007c5560000, 0x00000007eaab0000)
  object space 87424K, 50% used [0x00000007c0000000,0x00000007c2b1d510,0x00000007c5560000)
 PSPermGen       total 52800K, used 52523K [0x00000007bae00000, 0x00000007be190000, 0x00000007c0000000)
  object space 52800K, 99% used [0x00000007bae00000,0x00000007be14acd8,0x00000007be190000)
}
Event: 16113.943 GC heap before
{Heap before GC invocations=570 (full 176):
 PSYoungGen      total 40384K, used 37817K [0x00000007eaab0000, 0x00000007ed550000, 0x0000000800000000)
  eden space 37120K, 100% used [0x00000007eaab0000,0x00000007ecef0000,0x00000007ecef0000)
  from space 3264K, 21% used [0x00000007ecef0000,0x00000007ecf9e430,0x00000007ed220000)
  to   space 3072K, 0% used [0x00000007ed250000,0x00000007ed250000,0x00000007ed550000)
 ParOldGen       total 87424K, used 44149K [0x00000007c0000000, 0x00000007c5560000, 0x00000007eaab0000)
  object space 87424K, 50% used [0x00000007c0000000,0x00000007c2b1d510,0x00000007c5560000)
 PSPermGen       total 52800K, used 52523K [0x00000007bae00000, 0x00000007be190000, 0x00000007c0000000)
  object space 52800K, 99% used [0x00000007bae00000,0x00000007be14acd8,0x00000007be190000)
Event: 16113.946 GC heap after
Heap after GC invocations=570 (full 176):
 PSYoungGen      total 40640K, used 192K [0x00000007eaab0000, 0x00000007ed550000, 0x0000000800000000)
  eden space 37568K, 0% used [0x00000007eaab0000,0x00000007eaab0000,0x00000007ecf60000)
  from space 3072K, 6% used [0x00000007ed250000,0x00000007ed280000,0x00000007ed550000)
  to   space 3008K, 0% used [0x00000007ecf60000,0x00000007ecf60000,0x00000007ed250000)
 ParOldGen       total 87424K, used 44663K [0x00000007c0000000, 0x00000007c5560000, 0x00000007eaab0000)
  object space 87424K, 51% used [0x00000007c0000000,0x00000007c2b9dc00,0x00000007c5560000)
 PSPermGen       total 52800K, used 52523K [0x00000007bae00000, 0x00000007be190000, 0x00000007c0000000)
  object space 52800K, 99% used [0x00000007bae00000,0x00000007be14acd8,0x00000007be190000)
}
Event: 16127.152 GC heap before
{Heap before GC invocations=571 (full 176):
 PSYoungGen      total 40640K, used 37749K [0x00000007eaab0000, 0x00000007ed550000, 0x0000000800000000)
  eden space 37568K, 99% used [0x00000007eaab0000,0x00000007ecf5d610,0x00000007ecf60000)
  from space 3072K, 6% used [0x00000007ed250000,0x00000007ed280000,0x00000007ed550000)
  to   space 3008K, 0% used [0x00000007ecf60000,0x00000007ecf60000,0x00000007ed250000)
 ParOldGen       total 87424K, used 44663K [0x00000007c0000000, 0x00000007c5560000, 0x00000007eaab0000)
  object space 87424K, 51% used [0x00000007c0000000,0x00000007c2b9dc00,0x00000007c5560000)
 PSPermGen       total 52800K, used 52523K [0x00000007bae00000, 0x00000007be190000, 0x00000007c0000000)
  object space 52800K, 99% used [0x00000007bae00000,0x00000007be14acf8,0x00000007be190000)
Event: 16127.159 GC heap after
Heap after GC invocations=571 (full 176):
 PSYoungGen      total 39424K, used 1849K [0x00000007eaab0000, 0x00000007ed550000, 0x0000000800000000)
  eden space 37568K, 0% used [0x00000007eaab0000,0x00000007eaab0000,0x00000007ecf60000)
  from space 1856K, 99% used [0x00000007ecf60000,0x00000007ed12e538,0x00000007ed130000)
  to   space 3136K, 0% used [0x00000007ed240000,0x00000007ed240000,0x00000007ed550000)
 ParOldGen       total 87424K, used 44727K [0x00000007c0000000, 0x00000007c5560000, 0x00000007eaab0000)
  object space 87424K, 51% used [0x00000007c0000000,0x00000007c2badc20,0x00000007c5560000)
 PSPermGen       total 52800K, used 52523K [0x00000007bae00000, 0x00000007be190000, 0x00000007c0000000)
  object space 52800K, 99% used [0x00000007bae00000,0x00000007be14acf8,0x00000007be190000)
}

Deoptimization events (10 events):
Event: 14387.151 Thread 0x0000000100820000 Uncommon trap -122 fr.pc 0x000000010637e764
Event: 14387.528 Thread 0x0000000100820000 Uncommon trap -58 fr.pc 0x00000001060bb030
Event: 14388.326 Thread 0x0000000100820000 Uncommon trap -58 fr.pc 0x00000001060bb030
Event: 14547.698 Thread 0x0000000100820000 Uncommon trap -34 fr.pc 0x0000000106602130
Event: 14559.042 Thread 0x0000000100820000 Uncommon trap 567 fr.pc 0x000000010601cb30
Event: 15588.981 Thread 0x0000000100820000 Uncommon trap -34 fr.pc 0x0000000106602130
Event: 15589.092 Thread 0x0000000100820000 Uncommon trap -34 fr.pc 0x0000000106602130
Event: 15589.203 Thread 0x0000000100820000 Uncommon trap -34 fr.pc 0x0000000106602130
Event: 15703.620 Thread 0x0000000100820000 Uncommon trap -34 fr.pc 0x000000010661d1c0
Event: 16127.175 Thread 0x0000000100820000 Uncommon trap -83 fr.pc 0x0000000106344090

Internal exceptions (10 events):
Event: 16127.086 Thread 0x0000000100820000 Threw 0x00000007ec4360f8 at /HUDSON/workspace/jdk7u25-2-build-macosx-amd64-product/jdk7u25/hotspot/src/share/vm/prims/nativeLookup.
Event: 16127.086 Thread 0x0000000100820000 Threw 0x00000007ec436a28 at /HUDSON/workspace/jdk7u25-2-build-macosx-amd64-product/jdk7u25/hotspot/src/share/vm/prims/nativeLookup.
Event: 16127.093 Thread 0x0000000100820000 Threw 0x00000007ec43dbc0 at /HUDSON/workspace/jdk7u25-2-build-macosx-amd64-product/jdk7u25/hotspot/src/share/vm/prims/nativeLookup.
Event: 16127.120 Thread 0x0000000100d44800 Threw 0x00000007ec5ad670 at /HUDSON/workspace/jdk7u25-2-build-macosx-amd64-product/jdk7u25/hotspot/src/share/vm/prims/nativeLookup.
Event: 16127.209 Thread 0x0000000100820000 Threw 0x00000007eaad46a0 at /HUDSON/workspace/jdk7u25-2-build-macosx-amd64-product/jdk7u25/hotspot/src/share/vm/prims/nativeLookup.
Event: 16127.209 Thread 0x0000000100820000 Threw 0x00000007eaad4fd0 at /HUDSON/workspace/jdk7u25-2-build-macosx-amd64-product/jdk7u25/hotspot/src/share/vm/prims/nativeLookup.
Event: 16127.583 Thread 0x000000011abad000 Threw 0x00000007ec559440 at /HUDSON/workspace/jdk7u25-2-build-macosx-amd64-product/jdk7u25/hotspot/src/share/vm/prims/nativeLookup.
Event: 16128.084 Thread 0x0000000100d44800 Threw 0x00000007ec58f3d0 at /HUDSON/workspace/jdk7u25-2-build-macosx-amd64-product/jdk7u25/hotspot/src/share/vm/prims/nativeLookup.
Event: 16128.097 Thread 0x0000000100820000 Threw 0x00000007ec585d30 at /HUDSON/workspace/jdk7u25-2-build-macosx-amd64-product/jdk7u25/hotspot/src/share/vm/prims/nativeLookup.
Event: 16128.097 Thread 0x0000000100820000 Threw 0x00000007ec586660 at /HUDSON/workspace/jdk7u25-2-build-macosx-amd64-product/jdk7u25/hotspot/src/share/vm/prims/nativeLookup.

Events (10 events):
Event: 16127.159 Executing VM operation: ParallelGCFailedAllocation done
Event: 16127.175 Thread 0x0000000100820000 DEOPT PACKING pc=0x0000000106344090 sp=0x00007fff5fbfdb80
Event: 16127.175 Thread 0x0000000100820000 DEOPT UNPACKING pc=0x0000000105f0c145 sp=0x00007fff5fbfdb38 mode 2
Event: 16127.183 Executing VM operation: BulkRevokeBias
Event: 16127.183 Executing VM operation: BulkRevokeBias done
Event: 16127.183 Thread 0x0000000119eee800 Thread exited: 0x0000000119eee800
Event: 16128.244 Executing VM operation: RevokeBias
Event: 16128.245 Executing VM operation: RevokeBias done
Event: 16128.245 Thread 0x0000000178050800 Thread exited: 0x0000000178050800
Event: 16128.892 Thread 0x0000000178050800 Thread added: 0x0000000178050800


Dynamic libraries:
0x000000000049c000 	/System/Library/Frameworks/Cocoa.framework/Versions/A/Cocoa
0x000000000049c000 	/usr/lib/libSystem.B.dylib
0x000000000049c000 	/System/Library/Frameworks/CoreServices.framework/Versions/A/CoreServices
0x000000000049c000 	/usr/lib/libobjc.A.dylib
0x000000000049c000 	/System/Library/Frameworks/CoreFoundation.framework/Versions/A/CoreFoundation
0x000000000049c000 	/System/Library/Frameworks/AppKit.framework/Versions/C/AppKit
0x000000000049c000 	/System/Library/Frameworks/ApplicationServices.framework/Versions/A/ApplicationServices
0x000000000049c000 	/System/Library/Frameworks/Foundation.framework/Versions/C/Foundation
0x000000000049c000 	/System/Library/Frameworks/CoreData.framework/Versions/A/CoreData
0x000000000049c000 	/System/Library/PrivateFrameworks/RemoteViewServices.framework/Versions/A/RemoteViewServices
0x000000000049c000 	/System/Library/PrivateFrameworks/UIFoundation.framework/Versions/A/UIFoundation
0x000000000049c000 	/usr/lib/libScreenReader.dylib
0x000000000049c000 	/System/Library/Frameworks/Accelerate.framework/Versions/A/Accelerate
0x000000000049c000 	/System/Library/Frameworks/IOSurface.framework/Versions/A/IOSurface
0x000000000049c000 	/System/Library/Frameworks/AudioToolbox.framework/Versions/A/AudioToolbox
0x000000000049c000 	/System/Library/Frameworks/AudioUnit.framework/Versions/A/AudioUnit
0x000000000049c000 	/System/Library/PrivateFrameworks/DataDetectorsCore.framework/Versions/A/DataDetectorsCore
0x000000000049c000 	/System/Library/PrivateFrameworks/DesktopServicesPriv.framework/Versions/A/DesktopServicesPriv
0x000000000049c000 	/System/Library/Frameworks/Carbon.framework/Versions/A/Frameworks/HIToolbox.framework/Versions/A/HIToolbox
0x000000000049c000 	/System/Library/Frameworks/QuartzCore.framework/Versions/A/QuartzCore
0x000000000049c000 	/System/Library/Frameworks/Security.framework/Versions/A/Security
0x000000000049c000 	/System/Library/Frameworks/Carbon.framework/Versions/A/Frameworks/SpeechRecognition.framework/Versions/A/SpeechRecognition
0x000000000049c000 	/usr/lib/libauto.dylib
0x000000000049c000 	/usr/lib/libicucore.A.dylib
0x000000000049c000 	/usr/lib/libxml2.2.dylib
0x000000000049c000 	/usr/lib/libz.1.dylib
0x000000000049c000 	/System/Library/PrivateFrameworks/CoreUI.framework/Versions/A/CoreUI
0x000000000049c000 	/System/Library/Frameworks/CoreAudio.framework/Versions/A/CoreAudio
0x000000000049c000 	/System/Library/Frameworks/DiskArbitration.framework/Versions/A/DiskArbitration
0x000000000049c000 	/usr/lib/liblangid.dylib
0x000000000049c000 	/System/Library/PrivateFrameworks/MultitouchSupport.framework/Versions/A/MultitouchSupport
0x000000000049c000 	/System/Library/Frameworks/IOKit.framework/Versions/A/IOKit
0x000000000049c000 	/usr/lib/libDiagnosticMessagesClient.dylib
0x000000000049c000 	/System/Library/PrivateFrameworks/PerformanceAnalysis.framework/Versions/A/PerformanceAnalysis
0x000000000049c000 	/System/Library/PrivateFrameworks/GenerationalStorage.framework/Versions/A/GenerationalStorage
0x000000000049c000 	/System/Library/Frameworks/OpenGL.framework/Versions/A/OpenGL
0x000000000049c000 	/System/Library/PrivateFrameworks/Sharing.framework/Versions/A/Sharing
0x000000000049c000 	/System/Library/Frameworks/CoreGraphics.framework/Versions/A/CoreGraphics
0x000000000049c000 	/System/Library/Frameworks/CoreImage.framework/Versions/A/CoreImage
0x000000000049c000 	/System/Library/Frameworks/CoreText.framework/Versions/A/CoreText
0x000000000049c000 	/System/Library/Frameworks/ImageIO.framework/Versions/A/ImageIO
0x000000000049c000 	/System/Library/PrivateFrameworks/Backup.framework/Versions/A/Backup
0x000000000049c000 	/usr/lib/libextension.dylib
0x000000000049c000 	/usr/lib/libarchive.2.dylib
0x000000000049c000 	/System/Library/Frameworks/CFNetwork.framework/Versions/A/CFNetwork
0x000000000049c000 	/System/Library/Frameworks/SystemConfiguration.framework/Versions/A/SystemConfiguration
0x000000000049c000 	/usr/lib/libCRFSuite.dylib
0x000000000049c000 	/usr/lib/libc++.1.dylib
0x000000000049c000 	/usr/lib/libc++abi.dylib
0x000000000049c000 	/usr/lib/system/libcache.dylib
0x000000000049c000 	/usr/lib/system/libcommonCrypto.dylib
0x000000000049c000 	/usr/lib/system/libcompiler_rt.dylib
0x000000000049c000 	/usr/lib/system/libcopyfile.dylib
0x000000000049c000 	/usr/lib/system/libcorecrypto.dylib
0x000000000049c000 	/usr/lib/system/libdispatch.dylib
0x000000000049c000 	/usr/lib/system/libdyld.dylib
0x000000000049c000 	/usr/lib/system/libkeymgr.dylib
0x000000000049c000 	/usr/lib/system/liblaunch.dylib
0x000000000049c000 	/usr/lib/system/libmacho.dylib
0x000000000049c000 	/usr/lib/system/libquarantine.dylib
0x000000000049c000 	/usr/lib/system/libremovefile.dylib
0x000000000049c000 	/usr/lib/system/libsystem_asl.dylib
0x000000000049c000 	/usr/lib/system/libsystem_blocks.dylib
0x000000000049c000 	/usr/lib/system/libsystem_c.dylib
0x000000000049c000 	/usr/lib/system/libsystem_configuration.dylib
0x000000000049c000 	/usr/lib/system/libsystem_coreservices.dylib
0x000000000049c000 	/usr/lib/system/libsystem_coretls.dylib
0x000000000049c000 	/usr/lib/system/libsystem_dnssd.dylib
0x000000000049c000 	/usr/lib/system/libsystem_info.dylib
0x000000000049c000 	/usr/lib/system/libsystem_kernel.dylib
0x000000000049c000 	/usr/lib/system/libsystem_m.dylib
0x000000000049c000 	/usr/lib/system/libsystem_malloc.dylib
0x000000000049c000 	/usr/lib/system/libsystem_network.dylib
0x000000000049c000 	/usr/lib/system/libsystem_networkextension.dylib
0x000000000049c000 	/usr/lib/system/libsystem_notify.dylib
0x000000000049c000 	/usr/lib/system/libsystem_platform.dylib
0x000000000049c000 	/usr/lib/system/libsystem_pthread.dylib
0x000000000049c000 	/usr/lib/system/libsystem_sandbox.dylib
0x000000000049c000 	/usr/lib/system/libsystem_secinit.dylib
0x000000000049c000 	/usr/lib/system/libsystem_trace.dylib
0x000000000049c000 	/usr/lib/system/libunc.dylib
0x000000000049c000 	/usr/lib/system/libunwind.dylib
0x000000000049c000 	/usr/lib/system/libxpc.dylib
0x000000000049c000 	/usr/lib/libenergytrace.dylib
0x000000000049c000 	/usr/lib/libbsm.0.dylib
0x000000000049c000 	/usr/lib/system/libkxld.dylib
0x000000000049c000 	/usr/lib/libxar.1.dylib
0x000000000049c000 	/usr/lib/libsqlite3.dylib
0x000000000049c000 	/usr/lib/libpam.2.dylib
0x000000000049c000 	/usr/lib/libOpenScriptingUtil.dylib
0x000000000049c000 	/usr/lib/libbz2.1.0.dylib
0x000000000049c000 	/usr/lib/liblzma.5.dylib
0x000000000049c000 	/System/Library/Frameworks/CoreServices.framework/Versions/A/Frameworks/FSEvents.framework/Versions/A/FSEvents
0x000000000049c000 	/System/Library/Frameworks/CoreServices.framework/Versions/A/Frameworks/CarbonCore.framework/Versions/A/CarbonCore
0x000000000049c000 	/System/Library/Frameworks/CoreServices.framework/Versions/A/Frameworks/Metadata.framework/Versions/A/Metadata
0x000000000049c000 	/System/Library/Frameworks/CoreServices.framework/Versions/A/Frameworks/OSServices.framework/Versions/A/OSServices
0x000000000049c000 	/System/Library/Frameworks/CoreServices.framework/Versions/A/Frameworks/SearchKit.framework/Versions/A/SearchKit
0x000000000049c000 	/System/Library/Frameworks/CoreServices.framework/Versions/A/Frameworks/AE.framework/Versions/A/AE
0x000000000049c000 	/System/Library/Frameworks/CoreServices.framework/Versions/A/Frameworks/LaunchServices.framework/Versions/A/LaunchServices
0x000000000049c000 	/System/Library/Frameworks/CoreServices.framework/Versions/A/Frameworks/DictionaryServices.framework/Versions/A/DictionaryServices
0x000000000049c000 	/System/Library/Frameworks/CoreServices.framework/Versions/A/Frameworks/SharedFileList.framework/Versions/A/SharedFileList
0x000000000049c000 	/System/Library/Frameworks/NetFS.framework/Versions/A/NetFS
0x000000000049c000 	/System/Library/PrivateFrameworks/NetAuth.framework/Versions/A/NetAuth
0x000000000049c000 	/System/Library/PrivateFrameworks/login.framework/Versions/A/Frameworks/loginsupport.framework/Versions/A/loginsupport
0x000000000049c000 	/System/Library/PrivateFrameworks/TCC.framework/Versions/A/TCC
0x000000000049c000 	/usr/lib/libmecabra.dylib
0x000000000049c000 	/System/Library/Frameworks/ApplicationServices.framework/Versions/A/Frameworks/ATS.framework/Versions/A/ATS
0x000000000049c000 	/System/Library/Frameworks/ApplicationServices.framework/Versions/A/Frameworks/ColorSync.framework/Versions/A/ColorSync
0x000000000049c000 	/System/Library/Frameworks/ApplicationServices.framework/Versions/A/Frameworks/HIServices.framework/Versions/A/HIServices
0x000000000049c000 	/System/Library/Frameworks/ApplicationServices.framework/Versions/A/Frameworks/LangAnalysis.framework/Versions/A/LangAnalysis
0x000000000049c000 	/System/Library/Frameworks/ApplicationServices.framework/Versions/A/Frameworks/PrintCore.framework/Versions/A/PrintCore
0x000000000049c000 	/System/Library/Frameworks/ApplicationServices.framework/Versions/A/Frameworks/QD.framework/Versions/A/QD
0x000000000049c000 	/System/Library/Frameworks/ApplicationServices.framework/Versions/A/Frameworks/SpeechSynthesis.framework/Versions/A/SpeechSynthesis
0x000000000049c000 	/System/Library/Frameworks/Metal.framework/Versions/A/Metal
0x000000000049c000 	/System/Library/Frameworks/Accelerate.framework/Versions/A/Frameworks/vImage.framework/Versions/A/vImage
0x000000000049c000 	/System/Library/Frameworks/Accelerate.framework/Versions/A/Frameworks/vecLib.framework/Versions/A/vecLib
0x000000000049c000 	/System/Library/Frameworks/Accelerate.framework/Versions/A/Frameworks/vecLib.framework/Versions/A/libvDSP.dylib
0x000000000049c000 	/System/Library/Frameworks/Accelerate.framework/Versions/A/Frameworks/vecLib.framework/Versions/A/libvMisc.dylib
0x000000000049c000 	/System/Library/Frameworks/Accelerate.framework/Versions/A/Frameworks/vecLib.framework/Versions/A/libLAPACK.dylib
0x000000000049c000 	/System/Library/Frameworks/Accelerate.framework/Versions/A/Frameworks/vecLib.framework/Versions/A/libBLAS.dylib
0x000000000049c000 	/System/Library/Frameworks/Accelerate.framework/Versions/A/Frameworks/vecLib.framework/Versions/A/libLinearAlgebra.dylib
0x000000000049c000 	/System/Library/Frameworks/Accelerate.framework/Versions/A/Frameworks/vecLib.framework/Versions/A/libSparseBLAS.dylib
0x000000000049c000 	/System/Library/PrivateFrameworks/GPUCompiler.framework/libmetal_timestamp.dylib
0x000000000049c000 	/System/Library/Frameworks/OpenGL.framework/Versions/A/Libraries/libCoreFSCache.dylib
0x000000000049c000 	/System/Library/PrivateFrameworks/IOAccelerator.framework/Versions/A/IOAccelerator
0x000000000049c000 	/System/Library/Frameworks/ApplicationServices.framework/Versions/A/Frameworks/ATS.framework/Versions/A/Resources/libFontParser.dylib
0x000000000049c000 	/System/Library/Frameworks/ApplicationServices.framework/Versions/A/Frameworks/ATS.framework/Versions/A/Resources/libFontRegistry.dylib
0x000000000049c000 	/System/Library/PrivateFrameworks/AppleVPA.framework/Versions/A/AppleVPA
0x000000000049c000 	/System/Library/PrivateFrameworks/AppleJPEG.framework/Versions/A/AppleJPEG
0x000000000049c000 	/System/Library/Frameworks/ImageIO.framework/Versions/A/Resources/libJPEG.dylib
0x000000000049c000 	/System/Library/Frameworks/ImageIO.framework/Versions/A/Resources/libTIFF.dylib
0x000000000049c000 	/System/Library/Frameworks/ImageIO.framework/Versions/A/Resources/libPng.dylib
0x000000000049c000 	/System/Library/Frameworks/ImageIO.framework/Versions/A/Resources/libGIF.dylib
0x000000000049c000 	/System/Library/Frameworks/ImageIO.framework/Versions/A/Resources/libJP2.dylib
0x000000000049c000 	/System/Library/Frameworks/ImageIO.framework/Versions/A/Resources/libRadiance.dylib
0x000000000049c000 	/System/Library/Frameworks/CoreVideo.framework/Versions/A/CoreVideo
0x000000000049c000 	/System/Library/Frameworks/OpenGL.framework/Versions/A/Libraries/libGLU.dylib
0x000000000049c000 	/System/Library/Frameworks/OpenGL.framework/Versions/A/Libraries/libGFXShared.dylib
0x000000000049c000 	/System/Library/Frameworks/OpenGL.framework/Versions/A/Libraries/libGL.dylib
0x000000000049c000 	/System/Library/Frameworks/OpenGL.framework/Versions/A/Libraries/libGLImage.dylib
0x000000000049c000 	/System/Library/Frameworks/OpenGL.framework/Versions/A/Libraries/libCVMSPluginSupport.dylib
0x000000000049c000 	/System/Library/Frameworks/OpenGL.framework/Versions/A/Libraries/libCoreVMClient.dylib
0x000000000049c000 	/usr/lib/libcups.2.dylib
0x000000000049c000 	/System/Library/Frameworks/Kerberos.framework/Versions/A/Kerberos
0x000000000049c000 	/System/Library/Frameworks/GSS.framework/Versions/A/GSS
0x000000000049c000 	/usr/lib/libresolv.9.dylib
0x000000000049c000 	/usr/lib/libiconv.2.dylib
0x000000000049c000 	/System/Library/PrivateFrameworks/Heimdal.framework/Versions/A/Heimdal
0x000000000049c000 	/usr/lib/libheimdal-asn1.dylib
0x000000000049c000 	/System/Library/Frameworks/OpenDirectory.framework/Versions/A/OpenDirectory
0x000000000049c000 	/System/Library/PrivateFrameworks/CommonAuth.framework/Versions/A/CommonAuth
0x000000000049c000 	/System/Library/Frameworks/OpenDirectory.framework/Versions/A/Frameworks/CFOpenDirectory.framework/Versions/A/CFOpenDirectory
0x000000000049c000 	/System/Library/Frameworks/SecurityFoundation.framework/Versions/A/SecurityFoundation
0x000000000049c000 	/System/Library/PrivateFrameworks/LanguageModeling.framework/Versions/A/LanguageModeling
0x000000000049c000 	/usr/lib/libmarisa.dylib
0x000000000049c000 	/usr/lib/libChineseTokenizer.dylib
0x000000000049c000 	/usr/lib/libcmph.dylib
0x000000000049c000 	/usr/lib/libcompression.dylib
0x000000000049c000 	/System/Library/Frameworks/ServiceManagement.framework/Versions/A/ServiceManagement
0x000000000049c000 	/usr/lib/libxslt.1.dylib
0x000000000049c000 	/System/Library/Frameworks/Carbon.framework/Versions/A/Frameworks/Ink.framework/Versions/A/Ink
0x000000000049c000 	/usr/lib/libFosl_dynamic.dylib
0x000000000049c000 	/System/Library/PrivateFrameworks/FaceCore.framework/Versions/A/FaceCore
0x000000000049c000 	/System/Library/Frameworks/OpenCL.framework/Versions/A/OpenCL
0x000000000049c000 	/System/Library/PrivateFrameworks/CrashReporterSupport.framework/Versions/A/CrashReporterSupport
0x000000000049c000 	/System/Library/PrivateFrameworks/IconServices.framework/Versions/A/IconServices
0x000000000049c000 	/System/Library/PrivateFrameworks/Apple80211.framework/Versions/A/Apple80211
0x000000000049c000 	/System/Library/Frameworks/CoreWLAN.framework/Versions/A/CoreWLAN
0x000000000049c000 	/System/Library/Frameworks/IOBluetooth.framework/Versions/A/IOBluetooth
0x000000000049c000 	/System/Library/PrivateFrameworks/CoreWiFi.framework/Versions/A/CoreWiFi
0x000000000049c000 	/System/Library/Frameworks/CoreBluetooth.framework/Versions/A/CoreBluetooth
0x000000000049c000 	/System/Library/PrivateFrameworks/ChunkingLibrary.framework/Versions/A/ChunkingLibrary
0x000000000049c000 	/System/Library/PrivateFrameworks/DebugSymbols.framework/Versions/A/DebugSymbols
0x000000000049c000 	/System/Library/PrivateFrameworks/CoreSymbolication.framework/Versions/A/CoreSymbolication
0x000000000049c000 	/System/Library/PrivateFrameworks/Symbolication.framework/Versions/A/Symbolication
0x000000000049c000 	/System/Library/PrivateFrameworks/SpeechRecognitionCore.framework/Versions/A/SpeechRecognitionCore
0x00000001000b8000 	/Applications/exelis/idl85/idlde/plugins/org.eclipse.equinox.launcher.cocoa.macosx.x86_64_1.1.101.v20120109-1504/eclipse_1408.so
0x000000000049c000 	/System/Library/PrivateFrameworks/CoreServicesInternal.framework/Versions/A/CoreServicesInternal
0x000000010542a000 	/Applications/exelis/idl85/idlde/bin.darwin.x86_64/jre/lib/server/libjvm.dylib
0x000000000049c000 	/usr/lib/libstdc++.6.dylib
0x0000000100714000 	/Applications/exelis/idl85/idlde/bin.darwin.x86_64/jre/lib/libverify.dylib
0x0000000100721000 	/Applications/exelis/idl85/idlde/bin.darwin.x86_64/jre/lib/libjava.dylib
0x000000010075a000 	/Applications/exelis/idl85/idlde/bin.darwin.x86_64/jre/lib/libzip.dylib
0x000000010d00b000 	/System/Library/Frameworks/JavaVM.framework/Frameworks/JavaRuntimeSupport.framework/JavaRuntimeSupport
0x000000010d026000 	/System/Library/Frameworks/JavaVM.framework/Versions/A/Frameworks/JavaNativeFoundation.framework/Versions/A/JavaNativeFoundation
0x00000001007ec000 	/System/Library/Frameworks/JavaVM.framework/Versions/A/JavaVM
0x000000000049c000 	/System/Library/Frameworks/Carbon.framework/Versions/A/Carbon
0x000000010d03b000 	/System/Library/PrivateFrameworks/JavaLaunching.framework/Versions/A/JavaLaunching
0x000000000049c000 	/System/Library/Frameworks/Carbon.framework/Versions/A/Frameworks/CommonPanels.framework/Versions/A/CommonPanels
0x000000000049c000 	/System/Library/Frameworks/Carbon.framework/Versions/A/Frameworks/Help.framework/Versions/A/Help
0x000000000049c000 	/System/Library/Frameworks/Carbon.framework/Versions/A/Frameworks/ImageCapture.framework/Versions/A/ImageCapture
0x000000000049c000 	/System/Library/Frameworks/Carbon.framework/Versions/A/Frameworks/OpenScripting.framework/Versions/A/OpenScripting
0x000000000049c000 	/System/Library/Frameworks/Carbon.framework/Versions/A/Frameworks/Print.framework/Versions/A/Print
0x000000000049c000 	/System/Library/Frameworks/Carbon.framework/Versions/A/Frameworks/SecurityHI.framework/Versions/A/SecurityHI
0x000000000049c000 	/System/Library/CoreServices/RawCamera.bundle/Contents/MacOS/RawCamera
0x000000000049c000 	/System/Library/PrivateFrameworks/FamilyControls.framework/Versions/A/FamilyControls
0x000000000049c000 	/System/Library/PrivateFrameworks/CommerceKit.framework/Versions/A/Frameworks/CommerceCore.framework/Versions/A/CommerceCore
0x000000000049c000 	/System/Library/PrivateFrameworks/SystemAdministration.framework/Versions/A/SystemAdministration
0x000000000049c000 	/System/Library/PrivateFrameworks/AppContainer.framework/Versions/A/AppContainer
0x000000000049c000 	/System/Library/PrivateFrameworks/SecCodeWrapper.framework/Versions/A/SecCodeWrapper
0x000000000049c000 	/System/Library/Frameworks/DirectoryService.framework/Versions/A/DirectoryService
0x000000000049c000 	/System/Library/PrivateFrameworks/DiskImages.framework/Versions/A/DiskImages
0x000000000049c000 	/System/Library/PrivateFrameworks/LoginUIKit.framework/Versions/A/Frameworks/LoginUICore.framework/Versions/A/LoginUICore
0x000000000049c000 	/usr/lib/libCoreStorage.dylib
0x000000000049c000 	/usr/lib/libcsfde.dylib
0x000000000049c000 	/usr/lib/libodfde.dylib
0x000000000049c000 	/System/Library/Frameworks/DiscRecording.framework/Versions/A/DiscRecording
0x000000010e18e000 	/Applications/exelis/idl85/bin/bin.darwin.x86_64/libcurl.4.dylib
0x000000000049c000 	/System/Library/PrivateFrameworks/MediaKit.framework/Versions/A/MediaKit
0x000000000049c000 	/System/Library/PrivateFrameworks/ProtectedCloudStorage.framework/Versions/A/ProtectedCloudStorage
0x000000000049c000 	/System/Library/PrivateFrameworks/EFILogin.framework/Versions/A/EFILogin
0x000000000049c000 	/usr/lib/libutil.dylib
0x000000000049c000 	/System/Library/PrivateFrameworks/FindMyDevice.framework/Versions/A/FindMyDevice
0x000000000049c000 	/System/Library/Frameworks/CoreGraphics.framework/Versions/A/Resources/libRIP.A.dylib
0x000000000049c000 	/System/Library/Frameworks/Accelerate.framework/Versions/A/Frameworks/vImage.framework/Versions/A/Libraries/libCGInterfaces.dylib
0x000000000049c000 	/System/Library/Frameworks/CoreGraphics.framework/Versions/A/Resources/libCGXType.A.dylib
0x000000000049c000 	/System/Library/Frameworks/OpenCL.framework/Versions/A/Libraries/libcldcpuengine.dylib
0x000000010f68f000 	cl_kernels
0x000000000049c000 	/System/Library/Frameworks/OpenCL.framework/Versions/A/Libraries/ImageFormats/unorm8_bgra.dylib
0x000000000049c000 	/System/Library/Frameworks/OpenCL.framework/Versions/A/Libraries/ImageFormats/unorm8_rgba.dylib
0x000000010f881000 	/Applications/exelis/idl85/idlde/bin.darwin.x86_64/jre/lib/libnet.dylib
0x000000010f8de000 	/Applications/exelis/idl85/idlde/bin.darwin.x86_64/jre/lib/libnio.dylib
0x000000010f533000 	/Users/spencerfaber/.swt/lib/macosx/x86_64/libswt-cocoa-3740.jnilib
0x000000000049c000 	/System/Library/Frameworks/WebKit.framework/Versions/A/WebKit
0x000000000049c000 	/System/Library/Frameworks/JavaScriptCore.framework/Versions/A/JavaScriptCore
0x000000000049c000 	/System/Library/Frameworks/SecurityInterface.framework/Versions/A/SecurityInterface
0x000000000049c000 	/System/Library/Frameworks/WebKit.framework/Versions/A/Frameworks/WebKitLegacy.framework/Versions/A/WebKitLegacy
0x000000000049c000 	/System/Library/Frameworks/WebKit.framework/Versions/A/Frameworks/WebCore.framework/Versions/A/WebCore
0x000000010f580000 	/Users/spencerfaber/.swt/lib/macosx/x86_64/libswt-pi-cocoa-3740.jnilib
0x000000010fd57000 	/Applications/exelis/idl85/bin/bin.darwin.x86_64/libidl_ips.8.5.dylib
0x0000000110770000 	/Applications/exelis/idl85/bin/bin.darwin.x86_64/libidl.8.5.dylib
0x000000010ffa1000 	/opt/X11/lib/libfreetype.6.dylib
0x000000010fb98000 	/Applications/exelis/idl85/bin/bin.darwin.x86_64/libMesaGLU6_2.dylib
0x0000000111436000 	/Applications/exelis/idl85/bin/bin.darwin.x86_64/libMesaGL6_2.dylib
0x000000010fa8c000 	/Applications/exelis/idl85/bin/bin.darwin.x86_64/libOSMesa6_2.dylib
0x000000010fa96000 	/opt/X11/lib/libXp.6.dylib
0x0000000111678000 	/Applications/exelis/idl85/bin/bin.darwin.x86_64/libXm.3.0.2.dylib
0x000000010fbc2000 	/opt/X11/lib/libXpm.4.dylib
0x000000010fd08000 	/opt/X11/lib/libXmu.6.dylib
0x000000010fbd5000 	/opt/X11/lib/libXext.6.dylib
0x0000000110139000 	/opt/X11/lib/libXt.6.dylib
0x000000010faa4000 	/opt/X11/lib/libXinerama.1.dylib
0x000000010fd23000 	/opt/X11/lib/libSM.6.dylib
0x000000010fd2d000 	/opt/X11/lib/libICE.6.dylib
0x0000000111a87000 	/opt/X11/lib/libX11.6.dylib
0x000000010fe96000 	/opt/X11/lib/libxcb.1.dylib
0x000000010fbe9000 	/opt/X11/lib/libXau.6.dylib
0x000000010fd4a000 	/opt/X11/lib/libXdmcp.6.dylib
0x000000010f24a000 	/Applications/exelis/idl85/bin/bin.darwin.x86_64/gl_driver.so
0x00000001122fe000 	/opt/X11/lib/libGL.1.dylib
0x000000010f29a000 	/opt/X11/lib/libXplugin.1.dylib
0x0000000110342000 	/opt/X11/lib/libglapi.0.dylib
0x000000010f2b2000 	/opt/X11/lib/libXdamage.1.dylib
0x000000010f2b8000 	/opt/X11/lib/libXfixes.3.dylib
0x000000010f2c0000 	/opt/X11/lib/libX11-xcb.1.dylib
0x000000010f371000 	/opt/X11/lib/libxcb-glx.0.dylib
0x000000010f455000 	/opt/X11/lib/libXxf86vm.1.dylib
0x000000010f4df000 	/usr/lib/libexpat.1.dylib
0x000000000049c000 	/System/Library/PrivateFrameworks/CloudDocs.framework/Versions/A/CloudDocs
0x000000000049c000 	/System/Library/PrivateFrameworks/CoreDuet.framework/Versions/A/CoreDuet
0x000000000049c000 	/System/Library/Frameworks/CloudKit.framework/Versions/A/CloudKit
0x000000000049c000 	/System/Library/PrivateFrameworks/ProtocolBuffer.framework/Versions/A/ProtocolBuffer
0x000000000049c000 	/System/Library/PrivateFrameworks/CoreDuetDaemonProtocol.framework/Versions/A/CoreDuetDaemonProtocol
0x000000000049c000 	/System/Library/PrivateFrameworks/CoreDuetDebugLogging.framework/Versions/A/CoreDuetDebugLogging
0x000000000049c000 	/System/Library/PrivateFrameworks/MMCS.framework/Versions/A/MMCS
0x000000000049c000 	/System/Library/Frameworks/CoreLocation.framework/Versions/A/CoreLocation
0x000000000049c000 	/System/Library/PrivateFrameworks/AssetCacheServices.framework/Versions/A/AssetCacheServices
0x000000000049c000 	/System/Library/PrivateFrameworks/GeoServices.framework/Versions/A/GeoServices
0x000000000049c000 	/System/Library/Frameworks/CoreGraphics.framework/Versions/A/Resources/libCGXCoreImage.A.dylib
0x000000010e680000 	cl_kernels
0x0000000111eff000 	/System/Library/Extensions/AppleIntelBDWGraphicsMTLDriver.bundle/Contents/MacOS/AppleIntelBDWGraphicsMTLDriver
0x000000000049c000 	/System/Library/Frameworks/OpenGL.framework/Versions/A/Resources/GLEngine.bundle/GLEngine
0x000000000049c000 	/System/Library/Frameworks/OpenGL.framework/Versions/A/Libraries/libGLProgrammability.dylib
0x0000000117000000 	/System/Library/Extensions/AppleIntelBDWGraphicsGLDriver.bundle/Contents/MacOS/AppleIntelBDWGraphicsGLDriver
0x000000000049c000 	/System/Library/PrivateFrameworks/GPUSupport.framework/Versions/A/Libraries/libGPUSupportMercury.dylib
0x000000000049c000 	/System/Library/Frameworks/OpenGL.framework/Versions/A/Resources/GLRendererFloat.bundle/GLRendererFloat
0x000000010e4a8000 	cl_kernels
0x000000000049c000 	/System/Library/PrivateFrameworks/DataDetectors.framework/Versions/A/DataDetectors
0x000000000049c000 	/System/Library/Frameworks/AddressBook.framework/Versions/A/AddressBook
0x000000000049c000 	/System/Library/Frameworks/Quartz.framework/Versions/A/Quartz
0x000000000049c000 	/System/Library/PrivateFrameworks/ContactsPersistence.framework/Versions/A/ContactsPersistence
0x000000000049c000 	/System/Library/PrivateFrameworks/ContactsFoundation.framework/Versions/A/ContactsFoundation
0x000000000049c000 	/System/Library/PrivateFrameworks/vCard.framework/Versions/A/vCard
0x000000000049c000 	/System/Library/PrivateFrameworks/IntlPreferences.framework/Versions/A/IntlPreferences
0x000000000049c000 	/System/Library/PrivateFrameworks/ToneLibrary.framework/Versions/A/ToneLibrary
0x000000000049c000 	/System/Library/PrivateFrameworks/ToneKit.framework/Versions/A/ToneKit
0x000000000049c000 	/System/Library/PrivateFrameworks/ApplePushService.framework/Versions/A/ApplePushService
0x000000000049c000 	/System/Library/PrivateFrameworks/PhoneNumbers.framework/Versions/A/PhoneNumbers
0x000000000049c000 	/System/Library/PrivateFrameworks/ViewBridge.framework/Versions/A/ViewBridge
0x000000000049c000 	/System/Library/Frameworks/LDAP.framework/Versions/A/LDAP
0x000000000049c000 	/System/Library/Frameworks/AVFoundation.framework/Versions/A/AVFoundation
0x000000000049c000 	/System/Library/Frameworks/AVFoundation.framework/Versions/A/Resources/libAVFAudio.dylib
0x000000000049c000 	/System/Library/Frameworks/CoreMedia.framework/Versions/A/CoreMedia
0x000000000049c000 	/System/Library/Frameworks/MediaToolbox.framework/Versions/A/MediaToolbox
0x000000000049c000 	/System/Library/Frameworks/VideoToolbox.framework/Versions/A/VideoToolbox
0x000000000049c000 	/System/Library/Frameworks/CoreMediaIO.framework/Versions/A/CoreMediaIO
0x000000000049c000 	/usr/lib/libspindump.dylib
0x000000000049c000 	/System/Library/PrivateFrameworks/CoreAVCHD.framework/Versions/A/CoreAVCHD
0x000000000049c000 	/System/Library/Frameworks/MediaAccessibility.framework/Versions/A/MediaAccessibility
0x000000000049c000 	/System/Library/PrivateFrameworks/Mangrove.framework/Versions/A/Mangrove
0x000000000049c000 	/System/Library/PrivateFrameworks/CoreAUC.framework/Versions/A/CoreAUC
0x000000000049c000 	/System/Library/PrivateFrameworks/AppleVA.framework/Versions/A/AppleVA
0x000000000049c000 	/System/Library/PrivateFrameworks/XPCService.framework/Versions/A/XPCService
0x000000000049c000 	/System/Library/PrivateFrameworks/AppSandbox.framework/Versions/A/AppSandbox
0x000000000049c000 	/usr/lib/libsandbox.1.dylib
0x000000000049c000 	/usr/lib/libMatch.1.dylib
0x000000000049c000 	/System/Library/PrivateFrameworks/CoreDaemon.framework/Versions/B/CoreDaemon
0x000000000049c000 	/usr/lib/libcrypto.0.9.8.dylib
0x000000000049c000 	/System/Library/PrivateFrameworks/AppleSRP.framework/Versions/A/AppleSRP
0x000000000049c000 	/System/Library/PrivateFrameworks/TrustEvaluationAgent.framework/Versions/A/TrustEvaluationAgent
0x000000000049c000 	/System/Library/Frameworks/Quartz.framework/Versions/A/Frameworks/QuartzComposer.framework/Versions/A/QuartzComposer
0x000000000049c000 	/System/Library/Frameworks/Quartz.framework/Versions/A/Frameworks/PDFKit.framework/Versions/A/PDFKit
0x000000000049c000 	/System/Library/Frameworks/Quartz.framework/Versions/A/Frameworks/QuartzFilters.framework/Versions/A/QuartzFilters
0x000000000049c000 	/System/Library/Frameworks/Quartz.framework/Versions/A/Frameworks/ImageKit.framework/Versions/A/ImageKit
0x000000000049c000 	/System/Library/Frameworks/Quartz.framework/Versions/A/Frameworks/QuickLookUI.framework/Versions/A/QuickLookUI
0x000000000049c000 	/System/Library/Frameworks/QTKit.framework/Versions/A/QTKit
0x000000000049c000 	/System/Library/PrivateFrameworks/AppleSystemInfo.framework/Versions/A/AppleSystemInfo
0x000000000049c000 	/System/Library/PrivateFrameworks/CoreMediaAuthoring.framework/Versions/A/CoreMediaAuthoring
0x000000000049c000 	/System/Library/PrivateFrameworks/CorePDF.framework/Versions/A/CorePDF
0x000000000049c000 	/System/Library/Frameworks/QuickLook.framework/Versions/A/QuickLook
0x000000000049c000 	/System/Library/PrivateFrameworks/DisplayServices.framework/Versions/A/DisplayServices
0x000000000049c000 	/System/Library/Frameworks/ImageCaptureCore.framework/Versions/A/ImageCaptureCore
0x000000000049c000 	/System/Library/PrivateFrameworks/SafariServices.framework/Versions/A/SafariServices
0x000000000049c000 	/usr/lib/libsasl2.2.dylib
0x000000010e73a000 	/System/Library/PrivateFrameworks/Lookup.framework/Lookup
0x000000011d6e2000 	/Applications/exelis/idl85/bin/bin.darwin.x86_64/idl_netcdf.so
0x000000010fbfe000 	cl_kernels

VM Arguments:
jvm_args: -Dosgi.instance.area.default=@user.home/IDLWorkspace -Dosgi.configuration.area=@user.home/.idl/idlworkbench-config-idl8.5.1_x86_64 -Dosgi.configuration.cascaded=true -Dosgi.checkConfiguration=true -Dosgi.sharedConfiguration.area.readOnly=true -Dorg.eclipse.update.reconcile=false -Declipse.p2.data.area=@config.dir/p2 -XstartOnFirstThread -Xdock:icon=../Resources/idlde.icns -Dorg.eclipse.swt.internal.carbon.smallFonts -Dosgi.sharedConfiguration.area=../../../configuration.darwin.x86_64 -Xms128m -Xmx1024m 
java_command: <unknown>
Launcher Type: generic

Environment Variables:
CLASSPATH=.:/Applications/exelis/idl85/resource/bridges/export/java/javaidlb.jar
PATH=/Applications/exelis/idl85/bin:/Applications/gut-3.1/bin:/Applications/gut-3.1/bin:/opt/local/bin:/opt/local/sbin:/usr/local/bin:/opt/local/bin:/opt/local/sbin:/opt/local/bin:/opt/local/sbin:/usr/local/bin:/usr/bin:/bin:/usr/sbin:/sbin:/opt/X11/bin:/opt/X11/bin
LD_LIBRARY_PATH=/Applications/exelis/idl85/idlde/bin.darwin.x86_64/jre/lib/server:/Applications/exelis/idl85/idlde/bin.darwin.x86_64/jre/lib:
SHELL=/bin/bash
DISPLAY=:0
DYLD_LIBRARY_PATH=/Applications/exelis/idl85/idlde/bin.darwin.x86_64:/Applications/exelis/idl85/bin/bin.darwin.x86_64
DYLD_FALLBACK_LIBRARY_PATH=/Applications/exelis/idl85/idlde/bin.darwin.x86_64/jre/lib/server:/Applications/exelis/idl85/idlde/bin.darwin.x86_64/jre/lib:

Signal Handlers:
SIGSEGV: [libjvm.dylib+0x4a820f], sa_mask[0]=0xfffefeff, sa_flags=0x00000042
SIGBUS: [libjvm.dylib+0x4a820f], sa_mask[0]=0xfffefeff, sa_flags=0x00000042
SIGFPE: [libjvm.dylib+0x3b7495], sa_mask[0]=0xfffefeff, sa_flags=0x00000042
SIGPIPE: SIG_IGN, sa_mask[0]=0x00000000, sa_flags=0x00000002
SIGXFSZ: [libjvm.dylib+0x3b7495], sa_mask[0]=0xfffefeff, sa_flags=0x00000042
SIGILL: [libjvm.dylib+0x3b7495], sa_mask[0]=0xfffefeff, sa_flags=0x00000042
SIGUSR1: SIG_DFL, sa_mask[0]=0x63807efb, sa_flags=0x00000000
SIGUSR2: [libjvm.dylib+0x3b702e], sa_mask[0]=0x00000000, sa_flags=0x00000042
SIGHUP: [libjvm.dylib+0x3b528f], sa_mask[0]=0xfffefeff, sa_flags=0x00000042
SIGINT: [libidl.8.5.dylib+0x403a20], sa_mask[0]=0x00000000, sa_flags=0x00000002
SIGTERM: [libjvm.dylib+0x3b528f], sa_mask[0]=0xfffefeff, sa_flags=0x00000042
SIGQUIT: [libjvm.dylib+0x3b528f], sa_mask[0]=0xfffefeff, sa_flags=0x00000042


---------------  S Y S T E M  ---------------

OS:Bsduname:Darwin 15.3.0 Darwin Kernel Version 15.3.0: Thu Dec 10 18:40:58 PST 2015; root:xnu-3248.30.4~1/RELEASE_X86_64 x86_64
rlimit: STACK 8192k, CORE 0k, NPROC 709, NOFILE 10240, AS infinity
load average:1.78 1.71 1.60

CPU:total 4 (2 cores per cpu, 2 threads per core) family 6 model 61 stepping 4, cmov, cx8, fxsr, mmx, sse, sse2, sse3, ssse3, sse4.1, sse4.2, popcnt, avx, avx2, ht, tsc, tscinvbit

Memory: 4k page, physical 137438695332k(34359673833k free)

/proc/meminfo:


vm_info: Java HotSpot(TM) 64-Bit Server VM (23.25-b01) for bsd-amd64 JRE (1.7.0_25-b15), built on Jun  5 2013 22:26:36 by "java_re" with gcc 4.2.1 (Based on Apple Inc. build 5658) (LLVM build 2336.11.00)

time: Mon Mar 21 15:24:04 2016
elapsed time: 16129 seconds

